<?xml version="1.0" encoding="UTF-8" ?>
<testsuite errors="1" failures="0" hostname="sepehr-UX310UQK" name="org.apache.commons.csv.PerformanceTest" skipped="0" tests="1" time="0.051" timestamp="2023-02-01T00:16:25">
  <properties>
    <property name="file.encoding.pkg" value="sun.io" />
    <property name="java.home" value="/usr/lib/jvm/java-8-openjdk-amd64/jre" />
    <property name="commons.compiler.fork" value="false" />
    <property name="commons.release.2.binary.suffix" value="-bin" />
    <property name="java.endorsed.dirs" value="/usr/lib/jvm/java-8-openjdk-amd64/jre/lib/endorsed" />
    <property name="maven.build.srcDir.0" value="src/main/java" />
    <property name="sun.os.patch.level" value="unknown" />
    <property name="java.vendor.url" value="http://java.oracle.com/" />
    <property name="ant.file.type.commons-csv-from-maven" value="file" />
    <property name="maven.build.dir" value="target" />
    <property name="java.version" value="1.8.0_352" />
    <property name="commons.osgi.import" value="*" />
    <property name="java.vendor.url.bug" value="http://bugreport.sun.com/bugreport/" />
    <property name="ant.project.invoked-targets" value="with.clover,test,clover.report" />
    <property name="user.name" value="sepehr" />
    <property name="sun.io.unicode.encoding" value="UnicodeLittle" />
    <property name="sun.jnu.encoding" value="UTF-8" />
    <property name="java.runtime.name" value="OpenJDK Runtime Environment" />
    <property name="clover.historydir" value="/home/sepehr/masters/test_generation/model_generated_coverage/Csv1f_automated_nopt/.cloverhistory" />
    <property name="commons.release.2.name" value="commons-csv-${commons.release.2.version}" />
    <property name="commons.deployment.protocol" value="scp" />
    <property name="java.specification.name" value="Java Platform API Specification" />
    <property name="commons.clirr.version" value="2.3" />
    <property name="user.timezone" value="" />
    <property name="path.separator" value=":" />
    <property name="implementation.build" value="${scmBranch}@r${buildNumber}; 2019-04-15 15:25:35+0000" />
    <property name="project.name" value="commons-csv" />
    <property name="file.encoding" value="UTF-8" />
    <property name="ant.project.default-target" value="package" />
    <property name="sun.java.command" value="org.apache.tools.ant.taskdefs.optional.junit.JUnitTestRunner org.apache.commons.csv.PerformanceTest skipNonTests=false filtertrace=true haltOnError=false haltOnFailure=false formatter=org.apache.tools.ant.taskdefs.optional.junit.SummaryJUnitResultFormatter showoutput=false outputtoformatters=true logfailedtests=true threadid=0 logtestlistenerevents=false formatter=org.apache.tools.ant.taskdefs.optional.junit.XMLJUnitResultFormatter,/home/sepehr/masters/test_generation/model_generated_coverage/Csv1f_automated_nopt/target/test-reports/TEST-org.apache.commons.csv.PerformanceTest.xml formatter=org.apache.tools.ant.taskdefs.optional.junit.PlainJUnitResultFormatter crashfile=/home/sepehr/masters/test_generation/model_generated_coverage/Csv1f_automated_nopt/junitvmwatcher7387812061939524909.properties propsfile=/home/sepehr/masters/test_generation/model_generated_coverage/Csv1f_automated_nopt/junit2923307188674849150.properties" />
    <property name="maven.test.reports" value="target/test-reports" />
    <property name="ant.file" value="/home/sepehr/masters/test_generation/model_generated_coverage/Csv1f_automated_nopt/build.xml" />
    <property name="clover.jarpath" value="/home/sepehr/.ant/lib/clover.jar" />
    <property name="commons.surefire-report.version" value="2.9" />
    <property name="java.io.tmpdir" value="/tmp" />
    <property name="clover.historical.json" value="true" />
    <property name="maven.build.resourceDir.1" value="." />
    <property name="user.language" value="en" />
    <property name="clover.project.historydir" value="/home/sepehr/masters/test_generation/model_generated_coverage/Csv1f_automated_nopt/.cloverhistory/commons-csv" />
    <property name="maven.build.resourceDir.0" value="src/main/resources" />
    <property name="line.separator" value="&#xa;" />
    <property name="maven.repo.local" value="/home/sepehr/.m2/repository" />
    <property name="project.build.directory" value="target" />
    <property name="ant.file.type" value="file" />
    <property name="commons.release.name" value="commons-csv-23" />
    <property name="java.vm.info" value="mixed mode" />
    <property name="sun.desktop" value="gnome" />
    <property name="project.title" value="commons-csv" />
    <property name="java.vm.specification.name" value="Java Virtual Machine Specification" />
    <property name="project.reporting.outputEncoding" value="iso-8859-1" />
    <property name="sourceReleaseAssemblyDescriptor" value="source-release" />
    <property name="commons.jira.pid" value="12313222" />
    <property name="commons.surefire.version" value="2.9" />
    <property name="maven.build.testOutputDir" value="target/test-classes" />
    <property name="clover.snapshot.file" value="/home/sepehr/masters/test_generation/model_generated_coverage/Csv1f_automated_nopt/.cloverhistory/commons-csv/clover.snapshot" />
    <property name="commons.release.version" value="23" />
    <property name="maven.settings.offline" value="false" />
    <property name="commons.javadoc.java.link" value="http://download.oracle.com/javase/6/docs/api/" />
    <property name="maven.build.testResourceDir.1" value="." />
    <property name="maven.build.testResourceDir.0" value="src/test/resources" />
    <property name="java.awt.printerjob" value="sun.print.PSPrinterJob" />
    <property name="clover.jar" value="/home/sepehr/masters/test_generation/model_generated_coverage/Csv1f_automated_nopt/${clover.home}/clover.jar" />
    <property name="commons.osgi.dynamicImport" value="" />
    <property name="maven.build.testDir.0" value="src/test/java" />
    <property name="ant.version" value="Apache Ant(TM) version 1.10.7 compiled on October 24 2019" />
    <property name="maven.reporting.outputDirectory" value="target/site" />
    <property name="distMgmtSnapshotsName" value="Apache Development Snapshot Repository" />
    <property name="distMgmtSnapshotsUrl" value="https://repository.apache.org/content/repositories/snapshots" />
    <property name="commons.release.2.desc" value="" />
    <property name="commons.manifestfile" value="target/osgi/MANIFEST.MF" />
    <property name="commons.rc.version" value="RC1" />
    <property name="os.name" value="Linux" />
    <property name="java.specification.vendor" value="Oracle Corporation" />
    <property name="java.vm.name" value="OpenJDK 64-Bit Server VM" />
    <property name="commons.compiler.compilerVersion" value="" />
    <property name="java.library.path" value="/usr/java/packages/lib/amd64:/usr/lib/x86_64-linux-gnu/jni:/lib/x86_64-linux-gnu:/usr/lib/x86_64-linux-gnu:/usr/lib/jni:/lib:/usr/lib" />
    <property name="commons.compiler.javac" value="" />
    <property name="ant.java.version" value="1.8" />
    <property name="commons.changes.version" value="2.6" />
    <property name="commons.osgi.symbolicName" value="org.apache.commons.csv" />
    <property name="basedir" value="." />
    <property name="java.class.version" value="52.0" />
    <property name="ant.home" value="/usr/share/ant" />
    <property name="commons.binary.suffix" value="-bin" />
    <property name="maven.build.finalName" value="commons-csv-1.0-SNAPSHOT" />
    <property name="sun.boot.library.path" value="/usr/lib/jvm/java-8-openjdk-amd64/jre/lib/amd64" />
    <property name="clover.flushinterval" value="100" />
    <property name="project.build.sourceEncoding" value="iso-8859-1" />
    <property name="commons.project-info.version" value="2.4" />
    <property name="sun.management.compiler" value="HotSpot 64-Bit Tiered Compilers" />
    <property name="java.awt.graphicsenv" value="sun.awt.X11GraphicsEnvironment" />
    <property name="ant.file.commons-csv-from-maven" value="/home/sepehr/masters/test_generation/model_generated_coverage/Csv1f_automated_nopt/maven-build.xml" />
    <property name="test.target" value="test" />
    <property name="commons.release.desc" value="" />
    <property name="commons.jira.id" value="CSV" />
    <property name="commons.javadoc.version" value="2.8" />
    <property name="maven.compile.target" value="1.5" />
    <property name="maven.build.outputDir" value="target/classes" />
    <property name="ant.project.name" value="commons-csv" />
    <property name="java.vm.specification.version" value="1.8" />
    <property name="maven.build.timestamp.format" value="yyyy-MM-dd HH:mm:ssZ" />
    <property name="commons.osgi.private" value="" />
    <property name="awt.toolkit" value="sun.awt.X11.XToolkit" />
    <property name="sun.cpu.isalist" value="" />
    <property name="maven.compile.source" value="1.5" />
    <property name="java.ext.dirs" value="/usr/lib/jvm/java-8-openjdk-amd64/jre/lib/ext:/usr/java/packages/lib/ext" />
    <property name="commons.componentid" value="csv" />
    <property name="os.version" value="5.15.0-58-generic" />
    <property name="ant.file.commons-csv" value="/home/sepehr/masters/test_generation/model_generated_coverage/Csv1f_automated_nopt/build.xml" />
    <property name="user.home" value="/home/sepehr" />
    <property name="ant.file.type.commons-csv" value="file" />
    <property name="java.vm.vendor" value="Private Build" />
    <property name="project.build.outputDirectory" value="target/classes" />
    <property name="user.dir" value="/home/sepehr/masters/test_generation/model_generated_coverage/Csv1f_automated_nopt" />
    <property name="build.compiler" value="com.atlassian.clover.ant.taskdefs.CloverCompilerAdapter" />
    <property name="commons.surefire.java" value="" />
    <property name="sun.cpu.endian" value="little" />
    <property name="commons.encoding" value="iso-8859-1" />
    <property name="minSeverity" value="info" />
    <property name="clover.dest" value="/home/sepehr/masters/test_generation/model_generated_coverage/Csv1f_automated_nopt/clover/commons-csv" />
    <property name="java.vm.version" value="25.352-b08" />
    <property name="java.class.path" value="/home/sepehr/.ant/lib/clover.jar:/home/sepehr/.m2/repository/junit/junit/4.10/junit-4.10.jar:/home/sepehr/.m2/repository/org/hamcrest/hamcrest-core/1.1/hamcrest-core-1.1.jar:/home/sepehr/masters/test_generation/model_generated_coverage/Csv1f_automated_nopt/target/classes:/home/sepehr/masters/test_generation/model_generated_coverage/Csv1f_automated_nopt/target/test-classes:/home/sepehr/.ant/lib/evosuite-1.0.6.jar:/usr/share/java/ant-launcher-1.10.7.jar:/usr/share/ant/lib/ant.jar:/usr/share/ant/lib/ant-junit.jar:/usr/share/ant/lib/ant-junit4.jar" />
    <property name="ant.library.dir" value="/usr/share/ant/lib" />
    <property name="os.arch" value="amd64" />
    <property name="clover.dir" value="/home/sepehr/masters/test_generation/model_generated_coverage/Csv1f_automated_nopt/clover" />
    <property name="sun.java.launcher" value="SUN_STANDARD" />
    <property name="java.specification.maintenance.version" value="4" />
    <property name="clover.flushpolicy" value="directed" />
    <property name="ant.core.lib" value="/usr/share/ant/lib/ant.jar" />
    <property name="java.vm.specification.vendor" value="Oracle Corporation" />
    <property name="file.separator" value="/" />
    <property name="junit.present" value="true" />
    <property name="java.runtime.version" value="1.8.0_352-8u352-ga-1~20.04-b08" />
    <property name="sun.boot.class.path" value="/usr/lib/jvm/java-8-openjdk-amd64/jre/lib/resources.jar:/usr/lib/jvm/java-8-openjdk-amd64/jre/lib/rt.jar:/usr/lib/jvm/java-8-openjdk-amd64/jre/lib/sunrsasign.jar:/usr/lib/jvm/java-8-openjdk-amd64/jre/lib/jsse.jar:/usr/lib/jvm/java-8-openjdk-amd64/jre/lib/jce.jar:/usr/lib/jvm/java-8-openjdk-amd64/jre/lib/charsets.jar:/usr/lib/jvm/java-8-openjdk-amd64/jre/lib/jfr.jar:/usr/lib/jvm/java-8-openjdk-amd64/jre/classes" />
    <property name="organization.logo" value="http://www.apache.org/images/asf_logo_wide.gif" />
    <property name="commons.jxr.version" value="2.3" />
    <property name="commons.docEncoding" value="iso-8859-1" />
    <property name="user.country" value="US" />
    <property name="commons.javadoc.javaee.link" value="http://download.oracle.com/javaee/6/api/" />
    <property name="maven.settings.interactiveMode" value="true" />
    <property name="clover.span" value="1day" />
    <property name="commons.rat.version" value="0.7" />
    <property name="java.vendor" value="Private Build" />
    <property name="java.specification.version" value="1.8" />
    <property name="commons.osgi.export" value="org.apache.commons.*;version=1.0-SNAPSHOT;-noimport:=true" />
    <property name="sun.arch.data.model" value="64" />
    <property name="clover.initstring" value="/home/sepehr/masters/test_generation/model_generated_coverage/Csv1f_automated_nopt/.clover/clover4_4_1.db" />
  </properties>
  <testcase classname="org.apache.commons.csv.PerformanceTest" name="initializationError" time="0.008">
    <error message="No runnable methods" type="java.lang.Exception">java.lang.Exception: No runnable methods
	at java.lang.reflect.Constructor.newInstance(Constructor.java:423)
</error>
  </testcase>
  <system-out><![CDATA[]]></system-out>
  <system-err><![CDATA[]]></system-err>
</testsuite>
