<?xml version="1.0" encoding="UTF-8"?>
<testsuite name="org.joda.time.TestAllPackages" time="15.568" tests="1773" errors="0" skipped="0" failures="2">
  <properties>
    <property name="java.runtime.name" value="OpenJDK Runtime Environment"/>
    <property name="sun.boot.library.path" value="/usr/lib/jvm/java-8-openjdk-amd64/jre/lib/amd64"/>
    <property name="java.vm.version" value="25.352-b08"/>
    <property name="java.vm.vendor" value="Private Build"/>
    <property name="maven.multiModuleProjectDirectory" value="/home/sepehr/masters/test_generation/model_generated_coverage/Time1f_train"/>
    <property name="java.vendor.url" value="http://java.oracle.com/"/>
    <property name="path.separator" value=":"/>
    <property name="guice.disable.misplaced.annotation.check" value="true"/>
    <property name="java.vm.name" value="OpenJDK 64-Bit Server VM"/>
    <property name="file.encoding.pkg" value="sun.io"/>
    <property name="user.country" value="US"/>
    <property name="sun.java.launcher" value="SUN_STANDARD"/>
    <property name="sun.os.patch.level" value="unknown"/>
    <property name="java.vm.specification.name" value="Java Virtual Machine Specification"/>
    <property name="user.dir" value="/home/sepehr/masters/test_generation/model_generated_coverage/Time1f_train"/>
    <property name="java.runtime.version" value="1.8.0_352-8u352-ga-1~20.04-b08"/>
    <property name="java.awt.graphicsenv" value="sun.awt.X11GraphicsEnvironment"/>
    <property name="java.endorsed.dirs" value="/usr/lib/jvm/java-8-openjdk-amd64/jre/lib/endorsed"/>
    <property name="os.arch" value="amd64"/>
    <property name="java.io.tmpdir" value="/tmp"/>
    <property name="line.separator" value="&#10;"/>
    <property name="java.vm.specification.vendor" value="Oracle Corporation"/>
    <property name="org.joda.time.DateTimeZone.Provider" value="org.joda.time.tz.UTCProvider"/>
    <property name="os.name" value="Linux"/>
    <property name="classworlds.conf" value="/usr/share/maven/bin/m2.conf"/>
    <property name="sun.jnu.encoding" value="UTF-8"/>
    <property name="java.library.path" value="/usr/java/packages/lib/amd64:/usr/lib/x86_64-linux-gnu/jni:/lib/x86_64-linux-gnu:/usr/lib/x86_64-linux-gnu:/usr/lib/jni:/lib:/usr/lib"/>
    <property name="maven.conf" value="/usr/share/maven/conf"/>
    <property name="java.specification.name" value="Java Platform API Specification"/>
    <property name="java.class.version" value="52.0"/>
    <property name="sun.management.compiler" value="HotSpot 64-Bit Tiered Compilers"/>
    <property name="skipTests" value="false"/>
    <property name="os.version" value="5.15.0-56-generic"/>
    <property name="library.jansi.path" value="/usr/share/maven/lib/jansi-native"/>
    <property name="user.home" value="/home/sepehr"/>
    <property name="user.timezone" value="America/Edmonton"/>
    <property name="java.awt.printerjob" value="sun.print.PSPrinterJob"/>
    <property name="testFailureIgnore" value="true"/>
    <property name="java.specification.version" value="1.8"/>
    <property name="file.encoding" value="UTF-8"/>
    <property name="user.name" value="sepehr"/>
    <property name="java.class.path" value="/usr/share/maven/boot/plexus-classworlds-2.x.jar"/>
    <property name="java.vm.specification.version" value="1.8"/>
    <property name="sun.arch.data.model" value="64"/>
    <property name="java.home" value="/usr/lib/jvm/java-8-openjdk-amd64/jre"/>
    <property name="sun.java.command" value="org.codehaus.plexus.classworlds.launcher.Launcher clean clover:setup test clover:aggregate clover:clover -DskipTests=false -DtestFailureIgnore=true -fail-never"/>
    <property name="java.specification.vendor" value="Oracle Corporation"/>
    <property name="user.language" value="en"/>
    <property name="awt.toolkit" value="sun.awt.X11.XToolkit"/>
    <property name="java.vm.info" value="mixed mode"/>
    <property name="java.version" value="1.8.0_352"/>
    <property name="java.ext.dirs" value="/usr/lib/jvm/java-8-openjdk-amd64/jre/lib/ext:/usr/java/packages/lib/ext"/>
    <property name="securerandom.source" value="file:/dev/./urandom"/>
    <property name="sun.boot.class.path" value="/usr/lib/jvm/java-8-openjdk-amd64/jre/lib/resources.jar:/usr/lib/jvm/java-8-openjdk-amd64/jre/lib/rt.jar:/usr/lib/jvm/java-8-openjdk-amd64/jre/lib/sunrsasign.jar:/usr/lib/jvm/java-8-openjdk-amd64/jre/lib/jsse.jar:/usr/lib/jvm/java-8-openjdk-amd64/jre/lib/jce.jar:/usr/lib/jvm/java-8-openjdk-amd64/jre/lib/charsets.jar:/usr/lib/jvm/java-8-openjdk-amd64/jre/lib/jfr.jar:/usr/lib/jvm/java-8-openjdk-amd64/jre/classes"/>
    <property name="java.vendor" value="Private Build"/>
    <property name="java.specification.maintenance.version" value="4"/>
    <property name="maven.home" value="/usr/share/maven"/>
    <property name="file.separator" value="/"/>
    <property name="java.vendor.url.bug" value="http://bugreport.sun.com/bugreport/"/>
    <property name="sun.cpu.endian" value="little"/>
    <property name="sun.io.unicode.encoding" value="UnicodeLittle"/>
    <property name="sun.desktop" value="gnome"/>
    <property name="sun.cpu.isalist" value=""/>
  </properties>
  <testcase name="testEqualsHashCode_Limit151" classname="org.joda.time.TestChronology" time="0.013"/>
  <testcase name="testTest21" classname="org.joda.time.TestChronology" time="0.007"/>
  <testcase name="testEqualsHashCode_Zoned478" classname="org.joda.time.TestChronology" time="0.001"/>
  <testcase name="testEqualsHashCode_ISO984" classname="org.joda.time.TestChronology" time="0.001"/>
  <testcase name="test_yearOfCentury845" classname="org.joda.time.TestDateTimeFieldType" time="0.056"/>
  <testcase name="test_weekyearOfCentury1145" classname="org.joda.time.TestDateTimeFieldType" time="0.002"/>
  <testcase name="test_weekyear1151" classname="org.joda.time.TestDateTimeFieldType" time="0.001"/>
  <testcase name="test_hourOfHalfday1162" classname="org.joda.time.TestDateTimeFieldType" time="0.001"/>
  <testcase name="test_yearOfEra1263" classname="org.joda.time.TestDateTimeFieldType" time="0.001"/>
  <testcase name="test_clockhourOfHalfday1329" classname="org.joda.time.TestDateTimeFieldType" time="0.001"/>
  <testcase name="test_secondOfMinute1345" classname="org.joda.time.TestDateTimeFieldType" time="0.001"/>
  <testcase name="test_secondOfDay1369" classname="org.joda.time.TestDateTimeFieldType" time="0.001"/>
  <testcase name="test_monthOfYear1604" classname="org.joda.time.TestDateTimeFieldType" time="0.001"/>
  <testcase name="test_hourOfDay1613" classname="org.joda.time.TestDateTimeFieldType" time="0"/>
  <testcase name="test_halfdayOfDay757" classname="org.joda.time.TestDateTimeFieldType" time="0.001"/>
  <testcase name="test_dayOfWeek1620" classname="org.joda.time.TestDateTimeFieldType" time="0"/>
  <testcase name="test_weekOfWeekyear1659" classname="org.joda.time.TestDateTimeFieldType" time="0.001"/>
  <testcase name="test_dayOfYear1683" classname="org.joda.time.TestDateTimeFieldType" time="0.001"/>
  <testcase name="test_dayOfMonth1742" classname="org.joda.time.TestDateTimeFieldType" time="0.001"/>
  <testcase name="test_minuteOfDay1758" classname="org.joda.time.TestDateTimeFieldType" time="0.001"/>
  <testcase name="test_era356" classname="org.joda.time.TestDateTimeFieldType" time="0.001"/>
  <testcase name="test_millisOfSecond489" classname="org.joda.time.TestDateTimeFieldType" time="0.001"/>
  <testcase name="test_minuteOfHour264" classname="org.joda.time.TestDateTimeFieldType" time="0.001"/>
  <testcase name="test_year1754" classname="org.joda.time.TestDateTimeFieldType" time="0.001"/>
  <testcase name="test_centuryOfEra172" classname="org.joda.time.TestDateTimeFieldType" time="0.001"/>
  <testcase name="test_millisOfDay705" classname="org.joda.time.TestDateTimeFieldType" time="0.001"/>
  <testcase name="test_months458" classname="org.joda.time.TestDurationFieldType" time="0.002"/>
  <testcase name="test_years397" classname="org.joda.time.TestDurationFieldType" time="0.001"/>
  <testcase name="test_halfdays372" classname="org.joda.time.TestDurationFieldType" time="0.001"/>
  <testcase name="test_minutes602" classname="org.joda.time.TestDurationFieldType" time="0"/>
  <testcase name="test_centuries633" classname="org.joda.time.TestDurationFieldType" time="0.001"/>
  <testcase name="test_hours816" classname="org.joda.time.TestDurationFieldType" time="0.001"/>
  <testcase name="test_millis1010" classname="org.joda.time.TestDurationFieldType" time="0.001"/>
  <testcase name="test_days1180" classname="org.joda.time.TestDurationFieldType" time="0.001"/>
  <testcase name="test_eras1637" classname="org.joda.time.TestDurationFieldType" time="0.001"/>
  <testcase name="test_seconds1640" classname="org.joda.time.TestDurationFieldType" time="0.001"/>
  <testcase name="test_weekyears1694" classname="org.joda.time.TestDurationFieldType" time="0.001"/>
  <testcase name="testConstructor_badconverterObject242" classname="org.joda.time.TestInstant_Constructors" time="0.008"/>
  <testcase name="testParse_noFormatter67" classname="org.joda.time.TestInstant_Constructors" time="0.003"/>
  <testcase name="test_now957" classname="org.joda.time.TestInstant_Constructors" time="0"/>
  <testcase name="testConstructor_nullObject896" classname="org.joda.time.TestInstant_Constructors" time="0"/>
  <testcase name="testToMutableDateTimeISO87" classname="org.joda.time.TestInstant_Basics" time="0.003"/>
  <testcase name="testToDateTime_DateTimeZone393" classname="org.joda.time.TestInstant_Basics" time="0"/>
  <testcase name="testIsEqual_RI416" classname="org.joda.time.TestInstant_Basics" time="0.002"/>
  <testcase name="testToMutableDateTime_Chronology756" classname="org.joda.time.TestInstant_Basics" time="0"/>
  <testcase name="testPlus_long68" classname="org.joda.time.TestInstant_Basics" time="0.001"/>
  <testcase name="testMinus_RD485" classname="org.joda.time.TestInstant_Basics" time="0.002"/>
  <testcase name="testGet_DateTimeField587" classname="org.joda.time.TestInstant_Basics" time="0.001"/>
  <testcase name="testWithDurationAdded_long_int1541" classname="org.joda.time.TestInstant_Basics" time="0.001"/>
  <testcase name="testIsBeforeNow657" classname="org.joda.time.TestInstant_Basics" time="0.001"/>
  <testcase name="testMinus_long1092" classname="org.joda.time.TestInstant_Basics" time="0.001"/>
  <testcase name="testIsEqualNow1379" classname="org.joda.time.TestInstant_Basics" time="0"/>
  <testcase name="testToInstant1385" classname="org.joda.time.TestInstant_Basics" time="0"/>
  <testcase name="testToDateTimeISO1569" classname="org.joda.time.TestInstant_Basics" time="0.001"/>
  <testcase name="testToDateTime1693" classname="org.joda.time.TestInstant_Basics" time="0.001"/>
  <testcase name="testPlus_RD1064" classname="org.joda.time.TestInstant_Basics" time="0"/>
  <testcase name="testConstructor_Chronology696" classname="org.joda.time.TestDateTime_Constructors" time="0.001"/>
  <testcase name="testConstructor_Object_Chronology1308" classname="org.joda.time.TestDateTime_Constructors" time="0.001"/>
  <testcase name="test_now_nullDateTimeZone719" classname="org.joda.time.TestDateTime_Constructors" time="0.001"/>
  <testcase name="test_now1279" classname="org.joda.time.TestDateTime_Constructors" time="0"/>
  <testcase name="testConstructor_Object_nullChronology1577" classname="org.joda.time.TestDateTime_Constructors" time="0.001"/>
  <testcase name="testConstructor273" classname="org.joda.time.TestDateTime_Constructors" time="0"/>
  <testcase name="testConstructor_DateTimeZone390" classname="org.joda.time.TestDateTime_Constructors" time="0.001"/>
  <testcase name="testConstructor_int_int_int_int_int_int607" classname="org.joda.time.TestDateTime_Constructors" time="0.002"/>
  <testcase name="testConstructor_int_int_int_int_int1713" classname="org.joda.time.TestDateTime_Constructors" time="0.001"/>
  <testcase name="test_now_nullChronology1617" classname="org.joda.time.TestDateTime_Constructors" time="0"/>
  <testcase name="test_now_DateTimeZone1571" classname="org.joda.time.TestDateTime_Constructors" time="0.001"/>
  <testcase name="test_now_Chronology1367" classname="org.joda.time.TestDateTime_Constructors" time="0.001"/>
  <testcase name="testParse_formatter1386" classname="org.joda.time.TestDateTime_Constructors" time="0.003"/>
  <testcase name="testConstructor_int_int_int_int_int_int_Chronology1086" classname="org.joda.time.TestDateTime_Constructors" time="0"/>
  <testcase name="testConstructor_int_int_int_int_int_Chronology982" classname="org.joda.time.TestDateTime_Constructors" time="0.001"/>
  <testcase name="testConstructor_nullObject249" classname="org.joda.time.TestDateTime_Constructors" time="0.001"/>
  <testcase name="testConstructor_long_nullDateTimeZone1222" classname="org.joda.time.TestDateTime_Constructors" time="0"/>
  <testcase name="testToDateMidnight1334" classname="org.joda.time.TestDateTime_Basics" time="0.003"/>
  <testcase name="testWithField21372" classname="org.joda.time.TestDateTime_Basics" time="0.001"/>
  <testcase name="testPlusMillis_int1400" classname="org.joda.time.TestDateTime_Basics" time="0.001"/>
  <testcase name="testWithField11472" classname="org.joda.time.TestDateTime_Basics" time="0.002"/>
  <testcase name="testWithDurationAdded_long_int1492" classname="org.joda.time.TestDateTime_Basics" time="0.001"/>
  <testcase name="testPlusHours_int1632" classname="org.joda.time.TestDateTime_Basics" time="0.001"/>
  <testcase name="testPlusSeconds_int1663" classname="org.joda.time.TestDateTime_Basics" time="0.001"/>
  <testcase name="testToTimeOfDay1692" classname="org.joda.time.TestDateTime_Basics" time="0.002"/>
  <testcase name="testWithFieldAdded11730" classname="org.joda.time.TestDateTime_Basics" time="0.001"/>
  <testcase name="testPlusMonths_int306" classname="org.joda.time.TestDateTime_Basics" time="0.002"/>
  <testcase name="testMinusMillis_int322" classname="org.joda.time.TestDateTime_Basics" time="0.001"/>
  <testcase name="testMinusWeeks_int256" classname="org.joda.time.TestDateTime_Basics" time="0.001"/>
  <testcase name="testToDateTimeISO270" classname="org.joda.time.TestDateTime_Basics" time="0.002"/>
  <testcase name="testMinusYears_int833" classname="org.joda.time.TestDateTime_Basics" time="0.001"/>
  <testcase name="testToDateTime_Chronology869" classname="org.joda.time.TestDateTime_Basics" time="0.001"/>
  <testcase name="testIsAfterNow871" classname="org.joda.time.TestDateTime_Basics" time="0.001"/>
  <testcase name="testMinus_long926" classname="org.joda.time.TestDateTime_Basics" time="0.001"/>
  <testcase name="testMinusHours_int927" classname="org.joda.time.TestDateTime_Basics" time="0.001"/>
  <testcase name="testToString_DTFormatter930" classname="org.joda.time.TestDateTime_Basics" time="0.001"/>
  <testcase name="testMinusMonths_int124" classname="org.joda.time.TestDateTime_Basics" time="0.001"/>
  <testcase name="testPlusDays_int142" classname="org.joda.time.TestDateTime_Basics" time="0.001"/>
  <testcase name="testWithDate_int_int_int389" classname="org.joda.time.TestDateTime_Basics" time="0.002"/>
  <testcase name="testWithFields_RPartial578" classname="org.joda.time.TestDateTime_Basics" time="0.003"/>
  <testcase name="testToLocalTime631" classname="org.joda.time.TestDateTime_Basics" time="0.003"/>
  <testcase name="testMinusMinutes_int808" classname="org.joda.time.TestDateTime_Basics" time="0.001"/>
  <testcase name="testWithTime_int_int_int335" classname="org.joda.time.TestDateTime_Basics" time="0.001"/>
  <testcase name="testPlus_RD1383" classname="org.joda.time.TestDateTime_Basics" time="0"/>
  <testcase name="testMinus_RD1274" classname="org.joda.time.TestDateTime_Basics" time="0.006"/>
  <testcase name="testMinus_RP950" classname="org.joda.time.TestDateTime_Basics" time="0.001"/>
  <testcase name="testPlus_RP941" classname="org.joda.time.TestDateTime_Basics" time="0.001"/>
  <testcase name="testWithers112" classname="org.joda.time.TestDateTime_Basics" time="0.001"/>
  <testcase name="testProperty16" classname="org.joda.time.TestDateTime_Basics" time="0.003"/>
  <testcase name="testIsSupported_DateTimeFieldType341" classname="org.joda.time.TestDateTime_Basics" time="0.001"/>
  <testcase name="testWithZoneRetainFields_DateTimeZone1107" classname="org.joda.time.TestDateTime_Basics" time="0"/>
  <testcase name="testToMutableDateTimeISO963" classname="org.joda.time.TestDateTime_Basics" time="0.001"/>
  <testcase name="testWithFieldAdded41094" classname="org.joda.time.TestDateTime_Basics" time="0"/>
  <testcase name="testToInstant1105" classname="org.joda.time.TestDateTime_Basics" time="0.001"/>
  <testcase name="testPlus_long1153" classname="org.joda.time.TestDateTime_Basics" time="0"/>
  <testcase name="testToString_String_Locale1170" classname="org.joda.time.TestDateTime_Basics" time="0.009"/>
  <testcase name="testIsAfter_RI1176" classname="org.joda.time.TestDateTime_Basics" time="0.001"/>
  <testcase name="testWithFieldAdded21216" classname="org.joda.time.TestDateTime_Basics" time="0.001"/>
  <testcase name="testToDateTime_DateTimeZone1220" classname="org.joda.time.TestDateTime_Basics" time="0.001"/>
  <testcase name="testPlusMinutes_int1315" classname="org.joda.time.TestDateTime_Basics" time="0"/>
  <testcase name="testWithDurationAdded_RD_int13" classname="org.joda.time.TestDateTime_Basics" time="0.001"/>
  <testcase name="testToMutableDateTime_DateTimeZone1476" classname="org.joda.time.TestDateTime_Basics" time="0"/>
  <testcase name="testPlusYears_int50" classname="org.joda.time.TestDateTime_Basics" time="0.001"/>
  <testcase name="testMinusDays_int94" classname="org.joda.time.TestDateTime_Basics" time="0.001"/>
  <testcase name="testMinusSeconds_int297" classname="org.joda.time.TestDateTime_Basics" time="0.001"/>
  <testcase name="testToLocalDateTime300" classname="org.joda.time.TestDateTime_Basics" time="0.005"/>
  <testcase name="testPlusWeeks_int107" classname="org.joda.time.TestDateTime_Basics" time="0.001"/>
  <testcase name="testPropertyRoundHalfEvenHourOfDay109" classname="org.joda.time.TestDateTime_Properties" time="0.002"/>
  <testcase name="testPropertyWithMinimumValueMillisOfDayDSTGap175" classname="org.joda.time.TestDateTime_Properties" time="0.002"/>
  <testcase name="testPropertyGetCenturyOfEra92" classname="org.joda.time.TestDateTime_Properties" time="0.001"/>
  <testcase name="testPropertyEqualsHashCodeLenient33" classname="org.joda.time.TestDateTime_Properties" time="0.003"/>
  <testcase name="testPropertyGetEra287" classname="org.joda.time.TestDateTime_Properties" time="0"/>
  <testcase name="testPropertyAddLongDayOfWeek425" classname="org.joda.time.TestDateTime_Properties" time="0.001"/>
  <testcase name="testPropertyGetMonthOfYear122" classname="org.joda.time.TestDateTime_Properties" time="0.001"/>
  <testcase name="testPropertyGetHourOfDay10" classname="org.joda.time.TestDateTime_Properties" time="0.001"/>
  <testcase name="testPropertySetYear1272" classname="org.joda.time.TestDateTime_Properties" time="0"/>
  <testcase name="testPropertySetWeekOfWeekyear1455" classname="org.joda.time.TestDateTime_Properties" time="0.001"/>
  <testcase name="testPropertyAddMonthOfYear1506" classname="org.joda.time.TestDateTime_Properties" time="0.003"/>
  <testcase name="testPropertyRoundHalfCeilingHourOfDay1606" classname="org.joda.time.TestDateTime_Properties" time="0.001"/>
  <testcase name="testPropertyGetYearOfCentury1684" classname="org.joda.time.TestDateTime_Properties" time="0.001"/>
  <testcase name="testPropertyGetMinuteOfDay586" classname="org.joda.time.TestDateTime_Properties" time="0.001"/>
  <testcase name="testPropertyWithMaximumValueMillisOfDayDSTGap794" classname="org.joda.time.TestDateTime_Properties" time="0.001"/>
  <testcase name="testPropertyGetDifferenceHourOfDay884" classname="org.joda.time.TestDateTime_Properties" time="0.001"/>
  <testcase name="testPropertyToIntervalYearOfEra912" classname="org.joda.time.TestDateTime_Properties" time="0.005"/>
  <testcase name="testPropertySetTextDayOfMonth916" classname="org.joda.time.TestDateTime_Properties" time="0.001"/>
  <testcase name="testPropertyGetSecondOfDay958" classname="org.joda.time.TestDateTime_Properties" time="0.001"/>
  <testcase name="testPropertyWithMaximumValueDayOfMonth412" classname="org.joda.time.TestDateTime_Properties" time="0"/>
  <testcase name="testPropertyAddDayOfMonth266" classname="org.joda.time.TestDateTime_Properties" time="0.002"/>
  <testcase name="testPropertyToIntervalYearOfCentury40" classname="org.joda.time.TestDateTime_Properties" time="0.001"/>
  <testcase name="testPropertyCompareToDayOfYear973" classname="org.joda.time.TestDateTime_Properties" time="0"/>
  <testcase name="testPropertyEqualsHashCodeStrict1024" classname="org.joda.time.TestDateTime_Properties" time="0.002"/>
  <testcase name="testPropertyRoundHalfFloorHourOfDay1026" classname="org.joda.time.TestDateTime_Properties" time="0.002"/>
  <testcase name="testPropertyLeapMonthOfYear1144" classname="org.joda.time.TestDateTime_Properties" time="0.001"/>
  <testcase name="testPropertyGetMaxMinValuesDayOfYear1203" classname="org.joda.time.TestDateTime_Properties" time="0.001"/>
  <testcase name="testPropertyGetWeekyear1232" classname="org.joda.time.TestDateTime_Properties" time="0"/>
  <testcase name="testPropertyLeapYear400" classname="org.joda.time.TestDateTime_Properties" time="0.001"/>
  <testcase name="testPropertyToIntervalMillisOfSecond318" classname="org.joda.time.TestDateTime_Properties" time="0.001"/>
  <testcase name="testPropertyAddWrapFieldYear243" classname="org.joda.time.TestDateTime_Properties" time="0.001"/>
  <testcase name="testConstructor_DateTimeZone639" classname="org.joda.time.TestMutableDateTime_Constructors" time="0.001"/>
  <testcase name="test_now_nullDateTimeZone1403" classname="org.joda.time.TestMutableDateTime_Constructors" time="0"/>
  <testcase name="testConstructor1725" classname="org.joda.time.TestMutableDateTime_Constructors" time="0.001"/>
  <testcase name="test_now_Chronology1312" classname="org.joda.time.TestMutableDateTime_Constructors" time="0"/>
  <testcase name="test_now_DateTimeZone1079" classname="org.joda.time.TestMutableDateTime_Constructors" time="0.001"/>
  <testcase name="testConstructor_Chronology1012" classname="org.joda.time.TestMutableDateTime_Constructors" time="0"/>
  <testcase name="testConstructor_nullObject1013" classname="org.joda.time.TestMutableDateTime_Constructors" time="0.001"/>
  <testcase name="testConstructor_badconverterObject_DateTimeZone1101" classname="org.joda.time.TestMutableDateTime_Constructors" time="0"/>
  <testcase name="test_now923" classname="org.joda.time.TestMutableDateTime_Constructors" time="0"/>
  <testcase name="testConstructor_nullObject_nullDateTimeZone557" classname="org.joda.time.TestMutableDateTime_Constructors" time="0.001"/>
  <testcase name="testParse_noFormatter673" classname="org.joda.time.TestMutableDateTime_Constructors" time="0.001"/>
  <testcase name="test_now_nullChronology903" classname="org.joda.time.TestMutableDateTime_Constructors" time="0"/>
  <testcase name="testCopy1393" classname="org.joda.time.TestMutableDateTime_Basics" time="0.001"/>
  <testcase name="testToGregorianCalendar797" classname="org.joda.time.TestMutableDateTime_Basics" time="0.007"/>
  <testcase name="testToString_String929" classname="org.joda.time.TestMutableDateTime_Basics" time="0"/>
  <testcase name="testToDateTime1215" classname="org.joda.time.TestMutableDateTime_Basics" time="0"/>
  <testcase name="testToDateTime_DateTimeZone1219" classname="org.joda.time.TestMutableDateTime_Basics" time="0"/>
  <testcase name="testRounding4838" classname="org.joda.time.TestMutableDateTime_Basics" time="0"/>
  <testcase name="testProperty817" classname="org.joda.time.TestMutableDateTime_Basics" time="0.001"/>
  <testcase name="testRounding71352" classname="org.joda.time.TestMutableDateTime_Basics" time="0.001"/>
  <testcase name="testRounding51633" classname="org.joda.time.TestMutableDateTime_Basics" time="0.001"/>
  <testcase name="testRounding8676" classname="org.joda.time.TestMutableDateTime_Basics" time="0.001"/>
  <testcase name="testClone622" classname="org.joda.time.TestMutableDateTime_Basics" time="0.001"/>
  <testcase name="testRounding3787" classname="org.joda.time.TestMutableDateTime_Basics" time="0.001"/>
  <testcase name="testToString_String_String41" classname="org.joda.time.TestMutableDateTime_Basics" time="0.001"/>
  <testcase name="testSetDate_int_int_int2788" classname="org.joda.time.TestMutableDateTime_Sets" time="0"/>
  <testcase name="testSetZoneRetainFields_DateTimeZone31596" classname="org.joda.time.TestMutableDateTime_Sets" time="0.001"/>
  <testcase name="testSet_DateTimeFieldType_int2985" classname="org.joda.time.TestMutableDateTime_Sets" time="0.001"/>
  <testcase name="testSetDate_RI_same590" classname="org.joda.time.TestMutableDateTime_Sets" time="0.001"/>
  <testcase name="testSetZoneRetainFields_DateTimeZone2635" classname="org.joda.time.TestMutableDateTime_Sets" time="0"/>
  <testcase name="testSetDate_int_int_int1495" classname="org.joda.time.TestMutableDateTime_Sets" time="0.001"/>
  <testcase name="testSetMinuteOfHour_int2402" classname="org.joda.time.TestMutableDateTime_Sets" time="0.001"/>
  <testcase name="testSetWeekyear_int165" classname="org.joda.time.TestMutableDateTime_Sets" time="0.001"/>
  <testcase name="testSetDateTime_int_int_int_int_int_int_int1443" classname="org.joda.time.TestMutableDateTime_Sets" time="0.001"/>
  <testcase name="testSetDayOfMonth_int_dstOverlapSummer_addZero567" classname="org.joda.time.TestMutableDateTime_Sets" time="0.002"/>
  <testcase name="testSetDayOfYear_int_dstOverlapWinter_addZero716" classname="org.joda.time.TestMutableDateTime_Sets" time="0.001"/>
  <testcase name="testSetDayOfYear_int2713" classname="org.joda.time.TestMutableDateTime_Sets" time="0.001"/>
  <testcase name="testSetMonthOfYear_int_dstOverlapWinter_addZero1338" classname="org.joda.time.TestMutableDateTime_Sets" time="0.001"/>
  <testcase name="testSetSecondOfDay_int11384" classname="org.joda.time.TestMutableDateTime_Sets" time="0"/>
  <testcase name="testSetMilliOfSecond_int21494" classname="org.joda.time.TestMutableDateTime_Sets" time="0.001"/>
  <testcase name="testSetMillis_RI11595" classname="org.joda.time.TestMutableDateTime_Sets" time="0.001"/>
  <testcase name="testSetDayOfMonth_int_dstOverlapWinter_addZero1714" classname="org.joda.time.TestMutableDateTime_Sets" time="0.001"/>
  <testcase name="testSetZone_DateTimeZone11739" classname="org.joda.time.TestMutableDateTime_Sets" time="0.001"/>
  <testcase name="testSetSecondOfMinute_int11746" classname="org.joda.time.TestMutableDateTime_Sets" time="0.001"/>
  <testcase name="testSetDayOfWeek_int11014" classname="org.joda.time.TestMutableDateTime_Sets" time="0"/>
  <testcase name="testSetTime_int_int_int_int11051" classname="org.joda.time.TestMutableDateTime_Sets" time="0.001"/>
  <testcase name="testSetYear_int11108" classname="org.joda.time.TestMutableDateTime_Sets" time="0"/>
  <testcase name="testSetMilliOfDay_int21181" classname="org.joda.time.TestMutableDateTime_Sets" time="0.001"/>
  <testcase name="testSetHourOfDay_int21208" classname="org.joda.time.TestMutableDateTime_Sets" time="0"/>
  <testcase name="testSetMinuteOfDay_int11305" classname="org.joda.time.TestMutableDateTime_Sets" time="0.001"/>
  <testcase name="testSet_DateTimeFieldType_int31677" classname="org.joda.time.TestMutableDateTime_Sets" time="0"/>
  <testcase name="testSetMonthOfYear_int_dstOverlapSummer_addZero59" classname="org.joda.time.TestMutableDateTime_Sets" time="0.001"/>
  <testcase name="testSetTime_int_int_int2419" classname="org.joda.time.TestMutableDateTime_Sets" time="0"/>
  <testcase name="testSetZoneRetainFields_DateTimeZone1779" classname="org.joda.time.TestMutableDateTime_Sets" time="0.001"/>
  <testcase name="testAddWeeks_int_dstOverlapSummer_addZero1491" classname="org.joda.time.TestMutableDateTime_Adds" time="0"/>
  <testcase name="testAddWeeks_int11564" classname="org.joda.time.TestMutableDateTime_Adds" time="0.001"/>
  <testcase name="testAddDays_int_dstOverlapSummer_addZero1572" classname="org.joda.time.TestMutableDateTime_Adds" time="0"/>
  <testcase name="testAddSeconds_int11621" classname="org.joda.time.TestMutableDateTime_Adds" time="0.001"/>
  <testcase name="testAddMonths_int11647" classname="org.joda.time.TestMutableDateTime_Adds" time="0.001"/>
  <testcase name="testAddMillis_int11743" classname="org.joda.time.TestMutableDateTime_Adds" time="0"/>
  <testcase name="testAdd_long1882" classname="org.joda.time.TestMutableDateTime_Adds" time="0.001"/>
  <testcase name="testAdd_RD2373" classname="org.joda.time.TestMutableDateTime_Adds" time="0"/>
  <testcase name="testAddMonths_int_dstOverlapSummer_addZero1311" classname="org.joda.time.TestMutableDateTime_Adds" time="0.001"/>
  <testcase name="testAdd_RP21678" classname="org.joda.time.TestMutableDateTime_Adds" time="0"/>
  <testcase name="testAdd_DurationFieldType_int354" classname="org.joda.time.TestMutableDateTime_Adds" time="0"/>
  <testcase name="testAddSeconds_int_dstOverlapWinter_addZero862" classname="org.joda.time.TestMutableDateTime_Adds" time="0"/>
  <testcase name="testAdd_DurationFieldType_int11000" classname="org.joda.time.TestMutableDateTime_Adds" time="0.001"/>
  <testcase name="testAddWeekyears_int1909" classname="org.joda.time.TestMutableDateTime_Adds" time="0.001"/>
  <testcase name="testAddMinutes_int11416" classname="org.joda.time.TestMutableDateTime_Adds" time="0.001"/>
  <testcase name="testAdd_RD_int11480" classname="org.joda.time.TestMutableDateTime_Adds" time="0"/>
  <testcase name="testAddMillis_int_dstOverlapWinter_addZero1382" classname="org.joda.time.TestMutableDateTime_Adds" time="0.001"/>
  <testcase name="testAddYears_int11210" classname="org.joda.time.TestMutableDateTime_Adds" time="0.002"/>
  <testcase name="testAddDays_int11254" classname="org.joda.time.TestMutableDateTime_Adds" time="0"/>
  <testcase name="testAdd_RP_int11042" classname="org.joda.time.TestMutableDateTime_Adds" time="0.003"/>
  <testcase name="testPropertyGetEra711" classname="org.joda.time.TestMutableDateTime_Properties" time="0"/>
  <testcase name="testPropertyGetMinuteOfDay448" classname="org.joda.time.TestMutableDateTime_Properties" time="0"/>
  <testcase name="testPropertySetDayOfMonth548" classname="org.joda.time.TestMutableDateTime_Properties" time="0"/>
  <testcase name="testPropertyAddLongDayOfWeek717" classname="org.joda.time.TestMutableDateTime_Properties" time="0.001"/>
  <testcase name="testPropertyGetMillisOfSecond748" classname="org.joda.time.TestMutableDateTime_Properties" time="0.001"/>
  <testcase name="testPropertyRoundFloorHourOfDay936" classname="org.joda.time.TestMutableDateTime_Properties" time="0"/>
  <testcase name="testPropertyGetMillisOfDay967" classname="org.joda.time.TestMutableDateTime_Properties" time="0.001"/>
  <testcase name="testPropertyGetMinuteOfHour977" classname="org.joda.time.TestMutableDateTime_Properties" time="0.001"/>
  <testcase name="testPropertySetWeekOfWeekyear1100" classname="org.joda.time.TestMutableDateTime_Properties" time="0.001"/>
  <testcase name="testPropertyGetWeekyear1165" classname="org.joda.time.TestMutableDateTime_Properties" time="0"/>
  <testcase name="testPropertyAddWeekOfWeekyear385" classname="org.joda.time.TestMutableDateTime_Properties" time="0.001"/>
  <testcase name="testPropertyRoundHalfFloorHourOfDay685" classname="org.joda.time.TestMutableDateTime_Properties" time="0.001"/>
  <testcase name="testPropertySetDayOfWeek353" classname="org.joda.time.TestMutableDateTime_Properties" time="0"/>
  <testcase name="testPropertyRoundCeilingHourOfDay250" classname="org.joda.time.TestMutableDateTime_Properties" time="0.001"/>
  <testcase name="testPropertySetTextMonthOfYear234" classname="org.joda.time.TestMutableDateTime_Properties" time="0.001"/>
  <testcase name="testPropertySetTextYear1171" classname="org.joda.time.TestMutableDateTime_Properties" time="0"/>
  <testcase name="testPropertyAddWrapFieldMonthOfYear1229" classname="org.joda.time.TestMutableDateTime_Properties" time="0.001"/>
  <testcase name="testPropertyGetYearOfCentury1374" classname="org.joda.time.TestMutableDateTime_Properties" time="0"/>
  <testcase name="testPropertyRoundHalfEvenHourOfDay1460" classname="org.joda.time.TestMutableDateTime_Properties" time="0.001"/>
  <testcase name="testPropertyGetYearOfEra1473" classname="org.joda.time.TestMutableDateTime_Properties" time="0.001"/>
  <testcase name="testPropertyGetSecondOfDay1508" classname="org.joda.time.TestMutableDateTime_Properties" time="0.001"/>
  <testcase name="testPropertyGetDayOfWeek781" classname="org.joda.time.TestMutableDateTime_Properties" time="0"/>
  <testcase name="testPropertyRoundHalfCeilingHourOfDay805" classname="org.joda.time.TestMutableDateTime_Properties" time="0.001"/>
  <testcase name="testPropertyGetCenturyOfEra919" classname="org.joda.time.TestMutableDateTime_Properties" time="0"/>
  <testcase name="testPropertySetTextDayOfYear1668" classname="org.joda.time.TestMutableDateTime_Properties" time="0.001"/>
  <testcase name="testPropertyToIntervalMonthOfYear288" classname="org.joda.time.TestMutableDateTime_Properties" time="0.001"/>
  <testcase name="test_now171" classname="org.joda.time.TestDateMidnight_Constructors" time="0"/>
  <testcase name="testConstructor_badconverterObject_DateTimeZone24" classname="org.joda.time.TestDateMidnight_Constructors" time="0.002"/>
  <testcase name="test_now_Chronology3" classname="org.joda.time.TestDateMidnight_Constructors" time="0"/>
  <testcase name="test_now_DateTimeZone1441" classname="org.joda.time.TestDateMidnight_Constructors" time="0.001"/>
  <testcase name="testConstructor_DateTimeZone1548" classname="org.joda.time.TestDateMidnight_Constructors" time="0.001"/>
  <testcase name="test_now_nullChronology1645" classname="org.joda.time.TestDateMidnight_Constructors" time="0"/>
  <testcase name="testConstructor_nullChronology1697" classname="org.joda.time.TestDateMidnight_Constructors" time="0.001"/>
  <testcase name="testConstructor_nullObject1708" classname="org.joda.time.TestDateMidnight_Constructors" time="0"/>
  <testcase name="testConstructor_Object_nullChronology1735" classname="org.joda.time.TestDateMidnight_Constructors" time="0.001"/>
  <testcase name="testConstructor_int_int_int_Chronology883" classname="org.joda.time.TestDateMidnight_Constructors" time="0.001"/>
  <testcase name="test_now_nullDateTimeZone969" classname="org.joda.time.TestDateMidnight_Constructors" time="0"/>
  <testcase name="testParse_formatter978" classname="org.joda.time.TestDateMidnight_Constructors" time="0.001"/>
  <testcase name="testConstructor_int_int_int_nullDateTimeZone1423" classname="org.joda.time.TestDateMidnight_Constructors" time="0"/>
  <testcase name="testConstructor_nullDateTimeZone745" classname="org.joda.time.TestDateMidnight_Constructors" time="0"/>
  <testcase name="testConstructor_Object_nullDateTimeZone789" classname="org.joda.time.TestDateMidnight_Constructors" time="0"/>
  <testcase name="testPlus_RP573" classname="org.joda.time.TestDateMidnight_Basics" time="0.001"/>
  <testcase name="testWithDurationAdded_long_int698" classname="org.joda.time.TestDateMidnight_Basics" time="0.001"/>
  <testcase name="testWithChronology_Chronology1045" classname="org.joda.time.TestDateMidnight_Basics" time="0"/>
  <testcase name="testProperty728" classname="org.joda.time.TestDateMidnight_Basics" time="0.001"/>
  <testcase name="testWithFieldAdded1552" classname="org.joda.time.TestDateMidnight_Basics" time="0"/>
  <testcase name="testPlusWeeks_int579" classname="org.joda.time.TestDateMidnight_Basics" time="0.001"/>
  <testcase name="testMinusMonths_int1122" classname="org.joda.time.TestDateMidnight_Basics" time="0.001"/>
  <testcase name="testWithFields_RPartial1197" classname="org.joda.time.TestDateMidnight_Basics" time="0.001"/>
  <testcase name="testWithField2917" classname="org.joda.time.TestDateMidnight_Basics" time="0"/>
  <testcase name="testMinusDays_int543" classname="org.joda.time.TestDateMidnight_Basics" time="0.001"/>
  <testcase name="testToInterval840" classname="org.joda.time.TestDateMidnight_Basics" time="0.001"/>
  <testcase name="testToYearMonthDay1224" classname="org.joda.time.TestDateMidnight_Basics" time="0"/>
  <testcase name="testGet_DateTimeFieldType1332" classname="org.joda.time.TestDateMidnight_Basics" time="0.001"/>
  <testcase name="testWithFieldAdded4490" classname="org.joda.time.TestDateMidnight_Basics" time="0"/>
  <testcase name="testMinusWeeks_int541" classname="org.joda.time.TestDateMidnight_Basics" time="0.001"/>
  <testcase name="testWithers76" classname="org.joda.time.TestDateMidnight_Basics" time="0.001"/>
  <testcase name="testMinus_RP135" classname="org.joda.time.TestDateMidnight_Basics" time="0"/>
  <testcase name="testPlusMonths_int280" classname="org.joda.time.TestDateMidnight_Basics" time="0.001"/>
  <testcase name="testPlusYears_int205" classname="org.joda.time.TestDateMidnight_Basics" time="0.001"/>
  <testcase name="testPlusDays_int44" classname="org.joda.time.TestDateMidnight_Basics" time="0.001"/>
  <testcase name="testEqualsHashCode93" classname="org.joda.time.TestDateMidnight_Basics" time="0.001"/>
  <testcase name="testWithZoneRetainFields_DateTimeZone181" classname="org.joda.time.TestDateMidnight_Basics" time="0"/>
  <testcase name="testToCalendar_Locale1346" classname="org.joda.time.TestDateMidnight_Basics" time="0.002"/>
  <testcase name="testMinus_long1349" classname="org.joda.time.TestDateMidnight_Basics" time="0"/>
  <testcase name="testToLocalDate1655" classname="org.joda.time.TestDateMidnight_Basics" time="0.001"/>
  <testcase name="testPlus_long1680" classname="org.joda.time.TestDateMidnight_Basics" time="0"/>
  <testcase name="testWithField11682" classname="org.joda.time.TestDateMidnight_Basics" time="0.001"/>
  <testcase name="testWithFieldAdded2451" classname="org.joda.time.TestDateMidnight_Basics" time="0"/>
  <testcase name="testMinus_RD477" classname="org.joda.time.TestDateMidnight_Basics" time="0.001"/>
  <testcase name="testPropertySetTextMonthOfYear466" classname="org.joda.time.TestDateMidnight_Properties" time="0.001"/>
  <testcase name="testPropertyEqualsHashCodeStrict561" classname="org.joda.time.TestDateMidnight_Properties" time="0"/>
  <testcase name="testPropertyRoundHalfEvenMonthOfYear656" classname="org.joda.time.TestDateMidnight_Properties" time="0.001"/>
  <testcase name="testPropertyGetCenturyOfEra854" classname="org.joda.time.TestDateMidnight_Properties" time="0.001"/>
  <testcase name="testPropertyGetWeekyear968" classname="org.joda.time.TestDateMidnight_Properties" time="0"/>
  <testcase name="testPropertyRoundHalfFloorMonthOfYear976" classname="org.joda.time.TestDateMidnight_Properties" time="0.001"/>
  <testcase name="testPropertyToIntervalYear1033" classname="org.joda.time.TestDateMidnight_Properties" time="0.001"/>
  <testcase name="testPropertyAddMonthOfYear1137" classname="org.joda.time.TestDateMidnight_Properties" time="0.001"/>
  <testcase name="testPropertyGetDifferenceMonthOfYear1185" classname="org.joda.time.TestDateMidnight_Properties" time="0"/>
  <testcase name="testPropertyToIntervalYearOfCentury1568" classname="org.joda.time.TestDateMidnight_Properties" time="0"/>
  <testcase name="testPropertyGetDayOfYear1672" classname="org.joda.time.TestDateMidnight_Properties" time="0.001"/>
  <testcase name="testPropertyAddWrapFieldMonthOfYear1711" classname="org.joda.time.TestDateMidnight_Properties" time="0"/>
  <testcase name="testPropertyWithMaximumValueDayOfMonth144" classname="org.joda.time.TestDateMidnight_Properties" time="0.001"/>
  <testcase name="testPropertyGetEra382" classname="org.joda.time.TestDateMidnight_Properties" time="0.001"/>
  <testcase name="testPropertyRoundCeilingMonthOfYear230" classname="org.joda.time.TestDateMidnight_Properties" time="0"/>
  <testcase name="testPropertyGetDayOfWeek1313" classname="org.joda.time.TestDateMidnight_Properties" time="0.001"/>
  <testcase name="testPropertyWithMinimumValueDayOfMonth1435" classname="org.joda.time.TestDateMidnight_Properties" time="0"/>
  <testcase name="testPropertyRoundHalfCeilingMonthOfYear1468" classname="org.joda.time.TestDateMidnight_Properties" time="0.001"/>
  <testcase name="testPropertyRoundFloorMonthOfYear1518" classname="org.joda.time.TestDateMidnight_Properties" time="0"/>
  <testcase name="testPropertyToIntervalYearOfEra1529" classname="org.joda.time.TestDateMidnight_Properties" time="0.001"/>
  <testcase name="testPropertyAddLongMonthOfYear1560" classname="org.joda.time.TestDateMidnight_Properties" time="0.001"/>
  <testcase name="testConstructor_RI_RI1980" classname="org.joda.time.TestDuration_Constructors" time="0.001"/>
  <testcase name="testFactory_standardSeconds_long462" classname="org.joda.time.TestDuration_Constructors" time="0.001"/>
  <testcase name="testConstructor_Object3619" classname="org.joda.time.TestDuration_Constructors" time="0"/>
  <testcase name="testConstructor_RI_RI41376" classname="org.joda.time.TestDuration_Constructors" time="0.001"/>
  <testcase name="testFactory_millis_long1706" classname="org.joda.time.TestDuration_Constructors" time="0"/>
  <testcase name="testFactory_standardDays_long1544" classname="org.joda.time.TestDuration_Constructors" time="0"/>
  <testcase name="testFactory_standardHours_long1258" classname="org.joda.time.TestDuration_Constructors" time="0"/>
  <testcase name="testFactory_standardMinutes_long237" classname="org.joda.time.TestDuration_Constructors" time="0"/>
  <testcase name="testMinus_RD1655" classname="org.joda.time.TestDuration_Basics" time="0.001"/>
  <testcase name="testEqualsHashCode529" classname="org.joda.time.TestDuration_Basics" time="0.001"/>
  <testcase name="testToPeriodFrom571" classname="org.joda.time.TestDuration_Basics" time="0.001"/>
  <testcase name="testToStandardHours589" classname="org.joda.time.TestDuration_Basics" time="0.009"/>
  <testcase name="testToPeriod_Chronology608" classname="org.joda.time.TestDuration_Basics" time="0.002"/>
  <testcase name="testNegated_long3620" classname="org.joda.time.TestDuration_Basics" time="0"/>
  <testcase name="testMinus_long1638" classname="org.joda.time.TestDuration_Basics" time="0.002"/>
  <testcase name="testMultipliedBy_long1667" classname="org.joda.time.TestDuration_Basics" time="0"/>
  <testcase name="testMutableDuration668" classname="org.joda.time.TestDuration_Basics" time="0"/>
  <testcase name="testWithMillis1703" classname="org.joda.time.TestDuration_Basics" time="0.001"/>
  <testcase name="testIsAfter1533" classname="org.joda.time.TestDuration_Basics" time="0"/>
  <testcase name="testIsBefore1068" classname="org.joda.time.TestDuration_Basics" time="0.001"/>
  <testcase name="testWithDurationAdded_RD_int51085" classname="org.joda.time.TestDuration_Basics" time="0.001"/>
  <testcase name="testToStandardMinutes96" classname="org.joda.time.TestDuration_Basics" time="0.001"/>
  <testcase name="testToPeriodFrom_PeriodType303" classname="org.joda.time.TestDuration_Basics" time="0.001"/>
  <testcase name="testWithDurationAdded_RD_int3361" classname="org.joda.time.TestDuration_Basics" time="0"/>
  <testcase name="testToStandardSeconds368" classname="org.joda.time.TestDuration_Basics" time="0.001"/>
  <testcase name="testToPeriodTo455" classname="org.joda.time.TestDuration_Basics" time="0.001"/>
  <testcase name="testMinus_RD2302" classname="org.joda.time.TestDuration_Basics" time="0.001"/>
  <testcase name="testCompareTo536" classname="org.joda.time.TestDuration_Basics" time="0"/>
  <testcase name="testPlus_RD3710" classname="org.joda.time.TestDuration_Basics" time="0.001"/>
  <testcase name="testToPeriod_PeriodType_Chronology740" classname="org.joda.time.TestDuration_Basics" time="0"/>
  <testcase name="testIsEqual925" classname="org.joda.time.TestDuration_Basics" time="0.001"/>
  <testcase name="testToPeriod986" classname="org.joda.time.TestDuration_Basics" time="0"/>
  <testcase name="testToString32" classname="org.joda.time.TestDuration_Basics" time="0.001"/>
  <testcase name="testToPeriod_PeriodType750" classname="org.joda.time.TestDuration_Basics" time="0.001"/>
  <testcase name="testDividedBy_long2802" classname="org.joda.time.TestDuration_Basics" time="0"/>
  <testcase name="testMultipliedBy_long2825" classname="org.joda.time.TestDuration_Basics" time="0.001"/>
  <testcase name="testToIntervalTo876" classname="org.joda.time.TestDuration_Basics" time="0"/>
  <testcase name="testSerialization928" classname="org.joda.time.TestDuration_Basics" time="0.003"/>
  <testcase name="testPlus_long1975" classname="org.joda.time.TestDuration_Basics" time="0"/>
  <testcase name="testToPeriodTo_PeriodType1002" classname="org.joda.time.TestDuration_Basics" time="0.002"/>
  <testcase name="testToDuration21038" classname="org.joda.time.TestDuration_Basics" time="0"/>
  <testcase name="testToIntervalFrom1075" classname="org.joda.time.TestDuration_Basics" time="0.001"/>
  <testcase name="testMinus_RD31106" classname="org.joda.time.TestDuration_Basics" time="0.001"/>
  <testcase name="testNegated_long21133" classname="org.joda.time.TestDuration_Basics" time="0"/>
  <testcase name="testToStandardDays1282" classname="org.joda.time.TestDuration_Basics" time="0.002"/>
  <testcase name="testDividedBy_long11574" classname="org.joda.time.TestDuration_Basics" time="0.001"/>
  <testcase name="testToDuration11660" classname="org.joda.time.TestDuration_Basics" time="0.001"/>
  <testcase name="testWithMillis21690" classname="org.joda.time.TestDuration_Basics" time="0"/>
  <testcase name="testPlus_RD1558" classname="org.joda.time.TestDuration_Basics" time="0.001"/>
  <testcase name="testConstructor_RI_RI31654" classname="org.joda.time.TestInterval_Constructors" time="0"/>
  <testcase name="testParse_noFormatter1752" classname="org.joda.time.TestInterval_Constructors" time="0.003"/>
  <testcase name="testConstructor_long_long2646" classname="org.joda.time.TestInterval_Constructors" time="0.001"/>
  <testcase name="testConstructor_Object_Chronology21636" classname="org.joda.time.TestInterval_Constructors" time="0"/>
  <testcase name="testConstructor_RI_RP71027" classname="org.joda.time.TestInterval_Constructors" time="0.002"/>
  <testcase name="testConstructor_Object61323" classname="org.joda.time.TestInterval_Constructors" time="0.001"/>
  <testcase name="testConstructor_RP_RI81530" classname="org.joda.time.TestInterval_Constructors" time="0"/>
  <testcase name="testConstructor_RI_RP6325" classname="org.joda.time.TestInterval_Constructors" time="0.001"/>
  <testcase name="testConstructor_RD_RI3599" classname="org.joda.time.TestInterval_Constructors" time="0"/>
  <testcase name="testConstructor_long_long_nullZone1132" classname="org.joda.time.TestInterval_Constructors" time="0.001"/>
  <testcase name="testConstructor_Object4759" classname="org.joda.time.TestInterval_Constructors" time="0.001"/>
  <testcase name="testConstructor_RI_RD4807" classname="org.joda.time.TestInterval_Constructors" time="0"/>
  <testcase name="testToPeriod1584" classname="org.joda.time.TestInterval_Basics" time="0.002"/>
  <testcase name="testWithPeriodBeforeEnd1168" classname="org.joda.time.TestInterval_Basics" time="0.001"/>
  <testcase name="testWithDurationAfterStart2224" classname="org.joda.time.TestInterval_Basics" time="0"/>
  <testcase name="testEqualsHashCodeStrict255" classname="org.joda.time.TestInterval_Basics" time="0.002"/>
  <testcase name="testOverlap_RInterval_null652" classname="org.joda.time.TestInterval_Basics" time="0"/>
  <testcase name="testAbuts_RInterval_null686" classname="org.joda.time.TestInterval_Basics" time="0.001"/>
  <testcase name="testGap_RInterval_zone893" classname="org.joda.time.TestInterval_Basics" time="0"/>
  <testcase name="testWithDurationBeforeEnd1934" classname="org.joda.time.TestInterval_Basics" time="0.001"/>
  <testcase name="testWithStartInstant_RI2762" classname="org.joda.time.TestInterval_Basics" time="0"/>
  <testcase name="testWithChronology2768" classname="org.joda.time.TestInterval_Basics" time="0.001"/>
  <testcase name="testContains_RI_null720" classname="org.joda.time.TestInterval_Basics" time="0"/>
  <testcase name="testWithPeriodAfterStart1760" classname="org.joda.time.TestInterval_Basics" time="0.001"/>
  <testcase name="testWithEndMillis_long3942" classname="org.joda.time.TestInterval_Basics" time="0.001"/>
  <testcase name="testIsBefore_RInterval_null987" classname="org.joda.time.TestInterval_Basics" time="0"/>
  <testcase name="testIsBefore_RI_null365" classname="org.joda.time.TestInterval_Basics" time="0.001"/>
  <testcase name="testWithChronology3605" classname="org.joda.time.TestInterval_Basics" time="0"/>
  <testcase name="testToString565" classname="org.joda.time.TestInterval_Basics" time="0.001"/>
  <testcase name="testWithEndInstant_RI3357" classname="org.joda.time.TestInterval_Basics" time="0"/>
  <testcase name="testContains_RInterval_zeroDuration84" classname="org.joda.time.TestInterval_Basics" time="0.001"/>
  <testcase name="testWithDurationAfterStart4227" classname="org.joda.time.TestInterval_Basics" time="0"/>
  <testcase name="testWithPeriodBeforeEnd2995" classname="org.joda.time.TestInterval_Basics" time="0.001"/>
  <testcase name="testToInterval11080" classname="org.joda.time.TestInterval_Basics" time="0"/>
  <testcase name="testIsAfter_RInterval_null1112" classname="org.joda.time.TestInterval_Basics" time="0"/>
  <testcase name="testIsAfterNow1139" classname="org.joda.time.TestInterval_Basics" time="0.001"/>
  <testcase name="testToPeriod_PeriodType11146" classname="org.joda.time.TestInterval_Basics" time="0.001"/>
  <testcase name="testWithStartMillis_long21235" classname="org.joda.time.TestInterval_Basics" time="0.001"/>
  <testcase name="testContains_RI_zeroDuration1299" classname="org.joda.time.TestInterval_Basics" time="0"/>
  <testcase name="testGap_RInterval_null1428" classname="org.joda.time.TestInterval_Basics" time="0.001"/>
  <testcase name="testIsEqual_RI1434" classname="org.joda.time.TestInterval_Basics" time="0"/>
  <testcase name="testIsAfter_RI1495" classname="org.joda.time.TestInterval_Basics" time="0"/>
  <testcase name="testGetDuration21535" classname="org.joda.time.TestInterval_Basics" time="0.001"/>
  <testcase name="testWithPeriodAfterStart21537" classname="org.joda.time.TestInterval_Basics" time="0"/>
  <testcase name="testToPeriod_PeriodType21707" classname="org.joda.time.TestInterval_Basics" time="0.009"/>
  <testcase name="testWithStartMillis_long31751" classname="org.joda.time.TestInterval_Basics" time="0.001"/>
  <testcase name="testIsAfter_RI_null1765" classname="org.joda.time.TestInterval_Basics" time="0.001"/>
  <testcase name="testConstructor_ObjectLocalDateTime1190" classname="org.joda.time.TestLocalDateTime_Constructors" time="0"/>
  <testcase name="testConstructor_ObjectLocalDate1728" classname="org.joda.time.TestLocalDateTime_Constructors" time="0.001"/>
  <testcase name="testFactory_fromDateFields_null1768" classname="org.joda.time.TestLocalDateTime_Constructors" time="0"/>
  <testcase name="testConstructor_nullObject1011" classname="org.joda.time.TestLocalDateTime_Constructors" time="0.001"/>
  <testcase name="testConstructor_long_nullDateTimeZone1077" classname="org.joda.time.TestLocalDateTime_Constructors" time="0"/>
  <testcase name="testConstructor_nullDateTimeZone647" classname="org.joda.time.TestLocalDateTime_Constructors" time="0.001"/>
  <testcase name="testConstructor_DateTimeZone1223" classname="org.joda.time.TestLocalDateTime_Constructors" time="0"/>
  <testcase name="testConstructor_Chronology1284" classname="org.joda.time.TestLocalDateTime_Constructors" time="0.001"/>
  <testcase name="testConstructor_int_int_int_int_int_int1404" classname="org.joda.time.TestLocalDateTime_Constructors" time="0"/>
  <testcase name="testFactory_fromDateFields_after19701531" classname="org.joda.time.TestLocalDateTime_Constructors" time="0.001"/>
  <testcase name="testFactory_fromDateFields_before1970827" classname="org.joda.time.TestLocalDateTime_Constructors" time="0"/>
  <testcase name="testConstructor_ObjectStringEx6906" classname="org.joda.time.TestLocalDateTime_Constructors" time="0.001"/>
  <testcase name="testParse_noFormatter769" classname="org.joda.time.TestLocalDateTime_Constructors" time="0.001"/>
  <testcase name="testConstructor823" classname="org.joda.time.TestLocalDateTime_Constructors" time="0"/>
  <testcase name="testIsSupported_DurationFieldType661" classname="org.joda.time.TestLocalDateTime_Basics" time="0"/>
  <testcase name="testMinusMonths_int98" classname="org.joda.time.TestLocalDateTime_Basics" time="0.001"/>
  <testcase name="testToString_DTFormatter1342" classname="org.joda.time.TestLocalDateTime_Basics" time="0.001"/>
  <testcase name="testPlusMinutes_int1429" classname="org.joda.time.TestLocalDateTime_Basics" time="0"/>
  <testcase name="testGetValue_int1443" classname="org.joda.time.TestLocalDateTime_Basics" time="0"/>
  <testcase name="testMinusHours_int1525" classname="org.joda.time.TestLocalDateTime_Basics" time="0.001"/>
  <testcase name="testToDateTime1528" classname="org.joda.time.TestLocalDateTime_Basics" time="0.001"/>
  <testcase name="testToLocalDate1646" classname="org.joda.time.TestLocalDateTime_Basics" time="0"/>
  <testcase name="testToDate_summer_Zone1653" classname="org.joda.time.TestLocalDateTime_Basics" time="0.001"/>
  <testcase name="testWithFieldAdded_DurationFieldType_int_41726" classname="org.joda.time.TestLocalDateTime_Basics" time="0"/>
  <testcase name="testWithers246" classname="org.joda.time.TestLocalDateTime_Basics" time="0.001"/>
  <testcase name="testPlusMonths_int679" classname="org.joda.time.TestLocalDateTime_Basics" time="0"/>
  <testcase name="testMinusYears_int732" classname="org.joda.time.TestLocalDateTime_Basics" time="0.001"/>
  <testcase name="testPlusMillis_int739" classname="org.joda.time.TestLocalDateTime_Basics" time="0"/>
  <testcase name="testMinusMillis_int847" classname="org.joda.time.TestLocalDateTime_Basics" time="0.001"/>
  <testcase name="testPlusYears_int991" classname="org.joda.time.TestLocalDateTime_Basics" time="0"/>
  <testcase name="testPlusHours_int1046" classname="org.joda.time.TestLocalDateTime_Basics" time="0.001"/>
  <testcase name="testGetFieldTypes1113" classname="org.joda.time.TestLocalDateTime_Basics" time="0"/>
  <testcase name="testGetField_int1167" classname="org.joda.time.TestLocalDateTime_Basics" time="0.001"/>
  <testcase name="testPlusSeconds_int1283" classname="org.joda.time.TestLocalDateTime_Basics" time="0"/>
  <testcase name="testWithDate866" classname="org.joda.time.TestLocalDateTime_Basics" time="0.001"/>
  <testcase name="testPlus_RP1131" classname="org.joda.time.TestLocalDateTime_Basics" time="0"/>
  <testcase name="testWithTime1041" classname="org.joda.time.TestLocalDateTime_Basics" time="0.001"/>
  <testcase name="testProperty220" classname="org.joda.time.TestLocalDateTime_Basics" time="0.001"/>
  <testcase name="testWithFieldAdded_DurationFieldType_int_21590" classname="org.joda.time.TestLocalDateTime_Basics" time="0"/>
  <testcase name="testToDate_autumnDST88" classname="org.joda.time.TestLocalDateTime_Basics" time="0.005"/>
  <testcase name="testWithField_DateTimeFieldType_int_2932" classname="org.joda.time.TestLocalDateTime_Basics" time="0.001"/>
  <testcase name="testWithField_DateTimeFieldType_int_31078" classname="org.joda.time.TestLocalDateTime_Basics" time="0"/>
  <testcase name="testIsSupported_DateTimeFieldType1186" classname="org.joda.time.TestLocalDateTime_Basics" time="0"/>
  <testcase name="testGetters379" classname="org.joda.time.TestLocalDateTime_Basics" time="0.001"/>
  <testcase name="testMinusDays_int130" classname="org.joda.time.TestLocalDateTime_Basics" time="0"/>
  <testcase name="testPlusWeeks_int149" classname="org.joda.time.TestLocalDateTime_Basics" time="0"/>
  <testcase name="testMinus_RP295" classname="org.joda.time.TestLocalDateTime_Basics" time="0.001"/>
  <testcase name="testMinusWeeks_int581" classname="org.joda.time.TestLocalDateTime_Basics" time="0"/>
  <testcase name="testToString_String423" classname="org.joda.time.TestLocalDateTime_Basics" time="0"/>
  <testcase name="testToDate_springDST445" classname="org.joda.time.TestLocalDateTime_Basics" time="0.002"/>
  <testcase name="testIsBefore_LocalDateTime101" classname="org.joda.time.TestLocalDateTime_Basics" time="0"/>
  <testcase name="testMinusSeconds_int128" classname="org.joda.time.TestLocalDateTime_Basics" time="0"/>
  <testcase name="testToString_String_Locale311" classname="org.joda.time.TestLocalDateTime_Basics" time="0.001"/>
  <testcase name="testMinusMinutes_int369" classname="org.joda.time.TestLocalDateTime_Basics" time="0.001"/>
  <testcase name="testToLocalTime375" classname="org.joda.time.TestLocalDateTime_Basics" time="0"/>
  <testcase name="testPlusDays_int386" classname="org.joda.time.TestLocalDateTime_Basics" time="0.001"/>
  <testcase name="testWithFieldAdded_DurationFieldType_int_1610" classname="org.joda.time.TestLocalDateTime_Basics" time="0.001"/>
  <testcase name="testPropertySetTextSecond291" classname="org.joda.time.TestLocalDateTime_Properties" time="0"/>
  <testcase name="testPropertyWithMaxMinValueHour515" classname="org.joda.time.TestLocalDateTime_Properties" time="0"/>
  <testcase name="testPropertyAddWrapFieldToCopyMilli568" classname="org.joda.time.TestLocalDateTime_Properties" time="0"/>
  <testcase name="testPropertySetCopyYear1536" classname="org.joda.time.TestLocalDateTime_Properties" time="0.001"/>
  <testcase name="testPropertyAddToCopyMonth366" classname="org.joda.time.TestLocalDateTime_Properties" time="0.001"/>
  <testcase name="testPropertyRoundHour82" classname="org.joda.time.TestLocalDateTime_Properties" time="0.001"/>
  <testcase name="testPropertyGetMonth367" classname="org.joda.time.TestLocalDateTime_Properties" time="0"/>
  <testcase name="testPropertyCompareToDay730" classname="org.joda.time.TestLocalDateTime_Properties" time="0.001"/>
  <testcase name="testPropertyGetMinute766" classname="org.joda.time.TestLocalDateTime_Properties" time="0.001"/>
  <testcase name="testPropertyHashCode1249" classname="org.joda.time.TestLocalDateTime_Properties" time="0"/>
  <testcase name="testPropertyGetMilli1422" classname="org.joda.time.TestLocalDateTime_Properties" time="0.001"/>
  <testcase name="testConstructor_long1_Chronology210" classname="org.joda.time.TestLocalDate_Constructors" time="0"/>
  <testcase name="testConstructor_ObjectString2453" classname="org.joda.time.TestLocalDate_Constructors" time="0.001"/>
  <testcase name="testFactory_fromDateFields_null1337" classname="org.joda.time.TestLocalDate_Constructors" time="0.001"/>
  <testcase name="testConstructor1639" classname="org.joda.time.TestLocalDate_Constructors" time="0"/>
  <testcase name="testFactory_fromCalendarFields771" classname="org.joda.time.TestLocalDate_Constructors" time="0.001"/>
  <testcase name="testFactory_fromDateFields_before1970924" classname="org.joda.time.TestLocalDate_Constructors" time="0"/>
  <testcase name="testFactory_fromCalendarFields_null1745" classname="org.joda.time.TestLocalDate_Constructors" time="0.001"/>
  <testcase name="testConstructor_nullDateTimeZone1231" classname="org.joda.time.TestLocalDate_Constructors" time="0.001"/>
  <testcase name="testConstructor_Chronology1269" classname="org.joda.time.TestLocalDate_Constructors" time="0"/>
  <testcase name="testConstructor_DateTimeZone1201" classname="org.joda.time.TestLocalDate_Constructors" time="0.001"/>
  <testcase name="testConstructor_nullObject_nullDateTimeZone299" classname="org.joda.time.TestLocalDate_Constructors" time="0"/>
  <testcase name="testIsSupported_DurationFieldType464" classname="org.joda.time.TestLocalDate_Basics" time="0.001"/>
  <testcase name="testToDate_springDST_2Hour40Savings618" classname="org.joda.time.TestLocalDate_Basics" time="0.009"/>
  <testcase name="testProperty535" classname="org.joda.time.TestLocalDate_Basics" time="0.001"/>
  <testcase name="testWithFieldAdded_DurationFieldType_int_5671" classname="org.joda.time.TestLocalDate_Basics" time="0.001"/>
  <testcase name="testToDateTimeAtStartOfDay5" classname="org.joda.time.TestLocalDate_Basics" time="0"/>
  <testcase name="testMinus_RP100" classname="org.joda.time.TestLocalDate_Basics" time="0.001"/>
  <testcase name="testSerialization9" classname="org.joda.time.TestLocalDate_Basics" time="0.006"/>
  <testcase name="testWithFieldAdded_DurationFieldType_int_14" classname="org.joda.time.TestLocalDate_Basics" time="0.001"/>
  <testcase name="testMinusDays_int150" classname="org.joda.time.TestLocalDate_Basics" time="0"/>
  <testcase name="testPlusYears_int208" classname="org.joda.time.TestLocalDate_Basics" time="0.001"/>
  <testcase name="testMinusWeeks_int695" classname="org.joda.time.TestLocalDate_Basics" time="0"/>
  <testcase name="testWithField_DateTimeFieldType_int_3753" classname="org.joda.time.TestLocalDate_Basics" time="0.001"/>
  <testcase name="testEqualsHashCodeStrict773" classname="org.joda.time.TestLocalDate_Basics" time="0"/>
  <testcase name="testToDateTime_LocalTime859" classname="org.joda.time.TestLocalDate_Basics" time="0.001"/>
  <testcase name="testToDateTimeAtCurrentTime878" classname="org.joda.time.TestLocalDate_Basics" time="0.001"/>
  <testcase name="testGetFieldType_int1048" classname="org.joda.time.TestLocalDate_Basics" time="0.001"/>
  <testcase name="testToDateTime_LocalTime_nullZone1056" classname="org.joda.time.TestLocalDate_Basics" time="0"/>
  <testcase name="testWithField_DateTimeFieldType_int_21174" classname="org.joda.time.TestLocalDate_Basics" time="0.001"/>
  <testcase name="testWithField_DateTimeFieldType_int_1418" classname="org.joda.time.TestLocalDate_Basics" time="0.001"/>
  <testcase name="testToDateMidnight1182" classname="org.joda.time.TestLocalDate_Basics" time="0.001"/>
  <testcase name="testToString_String_Locale1194" classname="org.joda.time.TestLocalDate_Basics" time="0.001"/>
  <testcase name="testWithFieldAdded_DurationFieldType_int_21225" classname="org.joda.time.TestLocalDate_Basics" time="0"/>
  <testcase name="testToLocalDateTime_wrongChronologyLocalTime1238" classname="org.joda.time.TestLocalDate_Basics" time="0.001"/>
  <testcase name="testPlusDays_int1252" classname="org.joda.time.TestLocalDate_Basics" time="0.001"/>
  <testcase name="testPlusMonths_int1256" classname="org.joda.time.TestLocalDate_Basics" time="0"/>
  <testcase name="testToDateTime_nullRI1270" classname="org.joda.time.TestLocalDate_Basics" time="0.001"/>
  <testcase name="testIsSupported_DateTimeFieldType1276" classname="org.joda.time.TestLocalDate_Basics" time="0.001"/>
  <testcase name="testToInterval1281" classname="org.joda.time.TestLocalDate_Basics" time="0.001"/>
  <testcase name="testToLocalDateTime_LocalTime1357" classname="org.joda.time.TestLocalDate_Basics" time="0"/>
  <testcase name="testGetValue_int1471" classname="org.joda.time.TestLocalDate_Basics" time="0.001"/>
  <testcase name="testToLocalDateTime_nullLocalTime1601" classname="org.joda.time.TestLocalDate_Basics" time="0"/>
  <testcase name="testToDate_winter1665" classname="org.joda.time.TestLocalDate_Basics" time="0.001"/>
  <testcase name="testToDateTime_wrongChronoLocalTime_Zone1763" classname="org.joda.time.TestLocalDate_Basics" time="0"/>
  <testcase name="testToString_DTFormatter105" classname="org.joda.time.TestLocalDate_Basics" time="0.002"/>
  <testcase name="testToInterval_Zone117" classname="org.joda.time.TestLocalDate_Basics" time="0"/>
  <testcase name="testGetters414" classname="org.joda.time.TestLocalDate_Basics" time="0"/>
  <testcase name="testWithers269" classname="org.joda.time.TestLocalDate_Basics" time="0.001"/>
  <testcase name="testGet_DateTimeFieldType343" classname="org.joda.time.TestLocalDate_Basics" time="0.001"/>
  <testcase name="testToString_String392" classname="org.joda.time.TestLocalDate_Basics" time="0"/>
  <testcase name="testToDate_autumnDST410" classname="org.joda.time.TestLocalDate_Basics" time="0.001"/>
  <testcase name="testMinusMonths_int424" classname="org.joda.time.TestLocalDate_Basics" time="0"/>
  <testcase name="testIsEqual_LocalDate553" classname="org.joda.time.TestLocalDate_Basics" time="0.001"/>
  <testcase name="testToDateTimeAtMidnight615" classname="org.joda.time.TestLocalDate_Basics" time="0"/>
  <testcase name="testPlus_RP38" classname="org.joda.time.TestLocalDate_Basics" time="0.001"/>
  <testcase name="testPlusWeeks_int64" classname="org.joda.time.TestLocalDate_Basics" time="0"/>
  <testcase name="testGetValues650" classname="org.joda.time.TestLocalDate_Basics" time="0.001"/>
  <testcase name="testPropertyEquals521" classname="org.joda.time.TestLocalDate_Properties" time="0"/>
  <testcase name="testPropertyAddWrapFieldToCopyDay1464" classname="org.joda.time.TestLocalDate_Properties" time="0.001"/>
  <testcase name="testPropertyGetDay1484" classname="org.joda.time.TestLocalDate_Properties" time="0.001"/>
  <testcase name="testPropertyWithMinimumValueDayOfMonth544" classname="org.joda.time.TestLocalDate_Properties" time="0"/>
  <testcase name="testPropertyWithMaximumValueDayOfMonth1652" classname="org.joda.time.TestLocalDate_Properties" time="0"/>
  <testcase name="testPropertySetCopyTextDay801" classname="org.joda.time.TestLocalDate_Properties" time="0.001"/>
  <testcase name="testPropertyEqualsHashCodeStrict1244" classname="org.joda.time.TestLocalDate_Properties" time="0.001"/>
  <testcase name="testPropertyAddToCopyYear1095" classname="org.joda.time.TestLocalDate_Properties" time="0.001"/>
  <testcase name="testPropertyEqualsHashCodeLenient184" classname="org.joda.time.TestLocalDate_Properties" time="0.001"/>
  <testcase name="testFactoryMillisOfDay_long217" classname="org.joda.time.TestLocalTime_Constructors" time="0.001"/>
  <testcase name="testParse_noFormatter1446" classname="org.joda.time.TestLocalTime_Constructors" time="0"/>
  <testcase name="testConstructor_DateTimeZone1450" classname="org.joda.time.TestLocalTime_Constructors" time="0.001"/>
  <testcase name="testFactory_FromDateFields_null1648" classname="org.joda.time.TestLocalTime_Constructors" time="0"/>
  <testcase name="testFactory_FromDateFields_after19701099" classname="org.joda.time.TestLocalTime_Constructors" time="0.001"/>
  <testcase name="testParse_formatter253" classname="org.joda.time.TestLocalTime_Constructors" time="0"/>
  <testcase name="testConstructor725" classname="org.joda.time.TestLocalTime_Constructors" time="0.001"/>
  <testcase name="testConstructor_long_DateTimeZone_21327" classname="org.joda.time.TestLocalTime_Constructors" time="0.001"/>
  <testcase name="testConstructor_ObjectLocalTime786" classname="org.joda.time.TestLocalTime_Constructors" time="0"/>
  <testcase name="testConstructor_Chronology844" classname="org.joda.time.TestLocalTime_Constructors" time="0.001"/>
  <testcase name="testConstructor_ObjectString_DateTimeZoneNewYork749" classname="org.joda.time.TestLocalTime_Constructors" time="0.001"/>
  <testcase name="testFactory_FromCalendarFields_Calendar735" classname="org.joda.time.TestLocalTime_Constructors" time="0"/>
  <testcase name="testWithers79" classname="org.joda.time.TestLocalTime_Basics" time="0.001"/>
  <testcase name="testPlus_RP931" classname="org.joda.time.TestLocalTime_Basics" time="0"/>
  <testcase name="testEqualsHashCode31" classname="org.joda.time.TestLocalTime_Basics" time="0.002"/>
  <testcase name="testGetters1448" classname="org.joda.time.TestLocalTime_Basics" time="0.001"/>
  <testcase name="testToString_String154" classname="org.joda.time.TestLocalTime_Basics" time="0"/>
  <testcase name="testPlusMillis_int731" classname="org.joda.time.TestLocalTime_Basics" time="0.001"/>
  <testcase name="testToString_DTFormatter744" classname="org.joda.time.TestLocalTime_Basics" time="0"/>
  <testcase name="testMinusHours_int761" classname="org.joda.time.TestLocalTime_Basics" time="0.001"/>
  <testcase name="testGetField_int1343" classname="org.joda.time.TestLocalTime_Basics" time="0"/>
  <testcase name="testPlusHours_int1344" classname="org.joda.time.TestLocalTime_Basics" time="0"/>
  <testcase name="testWithFieldAdded_DurationFieldType_int_51390" classname="org.joda.time.TestLocalTime_Basics" time="0.001"/>
  <testcase name="testWithField_DateTimeFieldType_int_31540" classname="org.joda.time.TestLocalTime_Basics" time="0"/>
  <testcase name="testWithFieldAdded_DurationFieldType_int_41603" classname="org.joda.time.TestLocalTime_Basics" time="0.001"/>
  <testcase name="testWithFieldAdded_DurationFieldType_int_31609" classname="org.joda.time.TestLocalTime_Basics" time="0"/>
  <testcase name="testWithField_DateTimeFieldType_int_21719" classname="org.joda.time.TestLocalTime_Basics" time="0.001"/>
  <testcase name="testIsSupported_DateTimeFieldType992" classname="org.joda.time.TestLocalTime_Basics" time="0"/>
  <testcase name="testWithFieldAdded_DurationFieldType_int_8148" classname="org.joda.time.TestLocalTime_Basics" time="0"/>
  <testcase name="testMinusSeconds_int271" classname="org.joda.time.TestLocalTime_Basics" time="0"/>
  <testcase name="testProperty391" classname="org.joda.time.TestLocalTime_Basics" time="0.001"/>
  <testcase name="testToDateTimeTodayDefaultZone1023" classname="org.joda.time.TestLocalTime_Basics" time="0.001"/>
  <testcase name="testGetValue_int1074" classname="org.joda.time.TestLocalTime_Basics" time="0.001"/>
  <testcase name="testGet_DateTimeFieldType1228" classname="org.joda.time.TestLocalTime_Basics" time="0"/>
  <testcase name="testIsSupported_DurationFieldType1286" classname="org.joda.time.TestLocalTime_Basics" time="0.001"/>
  <testcase name="testToString_String_Locale401" classname="org.joda.time.TestLocalTime_Basics" time="0.001"/>
  <testcase name="testIsEqual_LocalTime523" classname="org.joda.time.TestLocalTime_Basics" time="0"/>
  <testcase name="testMinusMillis_int559" classname="org.joda.time.TestLocalTime_Basics" time="0"/>
  <testcase name="testMinusMinutes_int564" classname="org.joda.time.TestLocalTime_Basics" time="0.001"/>
  <testcase name="testToDateTimeToday_nullZone694" classname="org.joda.time.TestLocalTime_Basics" time="0"/>
  <testcase name="testMinus_RP1532" classname="org.joda.time.TestLocalTime_Basics" time="0.001"/>
  <testcase name="testSerialization921" classname="org.joda.time.TestLocalTime_Basics" time="0.002"/>
  <testcase name="testPlusSeconds_int981" classname="org.joda.time.TestLocalTime_Basics" time="0.001"/>
  <testcase name="testWithField_DateTimeFieldType_int_1806" classname="org.joda.time.TestLocalTime_Basics" time="0"/>
  <testcase name="testWithFieldAdded_DurationFieldType_int_1301" classname="org.joda.time.TestLocalTime_Basics" time="0"/>
  <testcase name="testPropertyCompareToMinute263" classname="org.joda.time.TestLocalTime_Properties" time="0.001"/>
  <testcase name="testPropertySetSecond659" classname="org.joda.time.TestLocalTime_Properties" time="0"/>
  <testcase name="testPropertySetTextSecond207" classname="org.joda.time.TestLocalTime_Properties" time="0.001"/>
  <testcase name="testPropertyRoundHour836" classname="org.joda.time.TestLocalTime_Properties" time="0"/>
  <testcase name="testPropertySetMilli1259" classname="org.joda.time.TestLocalTime_Properties" time="0.001"/>
  <testcase name="testPropertyPlusNoWrapMinute1348" classname="org.joda.time.TestLocalTime_Properties" time="0"/>
  <testcase name="testPropertyGetMinute1539" classname="org.joda.time.TestLocalTime_Properties" time="0.001"/>
  <testcase name="testPropertyGetHour1635" classname="org.joda.time.TestLocalTime_Properties" time="0"/>
  <testcase name="testPropertyPlusHour160" classname="org.joda.time.TestLocalTime_Properties" time="0.001"/>
  <testcase name="testPropertyWithMaxMinValueHour1081" classname="org.joda.time.TestLocalTime_Properties" time="0"/>
  <testcase name="testConstructor_RI_RI1539" classname="org.joda.time.TestMutableInterval_Constructors" time="0.001"/>
  <testcase name="testConstructor_RP_RI573" classname="org.joda.time.TestMutableInterval_Constructors" time="0"/>
  <testcase name="testConstructor_Object6765" classname="org.joda.time.TestMutableInterval_Constructors" time="0.005"/>
  <testcase name="testParse_noFormatter640" classname="org.joda.time.TestMutableInterval_Constructors" time="0"/>
  <testcase name="testConstructor_Object2793" classname="org.joda.time.TestMutableInterval_Constructors" time="0"/>
  <testcase name="testConstructor_RI_RD1891" classname="org.joda.time.TestMutableInterval_Constructors" time="0"/>
  <testcase name="testConstructor1245" classname="org.joda.time.TestMutableInterval_Constructors" time="0.001"/>
  <testcase name="testConstructor_RD_RI11729" classname="org.joda.time.TestMutableInterval_Constructors" time="0"/>
  <testcase name="testConstructor_Object_Chronology11304" classname="org.joda.time.TestMutableInterval_Constructors" time="0.001"/>
  <testcase name="testConstructor_RI_RP3141" classname="org.joda.time.TestMutableInterval_Constructors" time="0"/>
  <testcase name="testConstructor_RI_RD4315" classname="org.joda.time.TestMutableInterval_Constructors" time="0.001"/>
  <testcase name="testIsBefore_RI1401" classname="org.joda.time.TestMutableInterval_Basics" time="0"/>
  <testcase name="testIsBefore_RInterval1487" classname="org.joda.time.TestMutableInterval_Basics" time="0.001"/>
  <testcase name="testOverlaps_RInterval329" classname="org.joda.time.TestMutableInterval_Basics" time="0"/>
  <testcase name="testToMutableInterval11191" classname="org.joda.time.TestMutableInterval_Basics" time="0.001"/>
  <testcase name="testIsAfter_RInterval1554" classname="org.joda.time.TestMutableInterval_Basics" time="0"/>
  <testcase name="testEqualsHashCode1368" classname="org.joda.time.TestMutableInterval_Basics" time="0.001"/>
  <testcase name="testToInterval11233" classname="org.joda.time.TestMutableInterval_Basics" time="0"/>
  <testcase name="testCopy139" classname="org.joda.time.TestMutableInterval_Basics" time="0.001"/>
  <testcase name="testSetInterval_RI_RI3636" classname="org.joda.time.TestMutableInterval_Updates" time="0"/>
  <testcase name="testSetDurationAfterStart_long11490" classname="org.joda.time.TestMutableInterval_Updates" time="0.001"/>
  <testcase name="testSetPeriodBeforeEnd_RI31695" classname="org.joda.time.TestMutableInterval_Updates" time="0"/>
  <testcase name="testSetInterval_RInterval31747" classname="org.joda.time.TestMutableInterval_Updates" time="0.001"/>
  <testcase name="testSetStart_RI1232" classname="org.joda.time.TestMutableInterval_Updates" time="0"/>
  <testcase name="testSetPeriodAfterStart_RI3231" classname="org.joda.time.TestMutableInterval_Updates" time="0"/>
  <testcase name="testSetInterval_RI_RI5524" classname="org.joda.time.TestMutableInterval_Updates" time="0.001"/>
  <testcase name="testSetInterval_RInterval1612" classname="org.joda.time.TestMutableInterval_Updates" time="0"/>
  <testcase name="testSetDurationBeforeEnd_long11347" classname="org.joda.time.TestMutableInterval_Updates" time="0"/>
  <testcase name="testSetDurationBeforeEnd_RI3715" classname="org.joda.time.TestMutableInterval_Updates" time="0.001"/>
  <testcase name="testSeDurationAfterStart_RI2895" classname="org.joda.time.TestMutableInterval_Updates" time="0"/>
  <testcase name="testSetEnd_RI31016" classname="org.joda.time.TestMutableInterval_Updates" time="0.001"/>
  <testcase name="testSetPeriodBeforeEnd_RI11514" classname="org.joda.time.TestMutableInterval_Updates" time="0"/>
  <testcase name="testSetPeriodAfterStart_RI11661" classname="org.joda.time.TestMutableInterval_Updates" time="0.001"/>
  <testcase name="testFactoryFieldDifference4867" classname="org.joda.time.TestPeriod_Constructors" time="0.003"/>
  <testcase name="testConstructor_long_long2940" classname="org.joda.time.TestPeriod_Constructors" time="0"/>
  <testcase name="testConstructor_RP_RP_PeriodType21088" classname="org.joda.time.TestPeriod_Constructors" time="0.001"/>
  <testcase name="testConstructor_Object_PeriodType31120" classname="org.joda.time.TestPeriod_Constructors" time="0"/>
  <testcase name="testConstructor_RP_RP_PeriodType71166" classname="org.joda.time.TestPeriod_Constructors" time="0.001"/>
  <testcase name="testConstructor_long_long_PeriodType21336" classname="org.joda.time.TestPeriod_Constructors" time="0.001"/>
  <testcase name="testConstructor_Object3120" classname="org.joda.time.TestPeriod_Constructors" time="0"/>
  <testcase name="testFactoryFieldDifference51339" classname="org.joda.time.TestPeriod_Constructors" time="0"/>
  <testcase name="testFactoryFieldDifference21360" classname="org.joda.time.TestPeriod_Constructors" time="0.001"/>
  <testcase name="testConstructor_RP_RP41444" classname="org.joda.time.TestPeriod_Constructors" time="0"/>
  <testcase name="testConstructor_RP_RP_PeriodType61475" classname="org.joda.time.TestPeriod_Constructors" time="0.001"/>
  <testcase name="testConstructor_long_Chronology21520" classname="org.joda.time.TestPeriod_Constructors" time="0.001"/>
  <testcase name="testConstructor_Object_PeriodType21570" classname="org.joda.time.TestPeriod_Constructors" time="0"/>
  <testcase name="testConstructor_trickyDifferences_LD_LD_toFeb_endOfMonth11578" classname="org.joda.time.TestPeriod_Constructors" time="0.001"/>
  <testcase name="testConstructor_RI_RD21634" classname="org.joda.time.TestPeriod_Constructors" time="0.001"/>
  <testcase name="testConstructor_long_PeriodType_Chronology4190" classname="org.joda.time.TestPeriod_Constructors" time="0"/>
  <testcase name="testConstructor_RP_RP_PeriodType8469" classname="org.joda.time.TestPeriod_Constructors" time="0.001"/>
  <testcase name="testConstructor_RI_RI4691" classname="org.joda.time.TestPeriod_Constructors" time="0.001"/>
  <testcase name="testConstructor_Object_PeriodType1700" classname="org.joda.time.TestPeriod_Constructors" time="0"/>
  <testcase name="testConstructor_trickyDifferences_LD_LD_toFeb_exactMonths290" classname="org.joda.time.TestPeriod_Constructors" time="0.001"/>
  <testcase name="testConstructor_trickyDifferences_RI_RI_toFeb_exactMonths216" classname="org.joda.time.TestPeriod_Constructors" time="0.001"/>
  <testcase name="testFactoryFieldDifference3396" classname="org.joda.time.TestPeriod_Constructors" time="0.001"/>
  <testcase name="testConstructor_RD_RI_PeriodType1560" classname="org.joda.time.TestPeriod_Constructors" time="0"/>
  <testcase name="testConstructor_RP_RP251" classname="org.joda.time.TestPeriod_Constructors" time="0"/>
  <testcase name="testFactoryFieldDifference152" classname="org.joda.time.TestPeriod_Constructors" time="0.001"/>
  <testcase name="testConstructor_RD_RI2115" classname="org.joda.time.TestPeriod_Constructors" time="0.001"/>
  <testcase name="testConstructor1157" classname="org.joda.time.TestPeriod_Constructors" time="0"/>
  <testcase name="testToStandardDuration_months404" classname="org.joda.time.TestPeriod_Basics" time="0.001"/>
  <testcase name="testNormalizedStandard_yearMonth1407" classname="org.joda.time.TestPeriod_Basics" time="0.001"/>
  <testcase name="testWithFieldAdded3434" classname="org.joda.time.TestPeriod_Basics" time="0"/>
  <testcase name="testWithFieldAdded453" classname="org.joda.time.TestPeriod_Basics" time="0.001"/>
  <testcase name="testToMutablePeriod1426" classname="org.joda.time.TestPeriod_Basics" time="0.001"/>
  <testcase name="testWithFieldAdded21534" classname="org.joda.time.TestPeriod_Basics" time="0"/>
  <testcase name="testToStandardWeeks1545" classname="org.joda.time.TestPeriod_Basics" time="0.004"/>
  <testcase name="testWithFieldAdded11691" classname="org.joda.time.TestPeriod_Basics" time="0.001"/>
  <testcase name="testNormalizedStandard_periodType_yearMonth31698" classname="org.joda.time.TestPeriod_Basics" time="0"/>
  <testcase name="testWith169" classname="org.joda.time.TestPeriod_Basics" time="0.001"/>
  <testcase name="testToStandardMinutes_years191" classname="org.joda.time.TestPeriod_Basics" time="0"/>
  <testcase name="testPlus12" classname="org.joda.time.TestPeriod_Basics" time="0.002"/>
  <testcase name="testTypeIndexMethods223" classname="org.joda.time.TestPeriod_Basics" time="0.001"/>
  <testcase name="testToString_nullPeriodFormatter241" classname="org.joda.time.TestPeriod_Basics" time="0"/>
  <testcase name="testMinus56" classname="org.joda.time.TestPeriod_Basics" time="0.001"/>
  <testcase name="testToPeriod1326" classname="org.joda.time.TestPeriod_Basics" time="0"/>
  <testcase name="testGetPeriodType26" classname="org.joda.time.TestPeriod_Basics" time="0"/>
  <testcase name="testToDurationTo48" classname="org.joda.time.TestPeriod_Basics" time="0.001"/>
  <testcase name="testToStandardSeconds_months492" classname="org.joda.time.TestPeriod_Basics" time="0"/>
  <testcase name="testMinusFields493" classname="org.joda.time.TestPeriod_Basics" time="0.001"/>
  <testcase name="testToStandardDays_months512" classname="org.joda.time.TestPeriod_Basics" time="0"/>
  <testcase name="testIsSupported518" classname="org.joda.time.TestPeriod_Basics" time="0.001"/>
  <testcase name="testWithFields2572" classname="org.joda.time.TestPeriod_Basics" time="0"/>
  <testcase name="testEqualsHashCode606" classname="org.joda.time.TestPeriod_Basics" time="0.003"/>
  <testcase name="testWithField2666" classname="org.joda.time.TestPeriod_Basics" time="0.001"/>
  <testcase name="testWithField4746" classname="org.joda.time.TestPeriod_Basics" time="0"/>
  <testcase name="testToString_PeriodFormatter778" classname="org.joda.time.TestPeriod_Basics" time="0.004"/>
  <testcase name="testWithPeriodType3873" classname="org.joda.time.TestPeriod_Basics" time="0.001"/>
  <testcase name="testWithPeriodType1935" classname="org.joda.time.TestPeriod_Basics" time="0.001"/>
  <testcase name="testToStandardWeeks_years983" classname="org.joda.time.TestPeriod_Basics" time="0.001"/>
  <testcase name="testWithFields11007" classname="org.joda.time.TestPeriod_Basics" time="0"/>
  <testcase name="testToStandardHours_years1029" classname="org.joda.time.TestPeriod_Basics" time="0"/>
  <testcase name="testToStandardDays1063" classname="org.joda.time.TestPeriod_Basics" time="0.001"/>
  <testcase name="testPlusFieldsZero1103" classname="org.joda.time.TestPeriod_Basics" time="0.001"/>
  <testcase name="testToStandardSeconds1262" classname="org.joda.time.TestPeriod_Basics" time="0.001"/>
  <testcase name="testNegated330" classname="org.joda.time.TestPeriod_Basics" time="0"/>
  <testcase name="testConstructor_long_PeriodType_Chronology2687" classname="org.joda.time.TestMutablePeriod_Constructors" time="0.001"/>
  <testcase name="testConstructor_long_long11049" classname="org.joda.time.TestMutablePeriod_Constructors" time="0.001"/>
  <testcase name="testConstructor_RI_RI_PeriodType21685" classname="org.joda.time.TestMutablePeriod_Constructors" time="0.001"/>
  <testcase name="testConstructor_RI_RD21738" classname="org.joda.time.TestMutablePeriod_Constructors" time="0"/>
  <testcase name="testConstructor_RI_RI5834" classname="org.joda.time.TestMutablePeriod_Constructors" time="0"/>
  <testcase name="testConstructor_long_long_PeriodType_Chronology1949" classname="org.joda.time.TestMutablePeriod_Constructors" time="0.001"/>
  <testcase name="testConstructor_RI_RI31425" classname="org.joda.time.TestMutablePeriod_Constructors" time="0"/>
  <testcase name="testConstructor_long_long_PeriodType21509" classname="org.joda.time.TestMutablePeriod_Constructors" time="0.002"/>
  <testcase name="testConstructor_long_Chronology2517" classname="org.joda.time.TestMutablePeriod_Constructors" time="0"/>
  <testcase name="testConstructor_Object_Chronology2450" classname="org.joda.time.TestMutablePeriod_Constructors" time="0.001"/>
  <testcase name="testConstructor_Object_PeriodType4965" classname="org.joda.time.TestMutablePeriod_Constructors" time="0"/>
  <testcase name="testConstructor_4int1362" classname="org.joda.time.TestMutablePeriod_Constructors" time="0.001"/>
  <testcase name="testConstructor_RI_RD_PeriodType1642" classname="org.joda.time.TestMutablePeriod_Constructors" time="0.001"/>
  <testcase name="testCopy937" classname="org.joda.time.TestMutablePeriod_Basics" time="0"/>
  <testcase name="testToDurationFrom219" classname="org.joda.time.TestMutablePeriod_Basics" time="0"/>
  <testcase name="testToPeriod1641" classname="org.joda.time.TestMutablePeriod_Basics" time="0.001"/>
  <testcase name="testAdd_RP41710" classname="org.joda.time.TestMutablePeriod_Updates" time="0"/>
  <testcase name="testAdd_long1554" classname="org.joda.time.TestMutablePeriod_Updates" time="0.001"/>
  <testcase name="testSet_Field853" classname="org.joda.time.TestMutablePeriod_Updates" time="0"/>
  <testcase name="testAddWeeks1542" classname="org.joda.time.TestMutablePeriod_Updates" time="0.001"/>
  <testcase name="testSetHours442" classname="org.joda.time.TestMutablePeriod_Updates" time="0.001"/>
  <testcase name="testSetPeriod_RD3226" classname="org.joda.time.TestMutablePeriod_Updates" time="0"/>
  <testcase name="testAddMinutes531" classname="org.joda.time.TestMutablePeriod_Updates" time="0.001"/>
  <testcase name="testAdd_long_Chronology1550" classname="org.joda.time.TestMutablePeriod_Updates" time="0.01"/>
  <testcase name="testSetPeriod_RInterval1577" classname="org.joda.time.TestMutablePeriod_Updates" time="0"/>
  <testcase name="testAddSeconds970" classname="org.joda.time.TestMutablePeriod_Updates" time="0.001"/>
  <testcase name="testAdd_8ints11109" classname="org.joda.time.TestMutablePeriod_Updates" time="0"/>
  <testcase name="testSetPeriod_RI_RI21127" classname="org.joda.time.TestMutablePeriod_Updates" time="0.001"/>
  <testcase name="testSetPeriod_8ints21391" classname="org.joda.time.TestMutablePeriod_Updates" time="0"/>
  <testcase name="testSetPeriod_8ints11449" classname="org.joda.time.TestMutablePeriod_Updates" time="0.001"/>
  <testcase name="testSetPeriod_RI_RI31511" classname="org.joda.time.TestMutablePeriod_Updates" time="0"/>
  <testcase name="testAdd_Field1557" classname="org.joda.time.TestMutablePeriod_Updates" time="0.001"/>
  <testcase name="testAddMillis1591" classname="org.joda.time.TestMutablePeriod_Updates" time="0"/>
  <testcase name="testSetPeriod_long11593" classname="org.joda.time.TestMutablePeriod_Updates" time="0"/>
  <testcase name="testAddMonths1699" classname="org.joda.time.TestMutablePeriod_Updates" time="0.001"/>
  <testcase name="testMergePeriod_RP51704" classname="org.joda.time.TestMutablePeriod_Updates" time="0"/>
  <testcase name="testAdd_RD31087" classname="org.joda.time.TestMutablePeriod_Updates" time="0"/>
  <testcase name="testClear1408" classname="org.joda.time.TestMutablePeriod_Updates" time="0.001"/>
  <testcase name="testAddYears233" classname="org.joda.time.TestMutablePeriod_Updates" time="0"/>
  <testcase name="testAddHours888" classname="org.joda.time.TestMutablePeriod_Updates" time="0.001"/>
  <testcase name="testSetPeriod_long245" classname="org.joda.time.TestMutablePeriod_Updates" time="0"/>
  <testcase name="testSetPeriod_RInterval269" classname="org.joda.time.TestMutablePeriod_Updates" time="0"/>
  <testcase name="testAdd_RInterval1138" classname="org.joda.time.TestMutablePeriod_Updates" time="0.001"/>
  <testcase name="testMergePeriod_RP3176" classname="org.joda.time.TestMutablePeriod_Updates" time="0"/>
  <testcase name="testSetPeriod_long_long_NoMinutes427" classname="org.joda.time.TestMutablePeriod_Updates" time="0.001"/>
  <testcase name="testSetWeeks277" classname="org.joda.time.TestMutablePeriod_Updates" time="0"/>
  <testcase name="testSetYears338" classname="org.joda.time.TestMutablePeriod_Updates" time="0.001"/>
  <testcase name="testAddDays556" classname="org.joda.time.TestMutablePeriod_Updates" time="0"/>
  <testcase name="testIsSupported1110" classname="org.joda.time.TestBaseSingleFieldPeriod" time="0.001"/>
  <testcase name="testValueIndexMethods1736" classname="org.joda.time.TestBaseSingleFieldPeriod" time="0"/>
  <testcase name="testFieldTypeIndexMethods1757" classname="org.joda.time.TestBaseSingleFieldPeriod" time="0.001"/>
  <testcase name="testFactory_standardPeriodIn_RPeriod452" classname="org.joda.time.TestBaseSingleFieldPeriod" time="0"/>
  <testcase name="testEqualsHashCode472" classname="org.joda.time.TestBaseSingleFieldPeriod" time="0.001"/>
  <testcase name="testCompareTo348" classname="org.joda.time.TestBaseSingleFieldPeriod" time="0"/>
  <testcase name="testToPeriod506" classname="org.joda.time.TestBaseSingleFieldPeriod" time="0"/>
  <testcase name="testGet1008" classname="org.joda.time.TestBaseSingleFieldPeriod" time="0.001"/>
  <testcase name="testFactory_between_RInstant355" classname="org.joda.time.TestBaseSingleFieldPeriod" time="0"/>
  <testcase name="testGetSetValue499" classname="org.joda.time.TestBaseSingleFieldPeriod" time="0.001"/>
  <testcase name="testToMutablePeriod623" classname="org.joda.time.TestBaseSingleFieldPeriod" time="0"/>
  <testcase name="testFactory_between_RPartial743" classname="org.joda.time.TestBaseSingleFieldPeriod" time="0.001"/>
  <testcase name="testFactory_yearsIn_RInterval164" classname="org.joda.time.TestYears" time="0.001"/>
  <testcase name="testSerialization875" classname="org.joda.time.TestYears" time="0.001"/>
  <testcase name="testPlus_Years899" classname="org.joda.time.TestYears" time="0.001"/>
  <testcase name="testMinus_int1395" classname="org.joda.time.TestYears" time="0"/>
  <testcase name="testFactory_years_int1575" classname="org.joda.time.TestYears" time="0"/>
  <testcase name="testNegated1241" classname="org.joda.time.TestYears" time="0.001"/>
  <testcase name="testToString742" classname="org.joda.time.TestYears" time="0"/>
  <testcase name="testIsGreaterThan738" classname="org.joda.time.TestYears" time="0"/>
  <testcase name="testIsLessThan811" classname="org.joda.time.TestYears" time="0"/>
  <testcase name="testFactory_yearsBetween_RPartial1126" classname="org.joda.time.TestYears" time="0.001"/>
  <testcase name="testGetFieldType914" classname="org.joda.time.TestYears" time="0"/>
  <testcase name="testGetPeriodType1205" classname="org.joda.time.TestYears" time="0.001"/>
  <testcase name="testDividedBy_int1302" classname="org.joda.time.TestYears" time="0"/>
  <testcase name="testMinus_Years1364" classname="org.joda.time.TestYears" time="0.003"/>
  <testcase name="testFactory_parseYears_String1588" classname="org.joda.time.TestYears" time="0"/>
  <testcase name="testMultipliedBy_int337" classname="org.joda.time.TestYears" time="0"/>
  <testcase name="testFactory_yearsBetween_RInstant22" classname="org.joda.time.TestYears" time="0"/>
  <testcase name="testIsLessThan1128" classname="org.joda.time.TestMonths" time="0"/>
  <testcase name="testSerialization281" classname="org.joda.time.TestMonths" time="0.001"/>
  <testcase name="testNegated1396" classname="org.joda.time.TestMonths" time="0"/>
  <testcase name="testToString843" classname="org.joda.time.TestMonths" time="0.001"/>
  <testcase name="testFactory_monthsBetween_RPartial_LocalDate1061" classname="org.joda.time.TestMonths" time="0"/>
  <testcase name="testDividedBy_int132" classname="org.joda.time.TestMonths" time="0"/>
  <testcase name="testMinus_Months258" classname="org.joda.time.TestMonths" time="0.001"/>
  <testcase name="testFactory_monthsBetween_RInstant461" classname="org.joda.time.TestMonths" time="0"/>
  <testcase name="testGetPeriodType860" classname="org.joda.time.TestMonths" time="0.001"/>
  <testcase name="testFactory_parseMonths_String133" classname="org.joda.time.TestMonths" time="0"/>
  <testcase name="testIsGreaterThan1234" classname="org.joda.time.TestMonths" time="0.001"/>
  <testcase name="testMultipliedBy_int1246" classname="org.joda.time.TestMonths" time="0"/>
  <testcase name="testFactory_monthsBetween_RPartial_YearMonth649" classname="org.joda.time.TestMonths" time="0.002"/>
  <testcase name="testPlus_Months494" classname="org.joda.time.TestMonths" time="0"/>
  <testcase name="testFactory_standardWeeksIn_RPeriod758" classname="org.joda.time.TestWeeks" time="0.001"/>
  <testcase name="testToStandardHours25" classname="org.joda.time.TestWeeks" time="0"/>
  <testcase name="testFactory_weeksBetween_RInstant336" classname="org.joda.time.TestWeeks" time="0.001"/>
  <testcase name="testDividedBy_int513" classname="org.joda.time.TestWeeks" time="0"/>
  <testcase name="testNegated1474" classname="org.joda.time.TestWeeks" time="0"/>
  <testcase name="testIsLessThan72" classname="org.joda.time.TestWeeks" time="0"/>
  <testcase name="testFactory_weeksBetween_RPartial530" classname="org.joda.time.TestWeeks" time="0.001"/>
  <testcase name="testFactory_parseWeeks_String99" classname="org.joda.time.TestWeeks" time="0.001"/>
  <testcase name="testMinus_Weeks203" classname="org.joda.time.TestWeeks" time="0"/>
  <testcase name="testPlus_Weeks1399" classname="org.joda.time.TestWeeks" time="0"/>
  <testcase name="testMinus_int1158" classname="org.joda.time.TestWeeks" time="0.001"/>
  <testcase name="testIsGreaterThan1260" classname="org.joda.time.TestWeeks" time="0"/>
  <testcase name="testToStandardSeconds1037" classname="org.joda.time.TestWeeks" time="0"/>
  <testcase name="testFactory_weeksIn_RInterval993" classname="org.joda.time.TestWeeks" time="0.001"/>
  <testcase name="testToStandardMinutes1005" classname="org.joda.time.TestWeeks" time="0"/>
  <testcase name="testFactory_weeks_int803" classname="org.joda.time.TestWeeks" time="0"/>
  <testcase name="testToStandardDuration1424" classname="org.joda.time.TestWeeks" time="0.001"/>
  <testcase name="testMultipliedBy_int1501" classname="org.joda.time.TestWeeks" time="0"/>
  <testcase name="testSerialization1610" classname="org.joda.time.TestWeeks" time="0.001"/>
  <testcase name="testAddToLocalDate1750" classname="org.joda.time.TestWeeks" time="0.001"/>
  <testcase name="testFactory_daysBetween_RPartial_LocalDate321" classname="org.joda.time.TestDays" time="0"/>
  <testcase name="testToStandardSeconds1324" classname="org.joda.time.TestDays" time="0"/>
  <testcase name="testSerialization1361" classname="org.joda.time.TestDays" time="0"/>
  <testcase name="testPlus_Days1377" classname="org.joda.time.TestDays" time="0"/>
  <testcase name="testToStandardHours1458" classname="org.joda.time.TestDays" time="0"/>
  <testcase name="testToStandardDuration1057" classname="org.joda.time.TestDays" time="0.001"/>
  <testcase name="testIsGreaterThan339" classname="org.joda.time.TestDays" time="0"/>
  <testcase name="testFactory_daysIn_RInterval354" classname="org.joda.time.TestDays" time="0"/>
  <testcase name="testDividedBy_int520" classname="org.joda.time.TestDays" time="0.001"/>
  <testcase name="testPlus_int1175" classname="org.joda.time.TestDays" time="0"/>
  <testcase name="testNegated563" classname="org.joda.time.TestDays" time="0"/>
  <testcase name="testFactory_daysBetween_RInstant248" classname="org.joda.time.TestDays" time="0.001"/>
  <testcase name="testFactory_standardDaysIn_RPeriod872" classname="org.joda.time.TestDays" time="0"/>
  <testcase name="testToString1526" classname="org.joda.time.TestDays" time="0"/>
  <testcase name="testMinus_Days320" classname="org.joda.time.TestDays" time="0"/>
  <testcase name="testToStandardMinutes1485" classname="org.joda.time.TestDays" time="0.001"/>
  <testcase name="testFactory_parseDays_String678" classname="org.joda.time.TestDays" time="0.001"/>
  <testcase name="testToStandardWeeks1192" classname="org.joda.time.TestDays" time="0"/>
  <testcase name="testFactory_days_int1226" classname="org.joda.time.TestDays" time="0"/>
  <testcase name="testIsLessThan1297" classname="org.joda.time.TestDays" time="0.001"/>
  <testcase name="testConstants1300" classname="org.joda.time.TestDays" time="0"/>
  <testcase name="testMultipliedBy_int526" classname="org.joda.time.TestDays" time="0"/>
  <testcase name="testGetMethods611" classname="org.joda.time.TestDays" time="0"/>
  <testcase name="testFactory_hoursBetween_RInstant1124" classname="org.joda.time.TestHours" time="0.001"/>
  <testcase name="testToStandardDuration1452" classname="org.joda.time.TestHours" time="0.001"/>
  <testcase name="testGetMethods1516" classname="org.joda.time.TestHours" time="0"/>
  <testcase name="testGetFieldType1069" classname="org.joda.time.TestHours" time="0"/>
  <testcase name="testToStandardDays1044" classname="org.joda.time.TestHours" time="0.001"/>
  <testcase name="testToStandardWeeks850" classname="org.joda.time.TestHours" time="0"/>
  <testcase name="testMultipliedBy_int857" classname="org.joda.time.TestHours" time="0.001"/>
  <testcase name="testIsGreaterThan842" classname="org.joda.time.TestHours" time="0"/>
  <testcase name="testIsLessThan813" classname="org.joda.time.TestHours" time="0"/>
  <testcase name="testToStandardMinutes597" classname="org.joda.time.TestHours" time="0.001"/>
  <testcase name="testMinus_Hours1207" classname="org.joda.time.TestHours" time="0"/>
  <testcase name="testDividedBy_int1250" classname="org.joda.time.TestHours" time="0"/>
  <testcase name="testToStandardSeconds474" classname="org.joda.time.TestHours" time="0.001"/>
  <testcase name="testSerialization566" classname="org.joda.time.TestHours" time="0.003"/>
  <testcase name="testPlus_int677" classname="org.joda.time.TestHours" time="0"/>
  <testcase name="testToString575" classname="org.joda.time.TestHours" time="0"/>
  <testcase name="testFactory_standardHoursIn_RPeriod616" classname="org.joda.time.TestHours" time="0"/>
  <testcase name="testFactory_hoursIn_RInterval1439" classname="org.joda.time.TestHours" time="0"/>
  <testcase name="testMinus_int751" classname="org.joda.time.TestHours" time="0"/>
  <testcase name="testNegated1586" classname="org.joda.time.TestHours" time="0"/>
  <testcase name="testFactory_hours_int260" classname="org.joda.time.TestHours" time="0.001"/>
  <testcase name="testFactory_parseHours_String1681" classname="org.joda.time.TestHours" time="0.001"/>
  <testcase name="testPlus_Hours166" classname="org.joda.time.TestHours" time="0"/>
  <testcase name="testFactory_minutesBetween_RInstant454" classname="org.joda.time.TestMinutes" time="0.002"/>
  <testcase name="testFactory_standardMinutesIn_RPeriod1291" classname="org.joda.time.TestMinutes" time="0"/>
  <testcase name="testFactory_minutes_int1356" classname="org.joda.time.TestMinutes" time="0"/>
  <testcase name="testToStandardHours1431" classname="org.joda.time.TestMinutes" time="0.001"/>
  <testcase name="testToStandardWeeks1432" classname="org.joda.time.TestMinutes" time="0"/>
  <testcase name="testToStandardSeconds1456" classname="org.joda.time.TestMinutes" time="0.001"/>
  <testcase name="testPlus_Minutes522" classname="org.joda.time.TestMinutes" time="0"/>
  <testcase name="testNegated1717" classname="org.joda.time.TestMinutes" time="0.001"/>
  <testcase name="testMinus_int822" classname="org.joda.time.TestMinutes" time="0"/>
  <testcase name="testFactory_minutesIn_RInterval403" classname="org.joda.time.TestMinutes" time="0.001"/>
  <testcase name="testFactory_minutesBetween_RPartial625" classname="org.joda.time.TestMinutes" time="0"/>
  <testcase name="testGetPeriodType178" classname="org.joda.time.TestMinutes" time="0.001"/>
  <testcase name="testDividedBy_int411" classname="org.joda.time.TestMinutes" time="0"/>
  <testcase name="testIsGreaterThan1248" classname="org.joda.time.TestMinutes" time="0"/>
  <testcase name="testIsLessThan1172" classname="org.joda.time.TestMinutes" time="0.001"/>
  <testcase name="testSerialization1227" classname="org.joda.time.TestMinutes" time="0.001"/>
  <testcase name="testToStandardDays1155" classname="org.joda.time.TestMinutes" time="0"/>
  <testcase name="testFactory_parseMinutes_String1001" classname="org.joda.time.TestMinutes" time="0.001"/>
  <testcase name="testMinus_Minutes1114" classname="org.joda.time.TestMinutes" time="0"/>
  <testcase name="testToStandardDuration820" classname="org.joda.time.TestMinutes" time="0.001"/>
  <testcase name="testMultipliedBy_int688" classname="org.joda.time.TestMinutes" time="0"/>
  <testcase name="testFactory_secondsBetween_RPartial437" classname="org.joda.time.TestSeconds" time="0.001"/>
  <testcase name="testMinus_Seconds1164" classname="org.joda.time.TestSeconds" time="0"/>
  <testcase name="testToStandardDays1053" classname="org.joda.time.TestSeconds" time="0.001"/>
  <testcase name="testToStandardWeeks1097" classname="org.joda.time.TestSeconds" time="0"/>
  <testcase name="testFactory_standardSecondsIn_RPeriod956" classname="org.joda.time.TestSeconds" time="0.001"/>
  <testcase name="testPlus_Seconds776" classname="org.joda.time.TestSeconds" time="0"/>
  <testcase name="testIsGreaterThan651" classname="org.joda.time.TestSeconds" time="0.001"/>
  <testcase name="testIsLessThan684" classname="org.joda.time.TestSeconds" time="0"/>
  <testcase name="testAddToLocalDate1686" classname="org.joda.time.TestSeconds" time="0.001"/>
  <testcase name="testSerialization173" classname="org.joda.time.TestSeconds" time="0.001"/>
  <testcase name="testToStandardHours1255" classname="org.joda.time.TestSeconds" time="0"/>
  <testcase name="testFactory_seconds_int1287" classname="org.joda.time.TestSeconds" time="0.001"/>
  <testcase name="testMinus_int1293" classname="org.joda.time.TestSeconds" time="0"/>
  <testcase name="testFactory_secondsBetween_RInstant1407" classname="org.joda.time.TestSeconds" time="0.001"/>
  <testcase name="testMultipliedBy_int1618" classname="org.joda.time.TestSeconds" time="0"/>
  <testcase name="testToStandardDuration417" classname="org.joda.time.TestSeconds" time="0.001"/>
  <testcase name="testDividedBy_int483" classname="org.joda.time.TestSeconds" time="0"/>
  <testcase name="testNegated1615" classname="org.joda.time.TestSeconds" time="0"/>
  <testcase name="testPlus_int430" classname="org.joda.time.TestSeconds" time="0"/>
  <testcase name="testFactory_parseSeconds_String211" classname="org.joda.time.TestSeconds" time="0.001"/>
  <testcase name="testFactory_secondsIn_RInterval865" classname="org.joda.time.TestSeconds" time="0.001"/>
  <testcase name="testToStandardMinutes370" classname="org.joda.time.TestSeconds" time="0"/>
  <testcase name="testToString907" classname="org.joda.time.TestTimeOfDay_Basics" time="0.001"/>
  <testcase name="testWithChronologyRetainFields_sameChrono1662" classname="org.joda.time.TestTimeOfDay_Basics" time="0"/>
  <testcase name="testWithChronologyRetainFields_Chrono542" classname="org.joda.time.TestTimeOfDay_Basics" time="0.001"/>
  <testcase name="testGetField900" classname="org.joda.time.TestTimeOfDay_Basics" time="0"/>
  <testcase name="testPlusSeconds_int1438" classname="org.joda.time.TestTimeOfDay_Basics" time="0.001"/>
  <testcase name="testToLocalTime1500" classname="org.joda.time.TestTimeOfDay_Basics" time="0"/>
  <testcase name="testGetFieldTypes1674" classname="org.joda.time.TestTimeOfDay_Basics" time="0"/>
  <testcase name="testWithers121" classname="org.joda.time.TestTimeOfDay_Basics" time="0.001"/>
  <testcase name="testToDateTimeToday_Zone463" classname="org.joda.time.TestTimeOfDay_Basics" time="0"/>
  <testcase name="testMinus_RP312" classname="org.joda.time.TestTimeOfDay_Basics" time="0.001"/>
  <testcase name="testToDateTime_RI146" classname="org.joda.time.TestTimeOfDay_Basics" time="0"/>
  <testcase name="testPlus_RP948" classname="org.joda.time.TestTimeOfDay_Basics" time="0.001"/>
  <testcase name="testMinusSeconds_int922" classname="org.joda.time.TestTimeOfDay_Basics" time="0"/>
  <testcase name="testMinusMillis_int848" classname="org.joda.time.TestTimeOfDay_Basics" time="0.001"/>
  <testcase name="testPlusMillis_int643" classname="org.joda.time.TestTimeOfDay_Basics" time="0"/>
  <testcase name="testMinusMinutes_int839" classname="org.joda.time.TestTimeOfDay_Basics" time="0"/>
  <testcase name="testWithField4496" classname="org.joda.time.TestTimeOfDay_Basics" time="0.001"/>
  <testcase name="testProperty1034" classname="org.joda.time.TestTimeOfDay_Basics" time="0.001"/>
  <testcase name="testWithField11177" classname="org.joda.time.TestTimeOfDay_Basics" time="0"/>
  <testcase name="testToString_String1306" classname="org.joda.time.TestTimeOfDay_Basics" time="0"/>
  <testcase name="testWithField31310" classname="org.joda.time.TestTimeOfDay_Basics" time="0.001"/>
  <testcase name="testToDateTimeToday1436" classname="org.joda.time.TestTimeOfDay_Basics" time="0"/>
  <testcase name="testWithFieldAdded31098" classname="org.joda.time.TestTimeOfDay_Basics" time="0"/>
  <testcase name="testConstructor_ObjectString215" classname="org.joda.time.TestTimeOfDay_Constructors" time="0.001"/>
  <testcase name="testFactoryMillisOfDay_long139" classname="org.joda.time.TestTimeOfDay_Constructors" time="0"/>
  <testcase name="testFactory_FromDateFields_after1970603" classname="org.joda.time.TestTimeOfDay_Constructors" time="0.001"/>
  <testcase name="testConstructor_Object_nullChronology1330" classname="org.joda.time.TestTimeOfDay_Constructors" time="0"/>
  <testcase name="testConstructor_int_int1378" classname="org.joda.time.TestTimeOfDay_Constructors" time="0.001"/>
  <testcase name="testFactory_FromDateFields_null1394" classname="org.joda.time.TestTimeOfDay_Constructors" time="0"/>
  <testcase name="testConstructor_DateTimeZone1420" classname="org.joda.time.TestTimeOfDay_Constructors" time="0.001"/>
  <testcase name="testConstructor1462" classname="org.joda.time.TestTimeOfDay_Constructors" time="0"/>
  <testcase name="testConstructor_long2_Chronology614" classname="org.joda.time.TestTimeOfDay_Constructors" time="0.001"/>
  <testcase name="testConstructor_int_int_int626" classname="org.joda.time.TestTimeOfDay_Constructors" time="0"/>
  <testcase name="testConstructor2_Object_Chronology630" classname="org.joda.time.TestTimeOfDay_Constructors" time="0.002"/>
  <testcase name="testConstructor_ObjectString1897" classname="org.joda.time.TestTimeOfDay_Constructors" time="0"/>
  <testcase name="testFactory_FromCalendarFields1019" classname="org.joda.time.TestTimeOfDay_Constructors" time="0.001"/>
  <testcase name="testConstructor_int_int_int_nullChronology1032" classname="org.joda.time.TestTimeOfDay_Constructors" time="0"/>
  <testcase name="testPropertyWithMaximumValueHour204" classname="org.joda.time.TestTimeOfDay_Properties" time="0"/>
  <testcase name="testPropertySetMinute83" classname="org.joda.time.TestTimeOfDay_Properties" time="0.001"/>
  <testcase name="testPropertyWithMinimumValueHour831" classname="org.joda.time.TestTimeOfDay_Properties" time="0"/>
  <testcase name="testPropertyAddWrapFieldHour1389" classname="org.joda.time.TestTimeOfDay_Properties" time="0.001"/>
  <testcase name="testPropertyCompareToSecond1612" classname="org.joda.time.TestTimeOfDay_Properties" time="0"/>
  <testcase name="testPropertySetTextHour887" classname="org.joda.time.TestTimeOfDay_Properties" time="0.001"/>
  <testcase name="testPropertyGetMinute435" classname="org.joda.time.TestTimeOfDay_Properties" time="0"/>
  <testcase name="testPropertySetMilli1183" classname="org.joda.time.TestTimeOfDay_Properties" time="0"/>
  <testcase name="testPropertyGetMaxMinValuesSecond1209" classname="org.joda.time.TestTimeOfDay_Properties" time="0.001"/>
  <testcase name="testPropertyAddNoWrapMilli91" classname="org.joda.time.TestTimeOfDay_Properties" time="0.271"/>
  <testcase name="testPropertyAddHour127" classname="org.joda.time.TestTimeOfDay_Properties" time="0.001"/>
  <testcase name="testWithField41524" classname="org.joda.time.TestYearMonthDay_Basics" time="0.001"/>
  <testcase name="testToDateTimeAtMidnight1553" classname="org.joda.time.TestYearMonthDay_Basics" time="0"/>
  <testcase name="testIsBefore_YMD1598" classname="org.joda.time.TestYearMonthDay_Basics" time="0.001"/>
  <testcase name="testMinusDays_int1624" classname="org.joda.time.TestYearMonthDay_Basics" time="0"/>
  <testcase name="testGet718" classname="org.joda.time.TestYearMonthDay_Basics" time="0.001"/>
  <testcase name="testGetField665" classname="org.joda.time.TestYearMonthDay_Basics" time="0"/>
  <testcase name="testPlus_RP484" classname="org.joda.time.TestYearMonthDay_Basics" time="0.001"/>
  <testcase name="testToInterval259" classname="org.joda.time.TestYearMonthDay_Basics" time="0"/>
  <testcase name="testWithChronologyRetainFields_sameChrono755" classname="org.joda.time.TestYearMonthDay_Basics" time="0.001"/>
  <testcase name="testToDateTimeAtMidnight_nullZone747" classname="org.joda.time.TestYearMonthDay_Basics" time="0"/>
  <testcase name="testWithChronologyRetainFields_nullChrono709" classname="org.joda.time.TestYearMonthDay_Basics" time="0.001"/>
  <testcase name="testEqualsHashCode415" classname="org.joda.time.TestYearMonthDay_Basics" time="0.001"/>
  <testcase name="testPlusDays_int600" classname="org.joda.time.TestYearMonthDay_Basics" time="0"/>
  <testcase name="testToString_String_Locale663" classname="org.joda.time.TestYearMonthDay_Basics" time="0.001"/>
  <testcase name="testWithField3702" classname="org.joda.time.TestYearMonthDay_Basics" time="0.001"/>
  <testcase name="testProperty1587" classname="org.joda.time.TestYearMonthDay_Basics" time="0.001"/>
  <testcase name="testToString1294" classname="org.joda.time.TestYearMonthDay_Basics" time="0"/>
  <testcase name="testWithers892" classname="org.joda.time.TestYearMonthDay_Basics" time="0.001"/>
  <testcase name="testToDateMidnight971" classname="org.joda.time.TestYearMonthDay_Basics" time="0"/>
  <testcase name="testPlusYears_int997" classname="org.joda.time.TestYearMonthDay_Basics" time="0.001"/>
  <testcase name="testGetFieldTypes1022" classname="org.joda.time.TestYearMonthDay_Basics" time="0"/>
  <testcase name="testWithField11058" classname="org.joda.time.TestYearMonthDay_Basics" time="0.001"/>
  <testcase name="testToDateTime_TOD_nullZone1466" classname="org.joda.time.TestYearMonthDay_Basics" time="0.001"/>
  <testcase name="testToDateTimeAtCurrentTime1467" classname="org.joda.time.TestYearMonthDay_Basics" time="0"/>
  <testcase name="testMinusMonths_int1483" classname="org.joda.time.TestYearMonthDay_Basics" time="0.001"/>
  <testcase name="testToLocalDate1497" classname="org.joda.time.TestYearMonthDay_Basics" time="0"/>
  <testcase name="testCompareTo1498" classname="org.joda.time.TestYearMonthDay_Basics" time="0"/>
  <testcase name="testMinusYears_int279" classname="org.joda.time.TestYearMonthDay_Basics" time="0.001"/>
  <testcase name="testPlusMonths_int413" classname="org.joda.time.TestYearMonthDay_Basics" time="0"/>
  <testcase name="testConstructor_DateTimeZone852" classname="org.joda.time.TestYearMonthDay_Constructors" time="0.001"/>
  <testcase name="testFactory_FromCalendarFields63" classname="org.joda.time.TestYearMonthDay_Constructors" time="0.001"/>
  <testcase name="testConstructor_Object_Chronology398" classname="org.joda.time.TestYearMonthDay_Constructors" time="0"/>
  <testcase name="testConstructor_ObjectStringEx2106" classname="org.joda.time.TestYearMonthDay_Constructors" time="0.001"/>
  <testcase name="testConstructor_ObjectString31457" classname="org.joda.time.TestYearMonthDay_Constructors" time="0"/>
  <testcase name="testFactory_FromDateFields774" classname="org.joda.time.TestYearMonthDay_Constructors" time="0.001"/>
  <testcase name="testPropertyEqualsHashCodeStrict313" classname="org.joda.time.TestYearMonthDay_Properties" time="0.001"/>
  <testcase name="testPropertyAddMonth28" classname="org.joda.time.TestYearMonthDay_Properties" time="0.001"/>
  <testcase name="testPropertyAddWrapFieldYear206" classname="org.joda.time.TestYearMonthDay_Properties" time="0"/>
  <testcase name="testPropertyCompareToYear272" classname="org.joda.time.TestYearMonthDay_Properties" time="0.001"/>
  <testcase name="testPropertyWithMaximumValueDayOfMonth432" classname="org.joda.time.TestYearMonthDay_Properties" time="0"/>
  <testcase name="testPropertyAddYear1239" classname="org.joda.time.TestYearMonthDay_Properties" time="0.001"/>
  <testcase name="testPropertySetTextDay346" classname="org.joda.time.TestYearMonthDay_Properties" time="0"/>
  <testcase name="testPropertySetMonth576" classname="org.joda.time.TestYearMonthDay_Properties" time="0.001"/>
  <testcase name="testPropertyGetMonth841" classname="org.joda.time.TestYearMonthDay_Properties" time="0"/>
  <testcase name="testProperty1496" classname="org.joda.time.TestYearMonth_Basics" time="0.001"/>
  <testcase name="testMinus_RP254" classname="org.joda.time.TestYearMonth_Basics" time="0.001"/>
  <testcase name="testWithers767" classname="org.joda.time.TestYearMonth_Basics" time="0.001"/>
  <testcase name="testPlus_RP1649" classname="org.joda.time.TestYearMonth_Basics" time="0"/>
  <testcase name="testToString783" classname="org.joda.time.TestYearMonth_Basics" time="0.001"/>
  <testcase name="testGetField1576" classname="org.joda.time.TestYearMonth_Basics" time="0"/>
  <testcase name="testWithChronologyRetainFields_sameChrono487" classname="org.joda.time.TestYearMonth_Basics" time="0"/>
  <testcase name="testWithChronologyRetainFields_invalidInNewChrono488" classname="org.joda.time.TestYearMonth_Basics" time="0.001"/>
  <testcase name="testCompareTo1017" classname="org.joda.time.TestYearMonth_Basics" time="0.001"/>
  <testcase name="testToString_String1147" classname="org.joda.time.TestYearMonth_Basics" time="0"/>
  <testcase name="testMinusYears_int1157" classname="org.joda.time.TestYearMonth_Basics" time="0.001"/>
  <testcase name="testGetFieldTypes1178" classname="org.joda.time.TestYearMonth_Basics" time="0"/>
  <testcase name="testWithField1453" classname="org.joda.time.TestYearMonth_Basics" time="0.001"/>
  <testcase name="testWithChronologyRetainFields_nullChrono1766" classname="org.joda.time.TestYearMonth_Basics" time="0"/>
  <testcase name="testToInterval174" classname="org.joda.time.TestYearMonth_Basics" time="0.001"/>
  <testcase name="testMinusMonths_int180" classname="org.joda.time.TestYearMonth_Basics" time="0"/>
  <testcase name="testPlusYears_int212" classname="org.joda.time.TestYearMonth_Basics" time="0.001"/>
  <testcase name="testWithField_same877" classname="org.joda.time.TestYearMonth_Basics" time="0"/>
  <testcase name="testSerialization310" classname="org.joda.time.TestYearMonth_Basics" time="0.014"/>
  <testcase name="testToString_String_Locale444" classname="org.joda.time.TestYearMonth_Basics" time="0.001"/>
  <testcase name="testIsAfter_YM763" classname="org.joda.time.TestYearMonth_Basics" time="0"/>
  <testcase name="testFactory_FromDateFields137" classname="org.joda.time.TestYearMonth_Constructors" time="0.001"/>
  <testcase name="testParse_formatter214" classname="org.joda.time.TestYearMonth_Constructors" time="0.001"/>
  <testcase name="testConstructor_nullChronology815" classname="org.joda.time.TestYearMonth_Constructors" time="0.001"/>
  <testcase name="testConstructor_Object_nullChronology990" classname="org.joda.time.TestYearMonth_Constructors" time="0"/>
  <testcase name="testFactory_FromCalendarFields1116" classname="org.joda.time.TestYearMonth_Constructors" time="0.001"/>
  <testcase name="testConstructor_long1_Chronology1303" classname="org.joda.time.TestYearMonth_Constructors" time="0"/>
  <testcase name="testConstructor_DateTimeZone1359" classname="org.joda.time.TestYearMonth_Constructors" time="0.001"/>
  <testcase name="testConstructor_Chronology772" classname="org.joda.time.TestYearMonth_Constructors" time="0"/>
  <testcase name="testConstructor885" classname="org.joda.time.TestYearMonth_Constructors" time="0.001"/>
  <testcase name="testParse_noFormatter964" classname="org.joda.time.TestYearMonth_Constructors" time="0.001"/>
  <testcase name="testConstructor_Object624" classname="org.joda.time.TestYearMonth_Constructors" time="0"/>
  <testcase name="testConstructor_int_int_Chronology1463" classname="org.joda.time.TestYearMonth_Constructors" time="0.002"/>
  <testcase name="testPropertyCompareToMonth23" classname="org.joda.time.TestYearMonth_Properties" time="0"/>
  <testcase name="testPropertyGetYear1657" classname="org.joda.time.TestYearMonth_Properties" time="0"/>
  <testcase name="testPropertyEquals1111" classname="org.joda.time.TestYearMonth_Properties" time="0"/>
  <testcase name="testPropertySetTextYear340" classname="org.joda.time.TestYearMonth_Properties" time="0.001"/>
  <testcase name="testPropertyAddWrapFieldMonth1296" classname="org.joda.time.TestYearMonth_Properties" time="0.001"/>
  <testcase name="testPropertySetMonth167" classname="org.joda.time.TestYearMonth_Properties" time="0.001"/>
  <testcase name="testPropertyAddMonth262" classname="org.joda.time.TestYearMonth_Properties" time="0"/>
  <testcase name="testPropertyEqualsHashCodeLenient1065" classname="org.joda.time.TestYearMonth_Properties" time="0.001"/>
  <testcase name="testMinus_RP155" classname="org.joda.time.TestMonthDay_Basics" time="0.004"/>
  <testcase name="testGetFieldTypes467" classname="org.joda.time.TestMonthDay_Basics" time="0"/>
  <testcase name="testToString_String_Locale468" classname="org.joda.time.TestMonthDay_Basics" time="0.001"/>
  <testcase name="testPlusMonths_int_wrap549" classname="org.joda.time.TestMonthDay_Basics" time="0.001"/>
  <testcase name="testPlusDays_int585" classname="org.joda.time.TestMonthDay_Basics" time="0"/>
  <testcase name="testToString_String634" classname="org.joda.time.TestMonthDay_Basics" time="0.001"/>
  <testcase name="testSerialization868" classname="org.joda.time.TestMonthDay_Basics" time="0.003"/>
  <testcase name="testWithField_same1292" classname="org.joda.time.TestMonthDay_Basics" time="0.001"/>
  <testcase name="testWithFieldAdded_unknownField516" classname="org.joda.time.TestMonthDay_Basics" time="0"/>
  <testcase name="testPlus_RP1135" classname="org.joda.time.TestMonthDay_Basics" time="0.001"/>
  <testcase name="testMinusDays_int_negativeFromLeap481" classname="org.joda.time.TestMonthDay_Basics" time="0"/>
  <testcase name="testEqualsHashCode162" classname="org.joda.time.TestMonthDay_Basics" time="0.001"/>
  <testcase name="testGetField1060" classname="org.joda.time.TestMonthDay_Basics" time="0.001"/>
  <testcase name="testWithers170" classname="org.joda.time.TestMonthDay_Basics" time="0.001"/>
  <testcase name="testWithField994" classname="org.joda.time.TestMonthDay_Basics" time="0"/>
  <testcase name="testSize1629" classname="org.joda.time.TestMonthDay_Basics" time="0.001"/>
  <testcase name="testProperty653" classname="org.joda.time.TestMonthDay_Basics" time="0.001"/>
  <testcase name="testWithChronologyRetainFields_sameChrono1195" classname="org.joda.time.TestMonthDay_Basics" time="0"/>
  <testcase name="testPlusDays_same378" classname="org.joda.time.TestMonthDay_Basics" time="0.034"/>
  <testcase name="testToLocalDate1433" classname="org.joda.time.TestMonthDay_Basics" time="0"/>
  <testcase name="testMinusMonths_int1510" classname="org.joda.time.TestMonthDay_Basics" time="0"/>
  <testcase name="testIsSupported1592" classname="org.joda.time.TestMonthDay_Basics" time="0"/>
  <testcase name="testConstructor_Object_Chronology1630" classname="org.joda.time.TestMonthDay_Constructors" time="0"/>
  <testcase name="testConstructor933" classname="org.joda.time.TestMonthDay_Constructors" time="0"/>
  <testcase name="testFactory_FromCalendarFields8" classname="org.joda.time.TestMonthDay_Constructors" time="0"/>
  <testcase name="testConstructor_Object114" classname="org.joda.time.TestMonthDay_Constructors" time="0"/>
  <testcase name="testConstructor_DateTimeZone1461" classname="org.joda.time.TestMonthDay_Constructors" time="0"/>
  <testcase name="testConstructor_int_int_nullChronology1503" classname="org.joda.time.TestMonthDay_Constructors" time="0"/>
  <testcase name="testConstructor_Chronology1627" classname="org.joda.time.TestMonthDay_Constructors" time="0"/>
  <testcase name="testConstructor_long_nullChronology1218" classname="org.joda.time.TestMonthDay_Constructors" time="0"/>
  <testcase name="testFactory_FromDateFields1230" classname="org.joda.time.TestMonthDay_Constructors" time="0"/>
  <testcase name="testPropertyGetDayOfMonth62" classname="org.joda.time.TestMonthDay_Properties" time="0"/>
  <testcase name="testPropertyAddDayOfMonth675" classname="org.joda.time.TestMonthDay_Properties" time="0"/>
  <testcase name="testPropertyAddWrapFieldMonthOfYear904" classname="org.joda.time.TestMonthDay_Properties" time="0.001"/>
  <testcase name="testPropertySetTextDayOfMonth1331" classname="org.joda.time.TestMonthDay_Properties" time="0"/>
  <testcase name="testPropertyAddWrapFieldDayOfMonth1445" classname="org.joda.time.TestMonthDay_Properties" time="0.001"/>
  <testcase name="testPropertyAddMonthOfYear473" classname="org.joda.time.TestMonthDay_Properties" time="0"/>
  <testcase name="testPropertySetMonthOfYear498" classname="org.joda.time.TestMonthDay_Properties" time="0.001"/>
  <testcase name="testPropertyCompareToMonthOfYear345" classname="org.joda.time.TestMonthDay_Properties" time="0.001"/>
  <testcase name="testWith3f327" classname="org.joda.time.TestPartial_Basics" time="0"/>
  <testcase name="testWith4377" classname="org.joda.time.TestPartial_Basics" time="0"/>
  <testcase name="testWith160" classname="org.joda.time.TestPartial_Basics" time="0.001"/>
  <testcase name="testPlus_RP1193" classname="org.joda.time.TestPartial_Basics" time="0.001"/>
  <testcase name="testMinus_RP215" classname="org.joda.time.TestPartial_Basics" time="0.001"/>
  <testcase name="testGetFormatter181" classname="org.joda.time.TestPartial_Basics" time="0.001"/>
  <testcase name="testWith_argHasNoRange627" classname="org.joda.time.TestPartial_Basics" time="0.001"/>
  <testcase name="testWithFieldAdded4795" classname="org.joda.time.TestPartial_Basics" time="0"/>
  <testcase name="testWithFieldAddWrapped5814" classname="org.joda.time.TestPartial_Basics" time="0.001"/>
  <testcase name="testWithField2858" classname="org.joda.time.TestPartial_Basics" time="0.001"/>
  <testcase name="testWithFieldAdded11070" classname="org.joda.time.TestPartial_Basics" time="0.001"/>
  <testcase name="testCompareTo1257" classname="org.joda.time.TestPartial_Basics" time="0.001"/>
  <testcase name="testWithFieldAddWrapped41280" classname="org.joda.time.TestPartial_Basics" time="0"/>
  <testcase name="testWithField11309" classname="org.joda.time.TestPartial_Basics" time="0.001"/>
  <testcase name="testWithChronologyRetainFields_Chrono1307" classname="org.joda.time.TestPartial_Basics" time="0.001"/>
  <testcase name="testWithFieldAddWrapped8251" classname="org.joda.time.TestPartial_Basics" time="0.001"/>
  <testcase name="testGetFieldTypes182" classname="org.joda.time.TestPartial_Basics" time="0"/>
  <testcase name="testToString5670" classname="org.joda.time.TestPartial_Basics" time="0.001"/>
  <testcase name="testToString_String292" classname="org.joda.time.TestPartial_Basics" time="0.001"/>
  <testcase name="testSerialization324" classname="org.joda.time.TestPartial_Basics" time="0.003"/>
  <testcase name="testGetFormatter3440" classname="org.joda.time.TestPartial_Basics" time="0.001"/>
  <testcase name="testWithChronologyRetainFields_sameChrono1073" classname="org.joda.time.TestPartial_Basics" time="0"/>
  <testcase name="testWith21062" classname="org.joda.time.TestPartial_Basics" time="0.001"/>
  <testcase name="testToString258" classname="org.joda.time.TestPartial_Basics" time="0"/>
  <testcase name="testToString41381" classname="org.joda.time.TestPartial_Basics" time="0.001"/>
  <testcase name="testWithField41406" classname="org.joda.time.TestPartial_Basics" time="0.001"/>
  <testcase name="testToString_String_Locale1522" classname="org.joda.time.TestPartial_Basics" time="0"/>
  <testcase name="testWithout21354" classname="org.joda.time.TestPartial_Basics" time="0.001"/>
  <testcase name="testConstructorEx7_TypeArray_intArray835" classname="org.joda.time.TestPartial_Constructors" time="0.001"/>
  <testcase name="testConstructorEx_Partial889" classname="org.joda.time.TestPartial_Constructors" time="0"/>
  <testcase name="testConstructor_Partial35" classname="org.joda.time.TestPartial_Constructors" time="0.001"/>
  <testcase name="testConstructor2_TypeArray_intArray143" classname="org.joda.time.TestPartial_Constructors" time="0"/>
  <testcase name="testConstructorEx8_TypeArray_intArray503" classname="org.joda.time.TestPartial_Constructors" time="0"/>
  <testcase name="testConstructor_Type_int525" classname="org.joda.time.TestPartial_Constructors" time="0.001"/>
  <testcase name="testConstructor_Chrono734" classname="org.joda.time.TestPartial_Constructors" time="0"/>
  <testcase name="testConstructorEx1_TypeArray_intArray1724" classname="org.joda.time.TestPartial_Constructors" time="0.001"/>
  <testcase name="testConstructorEx3_TypeArray_intArray1702" classname="org.joda.time.TestPartial_Constructors" time="0"/>
  <testcase name="testConstructorEx_Type_int_Chrono1712" classname="org.joda.time.TestPartial_Constructors" time="0"/>
  <testcase name="testConstructor_TypeArray_intArray_Chrono890" classname="org.joda.time.TestPartial_Constructors" time="0.001"/>
  <testcase name="testConstructorEx5_TypeArray_intArray947" classname="org.joda.time.TestPartial_Constructors" time="0"/>
  <testcase name="testConstructorEx6_TypeArray_intArray1421" classname="org.joda.time.TestPartial_Constructors" time="0.001"/>
  <testcase name="testPropertySetTextMinute1242" classname="org.joda.time.TestPartial_Properties" time="0.001"/>
  <testcase name="testPropertyWithMinimumValueHour43" classname="org.joda.time.TestPartial_Properties" time="0"/>
  <testcase name="testPropertyAddMinute913" classname="org.joda.time.TestPartial_Properties" time="0.002"/>
  <testcase name="testPropertyAddWrapFieldHour1036" classname="org.joda.time.TestPartial_Properties" time="0"/>
  <testcase name="testPropertyGetMinute1102" classname="org.joda.time.TestPartial_Properties" time="0"/>
  <testcase name="testPropertyWithMaximumValueHour1152" classname="org.joda.time.TestPartial_Properties" time="0"/>
  <testcase name="testIsMatch_Instant683" classname="org.joda.time.TestPartial_Match" time="0.001"/>
  <testcase name="testGetFieldTypes405" classname="org.joda.time.TestAbstractPartial" time="0"/>
  <testcase name="testGetPropertyEquals1089" classname="org.joda.time.TestAbstractPartial" time="0.002"/>
  <testcase name="testGetFieldType1161" classname="org.joda.time.TestAbstractPartial" time="0.001"/>
  <testcase name="testGetValues225" classname="org.joda.time.TestAbstractPartial" time="0"/>
  <testcase name="testSetMethods293" classname="org.joda.time.TestBasePartial" time="0.001"/>
  <testcase name="testBasicComps3979" classname="org.joda.time.TestDateTimeComparator" time="0.003"/>
  <testcase name="testSerialization21093" classname="org.joda.time.TestDateTimeComparator" time="0.001"/>
  <testcase name="testStaticGetInstanceLower1168" classname="org.joda.time.TestDateTimeComparator" time="0"/>
  <testcase name="testListYOYY1351" classname="org.joda.time.TestDateTimeComparator" time="0.002"/>
  <testcase name="testListWOW1737" classname="org.joda.time.TestDateTimeComparator" time="0.002"/>
  <testcase name="testMinute714" classname="org.joda.time.TestDateTimeComparator" time="0.001"/>
  <testcase name="testMonth1341" classname="org.joda.time.TestDateTimeComparator" time="0.002"/>
  <testcase name="testStaticGetDateOnlyInstance507" classname="org.joda.time.TestDateTimeComparator" time="0"/>
  <testcase name="testStaticGetInstance596" classname="org.joda.time.TestDateTimeComparator" time="0"/>
  <testcase name="testEqualsHashCode785" classname="org.joda.time.TestDateTimeComparator" time="0.001"/>
  <testcase name="testStaticGetTimeOnlyInstance1755" classname="org.joda.time.TestDateTimeComparator" time="0"/>
  <testcase name="testConstructor1418" classname="org.joda.time.TestDateTimeConstants" time="0.002"/>
  <testcase name="testGetIntervalChronology_RI_RI1009" classname="org.joda.time.TestDateTimeUtils" time="0.002"/>
  <testcase name="testGetInstantChronology_RI108" classname="org.joda.time.TestDateTimeUtils" time="0.001"/>
  <testcase name="test_julianDay1159" classname="org.joda.time.TestDateTimeUtils" time="0.001"/>
  <testcase name="testGetDurationMillis_RI1251" classname="org.joda.time.TestDateTimeUtils" time="0"/>
  <testcase name="testGetPeriodType_PeriodType1410" classname="org.joda.time.TestDateTimeUtils" time="0.001"/>
  <testcase name="testGetZone_Zone1759" classname="org.joda.time.TestDateTimeUtils" time="0"/>
  <testcase name="testIsContiguous_RP_GJChronology682" classname="org.joda.time.TestDateTimeUtils" time="0.002"/>
  <testcase name="testClass961" classname="org.joda.time.TestDateTimeUtils" time="0"/>
  <testcase name="testMillisProvider89" classname="org.joda.time.TestDateTimeUtils" time="0.001"/>
  <testcase name="testGetInstantMillis_RI152" classname="org.joda.time.TestDateTimeUtils" time="0.001"/>
  <testcase name="testIsContiguous_RP459" classname="org.joda.time.TestDateTimeUtils" time="0"/>
  <testcase name="testMillisProvider_null508" classname="org.joda.time.TestDateTimeUtils" time="0.001"/>
  <testcase name="testGetReadableInterval_ReadableInterval376" classname="org.joda.time.TestDateTimeUtils" time="0"/>
  <testcase name="testGetIntervalChronology_RInterval593" classname="org.joda.time.TestDateTimeUtils" time="0.001"/>
  <testcase name="testProvider399" classname="org.joda.time.TestDateTimeZone" time="0.009"/>
  <testcase name="testForID_String_old11" classname="org.joda.time.TestDateTimeZone" time="0.009"/>
  <testcase name="testNameProvider_badClassName252" classname="org.joda.time.TestDateTimeZone" time="0.004"/>
  <testcase name="testGetNameNullKey284" classname="org.joda.time.TestDateTimeZone" time="0.001"/>
  <testcase name="testForID_String289" classname="org.joda.time.TestDateTimeZone" time="0.001"/>
  <testcase name="testToTimeZone317" classname="org.joda.time.TestDateTimeZone" time="0.001"/>
  <testcase name="testIsFixed555" classname="org.joda.time.TestDateTimeZone" time="0.001"/>
  <testcase name="testIsLocalDateTimeGap_Berlin159" classname="org.joda.time.TestDateTimeZone" time="0.002"/>
  <testcase name="testNameProvider186" classname="org.joda.time.TestDateTimeZone" time="0.001"/>
  <testcase name="testForOffsetHours_int229" classname="org.joda.time.TestDateTimeZone" time="0.001"/>
  <testcase name="testForTimeZone_TimeZone238" classname="org.joda.time.TestDateTimeZone" time="0.001"/>
  <testcase name="testPatchedNameKeysLondon111" classname="org.joda.time.TestDateTimeZone" time="0.007"/>
  <testcase name="testPatchedNameKeysSydneyHistoric1059" classname="org.joda.time.TestDateTimeZone" time="0.002"/>
  <testcase name="testEqualsHashCode97" classname="org.joda.time.TestDateTimeZone" time="0"/>
  <testcase name="testProvider_badClassName359" classname="org.joda.time.TestDateTimeZone" time="0.002"/>
  <testcase name="testGetShortNameNullKey540" classname="org.joda.time.TestDateTimeZone" time="0.001"/>
  <testcase name="testGetShortNameProviderName588" classname="org.joda.time.TestDateTimeZone" time="0"/>
  <testcase name="testForOffsetHoursMinutes_int_int1628" classname="org.joda.time.TestDateTimeZone" time="0.001"/>
  <testcase name="testConstructor851" classname="org.joda.time.TestDateTimeZone" time="0.002"/>
  <testcase name="testGetMillisKeepLocal1006" classname="org.joda.time.TestDateTimeZone" time="0.001"/>
  <testcase name="testSerialization21104" classname="org.joda.time.TestDateTimeZone" time="0.005"/>
  <testcase name="testGetAvailableIDs1136" classname="org.joda.time.TestDateTimeZone" time="0"/>
  <testcase name="testGetOffset_RI1273" classname="org.joda.time.TestDateTimeZone" time="0.001"/>
  <testcase name="testDefault479" classname="org.joda.time.TestDateTimeZone" time="0"/>
  <testcase name="testWithMillisOfSecondInDstChange_NewYork_summer628" classname="org.joda.time.TestDateTimeZoneCutover" time="0.002"/>
  <testcase name="test_DateTime_roundCeiling_day_NewYork_Spring_postCutover674" classname="org.joda.time.TestDateTimeZoneCutover" time="0.001"/>
  <testcase name="testPeriod1718" classname="org.joda.time.TestDateTimeZoneCutover" time="0.001"/>
  <testcase name="test_DateTime_setHourAcross_NewYork_Spring1043" classname="org.joda.time.TestDateTimeZoneCutover" time="0.001"/>
  <testcase name="test_DateTime_parse_Gaza1140" classname="org.joda.time.TestDateTimeZoneCutover" time="0.001"/>
  <testcase name="test_LocalDate_toDateMidnight_Gaza1169" classname="org.joda.time.TestDateTimeZoneCutover" time="0.001"/>
  <testcase name="testPlusSecondsInDstChange583" classname="org.joda.time.TestDateTimeZoneCutover" time="0.001"/>
  <testcase name="testBug2182444_ausNSW446" classname="org.joda.time.TestDateTimeZoneCutover" time="0.001"/>
  <testcase name="testPlusMillisInDstChange533" classname="org.joda.time.TestDateTimeZoneCutover" time="0.001"/>
  <testcase name="test_DateTime_withDay_Turk420" classname="org.joda.time.TestDateTimeZoneCutover" time="0.001"/>
  <testcase name="test_DateTime_minusHour_NewYork_Autumn261" classname="org.joda.time.TestDateTimeZoneCutover" time="0.001"/>
  <testcase name="test_DateTime_JustAfterLastEverOverlap165" classname="org.joda.time.TestDateTimeZoneCutover" time="0.003"/>
  <testcase name="test_DateTime_parse_Turk832" classname="org.joda.time.TestDateTimeZoneCutover" time="0.001"/>
  <testcase name="test_DateTime_plusDayMidGap_Turk1003" classname="org.joda.time.TestDateTimeZoneCutover" time="0"/>
  <testcase name="test_DateTime_roundCeiling_hour_NewYork_Spring_preCutover1370" classname="org.joda.time.TestDateTimeZoneCutover" time="0.001"/>
  <testcase name="test_LocalDate_new_Turk1442" classname="org.joda.time.TestDateTimeZoneCutover" time="0"/>
  <testcase name="test_DateTime_setHourForward_NewYork_Spring1482" classname="org.joda.time.TestDateTimeZoneCutover" time="0.001"/>
  <testcase name="testBug2182444_usCentral95" classname="org.joda.time.TestDateTimeZoneCutover" time="0.001"/>
  <testcase name="testWithMinuteOfHourInDstChange_mockZone275" classname="org.joda.time.TestDateTimeZoneCutover" time="0.001"/>
  <testcase name="test_DateTime_setHourForward_Moscow_Spring911" classname="org.joda.time.TestDateTimeZoneCutover" time="0"/>
  <testcase name="testBug3192457_adjustOffset692" classname="org.joda.time.TestDateTimeZoneCutover" time="0.001"/>
  <testcase name="test_getOffsetFromLocal_Moscow_Autumn_overlap_mins1589" classname="org.joda.time.TestDateTimeZoneCutover" time="0.003"/>
  <testcase name="test_MutableDateTime_withZoneRetainFields_Gaza77" classname="org.joda.time.TestDateTimeZoneCutover" time="0.001"/>
  <testcase name="testBug3476684_adjustOffset_springGap201" classname="org.joda.time.TestDateTimeZoneCutover" time="0.001"/>
  <testcase name="testForFields11366" classname="org.joda.time.TestPeriodType" time="0"/>
  <testcase name="testMaskMinutes1267" classname="org.joda.time.TestPeriodType" time="0.002"/>
  <testcase name="testYearWeekDayTime1333" classname="org.joda.time.TestPeriodType" time="0.001"/>
  <testcase name="testForFields21264" classname="org.joda.time.TestPeriodType" time="0.001"/>
  <testcase name="testIsSupported1213" classname="org.joda.time.TestPeriodType" time="0"/>
  <testcase name="testForFields71025" classname="org.joda.time.TestPeriodType" time="0.001"/>
  <testcase name="testForFields61154" classname="org.joda.time.TestPeriodType" time="0"/>
  <testcase name="testYears438" classname="org.joda.time.TestPeriodType" time="0.001"/>
  <testcase name="testForFields471" classname="org.joda.time.TestPeriodType" time="0.001"/>
  <testcase name="testYearDayTime582" classname="org.joda.time.TestPeriodType" time="0.001"/>
  <testcase name="testMaskTwice2915" classname="org.joda.time.TestPeriodType" time="0"/>
  <testcase name="testYearWeekDay1656" classname="org.joda.time.TestPeriodType" time="0.001"/>
  <testcase name="testMaskYears1671" classname="org.joda.time.TestPeriodType" time="0.001"/>
  <testcase name="testForFields51679" classname="org.joda.time.TestPeriodType" time="0.001"/>
  <testcase name="testSeconds1335" classname="org.joda.time.TestPeriodType" time="0"/>
  <testcase name="testYearDay1583" classname="org.joda.time.TestPeriodType" time="0.001"/>
  <testcase name="testEquals1204" classname="org.joda.time.TestPeriodType" time="0"/>
  <testcase name="testDays894" classname="org.joda.time.TestPeriodType" time="0.001"/>
  <testcase name="testMaskMillis1481" classname="org.joda.time.TestPeriodType" time="0.001"/>
  <testcase name="testYearMonthDay594" classname="org.joda.time.TestPeriodType" time="0.001"/>
  <testcase name="test_subtract664" classname="org.joda.time.TestDurationField" time="0.001"/>
  <testcase name="testDateTime1559" classname="org.joda.time.TestStringConvert" time="0.021"/>
  <testcase name="testPeriod562" classname="org.joda.time.TestStringConvert" time="0.002"/>
  <testcase name="testHours1358" classname="org.joda.time.TestStringConvert" time="0"/>
  <testcase name="testMinutes352" classname="org.joda.time.TestStringConvert" time="0"/>
  <testcase name="testDateMidnight1565" classname="org.joda.time.TestStringConvert" time="0.002"/>
  <testcase name="testMutableDateTime192" classname="org.joda.time.TestStringConvert" time="0.001"/>
  <testcase name="testWeeks1288" classname="org.joda.time.TestStringConvert" time="0.001"/>
  <testcase name="testMonthDay_leapDay632" classname="org.joda.time.TestStringConvert" time="0.001"/>
  <testcase name="testYears780" classname="org.joda.time.TestStringConvert" time="0"/>
  <testcase name="testDuration796" classname="org.joda.time.TestStringConvert" time="0.001"/>
  <testcase name="testMonthDay1212" classname="org.joda.time.TestStringConvert" time="0.001"/>
  <testcase name="testSeconds1731" classname="org.joda.time.TestStringConvert" time="0.001"/>
  <testcase name="testSerializedGregorianChronology125" classname="org.joda.time.TestSerialization" time="0.005"/>
  <testcase name="testSerializedBuddhistChronology202" classname="org.joda.time.TestSerialization" time="0.007"/>
  <testcase name="testSerializedLocalDateBuddhist278" classname="org.joda.time.TestSerialization" time="0.004"/>
  <testcase name="testSerializedDateTimeProperty384" classname="org.joda.time.TestSerialization" time="0.005"/>
  <testcase name="testSerializedJulianChronology460" classname="org.joda.time.TestSerialization" time="0.002"/>
  <testcase name="testSerializedGJChronology55" classname="org.joda.time.TestSerialization" time="0.004"/>
  <testcase name="testSerializedDateMidnightProperty752" classname="org.joda.time.TestSerialization" time="0.003"/>
  <testcase name="testSerializedYearMonthDay939" classname="org.joda.time.TestSerialization" time="0.002"/>
  <testcase name="testSerializedLocalDateTime1055" classname="org.joda.time.TestSerialization" time="0.002"/>
  <testcase name="testSerializedUnsupportedDateTimeField1119" classname="org.joda.time.TestSerialization" time="0.003"/>
  <testcase name="testSerializedDateTimeFieldType1134" classname="org.joda.time.TestSerialization" time="0.001"/>
  <testcase name="testSerializedPeriodType1673" classname="org.joda.time.TestSerialization" time="0.001"/>
  <testcase name="testSerializedLocalTime1749" classname="org.joda.time.TestSerialization" time="0.001"/>
  <testcase name="testSerializedCopticChronology546" classname="org.joda.time.TestSerialization" time="0.003"/>
  <testcase name="testSerializedMutableDateTimeProperty681" classname="org.joda.time.TestSerialization" time="0.003"/>
  <testcase name="testDuration1363" classname="org.joda.time.TestSerialization" time="0.001"/>
  <testcase name="testSerializedISOChronology113" classname="org.joda.time.TestSerialization" time="0.001"/>
  <testcase name="testReadablePartialValidate1237" classname="org.joda.time.TestIllegalFieldValueException" time="0.001"/>
  <testcase name="testGJCutover1732" classname="org.joda.time.TestIllegalFieldValueException" time="0.001"/>
  <testcase name="testSetText18" classname="org.joda.time.TestIllegalFieldValueException" time="0.001"/>
  <testcase name="testVerifyValueBounds532" classname="org.joda.time.TestIllegalFieldValueException" time="0"/>
  <testcase name="testOtherConstructors47" classname="org.joda.time.TestIllegalFieldValueException" time="0.001"/>
  <testcase name="testSkipDateTimeField102" classname="org.joda.time.TestIllegalFieldValueException" time="0"/>
  <testcase name="testZoneTransition456" classname="org.joda.time.TestIllegalFieldValueException" time="0.001"/>
  <testcase name="testKeyYears314" classname="org.joda.time.chrono.TestBuddhistChronology" time="0.001"/>
  <testcase name="testToString943" classname="org.joda.time.chrono.TestBuddhistChronology" time="0.001"/>
  <testcase name="testTimeFields799" classname="org.joda.time.chrono.TestBuddhistChronology" time="0"/>
  <testcase name="testWithUTC826" classname="org.joda.time.chrono.TestBuddhistChronology" time="0"/>
  <testcase name="testFactory_Zone1625" classname="org.joda.time.chrono.TestBuddhistChronology" time="0"/>
  <testcase name="testWithZone1028" classname="org.joda.time.chrono.TestBuddhistChronology" time="0"/>
  <testcase name="testEra777" classname="org.joda.time.chrono.TestBuddhistChronology" time="0.001"/>
  <testcase name="testWithZone409" classname="org.joda.time.chrono.TestCopticChronology" time="0"/>
  <testcase name="testEra736" classname="org.joda.time.chrono.TestCopticChronology" time="0.001"/>
  <testcase name="testDurationYear689" classname="org.joda.time.chrono.TestCopticChronology" time="0.001"/>
  <testcase name="testEquality465" classname="org.joda.time.chrono.TestCopticChronology" time="0"/>
  <testcase name="testDurationMonth198" classname="org.joda.time.chrono.TestCopticChronology" time="0.001"/>
  <testcase name="testSampleDate236" classname="org.joda.time.chrono.TestCopticChronology" time="0"/>
  <testcase name="testDurationFields837" classname="org.joda.time.chrono.TestCopticChronology" time="0.001"/>
  <testcase name="testFactory_Zone1721" classname="org.joda.time.chrono.TestCopticChronology" time="0"/>
  <testcase name="testFactoryUTC1733" classname="org.joda.time.chrono.TestCopticChronology" time="0.001"/>
  <testcase name="testCalendar800" classname="org.joda.time.chrono.TestEthiopicChronology" time="3.699"/>
  <testcase name="testDurationMonth1427" classname="org.joda.time.chrono.TestEthiopicChronology" time="0.001"/>
  <testcase name="testFactory_Zone1447" classname="org.joda.time.chrono.TestEthiopicChronology" time="0"/>
  <testcase name="testWithUTC569" classname="org.joda.time.chrono.TestEthiopicChronology" time="0.001"/>
  <testcase name="testDurationFields228" classname="org.joda.time.chrono.TestEthiopicChronology" time="0"/>
  <testcase name="testSampleDateWithZone938" classname="org.joda.time.chrono.TestEthiopicChronology" time="0.001"/>
  <testcase name="testWithZone790" classname="org.joda.time.chrono.TestEthiopicChronology" time="0"/>
  <testcase name="testLeapYearRulesConstruction1616" classname="org.joda.time.chrono.TestGJChronology" time="0.001"/>
  <testcase name="testCutoverAddYears298" classname="org.joda.time.chrono.TestGJChronology" time="0.008"/>
  <testcase name="testLeapYearRulesConstructionInvalid1321" classname="org.joda.time.chrono.TestGJChronology" time="0.001"/>
  <testcase name="testCutoverAddMonths1138" classname="org.joda.time.chrono.TestGJChronology" time="0.007"/>
  <testcase name="testPartialGetAsText1149" classname="org.joda.time.chrono.TestGJChronology" time="0.001"/>
  <testcase name="testFactory_Zone_RI1619" classname="org.joda.time.chrono.TestGJChronology" time="0.001"/>
  <testcase name="testMaximumValue61" classname="org.joda.time.chrono.TestGJChronology" time="0.49"/>
  <testcase name="testSubtractDays209" classname="org.joda.time.chrono.TestGJChronology" time="0.003"/>
  <testcase name="testEquality431" classname="org.joda.time.chrono.TestGJChronology" time="0"/>
  <testcase name="testTimeOfDayAdd592" classname="org.joda.time.chrono.TestGJChronology" time="0.005"/>
  <testcase name="testCutoverAddWeekyears998" classname="org.joda.time.chrono.TestGJChronology" time="0.003"/>
  <testcase name="testIllegalDates1129" classname="org.joda.time.chrono.TestGJChronology" time="0.001"/>
  <testcase name="testCutoverAddWeeks74" classname="org.joda.time.chrono.TestGJChronology" time="0.001"/>
  <testcase name="testToString240" classname="org.joda.time.chrono.TestGJChronology" time="0.001"/>
  <testcase name="testWithZone428" classname="org.joda.time.chrono.TestGregorianChronology" time="0.001"/>
  <testcase name="testToString387" classname="org.joda.time.chrono.TestGregorianChronology" time="0"/>
  <testcase name="testEquality470" classname="org.joda.time.chrono.TestGregorianChronology" time="0"/>
  <testcase name="testFactory_Zone819" classname="org.joda.time.chrono.TestGregorianChronology" time="0"/>
  <testcase name="testFactory_Zone_int34" classname="org.joda.time.chrono.TestGregorianChronology" time="0.001"/>
  <testcase name="testSampleDate2156" classname="org.joda.time.chrono.TestIslamicChronology" time="0.001"/>
  <testcase name="testWithZone1143" classname="org.joda.time.chrono.TestIslamicChronology" time="0.001"/>
  <testcase name="testSampleDateWithZone351" classname="org.joda.time.chrono.TestIslamicChronology" time="0.001"/>
  <testcase name="testFactory509" classname="org.joda.time.chrono.TestIslamicChronology" time="0"/>
  <testcase name="testWithUTC1705" classname="org.joda.time.chrono.TestIslamicChronology" time="0.001"/>
  <testcase name="testFieldConstructor782" classname="org.joda.time.chrono.TestIslamicChronology" time="0"/>
  <testcase name="testSampleDate31150" classname="org.joda.time.chrono.TestIslamicChronology" time="0.001"/>
  <testcase name="testFactoryUTC1585" classname="org.joda.time.chrono.TestIslamicChronology" time="0"/>
  <testcase name="testSampleDate1429" classname="org.joda.time.chrono.TestIslamicChronology" time="0.001"/>
  <testcase name="testCalendar364" classname="org.joda.time.chrono.TestIslamicChronology" time="8.375"/>
  <testcase name="testFactory_Zone1638" classname="org.joda.time.chrono.TestIslamicChronology" time="0.001"/>
  <testcase name="testToString812" classname="org.joda.time.chrono.TestIslamicChronology" time="0"/>
  <testcase name="testEpoch511" classname="org.joda.time.chrono.TestIslamicChronology" time="0"/>
  <testcase name="testWithZone358" classname="org.joda.time.chrono.TestJulianChronology" time="0.001"/>
  <testcase name="testFactory_Zone_int701" classname="org.joda.time.chrono.TestJulianChronology" time="0.002"/>
  <testcase name="testDurationFields350" classname="org.joda.time.chrono.TestJulianChronology" time="0"/>
  <testcase name="testToString274" classname="org.joda.time.chrono.TestJulianChronology" time="0"/>
  <testcase name="testFactory_Zone1365" classname="org.joda.time.chrono.TestJulianChronology" time="0.001"/>
  <testcase name="testPartialDayOfYearAdd27" classname="org.joda.time.chrono.TestISOChronology" time="0"/>
  <testcase name="testWithZone1607" classname="org.joda.time.chrono.TestISOChronology" time="0.001"/>
  <testcase name="testMinYear538" classname="org.joda.time.chrono.TestISOChronology" time="0.001"/>
  <testcase name="testFactory_Zone1563" classname="org.joda.time.chrono.TestISOChronology" time="0"/>
  <testcase name="testToString637" classname="org.joda.time.chrono.TestISOChronology" time="0.001"/>
  <testcase name="testDurationFields480" classname="org.joda.time.chrono.TestISOChronology" time="0.001"/>
  <testcase name="test_lenientChrononolgy_Chicago1579" classname="org.joda.time.chrono.TestLenientChronology" time="0.001"/>
  <testcase name="test_setHourOfDay244" classname="org.joda.time.chrono.TestLenientChronology" time="0.001"/>
  <testcase name="test_plusYears_negativeToPositive680" classname="org.joda.time.chrono.TestGJDate" time="0"/>
  <testcase name="test_plusWeekyears_positiveToZero_crossCutover1289" classname="org.joda.time.chrono.TestGJDate" time="0.001"/>
  <testcase name="test_cutoverPreZero1689" classname="org.joda.time.chrono.TestGJDate" time="0"/>
  <testcase name="test_plusYears_positiveToZero_crossCutover153" classname="org.joda.time.chrono.TestGJDate" time="0.001"/>
  <testcase name="testChronology" classname="org.joda.time.chrono.gj.MainTest" time="0.634"/>
  <testcase name="testChronology" classname="org.joda.time.chrono.gj.MainTest" time="0.576"/>
  <testcase name="testToString441" classname="org.joda.time.convert.TestConverterManager" time="0"/>
  <testcase name="testGetIntervalConverter824" classname="org.joda.time.convert.TestConverterManager" time="0.001"/>
  <testcase name="testRemoveInstantConverter3861" classname="org.joda.time.convert.TestConverterManager" time="0"/>
  <testcase name="testGetInstantConverter886" classname="org.joda.time.convert.TestConverterManager" time="0.001"/>
  <testcase name="testRemoveIntervalConverter31067" classname="org.joda.time.convert.TestConverterManager" time="0"/>
  <testcase name="testAddPartialConverter41071" classname="org.joda.time.convert.TestConverterManager" time="0"/>
  <testcase name="testGetDurationConverter1202" classname="org.joda.time.convert.TestConverterManager" time="0.001"/>
  <testcase name="testAddPeriodConverter31253" classname="org.joda.time.convert.TestConverterManager" time="0"/>
  <testcase name="testAddPartialConverter21317" classname="org.joda.time.convert.TestConverterManager" time="0.001"/>
  <testcase name="testRemovePartialConverter31430" classname="org.joda.time.convert.TestConverterManager" time="0"/>
  <testcase name="testGetPartialConverter1512" classname="org.joda.time.convert.TestConverterManager" time="0.001"/>
  <testcase name="testGetPartialConverterRemovedNull1486" classname="org.joda.time.convert.TestConverterManager" time="0"/>
  <testcase name="testGetPeriodConverterRemovedNull383" classname="org.joda.time.convert.TestConverterManager" time="0.001"/>
  <testcase name="testGetInstantConverterOKMultipleMatches19" classname="org.joda.time.convert.TestConverterManager" time="0"/>
  <testcase name="testAddPartialConverter31558" classname="org.joda.time.convert.TestConverterManager" time="0.001"/>
  <testcase name="testRemovePeriodConverter31600" classname="org.joda.time.convert.TestConverterManager" time="0"/>
  <testcase name="testAddIntervalConverter31696" classname="org.joda.time.convert.TestConverterManager" time="0"/>
  <testcase name="testGetInstantConverterRemovedNull1753" classname="org.joda.time.convert.TestConverterManager" time="0.001"/>
  <testcase name="testAddDurationConverter31762" classname="org.joda.time.convert.TestConverterManager" time="0"/>
  <testcase name="testAddInstantConverter4134" classname="org.joda.time.convert.TestConverterManager" time="0"/>
  <testcase name="testGetIntervalConverterRemovedNull347" classname="org.joda.time.convert.TestConverterManager" time="0.003"/>
  <testcase name="testRemoveDurationConverter3381" classname="org.joda.time.convert.TestConverterManager" time="0"/>
  <testcase name="testRemoveIntervalConverter2545" classname="org.joda.time.convert.TestConverterManager" time="0"/>
  <testcase name="testAddIntervalConverter1591" classname="org.joda.time.convert.TestConverterManager" time="0"/>
  <testcase name="testGetPeriodConverter690" classname="org.joda.time.convert.TestConverterManager" time="0"/>
  <testcase name="testGetPartialConverterOKMultipleMatches36" classname="org.joda.time.convert.TestConverterManager" time="0.001"/>
  <testcase name="testAddDurationConverter22" classname="org.joda.time.convert.TestConverterManager" time="0"/>
  <testcase name="testGetDurationConverterRemovedNull727" classname="org.joda.time.convert.TestConverterManager" time="0.005"/>
  <testcase name="testGetInstantConverterBadMultipleMatches294" classname="org.joda.time.convert.TestConverterManager" time="0"/>
  <testcase name="testAddNullRemoved1510" classname="org.joda.time.convert.TestConverterSet" time="0"/>
  <testcase name="testRemoveNullRemoved11543" classname="org.joda.time.convert.TestConverterSet" time="0"/>
  <testcase name="testAddNullRemoved342" classname="org.joda.time.convert.TestConverterSet" time="0.001"/>
  <testcase name="testAddNullRemoved2282" classname="org.joda.time.convert.TestConverterSet" time="0"/>
  <testcase name="testRemoveBadIndex1116" classname="org.joda.time.convert.TestConverterSet" time="0"/>
  <testcase name="testBigHashtable29" classname="org.joda.time.convert.TestConverterSet" time="0"/>
  <testcase name="testRemoveNullRemoved2179" classname="org.joda.time.convert.TestConverterSet" time="0"/>
  <testcase name="testToString1556" classname="org.joda.time.convert.TestCalendarConverter" time="0"/>
  <testcase name="testGetPartialValues1566" classname="org.joda.time.convert.TestCalendarConverter" time="0"/>
  <testcase name="testGetChronology_Object_Chronology770" classname="org.joda.time.convert.TestCalendarConverter" time="0"/>
  <testcase name="testGetChronology_Object_nullChronology213" classname="org.joda.time.convert.TestCalendarConverter" time="0.007"/>
  <testcase name="testToString1519" classname="org.joda.time.convert.TestDateConverter" time="0"/>
  <testcase name="testGetInstantMillis_Object_Chronology296" classname="org.joda.time.convert.TestDateConverter" time="0.001"/>
  <testcase name="testGetInstantMillis_Object_Chronology1451" classname="org.joda.time.convert.TestLongConverter" time="0"/>
  <testcase name="testGetDurationMillis_Object305" classname="org.joda.time.convert.TestLongConverter" time="0"/>
  <testcase name="testToString1417" classname="org.joda.time.convert.TestLongConverter" time="0.001"/>
  <testcase name="testSetInto_Object_Chronology21388" classname="org.joda.time.convert.TestNullConverter" time="0"/>
  <testcase name="testGetDurationMillis_Object1744" classname="org.joda.time.convert.TestNullConverter" time="0.001"/>
  <testcase name="testSetInto_Object1470" classname="org.joda.time.convert.TestNullConverter" time="0"/>
  <testcase name="testSupportedType276" classname="org.joda.time.convert.TestNullConverter" time="0.001"/>
  <testcase name="testToString1196" classname="org.joda.time.convert.TestReadableDurationConverter" time="0"/>
  <testcase name="testGetDurationMillis_Object1605" classname="org.joda.time.convert.TestReadableDurationConverter" time="0.001"/>
  <testcase name="testSetInto_Object118" classname="org.joda.time.convert.TestReadableDurationConverter" time="0"/>
  <testcase name="testSetIntoPeriod_Object1648" classname="org.joda.time.convert.TestReadableIntervalConverter" time="0.001"/>
  <testcase name="testSetIntoInterval_Object1881" classname="org.joda.time.convert.TestReadableIntervalConverter" time="0"/>
  <testcase name="testGetPeriodType_Object1020" classname="org.joda.time.convert.TestReadableIntervalConverter" time="0"/>
  <testcase name="testIsReadableInterval_Object_Chronology374" classname="org.joda.time.convert.TestReadableIntervalConverter" time="0.001"/>
  <testcase name="testSupportedType1240" classname="org.joda.time.convert.TestReadableIntervalConverter" time="0"/>
  <testcase name="testGetDurationMillis_Object1371" classname="org.joda.time.convert.TestReadableIntervalConverter" time="0"/>
  <testcase name="testGetChronology_Object_nullChronology1277" classname="org.joda.time.convert.TestReadableInstantConverter" time="0.001"/>
  <testcase name="testGetInstantMillis_Object_Chronology1527" classname="org.joda.time.convert.TestReadableInstantConverter" time="0.001"/>
  <testcase name="testGetChronology_Object_Zone658" classname="org.joda.time.convert.TestReadableInstantConverter" time="0.001"/>
  <testcase name="testGetChronology_Object_Chronology1160" classname="org.joda.time.convert.TestReadableInstantConverter" time="0"/>
  <testcase name="testToString1479" classname="org.joda.time.convert.TestReadableInstantConverter" time="0.001"/>
  <testcase name="testGetPartialValues1" classname="org.joda.time.convert.TestReadablePartialConverter" time="0.001"/>
  <testcase name="testGetChronology_Object_Zone104" classname="org.joda.time.convert.TestReadablePartialConverter" time="0"/>
  <testcase name="testGetChronology_Object_Chronology609" classname="org.joda.time.convert.TestReadablePartialConverter" time="0.001"/>
  <testcase name="testSupportedType1567" classname="org.joda.time.convert.TestReadablePartialConverter" time="0"/>
  <testcase name="testGetPeriodType_Object879" classname="org.joda.time.convert.TestReadablePeriodConverter" time="0.001"/>
  <testcase name="testSetInto_Object1117" classname="org.joda.time.convert.TestReadablePeriodConverter" time="0"/>
  <testcase name="testToString1523" classname="org.joda.time.convert.TestReadablePeriodConverter" time="0.001"/>
  <testcase name="testSetIntoInterval_Object_Chronology5580" classname="org.joda.time.convert.TestStringConverter" time="0.002"/>
  <testcase name="testSetIntoIntervalEx_Object_Chronology5697" classname="org.joda.time.convert.TestStringConverter" time="0"/>
  <testcase name="testSetIntoIntervalEx_Object_Chronology4874" classname="org.joda.time.convert.TestStringConverter" time="0.001"/>
  <testcase name="testIsReadableInterval_Object_Chronology574" classname="org.joda.time.convert.TestStringConverter" time="0"/>
  <testcase name="testToString604" classname="org.joda.time.convert.TestStringConverter" time="0"/>
  <testcase name="testGetPartialValues1047" classname="org.joda.time.convert.TestStringConverter" time="0.001"/>
  <testcase name="testSetIntoPeriod_Object81355" classname="org.joda.time.convert.TestStringConverter" time="0.001"/>
  <testcase name="testSetIntoIntervalEx_Object_Chronology31552" classname="org.joda.time.convert.TestStringConverter" time="0"/>
  <testcase name="testSetIntoPeriod_Object51748" classname="org.joda.time.convert.TestStringConverter" time="0.001"/>
  <testcase name="testSetIntoPeriod_Object4147" classname="org.joda.time.convert.TestStringConverter" time="0"/>
  <testcase name="testSetIntoPeriod_Object3775" classname="org.joda.time.convert.TestStringConverter" time="0.001"/>
  <testcase name="testSetIntoInterval_Object_Chronology11199" classname="org.joda.time.convert.TestStringConverter" time="0.001"/>
  <testcase name="testSetIntoIntervalEx_Object_Chronology11478" classname="org.joda.time.convert.TestStringConverter" time="0"/>
  <testcase name="testGetDurationMillis_Object21504" classname="org.joda.time.convert.TestStringConverter" time="0.001"/>
  <testcase name="testSetIntoPeriod_Object6163" classname="org.joda.time.convert.TestStringConverter" time="0"/>
  <testcase name="testGetDurationMillis_Object1221" classname="org.joda.time.convert.TestStringConverter" time="0.001"/>
  <testcase name="testSafeAddLong1643" classname="org.joda.time.field.TestFieldUtils" time="0"/>
  <testcase name="testSafeMultiplyLongLong285" classname="org.joda.time.field.TestFieldUtils" time="0.001"/>
  <testcase name="testSafeSubtractLong849" classname="org.joda.time.field.TestFieldUtils" time="0"/>
  <testcase name="testSafeDivideLongLong1301" classname="org.joda.time.field.TestFieldUtils" time="0"/>
  <testcase name="testSafeAddInt1156" classname="org.joda.time.field.TestFieldUtils" time="0.001"/>
  <testcase name="test_addWrapField_RP_int_intarray_int1125" classname="org.joda.time.field.TestBaseDateTimeField" time="0.001"/>
  <testcase name="test_getAsShortText_long197" classname="org.joda.time.field.TestBaseDateTimeField" time="0"/>
  <testcase name="test_roundCeiling_long218" classname="org.joda.time.field.TestBaseDateTimeField" time="0.001"/>
  <testcase name="test_convertText247" classname="org.joda.time.field.TestBaseDateTimeField" time="0"/>
  <testcase name="test_getAsText_long286" classname="org.joda.time.field.TestBaseDateTimeField" time="0.001"/>
  <testcase name="test_getAsText_int_Locale371" classname="org.joda.time.field.TestBaseDateTimeField" time="0"/>
  <testcase name="test_roundHalfFloor_long394" classname="org.joda.time.field.TestBaseDateTimeField" time="0"/>
  <testcase name="test_set_long_String_Locale514" classname="org.joda.time.field.TestBaseDateTimeField" time="0.001"/>
  <testcase name="test_remainder_long704" classname="org.joda.time.field.TestBaseDateTimeField" time="0"/>
  <testcase name="test_getMaximumValue_long804" classname="org.joda.time.field.TestBaseDateTimeField" time="0"/>
  <testcase name="test_getAsText_RP_Locale821" classname="org.joda.time.field.TestBaseDateTimeField" time="0"/>
  <testcase name="test_getAsShortText_RP_Locale898" classname="org.joda.time.field.TestBaseDateTimeField" time="0"/>
  <testcase name="test_getLeapDurationField1052" classname="org.joda.time.field.TestBaseDateTimeField" time="0.001"/>
  <testcase name="test_isSupported1054" classname="org.joda.time.field.TestBaseDateTimeField" time="0"/>
  <testcase name="test_getDifference_long_long1141" classname="org.joda.time.field.TestBaseDateTimeField" time="0"/>
  <testcase name="test_addWrapField_long_int1243" classname="org.joda.time.field.TestBaseDateTimeField" time="0.001"/>
  <testcase name="test_add_RP_int_intarray_int194" classname="org.joda.time.field.TestBaseDateTimeField" time="0.001"/>
  <testcase name="test_roundHalfCeiling_long1189" classname="org.joda.time.field.TestBaseDateTimeField" time="0"/>
  <testcase name="test_constructor1285" classname="org.joda.time.field.TestBaseDateTimeField" time="0"/>
  <testcase name="test_getLeapAmount_long1440" classname="org.joda.time.field.TestBaseDateTimeField" time="0"/>
  <testcase name="test_set_long_String1488" classname="org.joda.time.field.TestBaseDateTimeField" time="0.001"/>
  <testcase name="test_getMinimumValue_long1547" classname="org.joda.time.field.TestBaseDateTimeField" time="0"/>
  <testcase name="test_isLeap_long1580" classname="org.joda.time.field.TestBaseDateTimeField" time="0"/>
  <testcase name="test_getAsText_RP_int_Locale1644" classname="org.joda.time.field.TestBaseDateTimeField" time="0"/>
  <testcase name="test_add_long_long1675" classname="org.joda.time.field.TestBaseDateTimeField" time="0.001"/>
  <testcase name="test_getMaximumShortTextLength_Locale880" classname="org.joda.time.field.TestBaseDateTimeField" time="0"/>
  <testcase name="test_getAsShortText_long_Locale598" classname="org.joda.time.field.TestBaseDateTimeField" time="0"/>
  <testcase name="test_set_RP_int_intarray_String_Locale126" classname="org.joda.time.field.TestBaseDateTimeField" time="0"/>
  <testcase name="test_getMaximumTextLength_Locale199" classname="org.joda.time.field.TestBaseDateTimeField" time="0.001"/>
  <testcase name="test_toString693" classname="org.joda.time.field.TestBaseDateTimeField" time="0"/>
  <testcase name="test_getDifferenceAsLong_long_long1090" classname="org.joda.time.field.TestBaseDateTimeField" time="0"/>
  <testcase name="test_getAsShortText_long_Locale1760" classname="org.joda.time.field.TestOffsetDateTimeField" time="0.001"/>
  <testcase name="test_getMinimumValue_RP_intarray870" classname="org.joda.time.field.TestOffsetDateTimeField" time="0.001"/>
  <testcase name="test_roundCeiling_long1550" classname="org.joda.time.field.TestOffsetDateTimeField" time="0"/>
  <testcase name="test_roundHalfFloor_long1561" classname="org.joda.time.field.TestOffsetDateTimeField" time="0.001"/>
  <testcase name="test_constructor21278" classname="org.joda.time.field.TestOffsetDateTimeField" time="0"/>
  <testcase name="test_remainder_long1290" classname="org.joda.time.field.TestOffsetDateTimeField" time="0"/>
  <testcase name="test_getLeapAmount_long996" classname="org.joda.time.field.TestOffsetDateTimeField" time="0.001"/>
  <testcase name="test_addWrapField_long_int1039" classname="org.joda.time.field.TestOffsetDateTimeField" time="0"/>
  <testcase name="test_getOffset855" classname="org.joda.time.field.TestOffsetDateTimeField" time="0"/>
  <testcase name="test_roundHalfCeiling_long1050" classname="org.joda.time.field.TestOffsetDateTimeField" time="0.001"/>
  <testcase name="test_constructor11187" classname="org.joda.time.field.TestOffsetDateTimeField" time="0"/>
  <testcase name="test_roundHalfEven_long669" classname="org.joda.time.field.TestOffsetDateTimeField" time="0"/>
  <testcase name="test_add_long_int37" classname="org.joda.time.field.TestOffsetDateTimeField" time="0.001"/>
  <testcase name="test_getMaximumShortTextLength_Locale360" classname="org.joda.time.field.TestOffsetDateTimeField" time="0"/>
  <testcase name="test_roundFloor_long1688" classname="org.joda.time.field.TestOffsetDateTimeField" time="0.002"/>
  <testcase name="test_getLeapDurationField1715" classname="org.joda.time.field.TestOffsetDateTimeField" time="0"/>
  <testcase name="test_convertText189" classname="org.joda.time.field.TestPreciseDurationDateTimeField" time="0"/>
  <testcase name="test_remainder_long308" classname="org.joda.time.field.TestPreciseDurationDateTimeField" time="0"/>
  <testcase name="test_set_RP_int_intarray_int307" classname="org.joda.time.field.TestPreciseDurationDateTimeField" time="0"/>
  <testcase name="test_roundFloor_long547" classname="org.joda.time.field.TestPreciseDurationDateTimeField" time="0.001"/>
  <testcase name="test_isLenient708" classname="org.joda.time.field.TestPreciseDurationDateTimeField" time="0"/>
  <testcase name="test_roundCeiling_long724" classname="org.joda.time.field.TestPreciseDurationDateTimeField" time="0"/>
  <testcase name="test_set_long_int818" classname="org.joda.time.field.TestPreciseDurationDateTimeField" time="0.001"/>
  <testcase name="test_constructor1727" classname="org.joda.time.field.TestPreciseDurationDateTimeField" time="0"/>
  <testcase name="test_add_long_int1740" classname="org.joda.time.field.TestPreciseDurationDateTimeField" time="0.001"/>
  <testcase name="test_constructor193" classname="org.joda.time.field.TestPreciseDateTimeField" time="0"/>
  <testcase name="test_getRange1083" classname="org.joda.time.field.TestPreciseDateTimeField" time="0.001"/>
  <testcase name="test_set_long_String1115" classname="org.joda.time.field.TestPreciseDateTimeField" time="0.001"/>
  <testcase name="test_add_RP_int_intarray_int1703" classname="org.joda.time.field.TestPreciseDateTimeField" time="0"/>
  <testcase name="test_addWrapField_long_int1066" classname="org.joda.time.field.TestPreciseDateTimeField" time="0"/>
  <testcase name="test_getAsShortText_long_Locale1275" classname="org.joda.time.field.TestPreciseDateTimeField" time="0.001"/>
  <testcase name="test_getMaximumValue601" classname="org.joda.time.field.TestPreciseDateTimeField" time="0"/>
  <testcase name="test_toString910" classname="org.joda.time.field.TestMillisDurationField" time="0"/>
  <testcase name="testSerialization1701" classname="org.joda.time.field.TestMillisDurationField" time="0.001"/>
  <testcase name="test_getName629" classname="org.joda.time.field.TestMillisDurationField" time="0"/>
  <testcase name="test_getType1597" classname="org.joda.time.field.TestMillisDurationField" time="0.001"/>
  <testcase name="test_getDifferenceAsLong_long_long706" classname="org.joda.time.field.TestMillisDurationField" time="0"/>
  <testcase name="test_getDifference_long_int388" classname="org.joda.time.field.TestMillisDurationField" time="0"/>
  <testcase name="test_getValueAsLong_long_long439" classname="org.joda.time.field.TestMillisDurationField" time="0.001"/>
  <testcase name="test_add_long_int551" classname="org.joda.time.field.TestMillisDurationField" time="0"/>
  <testcase name="test_add_long_long707" classname="org.joda.time.field.TestMillisDurationField" time="0"/>
  <testcase name="test_getValue_long_long952" classname="org.joda.time.field.TestMillisDurationField" time="0.001"/>
  <testcase name="test_getValue_long1030" classname="org.joda.time.field.TestMillisDurationField" time="0"/>
  <testcase name="test_isPrecise1040" classname="org.joda.time.field.TestMillisDurationField" time="0"/>
  <testcase name="test_getValueAsLong_long1375" classname="org.joda.time.field.TestMillisDurationField" time="0"/>
  <testcase name="test_getMillis_long_long1411" classname="org.joda.time.field.TestMillisDurationField" time="0.001"/>
  <testcase name="test_compareTo1413" classname="org.joda.time.field.TestMillisDurationField" time="0"/>
  <testcase name="test_getMillis_int_long1454" classname="org.joda.time.field.TestMillisDurationField" time="0"/>
  <testcase name="test_getMillis_long1513" classname="org.joda.time.field.TestMillisDurationField" time="0"/>
  <testcase name="test_getMillis_int1582" classname="org.joda.time.field.TestMillisDurationField" time="0.001"/>
  <testcase name="test_isSupported1602" classname="org.joda.time.field.TestMillisDurationField" time="0"/>
  <testcase name="test_hashCode944" classname="org.joda.time.field.TestPreciseDurationField" time="0"/>
  <testcase name="test_getValue_long1198" classname="org.joda.time.field.TestPreciseDurationField" time="0.001"/>
  <testcase name="test_add_long_long1261" classname="org.joda.time.field.TestPreciseDurationField" time="0"/>
  <testcase name="test_add_long_int1493" classname="org.joda.time.field.TestPreciseDurationField" time="0"/>
  <testcase name="test_isPrecise1546" classname="org.joda.time.field.TestPreciseDurationField" time="0"/>
  <testcase name="test_compareTo570" classname="org.joda.time.field.TestPreciseDurationField" time="0.001"/>
  <testcase name="test_getDifferenceAsLong_long_long1538" classname="org.joda.time.field.TestPreciseDurationField" time="0"/>
  <testcase name="test_equals954" classname="org.joda.time.field.TestPreciseDurationField" time="0"/>
  <testcase name="test_getMillis_long_long1015" classname="org.joda.time.field.TestPreciseDurationField" time="0.001"/>
  <testcase name="test_getMillis_int_long1459" classname="org.joda.time.field.TestPreciseDurationField" time="0"/>
  <testcase name="test_getValue_long_long1405" classname="org.joda.time.field.TestPreciseDurationField" time="0"/>
  <testcase name="test_getValueAsLong_long908" classname="org.joda.time.field.TestPreciseDurationField" time="0"/>
  <testcase name="test_compareTo1622" classname="org.joda.time.field.TestScaledDurationField" time="0.001"/>
  <testcase name="test_toString1666" classname="org.joda.time.field.TestScaledDurationField" time="0"/>
  <testcase name="test_getValueAsLong_long1667" classname="org.joda.time.field.TestScaledDurationField" time="0.001"/>
  <testcase name="test_getValue_long486" classname="org.joda.time.field.TestScaledDurationField" time="0"/>
  <testcase name="test_getMillis_int491" classname="org.joda.time.field.TestScaledDurationField" time="0"/>
  <testcase name="test_add_long_long1084" classname="org.joda.time.field.TestScaledDurationField" time="0.001"/>
  <testcase name="test_getDifference_long_int1179" classname="org.joda.time.field.TestScaledDurationField" time="0"/>
  <testcase name="test_hashCode645" classname="org.joda.time.field.TestScaledDurationField" time="0"/>
  <testcase name="test_getMillis_long1211" classname="org.joda.time.field.TestScaledDurationField" time="0.001"/>
  <testcase name="test_getScalar1265" classname="org.joda.time.field.TestScaledDurationField" time="0"/>
  <testcase name="test_getMillis_long_long1319" classname="org.joda.time.field.TestScaledDurationField" time="0"/>
  <testcase name="test_getValue_long_long527" classname="org.joda.time.field.TestScaledDurationField" time="0"/>
  <testcase name="testSerialization729" classname="org.joda.time.field.TestScaledDurationField" time="0.003"/>
  <testcase name="test_equals1021" classname="org.joda.time.field.TestScaledDurationField" time="0"/>
  <testcase name="test_getValueAsLong_long_long1608" classname="org.joda.time.field.TestScaledDurationField" time="0.001"/>
  <testcase name="test_getDifferenceAsLong_long_long1626" classname="org.joda.time.field.TestScaledDurationField" time="0"/>
  <testcase name="test_add_long_int90" classname="org.joda.time.field.TestScaledDurationField" time="0"/>
  <testcase name="test_getMillis_int_long363" classname="org.joda.time.field.TestScaledDurationField" time="0"/>
  <testcase name="test_constructor476" classname="org.joda.time.field.TestScaledDurationField" time="0.001"/>
  <testcase name="testMethodsThatShouldAlwaysReturnNull962" classname="org.joda.time.field.TestUnsupportedDateTimeField" time="0"/>
  <testcase name="testPublicGetNameMethod809" classname="org.joda.time.field.TestUnsupportedDateTimeField" time="0.004"/>
  <testcase name="testAlwaysFalseReturnTypes1031" classname="org.joda.time.field.TestUnsupportedDateTimeField" time="0"/>
  <testcase name="testToString784" classname="org.joda.time.field.TestUnsupportedDateTimeField" time="0"/>
  <testcase name="testDelegatedMethods235" classname="org.joda.time.field.TestUnsupportedDateTimeField" time="0"/>
  <testcase name="testNullValuesToGetInstanceThrowsException1353" classname="org.joda.time.field.TestUnsupportedDateTimeField" time="0"/>
  <testcase name="testParseInto_monthDay_feb29_tokyo_startOfYear328" classname="org.joda.time.format.TestDateTimeFormatter" time="0.001"/>
  <testcase name="testPrint_appendableMethods500" classname="org.joda.time.format.TestDateTimeFormatter" time="0.001"/>
  <testcase name="testWithGetChronology505" classname="org.joda.time.format.TestDateTimeFormatter" time="0.002"/>
  <testcase name="testWithGetLocale519" classname="org.joda.time.format.TestDateTimeFormatter" time="0"/>
  <testcase name="testPrinterParserMethods534" classname="org.joda.time.format.TestDateTimeFormatter" time="0"/>
  <testcase name="testParseLocalDate_yearOfEra644" classname="org.joda.time.format.TestDateTimeFormatter" time="0.001"/>
  <testcase name="testParseLocalDateTime_simple741" classname="org.joda.time.format.TestDateTimeFormatter" time="0.003"/>
  <testcase name="testParseInto_offsetParsed792" classname="org.joda.time.format.TestDateTimeFormatter" time="0.001"/>
  <testcase name="testParseInto_simple1004" classname="org.joda.time.format.TestDateTimeFormatter" time="0.001"/>
  <testcase name="testWithGetZone1148" classname="org.joda.time.format.TestDateTimeFormatter" time="0"/>
  <testcase name="testParseInto_monthDay_feb29_tokyo1298" classname="org.joda.time.format.TestDateTimeFormatter" time="0.013"/>
  <testcase name="testParseInto_zone1314" classname="org.joda.time.format.TestDateTimeFormatter" time="0.002"/>
  <testcase name="testParseMutableDateTime_simple1328" classname="org.joda.time.format.TestDateTimeFormatter" time="0.004"/>
  <testcase name="testWithGetPivotYear1392" classname="org.joda.time.format.TestDateTimeFormatter" time="0.003"/>
  <testcase name="testPrint_simple1437" classname="org.joda.time.format.TestDateTimeFormatter" time="0.001"/>
  <testcase name="testPrint_zone1551" classname="org.joda.time.format.TestDateTimeFormatter" time="0"/>
  <testcase name="testParseMillis_fractionOfSecondLong1562" classname="org.joda.time.format.TestDateTimeFormatter" time="0.001"/>
  <testcase name="testWithGetOffsetParsedMethods1599" classname="org.joda.time.format.TestDateTimeFormatter" time="0"/>
  <testcase name="testParseMutableDateTime_zone1700" classname="org.joda.time.format.TestDateTimeFormatter" time="0.001"/>
  <testcase name="testParseLocalDate_monthDay_withDefaultYear_feb291716" classname="org.joda.time.format.TestDateTimeFormatter" time="0.001"/>
  <testcase name="testPrint_writerMethods131" classname="org.joda.time.format.TestDateTimeFormatter" time="0"/>
  <testcase name="testParseInto_simple_precedence475" classname="org.joda.time.format.TestDateTimeFormatter" time="0.001"/>
  <testcase name="testParseLocalDate_yearOfCentury332" classname="org.joda.time.format.TestDateTimeFormatter" time="0.002"/>
  <testcase name="testParseLocalDate_weekyear_month_week_2011323" classname="org.joda.time.format.TestDateTimeFormatter" time="0.001"/>
  <testcase name="testParseLocalDate_year_month_week_2010265" classname="org.joda.time.format.TestDateTimeFormatter" time="0"/>
  <testcase name="testParseDateTime_simple_precedence119" classname="org.joda.time.format.TestDateTimeFormatter" time="0.001"/>
  <testcase name="testParseMutableDateTime_offsetParsed46" classname="org.joda.time.format.TestDateTimeFormatter" time="0.001"/>
  <testcase name="testParseLocalDate_weekyear_month_week_201270" classname="org.joda.time.format.TestDateTimeFormatter" time="0"/>
  <testcase name="testParseLocalTime_simple829" classname="org.joda.time.format.TestDateTimeFormatter" time="0.001"/>
  <testcase name="testFormat_shortBasicParse1581" classname="org.joda.time.format.TestDateTimeFormat" time="0.001"/>
  <testcase name="testFormat_dayOfYearText1642" classname="org.joda.time.format.TestDateTimeFormat" time="0"/>
  <testcase name="testFormat_year_long1669" classname="org.joda.time.format.TestDateTimeFormat" time="0.001"/>
  <testcase name="testFormat_monthOfYearShortText1709" classname="org.joda.time.format.TestDateTimeFormat" time="0"/>
  <testcase name="testFormat_fractionOfSecondLong395" classname="org.joda.time.format.TestDateTimeFormat" time="0.001"/>
  <testcase name="testFormat_weekyearOfEra_twoDigit436" classname="org.joda.time.format.TestDateTimeFormat" time="0.001"/>
  <testcase name="testFormat_centuryOfEra672" classname="org.joda.time.format.TestDateTimeFormat" time="0.001"/>
  <testcase name="testFormat_zoneAmount737" classname="org.joda.time.format.TestDateTimeFormat" time="0"/>
  <testcase name="testFormat_yearOfEra502" classname="org.joda.time.format.TestDateTimeFormat" time="0.001"/>
  <testcase name="testFormat_hourOfHalfday408" classname="org.joda.time.format.TestDateTimeFormat" time="0"/>
  <testcase name="testFormat_other304" classname="org.joda.time.format.TestDateTimeFormat" time="0.001"/>
  <testcase name="testSubclassableConstructor195" classname="org.joda.time.format.TestDateTimeFormat" time="0.001"/>
  <testcase name="testFormatParse_textMonthAtEnd_France_withSpecifiedDefault528" classname="org.joda.time.format.TestDateTimeFormat" time="0.001"/>
  <testcase name="testFormat_invalid188" classname="org.joda.time.format.TestDateTimeFormat" time="0.001"/>
  <testcase name="testFormat_second846" classname="org.joda.time.format.TestDateTimeFormat" time="0.001"/>
  <testcase name="testFormat_dayOfWeek1295" classname="org.joda.time.format.TestDateTimeFormat" time="0.001"/>
  <testcase name="testFormatParse_zoneId_colon1350" classname="org.joda.time.format.TestDateTimeFormat" time="0"/>
  <testcase name="testFormat_zoneAmountID1409" classname="org.joda.time.format.TestDateTimeFormat" time="0.002"/>
  <testcase name="testFormatParse_textEraAD_UK1419" classname="org.joda.time.format.TestDateTimeFormat" time="0"/>
  <testcase name="testFormatParse_zoneId_noColon1515" classname="org.joda.time.format.TestDateTimeFormat" time="0"/>
  <testcase name="testFormat_year_twoDigit1517" classname="org.joda.time.format.TestDateTimeFormat" time="0.001"/>
  <testcase name="testFormatParse_textHalfdayAM_UK989" classname="org.joda.time.format.TestDateTimeFormat" time="0.001"/>
  <testcase name="testFormatParse_textEraAD_France1035" classname="org.joda.time.format.TestDateTimeFormat" time="0.001"/>
  <testcase name="testFormat_era14" classname="org.joda.time.format.TestDateTimeFormat" time="0"/>
  <testcase name="testFormatParse_textHalfdayAM_France828" classname="org.joda.time.format.TestDateTimeFormat" time="0.001"/>
  <testcase name="testFormat_weekyear7" classname="org.joda.time.format.TestDateTimeFormat" time="0"/>
  <testcase name="testFormatParse_textYear_UK30" classname="org.joda.time.format.TestDateTimeFormat" time="0"/>
  <testcase name="testFormat_dayOfWeekShortText1072" classname="org.joda.time.format.TestDateTimeFormat" time="0.001"/>
  <testcase name="testFormat_dayOfWeekText1217" classname="org.joda.time.format.TestDateTimeFormat" time="0"/>
  <testcase name="testFormatParse_textMonthJanShort_France1271" classname="org.joda.time.format.TestDateTimeFormat" time="0.001"/>
  <testcase name="testForStyle_fullDate1130" classname="org.joda.time.format.TestDateTimeFormatStyle" time="0.023"/>
  <testcase name="testForStyle_mediumTime972" classname="org.joda.time.format.TestDateTimeFormatStyle" time="0.001"/>
  <testcase name="testForStyle_stringLengths1387" classname="org.joda.time.format.TestDateTimeFormatStyle" time="0"/>
  <testcase name="testForStyle_shortTime1469" classname="org.joda.time.format.TestDateTimeFormatStyle" time="0.002"/>
  <testcase name="testForStyle_mediumDateTime316" classname="org.joda.time.format.TestDateTimeFormatStyle" time="0.004"/>
  <testcase name="testForStyle_longDate110" classname="org.joda.time.format.TestDateTimeFormatStyle" time="0.004"/>
  <testcase name="testForStyle_invalidStrings283" classname="org.joda.time.format.TestDateTimeFormatStyle" time="0"/>
  <testcase name="testForStyle_shortMediumDateTime1206" classname="org.joda.time.format.TestDateTimeFormatStyle" time="0"/>
  <testcase name="testForStyle_mediumDate1611" classname="org.joda.time.format.TestDateTimeFormatStyle" time="0.003"/>
  <testcase name="testForStyle_shortDate1664" classname="org.joda.time.format.TestDateTimeFormatStyle" time="0"/>
  <testcase name="testFormat_yearMonthDay1650" classname="org.joda.time.format.TestISODateTimeFormat" time="0"/>
  <testcase name="testFormat_hourMinuteSecondMillis1651" classname="org.joda.time.format.TestISODateTimeFormat" time="0"/>
  <testcase name="testFormat_year1670" classname="org.joda.time.format.TestISODateTimeFormat" time="0.002"/>
  <testcase name="testSubclassableConstructor1676" classname="org.joda.time.format.TestISODateTimeFormat" time="0"/>
  <testcase name="testFormat_hour1720" classname="org.joda.time.format.TestISODateTimeFormat" time="0"/>
  <testcase name="testFormat_hourMinute1722" classname="org.joda.time.format.TestISODateTimeFormat" time="0"/>
  <testcase name="testFormat_weekyearWeekDay66" classname="org.joda.time.format.TestISODateTimeFormat" time="0"/>
  <testcase name="testFormat_weekyearWeek905" classname="org.joda.time.format.TestISODateTimeFormat" time="0.001"/>
  <testcase name="testFormat_hourMinuteSecond1221" classname="org.joda.time.format.TestISODateTimeFormat" time="0.001"/>
  <testcase name="testFormat_dateHourMinuteSecondMillis1266" classname="org.joda.time.format.TestISODateTimeFormat" time="0"/>
  <testcase name="testFormat_weekDate1268" classname="org.joda.time.format.TestISODateTimeFormat" time="0.001"/>
  <testcase name="testFormat_dateHourMinuteSecondFraction1320" classname="org.joda.time.format.TestISODateTimeFormat" time="0"/>
  <testcase name="testFormat_dateHour1402" classname="org.joda.time.format.TestISODateTimeFormat" time="0.001"/>
  <testcase name="testFormat_basicWeekDate1549" classname="org.joda.time.format.TestISODateTimeFormat" time="0.001"/>
  <testcase name="testFormat_dateHourMinuteSecond1555" classname="org.joda.time.format.TestISODateTimeFormat" time="0"/>
  <testcase name="testFormat_tTimeNoMillis1614" classname="org.joda.time.format.TestISODateTimeFormat" time="0.004"/>
  <testcase name="testFormat_basicWeekDateTimeNoMillis1631" classname="org.joda.time.format.TestISODateTimeFormat" time="0"/>
  <testcase name="testFormat_weekDateTime406" classname="org.joda.time.format.TestISODateTimeFormat" time="0.001"/>
  <testcase name="testFormat_hourMinuteSecondFraction902" classname="org.joda.time.format.TestISODateTimeFormat" time="0"/>
  <testcase name="testFormat_timeNoMillis_partial1163" classname="org.joda.time.format.TestISODateTimeFormat" time="0.001"/>
  <testcase name="testFormat_basicDateTimeNoMillis595" classname="org.joda.time.format.TestISODateTimeFormat" time="0"/>
  <testcase name="testFormat_basicOrdinalDateTimeNoMillis1188" classname="org.joda.time.format.TestISODateTimeFormat" time="0.001"/>
  <testcase name="testFormat_basicTTime334" classname="org.joda.time.format.TestISODateTimeFormat" time="0"/>
  <testcase name="testFormat_dateHourMinute342" classname="org.joda.time.format.TestISODateTimeFormat" time="0.001"/>
  <testcase name="testFormat_yearMonth433" classname="org.joda.time.format.TestISODateTimeFormat" time="0"/>
  <testcase name="testFormat_date449" classname="org.joda.time.format.TestISODateTimeFormat" time="0.001"/>
  <testcase name="testFormat_time_partial721" classname="org.joda.time.format.TestISODateTimeFormat" time="0"/>
  <testcase name="testFormat_weekyear830" classname="org.joda.time.format.TestISODateTimeFormat" time="0.001"/>
  <testcase name="testForFields_ordinalBased_D457" classname="org.joda.time.format.TestISODateTimeFormat_Fields" time="0.001"/>
  <testcase name="testForFields_calBased_M723" classname="org.joda.time.format.TestISODateTimeFormat_Fields" time="0"/>
  <testcase name="testForFields_weekBased_YW1200" classname="org.joda.time.format.TestISODateTimeFormat_Fields" time="0.001"/>
  <testcase name="testForFields_calBased_YM1236" classname="org.joda.time.format.TestISODateTimeFormat_Fields" time="0.001"/>
  <testcase name="testForFields_null999" classname="org.joda.time.format.TestISODateTimeFormat_Fields" time="0"/>
  <testcase name="testForFields_ordinalBased_YD955" classname="org.joda.time.format.TestISODateTimeFormat_Fields" time="0.001"/>
  <testcase name="testForFields_weekBased_YD960" classname="org.joda.time.format.TestISODateTimeFormat_Fields" time="0.001"/>
  <testcase name="testForFields_time_HSm953" classname="org.joda.time.format.TestISODateTimeFormat_Fields" time="0.001"/>
  <testcase name="testForFields_weekBased_W1325" classname="org.joda.time.format.TestISODateTimeFormat_Fields" time="0"/>
  <testcase name="testForFields_calBased_MD1499" classname="org.joda.time.format.TestISODateTimeFormat_Fields" time="0.001"/>
  <testcase name="testForFields_time_MS1521" classname="org.joda.time.format.TestISODateTimeFormat_Fields" time="0.001"/>
  <testcase name="testForFields_datetime_DH349" classname="org.joda.time.format.TestISODateTimeFormat_Fields" time="0.001"/>
  <testcase name="testForFields_weekBased_D333" classname="org.joda.time.format.TestISODateTimeFormat_Fields" time="0"/>
  <testcase name="testForFields_time_HMm344" classname="org.joda.time.format.TestISODateTimeFormat_Fields" time="0.001"/>
  <testcase name="testForFields_weekBased_Y1573" classname="org.joda.time.format.TestISODateTimeFormat_Fields" time="0.001"/>
  <testcase name="testForFields_datetime_DM1764" classname="org.joda.time.format.TestISODateTimeFormat_Fields" time="0.002"/>
  <testcase name="testForFields_weekBased_WD145" classname="org.joda.time.format.TestISODateTimeFormat_Fields" time="0"/>
  <testcase name="testForFields_weekBased_YWD78" classname="org.joda.time.format.TestISODateTimeFormat_Fields" time="0"/>
  <testcase name="testForFields_datetime_YH85" classname="org.joda.time.format.TestISODateTimeFormat_Fields" time="0"/>
  <testcase name="testForFields_time_Mm245" classname="org.joda.time.format.TestISODateTimeFormat_Fields" time="0.001"/>
  <testcase name="testForFields_calBased_YD136" classname="org.joda.time.format.TestISODateTimeFormat_Fields" time="0.001"/>
  <testcase name="testForFields_calBased_YMD_unmodifiable319" classname="org.joda.time.format.TestISODateTimeFormat_Fields" time="0"/>
  <testcase name="test_timeParser1362" classname="org.joda.time.format.TestISODateTimeFormatParsing" time="0.002"/>
  <testcase name="test_dateParser1398" classname="org.joda.time.format.TestISODateTimeFormatParsing" time="0.001"/>
  <testcase name="test_weekDateTimeNoMillis1415" classname="org.joda.time.format.TestISODateTimeFormatParsing" time="0.001"/>
  <testcase name="test_basicDate1489" classname="org.joda.time.format.TestISODateTimeFormatParsing" time="0.001"/>
  <testcase name="test_ordinalDate863" classname="org.joda.time.format.TestISODateTimeFormatParsing" time="0.001"/>
  <testcase name="test_basicOrdinalDate901" classname="org.joda.time.format.TestISODateTimeFormatParsing" time="0.001"/>
  <testcase name="test_dateTimeParser920" classname="org.joda.time.format.TestISODateTimeFormatParsing" time="0.002"/>
  <testcase name="test_localTimeParser1118" classname="org.joda.time.format.TestISODateTimeFormatParsing" time="0.001"/>
  <testcase name="test_dateOptionalTimeParser1142" classname="org.joda.time.format.TestISODateTimeFormatParsing" time="0.002"/>
  <testcase name="test_basicTime1184" classname="org.joda.time.format.TestISODateTimeFormatParsing" time="0.001"/>
  <testcase name="test_dateTime1316" classname="org.joda.time.format.TestISODateTimeFormatParsing" time="0.001"/>
  <testcase name="test_ordinalDateTimeNoMillis754" classname="org.joda.time.format.TestISODateTimeFormatParsing" time="0"/>
  <testcase name="test_basicDateTime712" classname="org.joda.time.format.TestISODateTimeFormatParsing" time="0.001"/>
  <testcase name="test_basicOrdinalDateTime733" classname="org.joda.time.format.TestISODateTimeFormatParsing" time="0"/>
  <testcase name="test_timeElementParser613" classname="org.joda.time.format.TestISODateTimeFormatParsing" time="0.002"/>
  <testcase name="test_weekDateTime447" classname="org.joda.time.format.TestISODateTimeFormatParsing" time="0"/>
  <testcase name="test_basicTTimeNoMillis791" classname="org.joda.time.format.TestISODateTimeFormatParsing" time="0"/>
  <testcase name="test_dateElementParser856" classname="org.joda.time.format.TestISODateTimeFormatParsing" time="0.001"/>
  <testcase name="test_time988" classname="org.joda.time.format.TestISODateTimeFormatParsing" time="0.001"/>
  <testcase name="test_tTime945" classname="org.joda.time.format.TestISODateTimeFormatParsing" time="0"/>
  <testcase name="test_basicWeekDateTime123" classname="org.joda.time.format.TestISODateTimeFormatParsing" time="0.001"/>
  <testcase name="test_ordinalDateTime951" classname="org.joda.time.format.TestISODateTimeFormatParsing" time="0.001"/>
  <testcase name="test_localDateParser1082" classname="org.joda.time.format.TestISODateTimeFormatParsing" time="0.001"/>
  <testcase name="test_dateTimeNoMillis161" classname="org.joda.time.format.TestISODateTimeFormatParsing" time="0"/>
  <testcase name="test_basicTimeNoMillis80" classname="org.joda.time.format.TestISODateTimeFormatParsing" time="0.001"/>
  <testcase name="test_localDateOptionalTimeParser1340" classname="org.joda.time.format.TestISODateTimeFormatParsing" time="0.001"/>
  <testcase name="test_canBuildPrinter641" classname="org.joda.time.format.TestDateTimeFormatterBuilder" time="0"/>
  <testcase name="test_canBuildFormatter584" classname="org.joda.time.format.TestDateTimeFormatterBuilder" time="0.001"/>
  <testcase name="test_printParseZoneParis471" classname="org.joda.time.format.TestDateTimeFormatterBuilder" time="0.001"/>
  <testcase name="test_appendFixedSignedDecimal267" classname="org.joda.time.format.TestDateTimeFormatterBuilder" time="0.001"/>
  <testcase name="test_append_nullPrinter_Parser497" classname="org.joda.time.format.TestDateTimeFormatterBuilder" time="0"/>
  <testcase name="test_append_Printer_nullParser1173" classname="org.joda.time.format.TestDateTimeFormatterBuilder" time="0"/>
  <testcase name="test_toFormatter699" classname="org.joda.time.format.TestDateTimeFormatterBuilder" time="0.001"/>
  <testcase name="test_appendOptional_Parser810" classname="org.joda.time.format.TestDateTimeFormatterBuilder" time="0"/>
  <testcase name="test_canBuildParser959" classname="org.joda.time.format.TestDateTimeFormatterBuilder" time="0"/>
  <testcase name="test_append_nullParser1091" classname="org.joda.time.format.TestDateTimeFormatterBuilder" time="0.001"/>
  <testcase name="test_parseWrongOffsetAndZone1397" classname="org.joda.time.format.TestDateTimeFormatterBuilder" time="0.001"/>
  <testcase name="test_appendTimeZoneId1594" classname="org.joda.time.format.TestDateTimeFormatterBuilder" time="0"/>
  <testcase name="test_append_Printer1687" classname="org.joda.time.format.TestDateTimeFormatterBuilder" time="0.001"/>
  <testcase name="test_toParser1761" classname="org.joda.time.format.TestDateTimeFormatterBuilder" time="0"/>
  <testcase name="test_appendFixedDecimal158" classname="org.joda.time.format.TestDateTimeFormatterBuilder" time="0.001"/>
  <testcase name="test_append_Formatter200" classname="org.joda.time.format.TestDateTimeFormatterBuilder" time="0"/>
  <testcase name="test_parseWrongOffset6" classname="org.joda.time.format.TestDateTimeFormatterBuilder" time="0"/>
  <testcase name="test_printParseOffset49" classname="org.joda.time.format.TestDateTimeFormatterBuilder" time="0.001"/>
  <testcase name="testParsePeriod_parseType1502" classname="org.joda.time.format.TestPeriodFormatter" time="0.001"/>
  <testcase name="testPrint_bufferMethods1076" classname="org.joda.time.format.TestPeriodFormatter" time="0"/>
  <testcase name="testParseMutablePeriod_simple798" classname="org.joda.time.format.TestPeriodFormatter" time="0"/>
  <testcase name="testParsePeriod_simple482" classname="org.joda.time.format.TestPeriodFormatter" time="0.001"/>
  <testcase name="testWithGetParseTypeMethods660" classname="org.joda.time.format.TestPeriodFormatter" time="0"/>
  <testcase name="testPrint_writerMethods75" classname="org.joda.time.format.TestPeriodFormatter" time="0"/>
  <testcase name="testPrinterParserMethods380" classname="org.joda.time.format.TestPeriodFormatter" time="0.002"/>
  <testcase name="testParseInto_simple422" classname="org.joda.time.format.TestPeriodFormatter" time="0"/>
  <testcase name="test_wordBased_de_FormatOneField1123" classname="org.joda.time.format.TestPeriodFormat" time="0.001"/>
  <testcase name="test_getDefault_cached187" classname="org.joda.time.format.TestPeriodFormat" time="0.001"/>
  <testcase name="testSubclassableConstructor654" classname="org.joda.time.format.TestPeriodFormat" time="0"/>
  <testcase name="test_wordBased_nl_parseTwoFields504" classname="org.joda.time.format.TestPeriodFormat" time="0.002"/>
  <testcase name="test_wordBased_fr_formatStandard1373" classname="org.joda.time.format.TestPeriodFormat" time="0.001"/>
  <testcase name="test_wordBased_default1380" classname="org.joda.time.format.TestPeriodFormat" time="0.001"/>
  <testcase name="test_getDefault_checkRedundantSeparator1767" classname="org.joda.time.format.TestPeriodFormat" time="0.001"/>
  <testcase name="test_wordBased_es_parseTwoFields617" classname="org.joda.time.format.TestPeriodFormat" time="0.001"/>
  <testcase name="test_wordBased_nl_formatStandard57" classname="org.joda.time.format.TestPeriodFormat" time="0.001"/>
  <testcase name="testFormatAlternateExtendedWithWeeks1318" classname="org.joda.time.format.TestISOPeriodFormat" time="0.001"/>
  <testcase name="testFormatStandard_negative421" classname="org.joda.time.format.TestISOPeriodFormat" time="0.001"/>
  <testcase name="testSubclassableConstructor426" classname="org.joda.time.format.TestISOPeriodFormat" time="0.001"/>
  <testcase name="testFormatAlternateWithWeeks501" classname="org.joda.time.format.TestISOPeriodFormat" time="0.001"/>
  <testcase name="testFormatAlternateExtended726" classname="org.joda.time.format.TestISOPeriodFormat" time="0.001"/>
  <testcase name="testFormatAlternate764" classname="org.joda.time.format.TestISOPeriodFormat" time="0"/>
  <testcase name="testParseStandard4918" classname="org.joda.time.format.TestISOPeriodFormatParsing" time="0.001"/>
  <testcase name="testParseStandardFail11658" classname="org.joda.time.format.TestISOPeriodFormatParsing" time="0"/>
  <testcase name="testParseStandardFail31096" classname="org.joda.time.format.TestISOPeriodFormatParsing" time="0"/>
  <testcase name="warning" classname="junit.framework.TestSuite$1" time="0.004">
    <failure message="No tests found in org.joda.time.format.TestPeriodFormatParsing" type="junit.framework.AssertionFailedError">junit.framework.AssertionFailedError: No tests found in org.joda.time.format.TestPeriodFormatParsing
	at junit.framework.Assert.fail(Assert.java:47)
	at junit.framework.TestSuite$1.runTest(TestSuite.java:90)
	at junit.framework.TestCase.runBare(TestCase.java:130)
	at junit.framework.TestResult$1.protect(TestResult.java:106)
	at junit.framework.TestResult.runProtected(TestResult.java:124)
	at junit.framework.TestResult.run(TestResult.java:109)
	at junit.framework.TestCase.run(TestCase.java:120)
	at junit.framework.TestSuite.runTest(TestSuite.java:230)
	at junit.framework.TestSuite.run(TestSuite.java:225)
	at junit.framework.TestSuite.runTest(TestSuite.java:230)
	at junit.framework.TestSuite.run(TestSuite.java:225)
	at junit.framework.TestSuite.runTest(TestSuite.java:230)
	at junit.framework.TestSuite.run(TestSuite.java:225)
	at sun.reflect.NativeMethodAccessorImpl.invoke0(Native Method)
	at sun.reflect.NativeMethodAccessorImpl.invoke(NativeMethodAccessorImpl.java:62)
	at sun.reflect.DelegatingMethodAccessorImpl.invoke(DelegatingMethodAccessorImpl.java:43)
	at java.lang.reflect.Method.invoke(Method.java:498)
	at org.apache.maven.surefire.junit.JUnitTestSet.execute(JUnitTestSet.java:95)
	at org.apache.maven.surefire.junit.JUnit3Provider.executeTestSet(JUnit3Provider.java:131)
	at org.apache.maven.surefire.junit.JUnit3Provider.invoke(JUnit3Provider.java:108)
	at org.apache.maven.surefire.booter.ForkedBooter.invokeProviderInSameClassLoader(ForkedBooter.java:200)
	at org.apache.maven.surefire.booter.ForkedBooter.runSuitesInProcess(ForkedBooter.java:153)
	at org.apache.maven.surefire.booter.ForkedBooter.main(ForkedBooter.java:103)
</failure>
  </testcase>
  <testcase name="testFormatAppend_PrinterParser_Printer_null_null_Parser183" classname="org.joda.time.format.TestPeriodFormatterBuilder" time="0"/>
  <testcase name="testFormatSeparatorComplex331" classname="org.joda.time.format.TestPeriodFormatterBuilder" time="0.003"/>
  <testcase name="testFormatSecondsWithMillis537" classname="org.joda.time.format.TestPeriodFormatterBuilder" time="0"/>
  <testcase name="testFormatSeparatorSimple309" classname="org.joda.time.format.TestPeriodFormatterBuilder" time="0"/>
  <testcase name="testFormatSuffixSimple2326" classname="org.joda.time.format.TestPeriodFormatterBuilder" time="0"/>
  <testcase name="testFormatPrefixSimple3722" classname="org.joda.time.format.TestPeriodFormatterBuilder" time="0"/>
  <testcase name="testFormatSuffixPlural2103" classname="org.joda.time.format.TestPeriodFormatterBuilder" time="0.001"/>
  <testcase name="testFormatPrintZeroAlways129" classname="org.joda.time.format.TestPeriodFormatterBuilder" time="0"/>
  <testcase name="testFormatPrintZeroRarelyFirstSeconds196" classname="org.joda.time.format.TestPeriodFormatterBuilder" time="0.001"/>
  <testcase name="testFormatPrintZeroRarelyFirst621" classname="org.joda.time.format.TestPeriodFormatterBuilder" time="0.001"/>
  <testcase name="testFormatSuffixSimple3177" classname="org.joda.time.format.TestPeriodFormatterBuilder" time="0"/>
  <testcase name="testFormatAppend_PrinterParser_PrinterParser140" classname="org.joda.time.format.TestPeriodFormatterBuilder" time="0"/>
  <testcase name="testFormatPrefixPlural31741" classname="org.joda.time.format.TestPeriodFormatterBuilder" time="0.001"/>
  <testcase name="testFormatAppend_PrinterParserThenClear1756" classname="org.joda.time.format.TestPeriodFormatterBuilder" time="0"/>
  <testcase name="testFormatAppend_PrinterParser_null_null1769" classname="org.joda.time.format.TestPeriodFormatterBuilder" time="0"/>
  <testcase name="testFormatAppend_PrinterParser_null_Parser662" classname="org.joda.time.format.TestPeriodFormatterBuilder" time="0.001"/>
  <testcase name="testFormatPrintZeroIfSupported966" classname="org.joda.time.format.TestPeriodFormatterBuilder" time="0"/>
  <testcase name="testFormatPrintZeroRarelyLast864" classname="org.joda.time.format.TestPeriodFormatterBuilder" time="0.001"/>
  <testcase name="testFormatMinDigits946" classname="org.joda.time.format.TestPeriodFormatterBuilder" time="0"/>
  <testcase name="testFormatPrintZeroRarelyFirstMinutes974" classname="org.joda.time.format.TestPeriodFormatterBuilder" time="0.001"/>
  <testcase name="testFormatSeparatorIfFieldsBefore1018" classname="org.joda.time.format.TestPeriodFormatterBuilder" time="0"/>
  <testcase name="testFormatMillis3Digit1121" classname="org.joda.time.format.TestPeriodFormatterBuilder" time="0"/>
  <testcase name="testFormatMillis1247" classname="org.joda.time.format.TestPeriodFormatterBuilder" time="0.001"/>
  <testcase name="testFormatPrintZeroNever1412" classname="org.joda.time.format.TestPeriodFormatterBuilder" time="0"/>
  <testcase name="testFormatSuffixPlural31414" classname="org.joda.time.format.TestPeriodFormatterBuilder" time="0"/>
  <testcase name="testFormatAppend_PrinterParser_Printer_null1465" classname="org.joda.time.format.TestPeriodFormatterBuilder" time="0.001"/>
  <testcase name="testFormatSuffixPlural41505" classname="org.joda.time.format.TestPeriodFormatterBuilder" time="0"/>
  <testcase name="testFormatPrefixPlural21507" classname="org.joda.time.format.TestPeriodFormatterBuilder" time="0.001"/>
  <testcase name="testFormatSecondsWithOptionalMillis1734" classname="org.joda.time.format.TestPeriodFormatterBuilder" time="0.001"/>
  <testcase name="testFormatSeparatorIfFieldsAfter185" classname="org.joda.time.format.TestPeriodFormatterBuilder" time="0"/>
  <testcase name="warning" classname="junit.framework.TestSuite$1" time="0.001">
    <failure message="No tests found in org.joda.time.format.TestTextFields" type="junit.framework.AssertionFailedError">junit.framework.AssertionFailedError: No tests found in org.joda.time.format.TestTextFields
	at junit.framework.Assert.fail(Assert.java:47)
	at junit.framework.TestSuite$1.runTest(TestSuite.java:90)
	at junit.framework.TestCase.runBare(TestCase.java:130)
	at junit.framework.TestResult$1.protect(TestResult.java:106)
	at junit.framework.TestResult.runProtected(TestResult.java:124)
	at junit.framework.TestResult.run(TestResult.java:109)
	at junit.framework.TestCase.run(TestCase.java:120)
	at junit.framework.TestSuite.runTest(TestSuite.java:230)
	at junit.framework.TestSuite.run(TestSuite.java:225)
	at junit.framework.TestSuite.runTest(TestSuite.java:230)
	at junit.framework.TestSuite.run(TestSuite.java:225)
	at junit.framework.TestSuite.runTest(TestSuite.java:230)
	at junit.framework.TestSuite.run(TestSuite.java:225)
	at sun.reflect.NativeMethodAccessorImpl.invoke0(Native Method)
	at sun.reflect.NativeMethodAccessorImpl.invoke(NativeMethodAccessorImpl.java:62)
	at sun.reflect.DelegatingMethodAccessorImpl.invoke(DelegatingMethodAccessorImpl.java:43)
	at java.lang.reflect.Method.invoke(Method.java:498)
	at org.apache.maven.surefire.junit.JUnitTestSet.execute(JUnitTestSet.java:95)
	at org.apache.maven.surefire.junit.JUnit3Provider.executeTestSet(JUnit3Provider.java:131)
	at org.apache.maven.surefire.junit.JUnit3Provider.invoke(JUnit3Provider.java:108)
	at org.apache.maven.surefire.booter.ForkedBooter.invokeProviderInSameClassLoader(ForkedBooter.java:200)
	at org.apache.maven.surefire.booter.ForkedBooter.runSuitesInProcess(ForkedBooter.java:153)
	at org.apache.maven.surefire.booter.ForkedBooter.main(ForkedBooter.java:103)
</failure>
  </testcase>
  <testcase name="testGetZone_String20" classname="org.joda.time.tz.TestUTCProvider" time="0"/>
  <testcase name="testGetAvailableIDs1322" classname="org.joda.time.tz.TestUTCProvider" time="0"/>
  <testcase name="testID268" classname="org.joda.time.tz.TestBuilder" time="0.011"/>
  <testcase name="testFixed257" classname="org.joda.time.tz.TestBuilder" time="0"/>
  <testcase name="test_2400_last17" classname="org.joda.time.tz.TestCompiler" time="0.003"/>
  <testcase name="test_2400_fromDay222" classname="org.joda.time.tz.TestCompiler" time="0"/>
  <testcase name="test_Amman_20061477" classname="org.joda.time.tz.TestCompiler" time="0.001"/>
  <testcase name="testSerialization86" classname="org.joda.time.tz.TestCachedDateTimeZone" time="0.002"/>
  <testcase name="testEquals1214" classname="org.joda.time.tz.TestFixedDateTimeZone" time="0"/>
  <testcase name="testToTimeZone11723" classname="org.joda.time.tz.TestFixedDateTimeZone" time="0"/>
  <testcase name="testHashCode239" classname="org.joda.time.tz.TestFixedDateTimeZone" time="0"/>
  <testcase name="testToTimeZone21623" classname="org.joda.time.tz.TestFixedDateTimeZone" time="0"/>
</testsuite>