<?xml version="1.0" encoding="UTF-8"?>
<testsuite name="org.joda.time.TestAllPackages" time="10.133" tests="1473" errors="0" skipped="0" failures="1">
  <properties>
    <property name="java.runtime.name" value="OpenJDK Runtime Environment"/>
    <property name="sun.boot.library.path" value="/usr/lib/jvm/java-8-openjdk-amd64/jre/lib/amd64"/>
    <property name="java.vm.version" value="25.352-b08"/>
    <property name="java.vm.vendor" value="Private Build"/>
    <property name="maven.multiModuleProjectDirectory" value="/home/sepehr/masters/test_generation/model_generated_coverage/Time1f_train_3"/>
    <property name="java.vendor.url" value="http://java.oracle.com/"/>
    <property name="path.separator" value=":"/>
    <property name="guice.disable.misplaced.annotation.check" value="true"/>
    <property name="java.vm.name" value="OpenJDK 64-Bit Server VM"/>
    <property name="file.encoding.pkg" value="sun.io"/>
    <property name="user.country" value="US"/>
    <property name="sun.java.launcher" value="SUN_STANDARD"/>
    <property name="sun.os.patch.level" value="unknown"/>
    <property name="java.vm.specification.name" value="Java Virtual Machine Specification"/>
    <property name="user.dir" value="/home/sepehr/masters/test_generation/model_generated_coverage/Time1f_train_3"/>
    <property name="java.runtime.version" value="1.8.0_352-8u352-ga-1~20.04-b08"/>
    <property name="java.awt.graphicsenv" value="sun.awt.X11GraphicsEnvironment"/>
    <property name="java.endorsed.dirs" value="/usr/lib/jvm/java-8-openjdk-amd64/jre/lib/endorsed"/>
    <property name="os.arch" value="amd64"/>
    <property name="java.io.tmpdir" value="/tmp"/>
    <property name="line.separator" value="&#10;"/>
    <property name="java.vm.specification.vendor" value="Oracle Corporation"/>
    <property name="org.joda.time.DateTimeZone.Provider" value="org.joda.time.tz.UTCProvider"/>
    <property name="os.name" value="Linux"/>
    <property name="classworlds.conf" value="/usr/share/maven/bin/m2.conf"/>
    <property name="sun.jnu.encoding" value="UTF-8"/>
    <property name="java.library.path" value="/usr/java/packages/lib/amd64:/usr/lib/x86_64-linux-gnu/jni:/lib/x86_64-linux-gnu:/usr/lib/x86_64-linux-gnu:/usr/lib/jni:/lib:/usr/lib"/>
    <property name="maven.conf" value="/usr/share/maven/conf"/>
    <property name="java.specification.name" value="Java Platform API Specification"/>
    <property name="java.class.version" value="52.0"/>
    <property name="sun.management.compiler" value="HotSpot 64-Bit Tiered Compilers"/>
    <property name="skipTests" value="false"/>
    <property name="os.version" value="5.15.0-58-generic"/>
    <property name="library.jansi.path" value="/usr/share/maven/lib/jansi-native"/>
    <property name="user.home" value="/home/sepehr"/>
    <property name="user.timezone" value="America/Edmonton"/>
    <property name="java.awt.printerjob" value="sun.print.PSPrinterJob"/>
    <property name="testFailureIgnore" value="true"/>
    <property name="java.specification.version" value="1.8"/>
    <property name="file.encoding" value="UTF-8"/>
    <property name="user.name" value="sepehr"/>
    <property name="java.class.path" value="/usr/share/maven/boot/plexus-classworlds-2.x.jar"/>
    <property name="java.vm.specification.version" value="1.8"/>
    <property name="sun.arch.data.model" value="64"/>
    <property name="java.home" value="/usr/lib/jvm/java-8-openjdk-amd64/jre"/>
    <property name="sun.java.command" value="org.codehaus.plexus.classworlds.launcher.Launcher clean clover:setup test clover:aggregate clover:clover -DskipTests=false -DtestFailureIgnore=true -fail-never"/>
    <property name="java.specification.vendor" value="Oracle Corporation"/>
    <property name="user.language" value="en"/>
    <property name="awt.toolkit" value="sun.awt.X11.XToolkit"/>
    <property name="java.vm.info" value="mixed mode"/>
    <property name="java.version" value="1.8.0_352"/>
    <property name="java.ext.dirs" value="/usr/lib/jvm/java-8-openjdk-amd64/jre/lib/ext:/usr/java/packages/lib/ext"/>
    <property name="securerandom.source" value="file:/dev/./urandom"/>
    <property name="sun.boot.class.path" value="/usr/lib/jvm/java-8-openjdk-amd64/jre/lib/resources.jar:/usr/lib/jvm/java-8-openjdk-amd64/jre/lib/rt.jar:/usr/lib/jvm/java-8-openjdk-amd64/jre/lib/sunrsasign.jar:/usr/lib/jvm/java-8-openjdk-amd64/jre/lib/jsse.jar:/usr/lib/jvm/java-8-openjdk-amd64/jre/lib/jce.jar:/usr/lib/jvm/java-8-openjdk-amd64/jre/lib/charsets.jar:/usr/lib/jvm/java-8-openjdk-amd64/jre/lib/jfr.jar:/usr/lib/jvm/java-8-openjdk-amd64/jre/classes"/>
    <property name="java.vendor" value="Private Build"/>
    <property name="java.specification.maintenance.version" value="4"/>
    <property name="maven.home" value="/usr/share/maven"/>
    <property name="file.separator" value="/"/>
    <property name="java.vendor.url.bug" value="http://bugreport.sun.com/bugreport/"/>
    <property name="sun.cpu.endian" value="little"/>
    <property name="sun.io.unicode.encoding" value="UnicodeLittle"/>
    <property name="sun.desktop" value="gnome"/>
    <property name="sun.cpu.isalist" value=""/>
  </properties>
  <testcase name="testTest884" classname="org.joda.time.TestChronology" time="0.018"/>
  <testcase name="testEqualsHashCode_Zoned933" classname="org.joda.time.TestChronology" time="0.001"/>
  <testcase name="testToString514" classname="org.joda.time.TestChronology" time="0.004"/>
  <testcase name="testEqualsHashCode_ISO301" classname="org.joda.time.TestChronology" time="0.001"/>
  <testcase name="testEqualsHashCode_Limit540" classname="org.joda.time.TestChronology" time="0.001"/>
  <testcase name="test_dayOfYear1375" classname="org.joda.time.TestDateTimeFieldType" time="0.05"/>
  <testcase name="test_monthOfYear1376" classname="org.joda.time.TestDateTimeFieldType" time="0.001"/>
  <testcase name="test_weekyearOfCentury1377" classname="org.joda.time.TestDateTimeFieldType" time="0.001"/>
  <testcase name="test_weekyear1378" classname="org.joda.time.TestDateTimeFieldType" time="0"/>
  <testcase name="test_weekOfWeekyear1379" classname="org.joda.time.TestDateTimeFieldType" time="0"/>
  <testcase name="test_dayOfWeek1380" classname="org.joda.time.TestDateTimeFieldType" time="0"/>
  <testcase name="test_halfdayOfDay1381" classname="org.joda.time.TestDateTimeFieldType" time="0.001"/>
  <testcase name="test_hourOfHalfday1382" classname="org.joda.time.TestDateTimeFieldType" time="0.001"/>
  <testcase name="test_yearOfCentury1370" classname="org.joda.time.TestDateTimeFieldType" time="0.001"/>
  <testcase name="test_era1372" classname="org.joda.time.TestDateTimeFieldType" time="0.001"/>
  <testcase name="test_centuryOfEra1371" classname="org.joda.time.TestDateTimeFieldType" time="0.001"/>
  <testcase name="test_year1374" classname="org.joda.time.TestDateTimeFieldType" time="0"/>
  <testcase name="test_hourOfDay1384" classname="org.joda.time.TestDateTimeFieldType" time="0.001"/>
  <testcase name="test_secondOfDay1385" classname="org.joda.time.TestDateTimeFieldType" time="0.001"/>
  <testcase name="test_secondOfMinute1386" classname="org.joda.time.TestDateTimeFieldType" time="0.001"/>
  <testcase name="test_millisOfDay1387" classname="org.joda.time.TestDateTimeFieldType" time="0.001"/>
  <testcase name="test_millisOfSecond1388" classname="org.joda.time.TestDateTimeFieldType" time="0.001"/>
  <testcase name="test_yearOfEra1373" classname="org.joda.time.TestDateTimeFieldType" time="0"/>
  <testcase name="test_eras987" classname="org.joda.time.TestDurationFieldType" time="0.001"/>
  <testcase name="test_weeks985" classname="org.joda.time.TestDurationFieldType" time="0.001"/>
  <testcase name="test_months990" classname="org.joda.time.TestDurationFieldType" time="0"/>
  <testcase name="test_years989" classname="org.joda.time.TestDurationFieldType" time="0.001"/>
  <testcase name="test_days991" classname="org.joda.time.TestDurationFieldType" time="0.001"/>
  <testcase name="test_halfdays992" classname="org.joda.time.TestDurationFieldType" time="0.001"/>
  <testcase name="test_hours993" classname="org.joda.time.TestDurationFieldType" time="0.001"/>
  <testcase name="test_seconds994" classname="org.joda.time.TestDurationFieldType" time="0.001"/>
  <testcase name="test_centuries986" classname="org.joda.time.TestDurationFieldType" time="0.001"/>
  <testcase name="test_weekyears988" classname="org.joda.time.TestDurationFieldType" time="0.001"/>
  <testcase name="testConstructor_nullObject696" classname="org.joda.time.TestInstant_Constructors" time="0.007"/>
  <testcase name="test_now692" classname="org.joda.time.TestInstant_Constructors" time="0.001"/>
  <testcase name="testParse_noFormatter693" classname="org.joda.time.TestInstant_Constructors" time="0.003"/>
  <testcase name="testToMutableDateTimeISO702" classname="org.joda.time.TestInstant_Basics" time="0.003"/>
  <testcase name="testIsBeforeNow1410" classname="org.joda.time.TestInstant_Basics" time="0"/>
  <testcase name="testIsEqualNow1411" classname="org.joda.time.TestInstant_Basics" time="0.001"/>
  <testcase name="testIsEqual_RI1412" classname="org.joda.time.TestInstant_Basics" time="0.001"/>
  <testcase name="testGet_DateTimeFieldType694" classname="org.joda.time.TestInstant_Basics" time="0"/>
  <testcase name="testToInstant697" classname="org.joda.time.TestInstant_Basics" time="0"/>
  <testcase name="testToMutableDateTime_Chronology1408" classname="org.joda.time.TestInstant_Basics" time="0.001"/>
  <testcase name="testWithDurationAdded_long_int698" classname="org.joda.time.TestInstant_Basics" time="0"/>
  <testcase name="testToDateTime_DateTimeZone695" classname="org.joda.time.TestInstant_Basics" time="0.001"/>
  <testcase name="testMinus_long700" classname="org.joda.time.TestInstant_Basics" time="0"/>
  <testcase name="testToDateTime701" classname="org.joda.time.TestInstant_Basics" time="0.001"/>
  <testcase name="testPlus_RD699" classname="org.joda.time.TestInstant_Basics" time="0.002"/>
  <testcase name="testParse_formatter569" classname="org.joda.time.TestDateTime_Constructors" time="0.003"/>
  <testcase name="test_now_nullChronology567" classname="org.joda.time.TestDateTime_Constructors" time="0.001"/>
  <testcase name="testConstructor_int_int_int_int_int_int576" classname="org.joda.time.TestDateTime_Constructors" time="0.001"/>
  <testcase name="test_now_DateTimeZone565" classname="org.joda.time.TestDateTime_Constructors" time="0.001"/>
  <testcase name="test_now_Chronology566" classname="org.joda.time.TestDateTime_Constructors" time="0"/>
  <testcase name="testConstructor_Object_nullChronology574" classname="org.joda.time.TestDateTime_Constructors" time="0.001"/>
  <testcase name="testConstructor_nullObject572" classname="org.joda.time.TestDateTime_Constructors" time="0.001"/>
  <testcase name="testConstructor_Chronology570" classname="org.joda.time.TestDateTime_Constructors" time="0"/>
  <testcase name="testConstructor_int_int_int_int_int_int_Chronology578" classname="org.joda.time.TestDateTime_Constructors" time="0.001"/>
  <testcase name="testConstructor_int_int_int_int_int_Chronology575" classname="org.joda.time.TestDateTime_Constructors" time="0.001"/>
  <testcase name="testConstructor_long_nullDateTimeZone571" classname="org.joda.time.TestDateTime_Constructors" time="0"/>
  <testcase name="testConstructor_Object_Chronology133" classname="org.joda.time.TestDateTime_Constructors" time="0.001"/>
  <testcase name="testWithTime_int_int_int584" classname="org.joda.time.TestDateTime_Basics" time="0.001"/>
  <testcase name="testWithFields_RPartial585" classname="org.joda.time.TestDateTime_Basics" time="0.003"/>
  <testcase name="testWithField2586" classname="org.joda.time.TestDateTime_Basics" time="0.001"/>
  <testcase name="testWithFieldAdded2587" classname="org.joda.time.TestDateTime_Basics" time="0.001"/>
  <testcase name="testToDateTime_Chronology582" classname="org.joda.time.TestDateTime_Basics" time="0.001"/>
  <testcase name="testWithDate_int_int_int583" classname="org.joda.time.TestDateTime_Basics" time="0"/>
  <testcase name="testWithFieldAdded4588" classname="org.joda.time.TestDateTime_Basics" time="0.001"/>
  <testcase name="testWithFieldAdded1589" classname="org.joda.time.TestDateTime_Basics" time="0.001"/>
  <testcase name="testWithDurationAdded_RD_int590" classname="org.joda.time.TestDateTime_Basics" time="0"/>
  <testcase name="testPlusMonths_int594" classname="org.joda.time.TestDateTime_Basics" time="0.001"/>
  <testcase name="testPlusDays_int596" classname="org.joda.time.TestDateTime_Basics" time="0.001"/>
  <testcase name="testPlusMillis_int598" classname="org.joda.time.TestDateTime_Basics" time="0.001"/>
  <testcase name="testMinus_long599" classname="org.joda.time.TestDateTime_Basics" time="0"/>
  <testcase name="testMinusMonths_int600" classname="org.joda.time.TestDateTime_Basics" time="0.001"/>
  <testcase name="testMinusWeeks_int601" classname="org.joda.time.TestDateTime_Basics" time="0.001"/>
  <testcase name="testMinusDays_int602" classname="org.joda.time.TestDateTime_Basics" time="0.001"/>
  <testcase name="testMinusHours_int604" classname="org.joda.time.TestDateTime_Basics" time="0.001"/>
  <testcase name="testMinusMinutes_int605" classname="org.joda.time.TestDateTime_Basics" time="0.001"/>
  <testcase name="testMinusSeconds_int606" classname="org.joda.time.TestDateTime_Basics" time="0.001"/>
  <testcase name="testPlus_long593" classname="org.joda.time.TestDateTime_Basics" time="0"/>
  <testcase name="testWithDurationAdded_long_int591" classname="org.joda.time.TestDateTime_Basics" time="0.001"/>
  <testcase name="testPlus_RP592" classname="org.joda.time.TestDateTime_Basics" time="0.001"/>
  <testcase name="testPlusYears_int151" classname="org.joda.time.TestDateTime_Basics" time="0"/>
  <testcase name="testWithers410" classname="org.joda.time.TestDateTime_Basics" time="0.002"/>
  <testcase name="testToDateTimeISO580" classname="org.joda.time.TestDateTime_Basics" time="0.001"/>
  <testcase name="testToDateTime_DateTimeZone581" classname="org.joda.time.TestDateTime_Basics" time="0.001"/>
  <testcase name="testMinusMillis_int607" classname="org.joda.time.TestDateTime_Basics" time="0.001"/>
  <testcase name="testToTimeOfDay609" classname="org.joda.time.TestDateTime_Basics" time="0.002"/>
  <testcase name="testToLocalDateTime610" classname="org.joda.time.TestDateTime_Basics" time="0.003"/>
  <testcase name="testToLocalTime611" classname="org.joda.time.TestDateTime_Basics" time="0.002"/>
  <testcase name="testToString_String_Locale1402" classname="org.joda.time.TestDateTime_Basics" time="0.008"/>
  <testcase name="testToInstant1405" classname="org.joda.time.TestDateTime_Basics" time="0.001"/>
  <testcase name="testToMutableDateTime_DateTimeZone1407" classname="org.joda.time.TestDateTime_Basics" time="0"/>
  <testcase name="testToString_DTFormatter1413" classname="org.joda.time.TestDateTime_Basics" time="0.002"/>
  <testcase name="testProperty608" classname="org.joda.time.TestDateTime_Basics" time="0.003"/>
  <testcase name="testPropertyAddLongDayOfWeek623" classname="org.joda.time.TestDateTime_Properties" time="0.001"/>
  <testcase name="testPropertyGetMaxMinValuesDayOfYear917" classname="org.joda.time.TestDateTime_Properties" time="0.001"/>
  <testcase name="testPropertyWithMaximumValueDayOfMonth918" classname="org.joda.time.TestDateTime_Properties" time="0.001"/>
  <testcase name="testPropertyToIntervalMillisOfSecond935" classname="org.joda.time.TestDateTime_Properties" time="0.003"/>
  <testcase name="testPropertyLeapYear937" classname="org.joda.time.TestDateTime_Properties" time="0.001"/>
  <testcase name="testPropertyRoundHalfEvenHourOfDay634" classname="org.joda.time.TestDateTime_Properties" time="0.002"/>
  <testcase name="testPropertyGetMonthOfYear516" classname="org.joda.time.TestDateTime_Properties" time="0.001"/>
  <testcase name="testPropertyGetWeekyear620" classname="org.joda.time.TestDateTime_Properties" time="0"/>
  <testcase name="testPropertyToIntervalYearOfEra618" classname="org.joda.time.TestDateTime_Properties" time="0.002"/>
  <testcase name="testPropertyRoundHalfCeilingHourOfDay633" classname="org.joda.time.TestDateTime_Properties" time="0.001"/>
  <testcase name="testPropertyGetMinuteOfDay624" classname="org.joda.time.TestDateTime_Properties" time="0.001"/>
  <testcase name="testPropertyGetSecondOfDay625" classname="org.joda.time.TestDateTime_Properties" time="0"/>
  <testcase name="testPropertyGetHourOfDay627" classname="org.joda.time.TestDateTime_Properties" time="0"/>
  <testcase name="testPropertyAddMonthOfYear628" classname="org.joda.time.TestDateTime_Properties" time="0.002"/>
  <testcase name="testPropertySetTextDayOfMonth629" classname="org.joda.time.TestDateTime_Properties" time="0.001"/>
  <testcase name="testPropertyAddDayOfMonth819" classname="org.joda.time.TestDateTime_Properties" time="0.002"/>
  <testcase name="testPropertyGetDifferenceHourOfDay915" classname="org.joda.time.TestDateTime_Properties" time="0.001"/>
  <testcase name="testPropertyLeapMonthOfYear916" classname="org.joda.time.TestDateTime_Properties" time="0.009"/>
  <testcase name="testPropertyWithMaximumValueMillisOfDayDSTGap630" classname="org.joda.time.TestDateTime_Properties" time="0.002"/>
  <testcase name="testPropertyGetCenturyOfEra616" classname="org.joda.time.TestDateTime_Properties" time="0.001"/>
  <testcase name="testPropertyGetYearOfCentury617" classname="org.joda.time.TestDateTime_Properties" time="0.001"/>
  <testcase name="testPropertySetYear619" classname="org.joda.time.TestDateTime_Properties" time="0.001"/>
  <testcase name="testPropertyCompareToDayOfYear622" classname="org.joda.time.TestDateTime_Properties" time="0"/>
  <testcase name="testPropertyRoundHalfFloorHourOfDay632" classname="org.joda.time.TestDateTime_Properties" time="0.001"/>
  <testcase name="testPropertyAddWrapFieldYear273" classname="org.joda.time.TestDateTime_Properties" time="0.001"/>
  <testcase name="testConstructor1000" classname="org.joda.time.TestMutableDateTime_Constructors" time="0"/>
  <testcase name="testConstructor_badconverterObject_DateTimeZone1006" classname="org.joda.time.TestMutableDateTime_Constructors" time="0.001"/>
  <testcase name="testParse_noFormatter999" classname="org.joda.time.TestMutableDateTime_Constructors" time="0.002"/>
  <testcase name="test_now_nullChronology997" classname="org.joda.time.TestMutableDateTime_Constructors" time="0.001"/>
  <testcase name="test_now_Chronology998" classname="org.joda.time.TestMutableDateTime_Constructors" time="0"/>
  <testcase name="test_now995" classname="org.joda.time.TestMutableDateTime_Constructors" time="0.001"/>
  <testcase name="test_now_DateTimeZone996" classname="org.joda.time.TestMutableDateTime_Constructors" time="0.001"/>
  <testcase name="testConstructor_nullObject_nullDateTimeZone131" classname="org.joda.time.TestMutableDateTime_Constructors" time="0"/>
  <testcase name="testConstructor_nullObject1005" classname="org.joda.time.TestMutableDateTime_Constructors" time="0.001"/>
  <testcase name="testConstructor_DateTimeZone1001" classname="org.joda.time.TestMutableDateTime_Constructors" time="0"/>
  <testcase name="testConstructor_Chronology1002" classname="org.joda.time.TestMutableDateTime_Constructors" time="0"/>
  <testcase name="testRounding8939" classname="org.joda.time.TestMutableDateTime_Basics" time="0.001"/>
  <testcase name="testCompareTo1409" classname="org.joda.time.TestMutableDateTime_Basics" time="0.001"/>
  <testcase name="testClone1060" classname="org.joda.time.TestMutableDateTime_Basics" time="0.001"/>
  <testcase name="testCopy1059" classname="org.joda.time.TestMutableDateTime_Basics" time="0"/>
  <testcase name="testToString_String542" classname="org.joda.time.TestMutableDateTime_Basics" time="0.001"/>
  <testcase name="testToString_String_String543" classname="org.joda.time.TestMutableDateTime_Basics" time="0.001"/>
  <testcase name="testToDateTime_DateTimeZone1003" classname="org.joda.time.TestMutableDateTime_Basics" time="0.001"/>
  <testcase name="testRounding71008" classname="org.joda.time.TestMutableDateTime_Basics" time="0"/>
  <testcase name="testProperty1044" classname="org.joda.time.TestMutableDateTime_Basics" time="0.002"/>
  <testcase name="testSetDayOfYear_int2451" classname="org.joda.time.TestMutableDateTime_Sets" time="0.001"/>
  <testcase name="testSetZoneRetainFields_DateTimeZone31004" classname="org.joda.time.TestMutableDateTime_Sets" time="0.001"/>
  <testcase name="testSetTime_int_int_int2932" classname="org.joda.time.TestMutableDateTime_Sets" time="0.001"/>
  <testcase name="testSetZoneRetainFields_DateTimeZone1908" classname="org.joda.time.TestMutableDateTime_Sets" time="0"/>
  <testcase name="testSetWeekyear_int11020" classname="org.joda.time.TestMutableDateTime_Sets" time="0.001"/>
  <testcase name="testSetWeekOfWeekyear_int21024" classname="org.joda.time.TestMutableDateTime_Sets" time="0.001"/>
  <testcase name="testSetDayOfYear_int_dstOverlapWinter_addZero1027" classname="org.joda.time.TestMutableDateTime_Sets" time="0.002"/>
  <testcase name="testSetZone_DateTimeZone11014" classname="org.joda.time.TestMutableDateTime_Sets" time="0.001"/>
  <testcase name="testSet_DateTimeFieldType_int31016" classname="org.joda.time.TestMutableDateTime_Sets" time="0"/>
  <testcase name="testSetDayOfMonth_int_dstOverlapWinter_addZero1028" classname="org.joda.time.TestMutableDateTime_Sets" time="0.001"/>
  <testcase name="testSetHourOfDay_int21031" classname="org.joda.time.TestMutableDateTime_Sets" time="0.001"/>
  <testcase name="testSetMinuteOfDay_int11032" classname="org.joda.time.TestMutableDateTime_Sets" time="0.001"/>
  <testcase name="testSetYear_int11018" classname="org.joda.time.TestMutableDateTime_Sets" time="0.001"/>
  <testcase name="testSetSecondOfDay_int11034" classname="org.joda.time.TestMutableDateTime_Sets" time="0.001"/>
  <testcase name="testSetMilliOfDay_int21036" classname="org.joda.time.TestMutableDateTime_Sets" time="0"/>
  <testcase name="testSetMilliOfSecond_int21037" classname="org.joda.time.TestMutableDateTime_Sets" time="0"/>
  <testcase name="testSetDate_RI_same1040" classname="org.joda.time.TestMutableDateTime_Sets" time="0.002"/>
  <testcase name="testSetDate_int_int_int21041" classname="org.joda.time.TestMutableDateTime_Sets" time="0"/>
  <testcase name="testSetTime_RI11042" classname="org.joda.time.TestMutableDateTime_Sets" time="0.001"/>
  <testcase name="testSetDate_int_int_int1931" classname="org.joda.time.TestMutableDateTime_Sets" time="0.001"/>
  <testcase name="testSet_DateTimeFieldType_int21015" classname="org.joda.time.TestMutableDateTime_Sets" time="0"/>
  <testcase name="testSetMonthOfYear_int_dstOverlapSummer_addZero264" classname="org.joda.time.TestMutableDateTime_Sets" time="0.001"/>
  <testcase name="testSetTime_int_int_int_int11043" classname="org.joda.time.TestMutableDateTime_Sets" time="0.001"/>
  <testcase name="testAddMonths_int_dstOverlapSummer_addZero1022" classname="org.joda.time.TestMutableDateTime_Adds" time="0"/>
  <testcase name="testAdd_RP_int11013" classname="org.joda.time.TestMutableDateTime_Adds" time="0.001"/>
  <testcase name="testAddYears_int11019" classname="org.joda.time.TestMutableDateTime_Adds" time="0.001"/>
  <testcase name="testAddWeekyears_int11021" classname="org.joda.time.TestMutableDateTime_Adds" time="0.003"/>
  <testcase name="testAddMonths_int11023" classname="org.joda.time.TestMutableDateTime_Adds" time="0"/>
  <testcase name="testAddMillis_int_dstOverlapWinter_addZero1038" classname="org.joda.time.TestMutableDateTime_Adds" time="0"/>
  <testcase name="testAddMillis_int11039" classname="org.joda.time.TestMutableDateTime_Adds" time="0.001"/>
  <testcase name="testAddDays_int11030" classname="org.joda.time.TestMutableDateTime_Adds" time="0.001"/>
  <testcase name="testAddMinutes_int11033" classname="org.joda.time.TestMutableDateTime_Adds" time="0.001"/>
  <testcase name="testAddSeconds_int11035" classname="org.joda.time.TestMutableDateTime_Adds" time="0"/>
  <testcase name="testAddWeeks_int11026" classname="org.joda.time.TestMutableDateTime_Adds" time="0.002"/>
  <testcase name="testAddDays_int_dstOverlapSummer_addZero1029" classname="org.joda.time.TestMutableDateTime_Adds" time="0"/>
  <testcase name="testAdd_RP21012" classname="org.joda.time.TestMutableDateTime_Adds" time="0.001"/>
  <testcase name="testAdd_RD21010" classname="org.joda.time.TestMutableDateTime_Adds" time="0.001"/>
  <testcase name="testAddWeeks_int_dstOverlapSummer_addZero1025" classname="org.joda.time.TestMutableDateTime_Adds" time="0.001"/>
  <testcase name="testAdd_RD_int11011" classname="org.joda.time.TestMutableDateTime_Adds" time="0"/>
  <testcase name="testAdd_DurationFieldType_int31017" classname="org.joda.time.TestMutableDateTime_Adds" time="0.001"/>
  <testcase name="testAdd_long11009" classname="org.joda.time.TestMutableDateTime_Adds" time="0"/>
  <testcase name="testPropertyGetMinuteOfDay1054" classname="org.joda.time.TestMutableDateTime_Properties" time="0"/>
  <testcase name="testPropertyGetMinuteOfHour1055" classname="org.joda.time.TestMutableDateTime_Properties" time="0.001"/>
  <testcase name="testPropertyGetSecondOfDay1056" classname="org.joda.time.TestMutableDateTime_Properties" time="0.001"/>
  <testcase name="testPropertyGetMillisOfDay1057" classname="org.joda.time.TestMutableDateTime_Properties" time="0.001"/>
  <testcase name="testPropertyAddLongDayOfWeek1062" classname="org.joda.time.TestMutableDateTime_Properties" time="0.001"/>
  <testcase name="testPropertyGetEra1045" classname="org.joda.time.TestMutableDateTime_Properties" time="0.001"/>
  <testcase name="testPropertyRoundCeilingHourOfDay1065" classname="org.joda.time.TestMutableDateTime_Properties" time="0.001"/>
  <testcase name="testPropertyGetYearOfEra1048" classname="org.joda.time.TestMutableDateTime_Properties" time="0"/>
  <testcase name="testPropertySetTextYear1049" classname="org.joda.time.TestMutableDateTime_Properties" time="0.001"/>
  <testcase name="testPropertyRemainderHourOfDay270" classname="org.joda.time.TestMutableDateTime_Properties" time="0.001"/>
  <testcase name="testPropertyGetWeekyear1050" classname="org.joda.time.TestMutableDateTime_Properties" time="0"/>
  <testcase name="testPropertySetTextDayOfYear1051" classname="org.joda.time.TestMutableDateTime_Properties" time="0"/>
  <testcase name="testPropertySetDayOfMonth1052" classname="org.joda.time.TestMutableDateTime_Properties" time="0.001"/>
  <testcase name="testPropertySetDayOfWeek1053" classname="org.joda.time.TestMutableDateTime_Properties" time="0.001"/>
  <testcase name="testPropertyGetCenturyOfEra1046" classname="org.joda.time.TestMutableDateTime_Properties" time="0.001"/>
  <testcase name="testPropertyGetYearOfCentury1047" classname="org.joda.time.TestMutableDateTime_Properties" time="0.001"/>
  <testcase name="testPropertyGetMillisOfSecond1058" classname="org.joda.time.TestMutableDateTime_Properties" time="0.001"/>
  <testcase name="testPropertySetTextMonthOfYear1063" classname="org.joda.time.TestMutableDateTime_Properties" time="0.001"/>
  <testcase name="testPropertyRoundFloorHourOfDay1064" classname="org.joda.time.TestMutableDateTime_Properties" time="0.001"/>
  <testcase name="testPropertyAddWrapFieldMonthOfYear445" classname="org.joda.time.TestMutableDateTime_Properties" time="0.001"/>
  <testcase name="testPropertyGetDayOfWeek942" classname="org.joda.time.TestMutableDateTime_Properties" time="0"/>
  <testcase name="testPropertyRoundHalfFloorHourOfDay1066" classname="org.joda.time.TestMutableDateTime_Properties" time="0.001"/>
  <testcase name="testPropertyRoundHalfEvenHourOfDay1067" classname="org.joda.time.TestMutableDateTime_Properties" time="0.002"/>
  <testcase name="testPropertySetWeekOfWeekyear1234" classname="org.joda.time.TestMutableDateTime_Properties" time="0"/>
  <testcase name="test_now_DateTimeZone1434" classname="org.joda.time.TestDateMidnight_Constructors" time="0.001"/>
  <testcase name="test_now_nullChronology1435" classname="org.joda.time.TestDateMidnight_Constructors" time="0.001"/>
  <testcase name="testParse_formatter1436" classname="org.joda.time.TestDateMidnight_Constructors" time="0.001"/>
  <testcase name="testConstructor_nullObject1439" classname="org.joda.time.TestDateMidnight_Constructors" time="0"/>
  <testcase name="testConstructor_DateTimeZone906" classname="org.joda.time.TestDateMidnight_Constructors" time="0.001"/>
  <testcase name="testConstructor_int_int_int_Chronology461" classname="org.joda.time.TestDateMidnight_Constructors" time="0.001"/>
  <testcase name="testConstructor_nullChronology1438" classname="org.joda.time.TestDateMidnight_Constructors" time="0"/>
  <testcase name="testConstructor_nullDateTimeZone1437" classname="org.joda.time.TestDateMidnight_Constructors" time="0.001"/>
  <testcase name="test_now_nullDateTimeZone1433" classname="org.joda.time.TestDateMidnight_Constructors" time="0"/>
  <testcase name="test_now1432" classname="org.joda.time.TestDateMidnight_Constructors" time="0.002"/>
  <testcase name="testConstructor_Object_nullDateTimeZone907" classname="org.joda.time.TestDateMidnight_Constructors" time="0"/>
  <testcase name="testMinus_RD1450" classname="org.joda.time.TestDateMidnight_Basics" time="0"/>
  <testcase name="testMinusYears_int1452" classname="org.joda.time.TestDateMidnight_Basics" time="0.001"/>
  <testcase name="testMinusDays_int1453" classname="org.joda.time.TestDateMidnight_Basics" time="0.001"/>
  <testcase name="testToLocalDate1455" classname="org.joda.time.TestDateMidnight_Basics" time="0"/>
  <testcase name="testToInterval1456" classname="org.joda.time.TestDateMidnight_Basics" time="0.001"/>
  <testcase name="testPlus_RD467" classname="org.joda.time.TestDateMidnight_Basics" time="0"/>
  <testcase name="testPlus_RP1445" classname="org.joda.time.TestDateMidnight_Basics" time="0.001"/>
  <testcase name="testWithFieldAdded11444" classname="org.joda.time.TestDateMidnight_Basics" time="0.001"/>
  <testcase name="testPlus_long1446" classname="org.joda.time.TestDateMidnight_Basics" time="0.001"/>
  <testcase name="testPlusYears_int1447" classname="org.joda.time.TestDateMidnight_Basics" time="0.001"/>
  <testcase name="testPlusWeeks_int1448" classname="org.joda.time.TestDateMidnight_Basics" time="0"/>
  <testcase name="testPlusDays_int1449" classname="org.joda.time.TestDateMidnight_Basics" time="0"/>
  <testcase name="testWithField11442" classname="org.joda.time.TestDateMidnight_Basics" time="0.001"/>
  <testcase name="testWithFieldAdded21443" classname="org.joda.time.TestDateMidnight_Basics" time="0.001"/>
  <testcase name="testProperty1454" classname="org.joda.time.TestDateMidnight_Basics" time="0.001"/>
  <testcase name="testEqualsHashCode302" classname="org.joda.time.TestDateMidnight_Basics" time="0.001"/>
  <testcase name="testWithField21441" classname="org.joda.time.TestDateMidnight_Basics" time="0"/>
  <testcase name="testGet_DateTimeFieldType261" classname="org.joda.time.TestDateMidnight_Basics" time="0.001"/>
  <testcase name="testWithChronology_Chronology1440" classname="org.joda.time.TestDateMidnight_Basics" time="0.001"/>
  <testcase name="testMinus_RP1451" classname="org.joda.time.TestDateMidnight_Basics" time="0"/>
  <testcase name="testPropertyGetCenturyOfEra1415" classname="org.joda.time.TestDateMidnight_Properties" time="0"/>
  <testcase name="testPropertyToIntervalYearOfCentury1458" classname="org.joda.time.TestDateMidnight_Properties" time="0.001"/>
  <testcase name="testPropertyToIntervalYearOfEra1459" classname="org.joda.time.TestDateMidnight_Properties" time="0"/>
  <testcase name="testPropertyGetDayOfYear1460" classname="org.joda.time.TestDateMidnight_Properties" time="0.001"/>
  <testcase name="testPropertyAddLongMonthOfYear1465" classname="org.joda.time.TestDateMidnight_Properties" time="0.001"/>
  <testcase name="testPropertyWithMinimumValueDayOfMonth1466" classname="org.joda.time.TestDateMidnight_Properties" time="0"/>
  <testcase name="testPropertyRoundFloorMonthOfYear1467" classname="org.joda.time.TestDateMidnight_Properties" time="0.001"/>
  <testcase name="testPropertyRoundCeilingMonthOfYear1468" classname="org.joda.time.TestDateMidnight_Properties" time="0"/>
  <testcase name="testPropertyRoundHalfFloorMonthOfYear1469" classname="org.joda.time.TestDateMidnight_Properties" time="0.001"/>
  <testcase name="testPropertyRoundHalfCeilingMonthOfYear1470" classname="org.joda.time.TestDateMidnight_Properties" time="0.001"/>
  <testcase name="testPropertyGetEra1457" classname="org.joda.time.TestDateMidnight_Properties" time="0.001"/>
  <testcase name="testPropertySetTextMonthOfYear936" classname="org.joda.time.TestDateMidnight_Properties" time="0.001"/>
  <testcase name="testPropertyWithMaximumValueDayOfMonth1461" classname="org.joda.time.TestDateMidnight_Properties" time="0"/>
  <testcase name="testPropertyEqualsHashCodeStrict1463" classname="org.joda.time.TestDateMidnight_Properties" time="0.001"/>
  <testcase name="testPropertyAddMonthOfYear1464" classname="org.joda.time.TestDateMidnight_Properties" time="0"/>
  <testcase name="testPropertyGetDayOfWeek1404" classname="org.joda.time.TestDateMidnight_Properties" time="0.001"/>
  <testcase name="testFactory_standardMinutes_long230" classname="org.joda.time.TestDuration_Constructors" time="0"/>
  <testcase name="testConstructor_RI_RI1235" classname="org.joda.time.TestDuration_Constructors" time="0.001"/>
  <testcase name="testFactory_standardSeconds_long231" classname="org.joda.time.TestDuration_Constructors" time="0.001"/>
  <testcase name="testConstructor_RI_RI4672" classname="org.joda.time.TestDuration_Constructors" time="0.001"/>
  <testcase name="testFactory_millis_long233" classname="org.joda.time.TestDuration_Constructors" time="0"/>
  <testcase name="testFactory_standardDays_long229" classname="org.joda.time.TestDuration_Constructors" time="0.001"/>
  <testcase name="testConstructor_Object3236" classname="org.joda.time.TestDuration_Constructors" time="0"/>
  <testcase name="testToStandardMinutes238" classname="org.joda.time.TestDuration_Basics" time="0.008"/>
  <testcase name="testToStandardSeconds239" classname="org.joda.time.TestDuration_Basics" time="0.001"/>
  <testcase name="testToDuration1240" classname="org.joda.time.TestDuration_Basics" time="0"/>
  <testcase name="testWithMillis1241" classname="org.joda.time.TestDuration_Basics" time="0.001"/>
  <testcase name="testWithMillis2242" classname="org.joda.time.TestDuration_Basics" time="0"/>
  <testcase name="testMinus_long1243" classname="org.joda.time.TestDuration_Basics" time="0"/>
  <testcase name="testWithDurationAdded_RD_int3245" classname="org.joda.time.TestDuration_Basics" time="0.001"/>
  <testcase name="testWithDurationAdded_RD_int5246" classname="org.joda.time.TestDuration_Basics" time="0"/>
  <testcase name="testPlus_long1247" classname="org.joda.time.TestDuration_Basics" time="0"/>
  <testcase name="testPlus_RD3248" classname="org.joda.time.TestDuration_Basics" time="0.001"/>
  <testcase name="testIsEqual1391" classname="org.joda.time.TestDuration_Basics" time="0"/>
  <testcase name="testIsAfter1392" classname="org.joda.time.TestDuration_Basics" time="0"/>
  <testcase name="testIsBefore1393" classname="org.joda.time.TestDuration_Basics" time="0"/>
  <testcase name="testToPeriodFrom_PeriodType73" classname="org.joda.time.TestDuration_Basics" time="0.001"/>
  <testcase name="testToPeriod_Chronology76" classname="org.joda.time.TestDuration_Basics" time="0.002"/>
  <testcase name="testToPeriod_PeriodType_Chronology77" classname="org.joda.time.TestDuration_Basics" time="0.001"/>
  <testcase name="testToStandardDays237" classname="org.joda.time.TestDuration_Basics" time="0.001"/>
  <testcase name="testToString414" classname="org.joda.time.TestDuration_Basics" time="0.001"/>
  <testcase name="testPlus_RD1249" classname="org.joda.time.TestDuration_Basics" time="0"/>
  <testcase name="testMinus_RD3250" classname="org.joda.time.TestDuration_Basics" time="0"/>
  <testcase name="testToStandardHours234" classname="org.joda.time.TestDuration_Basics" time="0.002"/>
  <testcase name="testMinus_RD2244" classname="org.joda.time.TestDuration_Basics" time="0"/>
  <testcase name="testToPeriod765" classname="org.joda.time.TestDuration_Basics" time="0"/>
  <testcase name="testMultipliedBy_long1251" classname="org.joda.time.TestDuration_Basics" time="0"/>
  <testcase name="testMultipliedBy_long2252" classname="org.joda.time.TestDuration_Basics" time="0"/>
  <testcase name="testDividedBy_long1253" classname="org.joda.time.TestDuration_Basics" time="0"/>
  <testcase name="testNegated_long2254" classname="org.joda.time.TestDuration_Basics" time="0.001"/>
  <testcase name="testNegated_long3255" classname="org.joda.time.TestDuration_Basics" time="0"/>
  <testcase name="testMutableDuration673" classname="org.joda.time.TestDuration_Basics" time="0.001"/>
  <testcase name="testToPeriod_PeriodType674" classname="org.joda.time.TestDuration_Basics" time="0.001"/>
  <testcase name="testToPeriodTo675" classname="org.joda.time.TestDuration_Basics" time="0.001"/>
  <testcase name="testToPeriodTo_PeriodType676" classname="org.joda.time.TestDuration_Basics" time="0.002"/>
  <testcase name="testToIntervalFrom677" classname="org.joda.time.TestDuration_Basics" time="0"/>
  <testcase name="testToIntervalTo678" classname="org.joda.time.TestDuration_Basics" time="0.001"/>
  <testcase name="testToDuration21389" classname="org.joda.time.TestDuration_Basics" time="0.001"/>
  <testcase name="testCompareTo1390" classname="org.joda.time.TestDuration_Basics" time="0"/>
  <testcase name="testEqualsHashCode1394" classname="org.joda.time.TestDuration_Basics" time="0.001"/>
  <testcase name="testConstructor_RD_RI3334" classname="org.joda.time.TestInterval_Constructors" time="0"/>
  <testcase name="testConstructor_long_long2330" classname="org.joda.time.TestInterval_Constructors" time="0"/>
  <testcase name="testConstructor_RI_RD4333" classname="org.joda.time.TestInterval_Constructors" time="0.001"/>
  <testcase name="testConstructor_RP_RI8796" classname="org.joda.time.TestInterval_Constructors" time="0"/>
  <testcase name="testConstructor_RI_RP6794" classname="org.joda.time.TestInterval_Constructors" time="0.001"/>
  <testcase name="testConstructor_RI_RP7335" classname="org.joda.time.TestInterval_Constructors" time="0"/>
  <testcase name="testConstructor_Object4336" classname="org.joda.time.TestInterval_Constructors" time="0.001"/>
  <testcase name="testConstructor_Object_Chronology2337" classname="org.joda.time.TestInterval_Constructors" time="0.001"/>
  <testcase name="testConstructor_long_long_nullZone331" classname="org.joda.time.TestInterval_Constructors" time="0.001"/>
  <testcase name="testToPeriod68" classname="org.joda.time.TestInterval_Basics" time="0.002"/>
  <testcase name="testToString1168" classname="org.joda.time.TestInterval_Basics" time="0"/>
  <testcase name="testWithDurationAfterStart2348" classname="org.joda.time.TestInterval_Basics" time="0.001"/>
  <testcase name="testWithDurationAfterStart4349" classname="org.joda.time.TestInterval_Basics" time="0"/>
  <testcase name="testWithDurationBeforeEnd1350" classname="org.joda.time.TestInterval_Basics" time="0"/>
  <testcase name="testWithDurationBeforeEnd4351" classname="org.joda.time.TestInterval_Basics" time="0.001"/>
  <testcase name="testWithPeriodAfterStart1352" classname="org.joda.time.TestInterval_Basics" time="0.001"/>
  <testcase name="testWithPeriodAfterStart2353" classname="org.joda.time.TestInterval_Basics" time="0"/>
  <testcase name="testWithPeriodBeforeEnd2354" classname="org.joda.time.TestInterval_Basics" time="0.001"/>
  <testcase name="testContains_RI_null1153" classname="org.joda.time.TestInterval_Basics" time="0"/>
  <testcase name="testWithStartMillis_long2344" classname="org.joda.time.TestInterval_Basics" time="0.001"/>
  <testcase name="testWithStartMillis_long3345" classname="org.joda.time.TestInterval_Basics" time="0"/>
  <testcase name="testWithStartInstant_RI2346" classname="org.joda.time.TestInterval_Basics" time="0.001"/>
  <testcase name="testWithEndMillis_long3347" classname="org.joda.time.TestInterval_Basics" time="0.001"/>
  <testcase name="testContains_RI_zeroDuration1154" classname="org.joda.time.TestInterval_Basics" time="0"/>
  <testcase name="testIsEqual_RI1156" classname="org.joda.time.TestInterval_Basics" time="0.001"/>
  <testcase name="testIsBefore_RI_null1157" classname="org.joda.time.TestInterval_Basics" time="0.001"/>
  <testcase name="testIsBefore_RInterval_null1159" classname="org.joda.time.TestInterval_Basics" time="0"/>
  <testcase name="testIsAfterNow1161" classname="org.joda.time.TestInterval_Basics" time="0.001"/>
  <testcase name="testIsAfter_RI1162" classname="org.joda.time.TestInterval_Basics" time="0"/>
  <testcase name="testIsAfter_RI_null1163" classname="org.joda.time.TestInterval_Basics" time="0.001"/>
  <testcase name="testEqualsHashCodeStrict1167" classname="org.joda.time.TestInterval_Basics" time="0.001"/>
  <testcase name="testToPeriod_PeriodType171" classname="org.joda.time.TestInterval_Basics" time="0.001"/>
  <testcase name="testWithPeriodBeforeEnd1332" classname="org.joda.time.TestInterval_Basics" time="0.001"/>
  <testcase name="testGap_RInterval_zone339" classname="org.joda.time.TestInterval_Basics" time="0.001"/>
  <testcase name="testGap_RInterval_null340" classname="org.joda.time.TestInterval_Basics" time="0.001"/>
  <testcase name="testAbuts_RInterval341" classname="org.joda.time.TestInterval_Basics" time="0"/>
  <testcase name="testAbuts_RInterval_null342" classname="org.joda.time.TestInterval_Basics" time="0"/>
  <testcase name="testWithChronology2343" classname="org.joda.time.TestInterval_Basics" time="0.001"/>
  <testcase name="testToInterval1338" classname="org.joda.time.TestInterval_Basics" time="0"/>
  <testcase name="testConstructor_long_nullDateTimeZone1289" classname="org.joda.time.TestLocalDateTime_Constructors" time="0.001"/>
  <testcase name="testConstructor_ObjectStringEx61293" classname="org.joda.time.TestLocalDateTime_Constructors" time="0.001"/>
  <testcase name="testConstructor_int_int_int_int_int_int1294" classname="org.joda.time.TestLocalDateTime_Constructors" time="0.001"/>
  <testcase name="testParse_noFormatter1284" classname="org.joda.time.TestLocalDateTime_Constructors" time="0.001"/>
  <testcase name="testFactory_fromCalendarFields_null1285" classname="org.joda.time.TestLocalDateTime_Constructors" time="0"/>
  <testcase name="testFactory_fromDateFields_null1286" classname="org.joda.time.TestLocalDateTime_Constructors" time="0.001"/>
  <testcase name="testConstructor_ObjectLocalDate714" classname="org.joda.time.TestLocalDateTime_Constructors" time="0"/>
  <testcase name="testFactory_fromDateFields_after19701287" classname="org.joda.time.TestLocalDateTime_Constructors" time="0.004"/>
  <testcase name="testConstructor_nullDateTimeZone1288" classname="org.joda.time.TestLocalDateTime_Constructors" time="0"/>
  <testcase name="testConstructor_DateTimeZone1282" classname="org.joda.time.TestLocalDateTime_Constructors" time="0"/>
  <testcase name="testConstructor_Chronology1283" classname="org.joda.time.TestLocalDateTime_Constructors" time="0.001"/>
  <testcase name="testConstructor_nullObject1291" classname="org.joda.time.TestLocalDateTime_Constructors" time="0.001"/>
  <testcase name="testConstructor_Object_nullDateTimeZone1292" classname="org.joda.time.TestLocalDateTime_Constructors" time="0"/>
  <testcase name="testGetters1327" classname="org.joda.time.TestLocalDateTime_Basics" time="0"/>
  <testcase name="testWithers1328" classname="org.joda.time.TestLocalDateTime_Basics" time="0.002"/>
  <testcase name="testMinusMinutes_int1324" classname="org.joda.time.TestLocalDateTime_Basics" time="0"/>
  <testcase name="testMinusSeconds_int1325" classname="org.joda.time.TestLocalDateTime_Basics" time="0.001"/>
  <testcase name="testMinusMillis_int1326" classname="org.joda.time.TestLocalDateTime_Basics" time="0.001"/>
  <testcase name="testToString_String1330" classname="org.joda.time.TestLocalDateTime_Basics" time="0.001"/>
  <testcase name="testToString_String_Locale1331" classname="org.joda.time.TestLocalDateTime_Basics" time="0.001"/>
  <testcase name="testIsSupported_DurationFieldType1302" classname="org.joda.time.TestLocalDateTime_Basics" time="0.001"/>
  <testcase name="testWithFieldAdded_DurationFieldType_int_11312" classname="org.joda.time.TestLocalDateTime_Basics" time="0.001"/>
  <testcase name="testWithDate1309" classname="org.joda.time.TestLocalDateTime_Basics" time="0"/>
  <testcase name="testIsBefore_LocalDateTime12" classname="org.joda.time.TestLocalDateTime_Basics" time="0.001"/>
  <testcase name="testIsAfter_LocalDateTime1296" classname="org.joda.time.TestLocalDateTime_Basics" time="0.001"/>
  <testcase name="testIsSupported_DateTimeFieldType1301" classname="org.joda.time.TestLocalDateTime_Basics" time="0.001"/>
  <testcase name="testWithFieldAdded_DurationFieldType_int_41313" classname="org.joda.time.TestLocalDateTime_Basics" time="0"/>
  <testcase name="testPlusYears_int1316" classname="org.joda.time.TestLocalDateTime_Basics" time="0.001"/>
  <testcase name="testPlusMonths_int1317" classname="org.joda.time.TestLocalDateTime_Basics" time="0.001"/>
  <testcase name="testPlusWeeks_int1318" classname="org.joda.time.TestLocalDateTime_Basics" time="0"/>
  <testcase name="testPlusDays_int1319" classname="org.joda.time.TestLocalDateTime_Basics" time="0.001"/>
  <testcase name="testPlusMinutes_int1320" classname="org.joda.time.TestLocalDateTime_Basics" time="0.001"/>
  <testcase name="testPlusSeconds_int1321" classname="org.joda.time.TestLocalDateTime_Basics" time="0"/>
  <testcase name="testMinusYears_int1322" classname="org.joda.time.TestLocalDateTime_Basics" time="0.001"/>
  <testcase name="testMinusDays_int1323" classname="org.joda.time.TestLocalDateTime_Basics" time="0.001"/>
  <testcase name="testToLocalDate1305" classname="org.joda.time.TestLocalDateTime_Basics" time="0"/>
  <testcase name="testToLocalTime1306" classname="org.joda.time.TestLocalDateTime_Basics" time="0.001"/>
  <testcase name="testGet_DateTimeFieldType1300" classname="org.joda.time.TestLocalDateTime_Basics" time="0.001"/>
  <testcase name="testGetValue_int1298" classname="org.joda.time.TestLocalDateTime_Basics" time="0"/>
  <testcase name="testToString_DTFormatter1299" classname="org.joda.time.TestLocalDateTime_Basics" time="0.001"/>
  <testcase name="testToDateTime1304" classname="org.joda.time.TestLocalDateTime_Basics" time="0.002"/>
  <testcase name="testToDate_autumnDST_Zone1307" classname="org.joda.time.TestLocalDateTime_Basics" time="0.006"/>
  <testcase name="testToDate_springDST1308" classname="org.joda.time.TestLocalDateTime_Basics" time="0.002"/>
  <testcase name="testGetField_int1297" classname="org.joda.time.TestLocalDateTime_Basics" time="0.001"/>
  <testcase name="testPlus_RP1315" classname="org.joda.time.TestLocalDateTime_Basics" time="0"/>
  <testcase name="testWithField_DateTimeFieldType_int_21311" classname="org.joda.time.TestLocalDateTime_Basics" time="0.001"/>
  <testcase name="testProperty1303" classname="org.joda.time.TestLocalDateTime_Basics" time="0.002"/>
  <testcase name="testMinus_RP1314" classname="org.joda.time.TestLocalDateTime_Basics" time="0"/>
  <testcase name="testWithTime1310" classname="org.joda.time.TestLocalDateTime_Basics" time="0.001"/>
  <testcase name="testPropertyGetMilli1367" classname="org.joda.time.TestLocalDateTime_Properties" time="0"/>
  <testcase name="testPropertyRoundHour1332" classname="org.joda.time.TestLocalDateTime_Properties" time="0.001"/>
  <testcase name="testPropertyWithMaxMinValueHour1329" classname="org.joda.time.TestLocalDateTime_Properties" time="0"/>
  <testcase name="testPropertyAddWrapFieldToCopyMilli463" classname="org.joda.time.TestLocalDateTime_Properties" time="0.001"/>
  <testcase name="testPropertyHashCode919" classname="org.joda.time.TestLocalDateTime_Properties" time="0"/>
  <testcase name="testPropertyAddToCopyMonth1290" classname="org.joda.time.TestLocalDateTime_Properties" time="0.001"/>
  <testcase name="testFactory_fromDateFields_before1970708" classname="org.joda.time.TestLocalDate_Constructors" time="0"/>
  <testcase name="testConstructor_nullDateTimeZone709" classname="org.joda.time.TestLocalDate_Constructors" time="0"/>
  <testcase name="testConstructor_long1_Chronology710" classname="org.joda.time.TestLocalDate_Constructors" time="0"/>
  <testcase name="testParse_noFormatter449" classname="org.joda.time.TestLocalDate_Constructors" time="0.001"/>
  <testcase name="testConstructor703" classname="org.joda.time.TestLocalDate_Constructors" time="0.001"/>
  <testcase name="testFactory_fromCalendarFields704" classname="org.joda.time.TestLocalDate_Constructors" time="0"/>
  <testcase name="testFactory_fromCalendarFields_null705" classname="org.joda.time.TestLocalDate_Constructors" time="0.001"/>
  <testcase name="testFactory_fromDateFields_null707" classname="org.joda.time.TestLocalDate_Constructors" time="0"/>
  <testcase name="testConstructor_nullObject_nullDateTimeZone711" classname="org.joda.time.TestLocalDate_Constructors" time="0"/>
  <testcase name="testWithers740" classname="org.joda.time.TestLocalDate_Basics" time="0.001"/>
  <testcase name="testProperty739" classname="org.joda.time.TestLocalDate_Basics" time="0.002"/>
  <testcase name="testToDateTime_wrongChronoLocalTime_Zone727" classname="org.joda.time.TestLocalDate_Basics" time="0"/>
  <testcase name="testSerialization192" classname="org.joda.time.TestLocalDate_Basics" time="0.005"/>
  <testcase name="testGet_DateTimeFieldType193" classname="org.joda.time.TestLocalDate_Basics" time="0"/>
  <testcase name="testToInterval_Zone279" classname="org.joda.time.TestLocalDate_Basics" time="0.001"/>
  <testcase name="testToDate_springDST_2Hour40Savings706" classname="org.joda.time.TestLocalDate_Basics" time="0.007"/>
  <testcase name="testToDateTimeAtStartOfDay494" classname="org.joda.time.TestLocalDate_Basics" time="0"/>
  <testcase name="testToDateTime_nullRI621" classname="org.joda.time.TestLocalDate_Basics" time="0.001"/>
  <testcase name="testGetters468" classname="org.joda.time.TestLocalDate_Basics" time="0.001"/>
  <testcase name="testGetFieldType_int713" classname="org.joda.time.TestLocalDate_Basics" time="0"/>
  <testcase name="testToString_String742" classname="org.joda.time.TestLocalDate_Basics" time="0.001"/>
  <testcase name="testToString_String_Locale743" classname="org.joda.time.TestLocalDate_Basics" time="0"/>
  <testcase name="testToLocalDateTime_wrongChronologyLocalTime723" classname="org.joda.time.TestLocalDate_Basics" time="0.001"/>
  <testcase name="testToDateTime_LocalTime_nullZone726" classname="org.joda.time.TestLocalDate_Basics" time="0.001"/>
  <testcase name="testWithField_DateTimeFieldType_int_2728" classname="org.joda.time.TestLocalDate_Basics" time="0"/>
  <testcase name="testWithField_DateTimeFieldType_int_3729" classname="org.joda.time.TestLocalDate_Basics" time="0.001"/>
  <testcase name="testWithFieldAdded_DurationFieldType_int_4730" classname="org.joda.time.TestLocalDate_Basics" time="0"/>
  <testcase name="testWithFieldAdded_DurationFieldType_int_5731" classname="org.joda.time.TestLocalDate_Basics" time="0"/>
  <testcase name="testWithFieldAdded_DurationFieldType_int_1732" classname="org.joda.time.TestLocalDate_Basics" time="0.001"/>
  <testcase name="testPlusYears_int733" classname="org.joda.time.TestLocalDate_Basics" time="0.001"/>
  <testcase name="testPlusMonths_int734" classname="org.joda.time.TestLocalDate_Basics" time="0"/>
  <testcase name="testPlusWeeks_int735" classname="org.joda.time.TestLocalDate_Basics" time="0.001"/>
  <testcase name="testMinusYears_int736" classname="org.joda.time.TestLocalDate_Basics" time="0"/>
  <testcase name="testMinusMonths_int737" classname="org.joda.time.TestLocalDate_Basics" time="0.001"/>
  <testcase name="testMinusWeeks_int738" classname="org.joda.time.TestLocalDate_Basics" time="0"/>
  <testcase name="testIsSupported_DateTimeFieldType715" classname="org.joda.time.TestLocalDate_Basics" time="0.001"/>
  <testcase name="testToString_DTFormatter716" classname="org.joda.time.TestLocalDate_Basics" time="0"/>
  <testcase name="testToDate_winter717" classname="org.joda.time.TestLocalDate_Basics" time="0.001"/>
  <testcase name="testIsEqual_LocalDate718" classname="org.joda.time.TestLocalDate_Basics" time="0.001"/>
  <testcase name="testToDate_autumnDST719" classname="org.joda.time.TestLocalDate_Basics" time="0"/>
  <testcase name="testToDateTimeAtMidnight720" classname="org.joda.time.TestLocalDate_Basics" time="0.001"/>
  <testcase name="testToDateTimeAtCurrentTime721" classname="org.joda.time.TestLocalDate_Basics" time="0.001"/>
  <testcase name="testToDateMidnight722" classname="org.joda.time.TestLocalDate_Basics" time="0.011"/>
  <testcase name="testToLocalDateTime_LocalTime724" classname="org.joda.time.TestLocalDate_Basics" time="0"/>
  <testcase name="testToDateTime_LocalTime725" classname="org.joda.time.TestLocalDate_Basics" time="0.001"/>
  <testcase name="testPlus_RP128" classname="org.joda.time.TestLocalDate_Basics" time="0"/>
  <testcase name="testPropertySetCopyTextDay741" classname="org.joda.time.TestLocalDate_Properties" time="0.001"/>
  <testcase name="testPropertyAddToCopyYear745" classname="org.joda.time.TestLocalDate_Properties" time="0"/>
  <testcase name="testPropertyEqualsHashCodeLenient493" classname="org.joda.time.TestLocalDate_Properties" time="0.001"/>
  <testcase name="testPropertyGetDay744" classname="org.joda.time.TestLocalDate_Properties" time="0.001"/>
  <testcase name="testConstructor_ObjectString_DateTimeZoneNewYork132" classname="org.joda.time.TestLocalTime_Constructors" time="0"/>
  <testcase name="testFactory_FromCalendarFields_Calendar948" classname="org.joda.time.TestLocalTime_Constructors" time="0.001"/>
  <testcase name="testFactoryMillisOfDay_long947" classname="org.joda.time.TestLocalTime_Constructors" time="0.001"/>
  <testcase name="testConstructor_long_DateTimeZone_2952" classname="org.joda.time.TestLocalTime_Constructors" time="0"/>
  <testcase name="testFactory_FromDateFields_after1970949" classname="org.joda.time.TestLocalTime_Constructors" time="0.001"/>
  <testcase name="testConstructor_DateTimeZone946" classname="org.joda.time.TestLocalTime_Constructors" time="0"/>
  <testcase name="testConstructor_ObjectLocalTime954" classname="org.joda.time.TestLocalTime_Constructors" time="0.001"/>
  <testcase name="testToDateTimeTodayDefaultZone976" classname="org.joda.time.TestLocalTime_Basics" time="0.001"/>
  <testcase name="testToDateTimeToday_nullZone977" classname="org.joda.time.TestLocalTime_Basics" time="0.001"/>
  <testcase name="testToString_String978" classname="org.joda.time.TestLocalTime_Basics" time="0"/>
  <testcase name="testWithFieldAdded_DurationFieldType_int_8983" classname="org.joda.time.TestLocalTime_Basics" time="0.001"/>
  <testcase name="testIsSupported_DurationFieldType984" classname="org.joda.time.TestLocalTime_Basics" time="0"/>
  <testcase name="testGetters972" classname="org.joda.time.TestLocalTime_Basics" time="0"/>
  <testcase name="testIsSupported_DateTimeFieldType957" classname="org.joda.time.TestLocalTime_Basics" time="0"/>
  <testcase name="testWithField_DateTimeFieldType_int_2961" classname="org.joda.time.TestLocalTime_Basics" time="0.001"/>
  <testcase name="testIsEqual_LocalTime15" classname="org.joda.time.TestLocalTime_Basics" time="0"/>
  <testcase name="testToString_DTFormatter16" classname="org.joda.time.TestLocalTime_Basics" time="0.001"/>
  <testcase name="testWithFieldAdded_DurationFieldType_int_5964" classname="org.joda.time.TestLocalTime_Basics" time="0"/>
  <testcase name="testPlusHours_int965" classname="org.joda.time.TestLocalTime_Basics" time="0.001"/>
  <testcase name="testPlusSeconds_int966" classname="org.joda.time.TestLocalTime_Basics" time="0"/>
  <testcase name="testPlusMillis_int967" classname="org.joda.time.TestLocalTime_Basics" time="0"/>
  <testcase name="testMinusHours_int968" classname="org.joda.time.TestLocalTime_Basics" time="0.001"/>
  <testcase name="testMinusMinutes_int969" classname="org.joda.time.TestLocalTime_Basics" time="0"/>
  <testcase name="testMinusSeconds_int970" classname="org.joda.time.TestLocalTime_Basics" time="0"/>
  <testcase name="testMinusMillis_int971" classname="org.joda.time.TestLocalTime_Basics" time="0.001"/>
  <testcase name="testWithField_DateTimeFieldType_int_1960" classname="org.joda.time.TestLocalTime_Basics" time="0"/>
  <testcase name="testPlus_RP127" classname="org.joda.time.TestLocalTime_Basics" time="0.001"/>
  <testcase name="testProperty958" classname="org.joda.time.TestLocalTime_Basics" time="0.001"/>
  <testcase name="testPlusMinutes_int428" classname="org.joda.time.TestLocalTime_Basics" time="0"/>
  <testcase name="testSerialization955" classname="org.joda.time.TestLocalTime_Basics" time="0.002"/>
  <testcase name="testGetField_int956" classname="org.joda.time.TestLocalTime_Basics" time="0.001"/>
  <testcase name="testEqualsHashCode959" classname="org.joda.time.TestLocalTime_Basics" time="0.002"/>
  <testcase name="testWithFieldAdded_DurationFieldType_int_3962" classname="org.joda.time.TestLocalTime_Basics" time="0"/>
  <testcase name="testWithFieldAdded_DurationFieldType_int_1963" classname="org.joda.time.TestLocalTime_Basics" time="0.001"/>
  <testcase name="testWithers953" classname="org.joda.time.TestLocalTime_Basics" time="0.001"/>
  <testcase name="testPropertyPlusHour979" classname="org.joda.time.TestLocalTime_Properties" time="0"/>
  <testcase name="testPropertySetTextSecond974" classname="org.joda.time.TestLocalTime_Properties" time="0.001"/>
  <testcase name="testPropertySetMilli975" classname="org.joda.time.TestLocalTime_Properties" time="0"/>
  <testcase name="testPropertyCompareToMinute951" classname="org.joda.time.TestLocalTime_Properties" time="0.001"/>
  <testcase name="testPropertyPlusNoWrapMinute980" classname="org.joda.time.TestLocalTime_Properties" time="0"/>
  <testcase name="testPropertySetSecond981" classname="org.joda.time.TestLocalTime_Properties" time="0.001"/>
  <testcase name="testPropertyWithMaxMinValueHour982" classname="org.joda.time.TestLocalTime_Properties" time="0"/>
  <testcase name="testPropertyGetHour973" classname="org.joda.time.TestLocalTime_Properties" time="0.001"/>
  <testcase name="testConstructor_Object_Chronology1797" classname="org.joda.time.TestMutableInterval_Constructors" time="0.001"/>
  <testcase name="testConstructor_RI_RD4793" classname="org.joda.time.TestMutableInterval_Constructors" time="0.001"/>
  <testcase name="testConstructor_RP_RI5795" classname="org.joda.time.TestMutableInterval_Constructors" time="0"/>
  <testcase name="testParse_noFormatter1111" classname="org.joda.time.TestMutableInterval_Constructors" time="0.002"/>
  <testcase name="testConstructor1416" classname="org.joda.time.TestMutableInterval_Constructors" time="0.001"/>
  <testcase name="testConstructor_RI_RD11417" classname="org.joda.time.TestMutableInterval_Constructors" time="0"/>
  <testcase name="testConstructor_RD_RI11418" classname="org.joda.time.TestMutableInterval_Constructors" time="0.001"/>
  <testcase name="testConstructor_Object21419" classname="org.joda.time.TestMutableInterval_Constructors" time="0"/>
  <testcase name="testConstructor_RI_RI1792" classname="org.joda.time.TestMutableInterval_Constructors" time="0.001"/>
  <testcase name="testCopy1431" classname="org.joda.time.TestMutableInterval_Basics" time="0.001"/>
  <testcase name="testIsBefore_RInterval1160" classname="org.joda.time.TestMutableInterval_Basics" time="0"/>
  <testcase name="testEqualsHashCode120" classname="org.joda.time.TestMutableInterval_Basics" time="0.001"/>
  <testcase name="testOverlaps_RInterval1155" classname="org.joda.time.TestMutableInterval_Basics" time="0"/>
  <testcase name="testIsBefore_RI1158" classname="org.joda.time.TestMutableInterval_Basics" time="0"/>
  <testcase name="testIsAfter_RInterval1164" classname="org.joda.time.TestMutableInterval_Basics" time="0"/>
  <testcase name="testToInterval11165" classname="org.joda.time.TestMutableInterval_Basics" time="0"/>
  <testcase name="testToMutableInterval11166" classname="org.joda.time.TestMutableInterval_Basics" time="0"/>
  <testcase name="testSetPeriodBeforeEnd_RI11429" classname="org.joda.time.TestMutableInterval_Updates" time="0"/>
  <testcase name="testSetPeriodBeforeEnd_RI31430" classname="org.joda.time.TestMutableInterval_Updates" time="0"/>
  <testcase name="testSetPeriodAfterStart_RI31427" classname="org.joda.time.TestMutableInterval_Updates" time="0.001"/>
  <testcase name="testSetPeriodAfterStart_RI11428" classname="org.joda.time.TestMutableInterval_Updates" time="0"/>
  <testcase name="testSetInterval_RI_RI3798" classname="org.joda.time.TestMutableInterval_Updates" time="0"/>
  <testcase name="testSeDurationAfterStart_RI21152" classname="org.joda.time.TestMutableInterval_Updates" time="0.001"/>
  <testcase name="testSetInterval_RInterval11420" classname="org.joda.time.TestMutableInterval_Updates" time="0"/>
  <testcase name="testSetInterval_RInterval31421" classname="org.joda.time.TestMutableInterval_Updates" time="0"/>
  <testcase name="testSetDurationAfterStart_long11426" classname="org.joda.time.TestMutableInterval_Updates" time="0.001"/>
  <testcase name="testSetInterval_RI_RI51422" classname="org.joda.time.TestMutableInterval_Updates" time="0"/>
  <testcase name="testSetDurationBeforeEnd_RI31423" classname="org.joda.time.TestMutableInterval_Updates" time="0"/>
  <testcase name="testSetStart_RI11424" classname="org.joda.time.TestMutableInterval_Updates" time="0.001"/>
  <testcase name="testSetEnd_RI31425" classname="org.joda.time.TestMutableInterval_Updates" time="0"/>
  <testcase name="testFactoryFieldDifference457" classname="org.joda.time.TestPeriod_Constructors" time="0.002"/>
  <testcase name="testConstructor_trickyDifferences_LD_LD_toFeb_exactMonths447" classname="org.joda.time.TestPeriod_Constructors" time="0.001"/>
  <testcase name="testConstructor_trickyDifferences_RI_RI_toFeb_exactMonths70" classname="org.joda.time.TestPeriod_Constructors" time="0.001"/>
  <testcase name="testConstructor_long_long_PeriodType267" classname="org.joda.time.TestPeriod_Constructors" time="0"/>
  <testcase name="testConstructor_long_long266" classname="org.joda.time.TestPeriod_Constructors" time="0.001"/>
  <testcase name="testConstructor_RI_RD272" classname="org.joda.time.TestPeriod_Constructors" time="0.001"/>
  <testcase name="testConstructor_Object_PeriodType175" classname="org.joda.time.TestPeriod_Constructors" time="0"/>
  <testcase name="testConstructor_RI_RI4446" classname="org.joda.time.TestPeriod_Constructors" time="0.001"/>
  <testcase name="testConstructor_long_PeriodType_Chronology465" classname="org.joda.time.TestPeriod_Constructors" time="0.001"/>
  <testcase name="testFactoryFieldDifference160" classname="org.joda.time.TestPeriod_Constructors" time="0"/>
  <testcase name="testConstructor_RD_RI_PeriodType174" classname="org.joda.time.TestPeriod_Constructors" time="0"/>
  <testcase name="testFactoryFieldDifference258" classname="org.joda.time.TestPeriod_Constructors" time="0.001"/>
  <testcase name="testFactoryFieldDifference359" classname="org.joda.time.TestPeriod_Constructors" time="0"/>
  <testcase name="testConstructor_long_Chronology264" classname="org.joda.time.TestPeriod_Constructors" time="0.001"/>
  <testcase name="testConstructor_trickyDifferences_LD_LD_toFeb_endOfMonth1448" classname="org.joda.time.TestPeriod_Constructors" time="0"/>
  <testcase name="testConstructor_Object_PeriodType3758" classname="org.joda.time.TestPeriod_Constructors" time="0.001"/>
  <testcase name="testConstructor_RP_RP_PeriodType8821" classname="org.joda.time.TestPeriod_Constructors" time="0.001"/>
  <testcase name="testConstructor_RP_RP4822" classname="org.joda.time.TestPeriod_Constructors" time="0"/>
  <testcase name="testConstructor_RP_RP_PeriodType7823" classname="org.joda.time.TestPeriod_Constructors" time="0.001"/>
  <testcase name="testConstructor_Object_PeriodType2826" classname="org.joda.time.TestPeriod_Constructors" time="0.001"/>
  <testcase name="testConstructor161" classname="org.joda.time.TestPeriod_Constructors" time="0"/>
  <testcase name="testWithPeriodType380" classname="org.joda.time.TestPeriod_Basics" time="0.001"/>
  <testcase name="testNormalizedStandard_yearMonth187" classname="org.joda.time.TestPeriod_Basics" time="0.001"/>
  <testcase name="testWithFields182" classname="org.joda.time.TestPeriod_Basics" time="0"/>
  <testcase name="testWithFieldAdded384" classname="org.joda.time.TestPeriod_Basics" time="0.001"/>
  <testcase name="testWithFieldAdded285" classname="org.joda.time.TestPeriod_Basics" time="0"/>
  <testcase name="testWithFieldAdded486" classname="org.joda.time.TestPeriod_Basics" time="0.001"/>
  <testcase name="testPlusFieldsZero91" classname="org.joda.time.TestPeriod_Basics" time="0"/>
  <testcase name="testWithField483" classname="org.joda.time.TestPeriod_Basics" time="0.001"/>
  <testcase name="testWithPeriodType179" classname="org.joda.time.TestPeriod_Basics" time="0"/>
  <testcase name="testPlusFields56" classname="org.joda.time.TestPeriod_Basics" time="0.001"/>
  <testcase name="testNormalizedStandard_periodType_yearMonth398" classname="org.joda.time.TestPeriod_Basics" time="0.001"/>
  <testcase name="testToPeriod78" classname="org.joda.time.TestPeriod_Basics" time="0"/>
  <testcase name="testPlus90" classname="org.joda.time.TestPeriod_Basics" time="0.003"/>
  <testcase name="testGetPeriodType63" classname="org.joda.time.TestPeriod_Basics" time="0"/>
  <testcase name="testMinusFields92" classname="org.joda.time.TestPeriod_Basics" time="0.001"/>
  <testcase name="testToStandardWeeks_years93" classname="org.joda.time.TestPeriod_Basics" time="0.002"/>
  <testcase name="testToStandardDays_months94" classname="org.joda.time.TestPeriod_Basics" time="0"/>
  <testcase name="testToStandardMinutes_years95" classname="org.joda.time.TestPeriod_Basics" time="0.001"/>
  <testcase name="testToStandardSeconds_months96" classname="org.joda.time.TestPeriod_Basics" time="0"/>
  <testcase name="testToStandardDuration_months97" classname="org.joda.time.TestPeriod_Basics" time="0"/>
  <testcase name="testTypeIndexMethods1169" classname="org.joda.time.TestPeriod_Basics" time="0.001"/>
  <testcase name="testIsSupported1170" classname="org.joda.time.TestPeriod_Basics" time="0"/>
  <testcase name="testEqualsHashCode1171" classname="org.joda.time.TestPeriod_Basics" time="0.001"/>
  <testcase name="testToString_nullPeriodFormatter1172" classname="org.joda.time.TestPeriod_Basics" time="0"/>
  <testcase name="testToString_PeriodFormatter1173" classname="org.joda.time.TestPeriod_Basics" time="0.003"/>
  <testcase name="testToMutablePeriod1186" classname="org.joda.time.TestPeriod_Basics" time="0.001"/>
  <testcase name="testToStandardDays1237" classname="org.joda.time.TestPeriod_Basics" time="0.001"/>
  <testcase name="testWithFields281" classname="org.joda.time.TestPeriod_Basics" time="0.001"/>
  <testcase name="testWith88" classname="org.joda.time.TestPeriod_Basics" time="0"/>
  <testcase name="testConstructor_long_long_Chronology1308" classname="org.joda.time.TestMutablePeriod_Constructors" time="0.001"/>
  <testcase name="testConstructor_RI_RD21185" classname="org.joda.time.TestMutablePeriod_Constructors" time="0.001"/>
  <testcase name="testConstructor_Object_PeriodType41187" classname="org.joda.time.TestMutablePeriod_Constructors" time="0"/>
  <testcase name="testConstructor_Object_Chronology21188" classname="org.joda.time.TestMutablePeriod_Constructors" time="0.001"/>
  <testcase name="testConstructor_RI_RI31183" classname="org.joda.time.TestMutablePeriod_Constructors" time="0"/>
  <testcase name="testConstructor_long_Chronology21179" classname="org.joda.time.TestMutablePeriod_Constructors" time="0.001"/>
  <testcase name="testConstructor_RI_RI_PeriodType21184" classname="org.joda.time.TestMutablePeriod_Constructors" time="0"/>
  <testcase name="testConstructor_long_PeriodType_Chronology21180" classname="org.joda.time.TestMutablePeriod_Constructors" time="0"/>
  <testcase name="testConstructor_RI_RD_PeriodType1824" classname="org.joda.time.TestMutablePeriod_Constructors" time="0.001"/>
  <testcase name="testConstructor_4int11175" classname="org.joda.time.TestMutablePeriod_Constructors" time="0"/>
  <testcase name="testConstructor_long_long_PeriodType_Chronology11182" classname="org.joda.time.TestMutablePeriod_Constructors" time="0.001"/>
  <testcase name="testConstructor_long_long_PeriodType21181" classname="org.joda.time.TestMutablePeriod_Constructors" time="0"/>
  <testcase name="testToPeriod1189" classname="org.joda.time.TestMutablePeriod_Basics" time="0.001"/>
  <testcase name="testCopy1208" classname="org.joda.time.TestMutablePeriod_Basics" time="0"/>
  <testcase name="testToDurationFrom825" classname="org.joda.time.TestMutablePeriod_Basics" time="0.001"/>
  <testcase name="testAddYears1201" classname="org.joda.time.TestMutablePeriod_Updates" time="0"/>
  <testcase name="testAddMillis1207" classname="org.joda.time.TestMutablePeriod_Updates" time="0.001"/>
  <testcase name="testAdd_RD11199" classname="org.joda.time.TestMutablePeriod_Updates" time="0"/>
  <testcase name="testAdd_RP4830" classname="org.joda.time.TestMutablePeriod_Updates" time="0.001"/>
  <testcase name="testClear1190" classname="org.joda.time.TestMutablePeriod_Updates" time="0"/>
  <testcase name="testAdd_RInterval169" classname="org.joda.time.TestMutablePeriod_Updates" time="0.001"/>
  <testcase name="testSetPeriod_8ints1827" classname="org.joda.time.TestMutablePeriod_Updates" time="0"/>
  <testcase name="testMergePeriod_RP3829" classname="org.joda.time.TestMutablePeriod_Updates" time="0"/>
  <testcase name="testSetPeriod_long1934" classname="org.joda.time.TestMutablePeriod_Updates" time="0.001"/>
  <testcase name="testSetPeriod_8ints21178" classname="org.joda.time.TestMutablePeriod_Updates" time="0"/>
  <testcase name="testSet_Field1191" classname="org.joda.time.TestMutablePeriod_Updates" time="0.001"/>
  <testcase name="testSetPeriod_RInterval11192" classname="org.joda.time.TestMutablePeriod_Updates" time="0.001"/>
  <testcase name="testAddDays828" classname="org.joda.time.TestMutablePeriod_Updates" time="0"/>
  <testcase name="testSetPeriod_RInterval21193" classname="org.joda.time.TestMutablePeriod_Updates" time="0.001"/>
  <testcase name="testSetPeriod_RI_RI21194" classname="org.joda.time.TestMutablePeriod_Updates" time="0"/>
  <testcase name="testSetPeriod_RI_RI31195" classname="org.joda.time.TestMutablePeriod_Updates" time="0.001"/>
  <testcase name="testSetPeriod_RD31196" classname="org.joda.time.TestMutablePeriod_Updates" time="0"/>
  <testcase name="testAdd_Field1197" classname="org.joda.time.TestMutablePeriod_Updates" time="0.001"/>
  <testcase name="testMergePeriod_RP51200" classname="org.joda.time.TestMutablePeriod_Updates" time="0"/>
  <testcase name="testAddMonths1203" classname="org.joda.time.TestMutablePeriod_Updates" time="0.001"/>
  <testcase name="testAddMinutes1205" classname="org.joda.time.TestMutablePeriod_Updates" time="0"/>
  <testcase name="testAddSeconds1206" classname="org.joda.time.TestMutablePeriod_Updates" time="0.001"/>
  <testcase name="testSetPeriod_long_long_NoMinutes1174" classname="org.joda.time.TestMutablePeriod_Updates" time="0"/>
  <testcase name="testAdd_RD31198" classname="org.joda.time.TestMutablePeriod_Updates" time="0"/>
  <testcase name="testSetHours1176" classname="org.joda.time.TestMutablePeriod_Updates" time="0"/>
  <testcase name="testSetYears1177" classname="org.joda.time.TestMutablePeriod_Updates" time="0.001"/>
  <testcase name="testAddWeeks1204" classname="org.joda.time.TestMutablePeriod_Updates" time="0"/>
  <testcase name="testGetSetValue507" classname="org.joda.time.TestBaseSingleFieldPeriod" time="0.001"/>
  <testcase name="testCompareTo513" classname="org.joda.time.TestBaseSingleFieldPeriod" time="0"/>
  <testcase name="testIsSupported510" classname="org.joda.time.TestBaseSingleFieldPeriod" time="0.001"/>
  <testcase name="testEqualsHashCode512" classname="org.joda.time.TestBaseSingleFieldPeriod" time="0"/>
  <testcase name="testFactory_standardPeriodIn_RPeriod505" classname="org.joda.time.TestBaseSingleFieldPeriod" time="0.001"/>
  <testcase name="testFieldTypeIndexMethods508" classname="org.joda.time.TestBaseSingleFieldPeriod" time="0"/>
  <testcase name="testValueIndexMethods509" classname="org.joda.time.TestBaseSingleFieldPeriod" time="0"/>
  <testcase name="testGet506" classname="org.joda.time.TestBaseSingleFieldPeriod" time="0.001"/>
  <testcase name="testToPeriod511" classname="org.joda.time.TestBaseSingleFieldPeriod" time="0"/>
  <testcase name="testFactory_between_RInstant503" classname="org.joda.time.TestBaseSingleFieldPeriod" time="0.001"/>
  <testcase name="testFactory_between_RPartial504" classname="org.joda.time.TestBaseSingleFieldPeriod" time="0.001"/>
  <testcase name="testFactory_parseYears_String681" classname="org.joda.time.TestYears" time="0.001"/>
  <testcase name="testMinus_int686" classname="org.joda.time.TestYears" time="0.001"/>
  <testcase name="testToString679" classname="org.joda.time.TestYears" time="0"/>
  <testcase name="testNegated689" classname="org.joda.time.TestYears" time="0"/>
  <testcase name="testMultipliedBy_int682" classname="org.joda.time.TestYears" time="0.001"/>
  <testcase name="testDividedBy_int688" classname="org.joda.time.TestYears" time="0"/>
  <testcase name="testIsGreaterThan690" classname="org.joda.time.TestYears" time="0.001"/>
  <testcase name="testIsLessThan691" classname="org.joda.time.TestYears" time="0"/>
  <testcase name="testFactory_yearsBetween_RPartial684" classname="org.joda.time.TestYears" time="0"/>
  <testcase name="testFactory_yearsBetween_RInstant680" classname="org.joda.time.TestYears" time="0.001"/>
  <testcase name="testFactory_years_int683" classname="org.joda.time.TestYears" time="0.001"/>
  <testcase name="testMinus_Years687" classname="org.joda.time.TestYears" time="0"/>
  <testcase name="testIsGreaterThan327" classname="org.joda.time.TestMonths" time="0.002"/>
  <testcase name="testIsLessThan328" classname="org.joda.time.TestMonths" time="0"/>
  <testcase name="testSerialization324" classname="org.joda.time.TestMonths" time="0.002"/>
  <testcase name="testDividedBy_int325" classname="org.joda.time.TestMonths" time="0"/>
  <testcase name="testGetPeriodType317" classname="org.joda.time.TestMonths" time="0"/>
  <testcase name="testFactory_monthsBetween_RInstant322" classname="org.joda.time.TestMonths" time="0.001"/>
  <testcase name="testFactory_parseMonths_String180" classname="org.joda.time.TestMonths" time="0"/>
  <testcase name="testPlus_Months320" classname="org.joda.time.TestMonths" time="0.001"/>
  <testcase name="testToString329" classname="org.joda.time.TestMonths" time="0"/>
  <testcase name="testNegated326" classname="org.joda.time.TestMonths" time="0"/>
  <testcase name="testFactory_monthsIn_RInterval321" classname="org.joda.time.TestMonths" time="0.001"/>
  <testcase name="testFactory_monthsBetween_RPartial_LocalDate323" classname="org.joda.time.TestMonths" time="0.001"/>
  <testcase name="testMinus_Months318" classname="org.joda.time.TestMonths" time="0"/>
  <testcase name="testFactory_months_int319" classname="org.joda.time.TestMonths" time="0.001"/>
  <testcase name="testFactory_weeksBetween_RInstant547" classname="org.joda.time.TestWeeks" time="0.001"/>
  <testcase name="testToStandardSeconds526" classname="org.joda.time.TestWeeks" time="0"/>
  <testcase name="testMultipliedBy_int561" classname="org.joda.time.TestWeeks" time="0"/>
  <testcase name="testDividedBy_int562" classname="org.joda.time.TestWeeks" time="0.001"/>
  <testcase name="testMinus_int558" classname="org.joda.time.TestWeeks" time="0"/>
  <testcase name="testFactory_weeksBetween_RPartial550" classname="org.joda.time.TestWeeks" time="0.001"/>
  <testcase name="testFactory_weeksIn_RInterval551" classname="org.joda.time.TestWeeks" time="0"/>
  <testcase name="testFactory_parseWeeks_String548" classname="org.joda.time.TestWeeks" time="0.001"/>
  <testcase name="testFactory_weeks_int549" classname="org.joda.time.TestWeeks" time="0.001"/>
  <testcase name="testIsLessThan563" classname="org.joda.time.TestWeeks" time="0"/>
  <testcase name="testToStandardDuration557" classname="org.joda.time.TestWeeks" time="0"/>
  <testcase name="testToStandardMinutes556" classname="org.joda.time.TestWeeks" time="0.001"/>
  <testcase name="testAddToLocalDate553" classname="org.joda.time.TestWeeks" time="0"/>
  <testcase name="testToStandardHours555" classname="org.joda.time.TestWeeks" time="0.001"/>
  <testcase name="testSerialization552" classname="org.joda.time.TestWeeks" time="0.001"/>
  <testcase name="testPlus_Weeks559" classname="org.joda.time.TestWeeks" time="0"/>
  <testcase name="testMinus_Weeks560" classname="org.joda.time.TestWeeks" time="0.001"/>
  <testcase name="testFactory_daysBetween_RInstant1241" classname="org.joda.time.TestDays" time="0"/>
  <testcase name="testMinus_Days1249" classname="org.joda.time.TestDays" time="0.001"/>
  <testcase name="testDividedBy_int1250" classname="org.joda.time.TestDays" time="0"/>
  <testcase name="testIsGreaterThan1251" classname="org.joda.time.TestDays" time="0"/>
  <testcase name="testIsLessThan1252" classname="org.joda.time.TestDays" time="0.001"/>
  <testcase name="testSerialization1239" classname="org.joda.time.TestDays" time="0.001"/>
  <testcase name="testToString1253" classname="org.joda.time.TestDays" time="0"/>
  <testcase name="testPlus_int1238" classname="org.joda.time.TestDays" time="0"/>
  <testcase name="testGetMethods1235" classname="org.joda.time.TestDays" time="0.001"/>
  <testcase name="testToStandardHours1244" classname="org.joda.time.TestDays" time="0"/>
  <testcase name="testToStandardMinutes1245" classname="org.joda.time.TestDays" time="0"/>
  <testcase name="testToStandardSeconds1246" classname="org.joda.time.TestDays" time="0.001"/>
  <testcase name="testConstants1247" classname="org.joda.time.TestDays" time="0"/>
  <testcase name="testPlus_Days1248" classname="org.joda.time.TestDays" time="0"/>
  <testcase name="testToStandardWeeks1243" classname="org.joda.time.TestDays" time="0.001"/>
  <testcase name="testFactory_daysIn_RInterval1242" classname="org.joda.time.TestDays" time="0"/>
  <testcase name="testFactory_daysBetween_RPartial_LocalDate1236" classname="org.joda.time.TestDays" time="0.001"/>
  <testcase name="testFactory_days_int1240" classname="org.joda.time.TestDays" time="0"/>
  <testcase name="testFactory_parseHours_String1071" classname="org.joda.time.TestHours" time="0.001"/>
  <testcase name="testIsGreaterThan1083" classname="org.joda.time.TestHours" time="0"/>
  <testcase name="testIsLessThan1084" classname="org.joda.time.TestHours" time="0"/>
  <testcase name="testMinus_int1080" classname="org.joda.time.TestHours" time="0.001"/>
  <testcase name="testDividedBy_int1081" classname="org.joda.time.TestHours" time="0"/>
  <testcase name="testPlus_Hours1079" classname="org.joda.time.TestHours" time="0.001"/>
  <testcase name="testSerialization1072" classname="org.joda.time.TestHours" time="0.001"/>
  <testcase name="testGetFieldType1073" classname="org.joda.time.TestHours" time="0"/>
  <testcase name="testToStandardWeeks1074" classname="org.joda.time.TestHours" time="0"/>
  <testcase name="testToStandardDays1075" classname="org.joda.time.TestHours" time="0.001"/>
  <testcase name="testFactory_hours_int1069" classname="org.joda.time.TestHours" time="0"/>
  <testcase name="testToStandardDuration1076" classname="org.joda.time.TestHours" time="0"/>
  <testcase name="testGetMethods1077" classname="org.joda.time.TestHours" time="0.001"/>
  <testcase name="testFactory_standardHoursIn_RPeriod303" classname="org.joda.time.TestHours" time="0"/>
  <testcase name="testNegated1082" classname="org.joda.time.TestHours" time="0.001"/>
  <testcase name="testPlus_int1078" classname="org.joda.time.TestHours" time="0"/>
  <testcase name="testMultipliedBy_int457" classname="org.joda.time.TestHours" time="0"/>
  <testcase name="testToStandardSeconds1068" classname="org.joda.time.TestHours" time="0.001"/>
  <testcase name="testFactory_hoursBetween_RPartial1070" classname="org.joda.time.TestHours" time="0"/>
  <testcase name="testToStandardWeeks892" classname="org.joda.time.TestMinutes" time="0.001"/>
  <testcase name="testToStandardDays893" classname="org.joda.time.TestMinutes" time="0"/>
  <testcase name="testFactory_minutesBetween_RPartial888" classname="org.joda.time.TestMinutes" time="0"/>
  <testcase name="testIsGreaterThan901" classname="org.joda.time.TestMinutes" time="0.001"/>
  <testcase name="testMultipliedBy_int898" classname="org.joda.time.TestMinutes" time="0"/>
  <testcase name="testDividedBy_int899" classname="org.joda.time.TestMinutes" time="0"/>
  <testcase name="testToStandardHours894" classname="org.joda.time.TestMinutes" time="0"/>
  <testcase name="testToStandardDuration895" classname="org.joda.time.TestMinutes" time="0"/>
  <testcase name="testPlus_Minutes897" classname="org.joda.time.TestMinutes" time="0"/>
  <testcase name="testSerialization891" classname="org.joda.time.TestMinutes" time="0.002"/>
  <testcase name="testFactory_standardMinutesIn_RPeriod890" classname="org.joda.time.TestMinutes" time="0"/>
  <testcase name="testNegated900" classname="org.joda.time.TestMinutes" time="0"/>
  <testcase name="testMinus_int896" classname="org.joda.time.TestMinutes" time="0"/>
  <testcase name="testFactory_parseMinutes_String885" classname="org.joda.time.TestMinutes" time="0.001"/>
  <testcase name="testFactory_minutes_int887" classname="org.joda.time.TestMinutes" time="0"/>
  <testcase name="testFactory_minutesIn_RInterval889" classname="org.joda.time.TestMinutes" time="0.001"/>
  <testcase name="testGetPeriodType769" classname="org.joda.time.TestMinutes" time="0"/>
  <testcase name="testMinus_Minutes886" classname="org.joda.time.TestMinutes" time="0"/>
  <testcase name="testSerialization518" classname="org.joda.time.TestSeconds" time="0.002"/>
  <testcase name="testFactory_secondsBetween_RInstant519" classname="org.joda.time.TestSeconds" time="0"/>
  <testcase name="testToStandardDuration530" classname="org.joda.time.TestSeconds" time="0"/>
  <testcase name="testPlus_Seconds531" classname="org.joda.time.TestSeconds" time="0.001"/>
  <testcase name="testToStandardDays528" classname="org.joda.time.TestSeconds" time="0"/>
  <testcase name="testToStandardHours529" classname="org.joda.time.TestSeconds" time="0.001"/>
  <testcase name="testAddToLocalDate525" classname="org.joda.time.TestSeconds" time="0"/>
  <testcase name="testToStandardWeeks527" classname="org.joda.time.TestSeconds" time="0"/>
  <testcase name="testFactory_secondsIn_RInterval524" classname="org.joda.time.TestSeconds" time="0.001"/>
  <testcase name="testFactory_seconds_int522" classname="org.joda.time.TestSeconds" time="0"/>
  <testcase name="testToStandardMinutes523" classname="org.joda.time.TestSeconds" time="0.001"/>
  <testcase name="testMinus_Seconds533" classname="org.joda.time.TestSeconds" time="0"/>
  <testcase name="testMultipliedBy_int534" classname="org.joda.time.TestSeconds" time="0"/>
  <testcase name="testDividedBy_int535" classname="org.joda.time.TestSeconds" time="0.001"/>
  <testcase name="testIsGreaterThan537" classname="org.joda.time.TestSeconds" time="0"/>
  <testcase name="testIsLessThan538" classname="org.joda.time.TestSeconds" time="0"/>
  <testcase name="testMinus_int532" classname="org.joda.time.TestSeconds" time="0.001"/>
  <testcase name="testPlus_int521" classname="org.joda.time.TestSeconds" time="0"/>
  <testcase name="testFactory_standardSecondsIn_RPeriod520" classname="org.joda.time.TestSeconds" time="0.001"/>
  <testcase name="testNegated536" classname="org.joda.time.TestSeconds" time="0"/>
  <testcase name="testMinus_RP1139" classname="org.joda.time.TestTimeOfDay_Basics" time="0.001"/>
  <testcase name="testProperty1142" classname="org.joda.time.TestTimeOfDay_Basics" time="0.002"/>
  <testcase name="testWithField31135" classname="org.joda.time.TestTimeOfDay_Basics" time="0"/>
  <testcase name="testWithField11136" classname="org.joda.time.TestTimeOfDay_Basics" time="0.001"/>
  <testcase name="testWithField41137" classname="org.joda.time.TestTimeOfDay_Basics" time="0"/>
  <testcase name="testMinusSeconds_int1138" classname="org.joda.time.TestTimeOfDay_Basics" time="0"/>
  <testcase name="testPlusMillis_int1140" classname="org.joda.time.TestTimeOfDay_Basics" time="0.001"/>
  <testcase name="testMinusMinutes_int1141" classname="org.joda.time.TestTimeOfDay_Basics" time="0"/>
  <testcase name="testGetFieldTypes1133" classname="org.joda.time.TestTimeOfDay_Basics" time="0.001"/>
  <testcase name="testToDateTimeToday_Zone541" classname="org.joda.time.TestTimeOfDay_Basics" time="0"/>
  <testcase name="testPlus_RP9" classname="org.joda.time.TestTimeOfDay_Basics" time="0.001"/>
  <testcase name="testWithChronologyRetainFields_Chrono1132" classname="org.joda.time.TestTimeOfDay_Basics" time="0"/>
  <testcase name="testGetField1124" classname="org.joda.time.TestTimeOfDay_Basics" time="0.001"/>
  <testcase name="testToDateTime_RI10" classname="org.joda.time.TestTimeOfDay_Basics" time="0"/>
  <testcase name="testWithers1145" classname="org.joda.time.TestTimeOfDay_Basics" time="0.001"/>
  <testcase name="testSerialization495" classname="org.joda.time.TestTimeOfDay_Basics" time="0.011"/>
  <testcase name="testToString1149" classname="org.joda.time.TestTimeOfDay_Basics" time="0.001"/>
  <testcase name="testToLocalTime1143" classname="org.joda.time.TestTimeOfDay_Basics" time="0"/>
  <testcase name="testToDateTimeToday1144" classname="org.joda.time.TestTimeOfDay_Basics" time="0"/>
  <testcase name="testWithChronologyRetainFields_sameChrono1134" classname="org.joda.time.TestTimeOfDay_Basics" time="0"/>
  <testcase name="testConstructor_ObjectString21114" classname="org.joda.time.TestTimeOfDay_Constructors" time="0.001"/>
  <testcase name="testConstructor2_Object_Chronology1115" classname="org.joda.time.TestTimeOfDay_Constructors" time="0"/>
  <testcase name="testFactory_FromCalendarFields1119" classname="org.joda.time.TestTimeOfDay_Constructors" time="0.001"/>
  <testcase name="testFactory_FromDateFields_after19701120" classname="org.joda.time.TestTimeOfDay_Constructors" time="0"/>
  <testcase name="testFactory_FromDateFields_null1121" classname="org.joda.time.TestTimeOfDay_Constructors" time="0"/>
  <testcase name="testFactoryMillisOfDay_long11122" classname="org.joda.time.TestTimeOfDay_Constructors" time="0"/>
  <testcase name="testConstructor_DateTimeZone1123" classname="org.joda.time.TestTimeOfDay_Constructors" time="0.001"/>
  <testcase name="testConstructor_ObjectString11126" classname="org.joda.time.TestTimeOfDay_Constructors" time="0.001"/>
  <testcase name="testConstructor_Object_nullChronology1127" classname="org.joda.time.TestTimeOfDay_Constructors" time="0"/>
  <testcase name="testConstructor_int_int1128" classname="org.joda.time.TestTimeOfDay_Constructors" time="0.001"/>
  <testcase name="testConstructor_int_int_int1129" classname="org.joda.time.TestTimeOfDay_Constructors" time="0"/>
  <testcase name="testConstructor_int_int_int_nullChronology1130" classname="org.joda.time.TestTimeOfDay_Constructors" time="0.01"/>
  <testcase name="testPropertySetTextHour1146" classname="org.joda.time.TestTimeOfDay_Properties" time="0.001"/>
  <testcase name="testPropertySetMinute1131" classname="org.joda.time.TestTimeOfDay_Properties" time="0.001"/>
  <testcase name="testPropertySetMilli1148" classname="org.joda.time.TestTimeOfDay_Properties" time="0"/>
  <testcase name="testPropertyAddNoWrapMilli1150" classname="org.joda.time.TestTimeOfDay_Properties" time="0.175"/>
  <testcase name="testPropertyGetMinute430" classname="org.joda.time.TestTimeOfDay_Properties" time="0.001"/>
  <testcase name="testPropertyCompareToSecond1125" classname="org.joda.time.TestTimeOfDay_Properties" time="0"/>
  <testcase name="testPropertyGetMaxMinValuesSecond1147" classname="org.joda.time.TestTimeOfDay_Properties" time="0"/>
  <testcase name="testPropertyAddHour395" classname="org.joda.time.TestTimeOfDay_Properties" time="0.002"/>
  <testcase name="testPropertyWithMaximumValueHour1151" classname="org.joda.time.TestTimeOfDay_Properties" time="0"/>
  <testcase name="testGetField20" classname="org.joda.time.TestYearMonthDay_Basics" time="0"/>
  <testcase name="testWithField324" classname="org.joda.time.TestYearMonthDay_Basics" time="0.003"/>
  <testcase name="testGetFieldTypes27" classname="org.joda.time.TestYearMonthDay_Basics" time="0"/>
  <testcase name="testWithChronologyRetainFields_nullChrono26" classname="org.joda.time.TestYearMonthDay_Basics" time="0"/>
  <testcase name="testMinus_RP29" classname="org.joda.time.TestYearMonthDay_Basics" time="0"/>
  <testcase name="testWithers41" classname="org.joda.time.TestYearMonthDay_Basics" time="0"/>
  <testcase name="testToString43" classname="org.joda.time.TestYearMonthDay_Basics" time="0"/>
  <testcase name="testToInterval40" classname="org.joda.time.TestYearMonthDay_Basics" time="0"/>
  <testcase name="testGet8" classname="org.joda.time.TestYearMonthDay_Basics" time="0.001"/>
  <testcase name="testWithField128" classname="org.joda.time.TestYearMonthDay_Basics" time="0"/>
  <testcase name="testToDateTimeAtMidnight_nullZone38" classname="org.joda.time.TestYearMonthDay_Basics" time="0.001"/>
  <testcase name="testEqualsHashCode11" classname="org.joda.time.TestYearMonthDay_Basics" time="0.001"/>
  <testcase name="testIsBefore_YMD13" classname="org.joda.time.TestYearMonthDay_Basics" time="0"/>
  <testcase name="testPlus_RP30" classname="org.joda.time.TestYearMonthDay_Basics" time="0.001"/>
  <testcase name="testPlusYears_int31" classname="org.joda.time.TestYearMonthDay_Basics" time="0"/>
  <testcase name="testPlusMonths_int32" classname="org.joda.time.TestYearMonthDay_Basics" time="0"/>
  <testcase name="testPlusDays_int33" classname="org.joda.time.TestYearMonthDay_Basics" time="0.001"/>
  <testcase name="testMinusYears_int34" classname="org.joda.time.TestYearMonthDay_Basics" time="0"/>
  <testcase name="testMinusDays_int35" classname="org.joda.time.TestYearMonthDay_Basics" time="0.001"/>
  <testcase name="testToLocalDate36" classname="org.joda.time.TestYearMonthDay_Basics" time="0"/>
  <testcase name="testToDateTimeAtMidnight37" classname="org.joda.time.TestYearMonthDay_Basics" time="0.001"/>
  <testcase name="testToDateMidnight39" classname="org.joda.time.TestYearMonthDay_Basics" time="0.001"/>
  <testcase name="testToDateTime_TOD_nullZone820" classname="org.joda.time.TestYearMonthDay_Basics" time="0.001"/>
  <testcase name="testToString_String_Locale1113" classname="org.joda.time.TestYearMonthDay_Basics" time="0"/>
  <testcase name="testCompareTo1414" classname="org.joda.time.TestYearMonthDay_Basics" time="0.001"/>
  <testcase name="testConstructor_ObjectString322" classname="org.joda.time.TestYearMonthDay_Constructors" time="0.001"/>
  <testcase name="testConstructor_ObjectStringEx2137" classname="org.joda.time.TestYearMonthDay_Constructors" time="0"/>
  <testcase name="testFactory_FromDateFields17" classname="org.joda.time.TestYearMonthDay_Constructors" time="0.001"/>
  <testcase name="testConstructor_Object_Chronology23" classname="org.joda.time.TestYearMonthDay_Constructors" time="0"/>
  <testcase name="testConstructor_DateTimeZone19" classname="org.joda.time.TestYearMonthDay_Constructors" time="0.001"/>
  <testcase name="testPropertyAddMonth442" classname="org.joda.time.TestYearMonthDay_Properties" time="0.002"/>
  <testcase name="testPropertyEqualsHashCodeStrict515" classname="org.joda.time.TestYearMonthDay_Properties" time="0.001"/>
  <testcase name="testPropertyCompareToYear21" classname="org.joda.time.TestYearMonthDay_Properties" time="0.001"/>
  <testcase name="testPropertySetMonth25" classname="org.joda.time.TestYearMonthDay_Properties" time="0.001"/>
  <testcase name="testPropertyGetMaxMinValuesDay42" classname="org.joda.time.TestYearMonthDay_Properties" time="0"/>
  <testcase name="testPropertyWithMaximumValueDayOfMonth47" classname="org.joda.time.TestYearMonthDay_Properties" time="0.001"/>
  <testcase name="testPropertyGetMonth44" classname="org.joda.time.TestYearMonthDay_Properties" time="0.001"/>
  <testcase name="testPropertyAddWrapFieldYear45" classname="org.joda.time.TestYearMonthDay_Properties" time="0"/>
  <testcase name="testPropertySetTextDay46" classname="org.joda.time.TestYearMonthDay_Properties" time="0.001"/>
  <testcase name="testIsAfter_YM14" classname="org.joda.time.TestYearMonth_Basics" time="0.003"/>
  <testcase name="testMinus_RP372" classname="org.joda.time.TestYearMonth_Basics" time="0"/>
  <testcase name="testPlus_RP373" classname="org.joda.time.TestYearMonth_Basics" time="0.001"/>
  <testcase name="testWithChronologyRetainFields_nullChrono370" classname="org.joda.time.TestYearMonth_Basics" time="0.001"/>
  <testcase name="testProperty377" classname="org.joda.time.TestYearMonth_Basics" time="0.001"/>
  <testcase name="testSerialization366" classname="org.joda.time.TestYearMonth_Basics" time="0.002"/>
  <testcase name="testGetFieldTypes368" classname="org.joda.time.TestYearMonth_Basics" time="0.001"/>
  <testcase name="testMinusMonths_int375" classname="org.joda.time.TestYearMonth_Basics" time="0"/>
  <testcase name="testToString_String379" classname="org.joda.time.TestYearMonth_Basics" time="0.001"/>
  <testcase name="testWithChronologyRetainFields_invalidInNewChrono365" classname="org.joda.time.TestYearMonth_Basics" time="0.001"/>
  <testcase name="testWithChronologyRetainFields_sameChrono369" classname="org.joda.time.TestYearMonth_Basics" time="0"/>
  <testcase name="testPlusYears_int371" classname="org.joda.time.TestYearMonth_Basics" time="0.001"/>
  <testcase name="testToInterval374" classname="org.joda.time.TestYearMonth_Basics" time="0.001"/>
  <testcase name="testGetField367" classname="org.joda.time.TestYearMonth_Basics" time="0"/>
  <testcase name="testWithers376" classname="org.joda.time.TestYearMonth_Basics" time="0.001"/>
  <testcase name="testParse_noFormatter358" classname="org.joda.time.TestYearMonth_Constructors" time="0.001"/>
  <testcase name="testFactory_FromCalendarFields359" classname="org.joda.time.TestYearMonth_Constructors" time="0"/>
  <testcase name="testConstructor_DateTimeZone356" classname="org.joda.time.TestYearMonth_Constructors" time="0.001"/>
  <testcase name="testConstructor355" classname="org.joda.time.TestYearMonth_Constructors" time="0.001"/>
  <testcase name="testConstructor_Object_nullChronology363" classname="org.joda.time.TestYearMonth_Constructors" time="0"/>
  <testcase name="testParse_formatter1105" classname="org.joda.time.TestYearMonth_Constructors" time="0.001"/>
  <testcase name="testConstructor_int_int_Chronology1350" classname="org.joda.time.TestYearMonth_Constructors" time="0.001"/>
  <testcase name="testConstructor_Chronology357" classname="org.joda.time.TestYearMonth_Constructors" time="0"/>
  <testcase name="testConstructor_nullChronology360" classname="org.joda.time.TestYearMonth_Constructors" time="0.001"/>
  <testcase name="testConstructor_long1_Chronology361" classname="org.joda.time.TestYearMonth_Constructors" time="0"/>
  <testcase name="testConstructor_Object362" classname="org.joda.time.TestYearMonth_Constructors" time="0"/>
  <testcase name="testPropertyGetYear381" classname="org.joda.time.TestYearMonth_Properties" time="0.001"/>
  <testcase name="testPropertyAddMonth382" classname="org.joda.time.TestYearMonth_Properties" time="0.001"/>
  <testcase name="testPropertyCompareToMonth5" classname="org.joda.time.TestYearMonth_Properties" time="0"/>
  <testcase name="testPropertySetMonth364" classname="org.joda.time.TestYearMonth_Properties" time="0.001"/>
  <testcase name="testPropertySetTextYear378" classname="org.joda.time.TestYearMonth_Properties" time="0"/>
  <testcase name="testPropertyEqualsHashCodeLenient380" classname="org.joda.time.TestYearMonth_Properties" time="0.001"/>
  <testcase name="testPropertyEquals433" classname="org.joda.time.TestYearMonth_Properties" time="0.001"/>
  <testcase name="testWithChronologyRetainFields_sameChrono1267" classname="org.joda.time.TestMonthDay_Basics" time="0.003"/>
  <testcase name="testGetField1265" classname="org.joda.time.TestMonthDay_Basics" time="0"/>
  <testcase name="testWithers411" classname="org.joda.time.TestMonthDay_Basics" time="0.001"/>
  <testcase name="testSize1258" classname="org.joda.time.TestMonthDay_Basics" time="0"/>
  <testcase name="testMinusMonths_int1273" classname="org.joda.time.TestMonthDay_Basics" time="0"/>
  <testcase name="testToLocalDate1275" classname="org.joda.time.TestMonthDay_Basics" time="0.001"/>
  <testcase name="testToString_String_Locale1277" classname="org.joda.time.TestMonthDay_Basics" time="0.001"/>
  <testcase name="testMinus_RP1270" classname="org.joda.time.TestMonthDay_Basics" time="0"/>
  <testcase name="testPlus_RP1271" classname="org.joda.time.TestMonthDay_Basics" time="0.001"/>
  <testcase name="testWithChronologyRetainFields_Chrono1263" classname="org.joda.time.TestMonthDay_Basics" time="0"/>
  <testcase name="testSerialization1264" classname="org.joda.time.TestMonthDay_Basics" time="0.004"/>
  <testcase name="testToString_String517" classname="org.joda.time.TestMonthDay_Basics" time="0"/>
  <testcase name="testIsSupported1259" classname="org.joda.time.TestMonthDay_Basics" time="0.001"/>
  <testcase name="testGetFieldTypes1266" classname="org.joda.time.TestMonthDay_Basics" time="0"/>
  <testcase name="testWithField_same1268" classname="org.joda.time.TestMonthDay_Basics" time="0.001"/>
  <testcase name="testWithField1269" classname="org.joda.time.TestMonthDay_Basics" time="0"/>
  <testcase name="testPlusMonths_int_wrap1272" classname="org.joda.time.TestMonthDay_Basics" time="0.001"/>
  <testcase name="testMinusDays_int_negativeFromLeap1274" classname="org.joda.time.TestMonthDay_Basics" time="0"/>
  <testcase name="testProperty432" classname="org.joda.time.TestMonthDay_Basics" time="0.001"/>
  <testcase name="testConstructor_Chronology1256" classname="org.joda.time.TestMonthDay_Constructors" time="0"/>
  <testcase name="testFactory_FromCalendarFields1257" classname="org.joda.time.TestMonthDay_Constructors" time="0.001"/>
  <testcase name="testConstructor_long_nullChronology1261" classname="org.joda.time.TestMonthDay_Constructors" time="0"/>
  <testcase name="testConstructor_Object_Chronology1262" classname="org.joda.time.TestMonthDay_Constructors" time="0.001"/>
  <testcase name="testConstructor_int_int_nullChronology1276" classname="org.joda.time.TestMonthDay_Constructors" time="0"/>
  <testcase name="testConstructor1254" classname="org.joda.time.TestMonthDay_Constructors" time="0"/>
  <testcase name="testConstructor_DateTimeZone1255" classname="org.joda.time.TestMonthDay_Constructors" time="0.001"/>
  <testcase name="testPropertySetMonthOfYear1280" classname="org.joda.time.TestMonthDay_Properties" time="0"/>
  <testcase name="testPropertyAddMonthOfYear443" classname="org.joda.time.TestMonthDay_Properties" time="0.001"/>
  <testcase name="testPropertySetTextDayOfMonth1281" classname="org.joda.time.TestMonthDay_Properties" time="0.001"/>
  <testcase name="testPropertyAddDayOfMonth444" classname="org.joda.time.TestMonthDay_Properties" time="0"/>
  <testcase name="testPropertyGetDayOfMonth1278" classname="org.joda.time.TestMonthDay_Properties" time="0.001"/>
  <testcase name="testPropertyCompareToMonthOfYear1260" classname="org.joda.time.TestMonthDay_Properties" time="0.001"/>
  <testcase name="testPropertyAddWrapFieldMonthOfYear1279" classname="org.joda.time.TestMonthDay_Properties" time="0"/>
  <testcase name="testWith_argHasNoRange657" classname="org.joda.time.TestPartial_Basics" time="0.001"/>
  <testcase name="testGetFormatter3658" classname="org.joda.time.TestPartial_Basics" time="0.001"/>
  <testcase name="testWithField1661" classname="org.joda.time.TestPartial_Basics" time="0"/>
  <testcase name="testWithField4662" classname="org.joda.time.TestPartial_Basics" time="0.001"/>
  <testcase name="testWithFieldAdded1663" classname="org.joda.time.TestPartial_Basics" time="0"/>
  <testcase name="testWithFieldAdded4664" classname="org.joda.time.TestPartial_Basics" time="0.001"/>
  <testcase name="testWithFieldAddWrapped5665" classname="org.joda.time.TestPartial_Basics" time="0"/>
  <testcase name="testWithFieldAddWrapped8666" classname="org.joda.time.TestPartial_Basics" time="0.001"/>
  <testcase name="testWithFieldAddWrapped4667" classname="org.joda.time.TestPartial_Basics" time="0"/>
  <testcase name="testToString41107" classname="org.joda.time.TestPartial_Basics" time="0"/>
  <testcase name="testWith2656" classname="org.joda.time.TestPartial_Basics" time="0.001"/>
  <testcase name="testWith16" classname="org.joda.time.TestPartial_Basics" time="0.001"/>
  <testcase name="testWith4659" classname="org.joda.time.TestPartial_Basics" time="0"/>
  <testcase name="testWith3f642" classname="org.joda.time.TestPartial_Basics" time="0.001"/>
  <testcase name="testToString2640" classname="org.joda.time.TestPartial_Basics" time="0"/>
  <testcase name="testWithChronologyRetainFields_sameChrono655" classname="org.joda.time.TestPartial_Basics" time="0.001"/>
  <testcase name="testSerialization4" classname="org.joda.time.TestPartial_Basics" time="0.003"/>
  <testcase name="testWithout2660" classname="org.joda.time.TestPartial_Basics" time="0.002"/>
  <testcase name="testGetFieldTypes644" classname="org.joda.time.TestPartial_Basics" time="0"/>
  <testcase name="testGetFormatter1653" classname="org.joda.time.TestPartial_Basics" time="0.001"/>
  <testcase name="testWithChronologyRetainFields_Chrono654" classname="org.joda.time.TestPartial_Basics" time="0.001"/>
  <testcase name="testConstructorEx8_TypeArray_intArray649" classname="org.joda.time.TestPartial_Constructors" time="0.001"/>
  <testcase name="testConstructorEx7_TypeArray_intArray650" classname="org.joda.time.TestPartial_Constructors" time="0.001"/>
  <testcase name="testConstructor2_TypeArray_intArray648" classname="org.joda.time.TestPartial_Constructors" time="0"/>
  <testcase name="testConstructorEx5_TypeArray_intArray647" classname="org.joda.time.TestPartial_Constructors" time="0.001"/>
  <testcase name="testConstructor_Chrono641" classname="org.joda.time.TestPartial_Constructors" time="0"/>
  <testcase name="testConstructor_Type_int453" classname="org.joda.time.TestPartial_Constructors" time="0.001"/>
  <testcase name="testConstructorEx_Partial651" classname="org.joda.time.TestPartial_Constructors" time="0"/>
  <testcase name="testConstructor_Partial652" classname="org.joda.time.TestPartial_Constructors" time="0.001"/>
  <testcase name="testConstructorEx3_TypeArray_intArray646" classname="org.joda.time.TestPartial_Constructors" time="0.001"/>
  <testcase name="testConstructorEx1_TypeArray_intArray645" classname="org.joda.time.TestPartial_Constructors" time="0"/>
  <testcase name="testConstructorEx_Type_int_Chrono643" classname="org.joda.time.TestPartial_Constructors" time="0.001"/>
  <testcase name="testConstructor_TypeArray_intArray_Chrono452" classname="org.joda.time.TestPartial_Constructors" time="0"/>
  <testcase name="testPropertyGetMinute669" classname="org.joda.time.TestPartial_Properties" time="0.001"/>
  <testcase name="testPropertyAddWrapFieldHour670" classname="org.joda.time.TestPartial_Properties" time="0"/>
  <testcase name="testPropertySetTextMinute671" classname="org.joda.time.TestPartial_Properties" time="0.001"/>
  <testcase name="testPropertyWithMinimumValueHour431" classname="org.joda.time.TestPartial_Properties" time="0"/>
  <testcase name="testIsMatch_Instant668" classname="org.joda.time.TestPartial_Match" time="0.001"/>
  <testcase name="testGetFieldTypes3" classname="org.joda.time.TestAbstractPartial" time="0.001"/>
  <testcase name="testGetFieldType2" classname="org.joda.time.TestAbstractPartial" time="0"/>
  <testcase name="testGetPropertyEquals1" classname="org.joda.time.TestAbstractPartial" time="0.002"/>
  <testcase name="testSetMethods1471" classname="org.joda.time.TestBasePartial" time="0.001"/>
  <testcase name="testBasicComps3271" classname="org.joda.time.TestDateTimeComparator" time="0.001"/>
  <testcase name="testStaticGetInstanceLowerUpper498" classname="org.joda.time.TestDateTimeComparator" time="0.001"/>
  <testcase name="testStaticGetTimeOnlyInstance502" classname="org.joda.time.TestDateTimeComparator" time="0"/>
  <testcase name="testListYOYY573" classname="org.joda.time.TestDateTimeComparator" time="0.001"/>
  <testcase name="testMonth1218" classname="org.joda.time.TestDateTimeComparator" time="0.001"/>
  <testcase name="testStaticGetInstance496" classname="org.joda.time.TestDateTimeComparator" time="0"/>
  <testcase name="testStaticGetInstanceLower497" classname="org.joda.time.TestDateTimeComparator" time="0"/>
  <testcase name="testEqualsHashCode499" classname="org.joda.time.TestDateTimeComparator" time="0.001"/>
  <testcase name="testListWOW500" classname="org.joda.time.TestDateTimeComparator" time="0.002"/>
  <testcase name="testSerialization2501" classname="org.joda.time.TestDateTimeComparator" time="0.001"/>
  <testcase name="testConstructor914" classname="org.joda.time.TestDateTimeConstants" time="0.001"/>
  <testcase name="testIsContiguous_RP7" classname="org.joda.time.TestDateTimeUtils" time="0.001"/>
  <testcase name="testIsContiguous_RP_GJChronology130" classname="org.joda.time.TestDateTimeUtils" time="0.001"/>
  <testcase name="testGetIntervalChronology_RInterval579" classname="org.joda.time.TestDateTimeUtils" time="0.002"/>
  <testcase name="testGetIntervalChronology_RI_RI783" classname="org.joda.time.TestDateTimeUtils" time="0.001"/>
  <testcase name="testClass778" classname="org.joda.time.TestDateTimeUtils" time="0"/>
  <testcase name="testGetReadableInterval_ReadableInterval784" classname="org.joda.time.TestDateTimeUtils" time="0.001"/>
  <testcase name="testOffsetMillis779" classname="org.joda.time.TestDateTimeUtils" time="0"/>
  <testcase name="testMillisProvider_null780" classname="org.joda.time.TestDateTimeUtils" time="0.001"/>
  <testcase name="testMillisProvider781" classname="org.joda.time.TestDateTimeUtils" time="0"/>
  <testcase name="testGetInstantChronology_RI782" classname="org.joda.time.TestDateTimeUtils" time="0.004"/>
  <testcase name="testGetZone_Zone785" classname="org.joda.time.TestDateTimeUtils" time="0"/>
  <testcase name="testGetPeriodType_PeriodType786" classname="org.joda.time.TestDateTimeUtils" time="0.001"/>
  <testcase name="testGetDurationMillis_RI787" classname="org.joda.time.TestDateTimeUtils" time="0"/>
  <testcase name="test_julianDay789" classname="org.joda.time.TestDateTimeUtils" time="0.001"/>
  <testcase name="testPatchedNameKeysLondon272" classname="org.joda.time.TestDateTimeZone" time="0.01"/>
  <testcase name="testProvider804" classname="org.joda.time.TestDateTimeZone" time="0.007"/>
  <testcase name="testIsFixed276" classname="org.joda.time.TestDateTimeZone" time="0"/>
  <testcase name="testGetShortNameNullKey807" classname="org.joda.time.TestDateTimeZone" time="0.001"/>
  <testcase name="testGetNameNullKey808" classname="org.joda.time.TestDateTimeZone" time="0"/>
  <testcase name="testGetOffset_RI809" classname="org.joda.time.TestDateTimeZone" time="0.001"/>
  <testcase name="testGetMillisKeepLocal813" classname="org.joda.time.TestDateTimeZone" time="0"/>
  <testcase name="testGetShortNameProviderName1400" classname="org.joda.time.TestDateTimeZone" time="0"/>
  <testcase name="testForOffsetMillis_int803" classname="org.joda.time.TestDateTimeZone" time="0.001"/>
  <testcase name="testNameProvider_badClassName805" classname="org.joda.time.TestDateTimeZone" time="0.002"/>
  <testcase name="testNameProvider806" classname="org.joda.time.TestDateTimeZone" time="0"/>
  <testcase name="testForOffsetHours_int800" classname="org.joda.time.TestDateTimeZone" time="0.001"/>
  <testcase name="testForID_String801" classname="org.joda.time.TestDateTimeZone" time="0"/>
  <testcase name="testForTimeZone_TimeZone802" classname="org.joda.time.TestDateTimeZone" time="0.001"/>
  <testcase name="testForID_String_old266" classname="org.joda.time.TestDateTimeZone" time="0.009"/>
  <testcase name="testEqualsHashCode281" classname="org.joda.time.TestDateTimeZone" time="0.001"/>
  <testcase name="testSerialization2635" classname="org.joda.time.TestDateTimeZone" time="0.002"/>
  <testcase name="testIsLocalDateTimeGap_Berlin636" classname="org.joda.time.TestDateTimeZone" time="0.001"/>
  <testcase name="testDefault799" classname="org.joda.time.TestDateTimeZone" time="0.001"/>
  <testcase name="testPatchedNameKeysSydneyHistoric1401" classname="org.joda.time.TestDateTimeZone" time="0"/>
  <testcase name="test_DateTime_roundFloor_hour_NewYork_Spring_postCutover277" classname="org.joda.time.TestDateTimeZoneCutover" time="0.001"/>
  <testcase name="test_DateTime_setHourAcross_NewYork_Spring811" classname="org.joda.time.TestDateTimeZoneCutover" time="0"/>
  <testcase name="test_DateTime_parse_Turk815" classname="org.joda.time.TestDateTimeZoneCutover" time="0.001"/>
  <testcase name="test_DateTime_roundCeiling_day_NewYork_Spring_postCutover938" classname="org.joda.time.TestDateTimeZoneCutover" time="0"/>
  <testcase name="test_DateTime_parse_Gaza940" classname="org.joda.time.TestDateTimeZoneCutover" time="0.001"/>
  <testcase name="test_DateTime_roundCeiling_hour_NewYork_Spring_preCutover631" classname="org.joda.time.TestDateTimeZoneCutover" time="0.001"/>
  <testcase name="test_DateTime_withDay_Turk614" classname="org.joda.time.TestDateTimeZoneCutover" time="0"/>
  <testcase name="testPlusSecondsInDstChange597" classname="org.joda.time.TestDateTimeZoneCutover" time="0.001"/>
  <testcase name="test_getOffsetFromLocal_Moscow_Autumn_overlap_mins278" classname="org.joda.time.TestDateTimeZoneCutover" time="0.003"/>
  <testcase name="testWithMinuteOfHourInDstChange_mockZone615" classname="org.joda.time.TestDateTimeZoneCutover" time="0.001"/>
  <testcase name="testPeriod810" classname="org.joda.time.TestDateTimeZoneCutover" time="0.002"/>
  <testcase name="testBug2182444_usCentral196" classname="org.joda.time.TestDateTimeZoneCutover" time="0.001"/>
  <testcase name="test_LocalDate_toDateMidnight_Gaza712" classname="org.joda.time.TestDateTimeZoneCutover" time="0"/>
  <testcase name="test_DateTime_setHourForward_NewYork_Spring812" classname="org.joda.time.TestDateTimeZoneCutover" time="0.001"/>
  <testcase name="testBug3192457_adjustOffset814" classname="org.joda.time.TestDateTimeZoneCutover" time="0.001"/>
  <testcase name="test_MutableDateTime_withZoneRetainFields_Gaza1007" classname="org.joda.time.TestDateTimeZoneCutover" time="0"/>
  <testcase name="test_DateTime_minusHour_NewYork_Autumn603" classname="org.joda.time.TestDateTimeZoneCutover" time="0.001"/>
  <testcase name="test_DateTime_plusDayMidGap_Turk595" classname="org.joda.time.TestDateTimeZoneCutover" time="0"/>
  <testcase name="testBug3476684_adjustOffset_springGap274" classname="org.joda.time.TestDateTimeZoneCutover" time="0.001"/>
  <testcase name="test_DateTime_JustAfterLastEverOverlap268" classname="org.joda.time.TestDateTimeZoneCutover" time="0.004"/>
  <testcase name="testYearMonthDay759" classname="org.joda.time.TestPeriodType" time="0.001"/>
  <testcase name="testMaskSeconds771" classname="org.joda.time.TestPeriodType" time="0.002"/>
  <testcase name="testForFields1768" classname="org.joda.time.TestPeriodType" time="0"/>
  <testcase name="testIsSupported773" classname="org.joda.time.TestPeriodType" time="0.001"/>
  <testcase name="testMaskTwice2775" classname="org.joda.time.TestPeriodType" time="0"/>
  <testcase name="testYearDayTime762" classname="org.joda.time.TestPeriodType" time="0.001"/>
  <testcase name="testYearWeekDay761" classname="org.joda.time.TestPeriodType" time="0.001"/>
  <testcase name="testMaskMinutes776" classname="org.joda.time.TestPeriodType" time="0.001"/>
  <testcase name="testMaskMillis777" classname="org.joda.time.TestPeriodType" time="0.001"/>
  <testcase name="testMaskYears774" classname="org.joda.time.TestPeriodType" time="0.001"/>
  <testcase name="testSeconds770" classname="org.joda.time.TestPeriodType" time="0"/>
  <testcase name="testDays767" classname="org.joda.time.TestPeriodType" time="0.001"/>
  <testcase name="testYears766" classname="org.joda.time.TestPeriodType" time="0.001"/>
  <testcase name="testYearDay763" classname="org.joda.time.TestPeriodType" time="0.001"/>
  <testcase name="testYearWeekDayTime760" classname="org.joda.time.TestPeriodType" time="0"/>
  <testcase name="testForFields4772" classname="org.joda.time.TestPeriodType" time="0.001"/>
  <testcase name="test_subtract1395" classname="org.joda.time.TestDurationField" time="0"/>
  <testcase name="testYears685" classname="org.joda.time.TestStringConvert" time="0.017"/>
  <testcase name="testPeriod55" classname="org.joda.time.TestStringConvert" time="0.002"/>
  <testcase name="testWeeks554" classname="org.joda.time.TestStringConvert" time="0"/>
  <testcase name="testDateTime568" classname="org.joda.time.TestStringConvert" time="0.003"/>
  <testcase name="testMonthDay_leapDay1112" classname="org.joda.time.TestStringConvert" time="0.001"/>
  <testcase name="testMutableDateTime1406" classname="org.joda.time.TestStringConvert" time="0.001"/>
  <testcase name="testSeconds539" classname="org.joda.time.TestStringConvert" time="0.001"/>
  <testcase name="testDuration228" classname="org.joda.time.TestStringConvert" time="0"/>
  <testcase name="testMonthDay1220" classname="org.joda.time.TestStringConvert" time="0.001"/>
  <testcase name="testMinutes902" classname="org.joda.time.TestStringConvert" time="0.001"/>
  <testcase name="testSerializedDateMidnightProperty1462" classname="org.joda.time.TestSerialization" time="0.005"/>
  <testcase name="testSerializedGJChronology121" classname="org.joda.time.TestSerialization" time="0.007"/>
  <testcase name="testSerializedPeriodType764" classname="org.joda.time.TestSerialization" time="0.001"/>
  <testcase name="testSerializedYearMonthDay18" classname="org.joda.time.TestSerialization" time="0.002"/>
  <testcase name="testSerializedDateTimeFieldType1383" classname="org.joda.time.TestSerialization" time="0"/>
  <testcase name="testDuration232" classname="org.joda.time.TestSerialization" time="0.002"/>
  <testcase name="testSerializedLocalDateTime1295" classname="org.joda.time.TestSerialization" time="0.001"/>
  <testcase name="testSerializedUnsupportedDateTimeField924" classname="org.joda.time.TestSerialization" time="0.002"/>
  <testcase name="testSerializedMutableDateTimeProperty1061" classname="org.joda.time.TestSerialization" time="0.003"/>
  <testcase name="testSerializedCopticChronology311" classname="org.joda.time.TestSerialization" time="0.003"/>
  <testcase name="testSerializedJulianChronology420" classname="org.joda.time.TestSerialization" time="0.002"/>
  <testcase name="testSerializedLocalDateBuddhist492" classname="org.joda.time.TestSerialization" time="0.004"/>
  <testcase name="testSerializedDateTimeProperty626" classname="org.joda.time.TestSerialization" time="0.002"/>
  <testcase name="testSerializedLocalTime950" classname="org.joda.time.TestSerialization" time="0.001"/>
  <testcase name="testSerializedGJChronologyChangedInternals109" classname="org.joda.time.TestSerialization" time="0.004"/>
  <testcase name="testOtherConstructors945" classname="org.joda.time.TestIllegalFieldValueException" time="0"/>
  <testcase name="testSetText757" classname="org.joda.time.TestIllegalFieldValueException" time="0.001"/>
  <testcase name="testVerifyValueBounds462" classname="org.joda.time.TestIllegalFieldValueException" time="0"/>
  <testcase name="testReadablePartialValidate943" classname="org.joda.time.TestIllegalFieldValueException" time="0.001"/>
  <testcase name="testZoneTransition944" classname="org.joda.time.TestIllegalFieldValueException" time="0"/>
  <testcase name="testToString429" classname="org.joda.time.chrono.TestBuddhistChronology" time="0.001"/>
  <testcase name="testDurationFields426" classname="org.joda.time.chrono.TestBuddhistChronology" time="0.001"/>
  <testcase name="testWithZone427" classname="org.joda.time.chrono.TestBuddhistChronology" time="0.001"/>
  <testcase name="testEra416" classname="org.joda.time.chrono.TestBuddhistChronology" time="0"/>
  <testcase name="testTimeFields424" classname="org.joda.time.chrono.TestBuddhistChronology" time="0.001"/>
  <testcase name="testKeyYears150" classname="org.joda.time.chrono.TestBuddhistChronology" time="0.001"/>
  <testcase name="testFactory_Zone425" classname="org.joda.time.chrono.TestBuddhistChronology" time="0"/>
  <testcase name="testEquality310" classname="org.joda.time.chrono.TestCopticChronology" time="0"/>
  <testcase name="testWithZone312" classname="org.joda.time.chrono.TestCopticChronology" time="0"/>
  <testcase name="testEra313" classname="org.joda.time.chrono.TestCopticChronology" time="0"/>
  <testcase name="testFactoryUTC309" classname="org.joda.time.chrono.TestCopticChronology" time="0.001"/>
  <testcase name="testSampleDate314" classname="org.joda.time.chrono.TestCopticChronology" time="0.001"/>
  <testcase name="testDurationYear546" classname="org.joda.time.chrono.TestCopticChronology" time="0"/>
  <testcase name="testWithUTC751" classname="org.joda.time.chrono.TestEthiopicChronology" time="0.001"/>
  <testcase name="testFactory_Zone752" classname="org.joda.time.chrono.TestEthiopicChronology" time="0"/>
  <testcase name="testDurationFields753" classname="org.joda.time.chrono.TestEthiopicChronology" time="0.001"/>
  <testcase name="testSampleDateWithZone755" classname="org.joda.time.chrono.TestEthiopicChronology" time="0"/>
  <testcase name="testWithZone754" classname="org.joda.time.chrono.TestEthiopicChronology" time="0"/>
  <testcase name="testDurationMonth307" classname="org.joda.time.chrono.TestEthiopicChronology" time="0"/>
  <testcase name="testCutoverAddWeeks110" classname="org.joda.time.chrono.TestGJChronology" time="0.002"/>
  <testcase name="testFactory_Zone_RI113" classname="org.joda.time.chrono.TestGJChronology" time="0.001"/>
  <testcase name="testEquality111" classname="org.joda.time.chrono.TestGJChronology" time="0.001"/>
  <testcase name="testLeapYearRulesConstruction118" classname="org.joda.time.chrono.TestGJChronology" time="0"/>
  <testcase name="testIllegalDates119" classname="org.joda.time.chrono.TestGJChronology" time="0.001"/>
  <testcase name="testCutoverAddWeekyears122" classname="org.joda.time.chrono.TestGJChronology" time="0.003"/>
  <testcase name="testPartialGetAsText123" classname="org.joda.time.chrono.TestGJChronology" time="0.013"/>
  <testcase name="testTimeOfDayAdd124" classname="org.joda.time.chrono.TestGJChronology" time="0.005"/>
  <testcase name="testMaximumValue125" classname="org.joda.time.chrono.TestGJChronology" time="0.561"/>
  <testcase name="testSubtractDays112" classname="org.joda.time.chrono.TestGJChronology" time="0.003"/>
  <testcase name="testCutoverAddMonths129" classname="org.joda.time.chrono.TestGJChronology" time="0.013"/>
  <testcase name="testMaximumValue269" classname="org.joda.time.chrono.TestGregorianChronology" time="0.001"/>
  <testcase name="testEquality904" classname="org.joda.time.chrono.TestGregorianChronology" time="0"/>
  <testcase name="testToString817" classname="org.joda.time.chrono.TestGregorianChronology" time="0"/>
  <testcase name="testWithZone905" classname="org.joda.time.chrono.TestGregorianChronology" time="0.001"/>
  <testcase name="testFactory100" classname="org.joda.time.chrono.TestIslamicChronology" time="0"/>
  <testcase name="testFactoryUTC99" classname="org.joda.time.chrono.TestIslamicChronology" time="0"/>
  <testcase name="testCalendar107" classname="org.joda.time.chrono.TestIslamicChronology" time="7.077"/>
  <testcase name="testWithUTC101" classname="org.joda.time.chrono.TestIslamicChronology" time="0.001"/>
  <testcase name="testWithZone103" classname="org.joda.time.chrono.TestIslamicChronology" time="0"/>
  <testcase name="testSampleDateWithZone104" classname="org.joda.time.chrono.TestIslamicChronology" time="0.001"/>
  <testcase name="testSampleDate1105" classname="org.joda.time.chrono.TestIslamicChronology" time="0.001"/>
  <testcase name="testFieldConstructor106" classname="org.joda.time.chrono.TestIslamicChronology" time="0"/>
  <testcase name="testSampleDate2108" classname="org.joda.time.chrono.TestIslamicChronology" time="0.001"/>
  <testcase name="testSampleDate3450" classname="org.joda.time.chrono.TestIslamicChronology" time="0"/>
  <testcase name="testToString102" classname="org.joda.time.chrono.TestIslamicChronology" time="0"/>
  <testcase name="testFactory_Zone418" classname="org.joda.time.chrono.TestJulianChronology" time="0.001"/>
  <testcase name="testToString417" classname="org.joda.time.chrono.TestJulianChronology" time="0"/>
  <testcase name="testDurationFields263" classname="org.joda.time.chrono.TestJulianChronology" time="0.001"/>
  <testcase name="testFactory_Zone_int419" classname="org.joda.time.chrono.TestJulianChronology" time="0.001"/>
  <testcase name="testPartialDayOfYearAdd297" classname="org.joda.time.chrono.TestISOChronology" time="0.001"/>
  <testcase name="testDurationFields298" classname="org.joda.time.chrono.TestISOChronology" time="0"/>
  <testcase name="testWithZone299" classname="org.joda.time.chrono.TestISOChronology" time="0.001"/>
  <testcase name="testToString300" classname="org.joda.time.chrono.TestISOChronology" time="0.001"/>
  <testcase name="test_lenientChrononolgy_Chicago544" classname="org.joda.time.chrono.TestLenientChronology" time="0.001"/>
  <testcase name="test_plusYears_negativeToPositive117" classname="org.joda.time.chrono.TestGJDate" time="0"/>
  <testcase name="test_plusWeekyears_positiveToZero_crossCutover126" classname="org.joda.time.chrono.TestGJDate" time="0.001"/>
  <testcase name="test_cutoverPreZero114" classname="org.joda.time.chrono.TestGJDate" time="0"/>
  <testcase name="testChronology" classname="org.joda.time.chrono.gj.MainTest" time="0.409"/>
  <testcase name="testChronology" classname="org.joda.time.chrono.gj.MainTest" time="0.623"/>
  <testcase name="testAddPeriodConverter3484" classname="org.joda.time.convert.TestConverterManager" time="0"/>
  <testcase name="testRemovePeriodConverter3485" classname="org.joda.time.convert.TestConverterManager" time="0.001"/>
  <testcase name="testAddIntervalConverter1486" classname="org.joda.time.convert.TestConverterManager" time="0.001"/>
  <testcase name="testGetIntervalConverter487" classname="org.joda.time.convert.TestConverterManager" time="0.001"/>
  <testcase name="testRemoveIntervalConverter2489" classname="org.joda.time.convert.TestConverterManager" time="0.001"/>
  <testcase name="testAddIntervalConverter3490" classname="org.joda.time.convert.TestConverterManager" time="0"/>
  <testcase name="testAddPartialConverter31088" classname="org.joda.time.convert.TestConverterManager" time="0.001"/>
  <testcase name="testToString491" classname="org.joda.time.convert.TestConverterManager" time="0"/>
  <testcase name="testGetInstantConverterOKMultipleMatches472" classname="org.joda.time.convert.TestConverterManager" time="0.001"/>
  <testcase name="testGetInstantConverterRemovedNull471" classname="org.joda.time.convert.TestConverterManager" time="0.001"/>
  <testcase name="testGetInstantConverterBadMultipleMatches1091" classname="org.joda.time.convert.TestConverterManager" time="0.001"/>
  <testcase name="testGetDurationConverterRemovedNull480" classname="org.joda.time.convert.TestConverterManager" time="0"/>
  <testcase name="testRemoveInstantConverter3473" classname="org.joda.time.convert.TestConverterManager" time="0.001"/>
  <testcase name="testAddPartialConverter2474" classname="org.joda.time.convert.TestConverterManager" time="0.001"/>
  <testcase name="testGetPartialConverter475" classname="org.joda.time.convert.TestConverterManager" time="0.001"/>
  <testcase name="testRemovePartialConverter3477" classname="org.joda.time.convert.TestConverterManager" time="0"/>
  <testcase name="testGetDurationConverter479" classname="org.joda.time.convert.TestConverterManager" time="0.001"/>
  <testcase name="testAddDurationConverter2481" classname="org.joda.time.convert.TestConverterManager" time="0.001"/>
  <testcase name="testAddDurationConverter3482" classname="org.joda.time.convert.TestConverterManager" time="0.001"/>
  <testcase name="testGetPartialConverterOKMultipleMatches478" classname="org.joda.time.convert.TestConverterManager" time="0.001"/>
  <testcase name="testGetInstantConverter470" classname="org.joda.time.convert.TestConverterManager" time="0.001"/>
  <testcase name="testGetPartialConverterRemovedNull476" classname="org.joda.time.convert.TestConverterManager" time="0"/>
  <testcase name="testRemoveDurationConverter3483" classname="org.joda.time.convert.TestConverterManager" time="0.001"/>
  <testcase name="testGetPeriodConverter469" classname="org.joda.time.convert.TestConverterManager" time="0"/>
  <testcase name="testGetIntervalConverterRemovedNull488" classname="org.joda.time.convert.TestConverterManager" time="0.001"/>
  <testcase name="testRemoveNullRemoved11090" classname="org.joda.time.convert.TestConverterSet" time="0.001"/>
  <testcase name="testAddNullRemoved31087" classname="org.joda.time.convert.TestConverterSet" time="0.001"/>
  <testcase name="testRemoveBadIndex11085" classname="org.joda.time.convert.TestConverterSet" time="0"/>
  <testcase name="testRemoveNullRemoved21089" classname="org.joda.time.convert.TestConverterSet" time="0.001"/>
  <testcase name="testBigHashtable1086" classname="org.joda.time.convert.TestConverterSet" time="0"/>
  <testcase name="testToString1335" classname="org.joda.time.convert.TestCalendarConverter" time="0.002"/>
  <testcase name="testGetPartialValues1334" classname="org.joda.time.convert.TestCalendarConverter" time="0"/>
  <testcase name="testGetChronology_Object_nullChronology115" classname="org.joda.time.convert.TestCalendarConverter" time="0.009"/>
  <testcase name="testGetChronology_Object_Chronology1333" classname="org.joda.time.convert.TestCalendarConverter" time="0"/>
  <testcase name="testGetInstantMillis_Object_Chronology315" classname="org.joda.time.convert.TestDateConverter" time="0.001"/>
  <testcase name="testToString316" classname="org.joda.time.convert.TestDateConverter" time="0"/>
  <testcase name="testGetInstantMillis_Object_Chronology52" classname="org.joda.time.convert.TestLongConverter" time="0.001"/>
  <testcase name="testToString54" classname="org.joda.time.convert.TestLongConverter" time="0.001"/>
  <testcase name="testGetDurationMillis_Object53" classname="org.joda.time.convert.TestLongConverter" time="0"/>
  <testcase name="testSupportedType791" classname="org.joda.time.convert.TestNullConverter" time="0.001"/>
  <testcase name="testSetInto_Object_Chronology2790" classname="org.joda.time.convert.TestNullConverter" time="0"/>
  <testcase name="testToString913" classname="org.joda.time.convert.TestReadableDurationConverter" time="0"/>
  <testcase name="testSetInto_Object912" classname="org.joda.time.convert.TestReadableDurationConverter" time="0.001"/>
  <testcase name="testGetDurationMillis_Object911" classname="org.joda.time.convert.TestReadableDurationConverter" time="0"/>
  <testcase name="testIsReadableInterval_Object_Chronology1398" classname="org.joda.time.convert.TestReadableIntervalConverter" time="0.001"/>
  <testcase name="testSetIntoInterval_Object2816" classname="org.joda.time.convert.TestReadableIntervalConverter" time="0"/>
  <testcase name="testGetPeriodType_Object134" classname="org.joda.time.convert.TestReadableIntervalConverter" time="0.001"/>
  <testcase name="testSupportedType1399" classname="org.joda.time.convert.TestReadableIntervalConverter" time="0"/>
  <testcase name="testGetDurationMillis_Object1396" classname="org.joda.time.convert.TestReadableIntervalConverter" time="0.001"/>
  <testcase name="testSetIntoPeriod_Object11397" classname="org.joda.time.convert.TestReadableIntervalConverter" time="0"/>
  <testcase name="testToString423" classname="org.joda.time.convert.TestReadableInstantConverter" time="0"/>
  <testcase name="testGetChronology_Object_nullChronology422" classname="org.joda.time.convert.TestReadableInstantConverter" time="0.001"/>
  <testcase name="testGetChronology_Object_Chronology421" classname="org.joda.time.convert.TestReadableInstantConverter" time="0"/>
  <testcase name="testGetChronology_Object_Zone48" classname="org.joda.time.convert.TestReadablePartialConverter" time="0"/>
  <testcase name="testGetPartialValues50" classname="org.joda.time.convert.TestReadablePartialConverter" time="0.001"/>
  <testcase name="testSupportedType51" classname="org.joda.time.convert.TestReadablePartialConverter" time="0.001"/>
  <testcase name="testGetChronology_Object_Chronology49" classname="org.joda.time.convert.TestReadablePartialConverter" time="0"/>
  <testcase name="testToString148" classname="org.joda.time.convert.TestReadablePeriodConverter" time="0.001"/>
  <testcase name="testSetInto_Object146" classname="org.joda.time.convert.TestReadablePeriodConverter" time="0.001"/>
  <testcase name="testGetPeriodType_Object147" classname="org.joda.time.convert.TestReadablePeriodConverter" time="0"/>
  <testcase name="testSetIntoIntervalEx_Object_Chronology5145" classname="org.joda.time.convert.TestStringConverter" time="0.001"/>
  <testcase name="testSetIntoIntervalEx_Object_Chronology4141" classname="org.joda.time.convert.TestStringConverter" time="0.001"/>
  <testcase name="testGetPartialValues136" classname="org.joda.time.convert.TestStringConverter" time="0.001"/>
  <testcase name="testGetDurationMillis_Object1138" classname="org.joda.time.convert.TestStringConverter" time="0.001"/>
  <testcase name="testGetDurationMillis_Object2139" classname="org.joda.time.convert.TestStringConverter" time="0.001"/>
  <testcase name="testIsReadableInterval_Object_Chronology135" classname="org.joda.time.convert.TestStringConverter" time="0"/>
  <testcase name="testSetIntoPeriod_Object3140" classname="org.joda.time.convert.TestStringConverter" time="0.001"/>
  <testcase name="testSetIntoPeriod_Object6184" classname="org.joda.time.convert.TestStringConverter" time="0.001"/>
  <testcase name="testSetIntoPeriod_Object5186" classname="org.joda.time.convert.TestStringConverter" time="0.001"/>
  <testcase name="testSetIntoPeriod_Object4187" classname="org.joda.time.convert.TestStringConverter" time="0"/>
  <testcase name="testSetIntoIntervalEx_Object_Chronology1142" classname="org.joda.time.convert.TestStringConverter" time="0.001"/>
  <testcase name="testSetIntoInterval_Object_Chronology5143" classname="org.joda.time.convert.TestStringConverter" time="0.001"/>
  <testcase name="testSetIntoInterval_Object_Chronology1144" classname="org.joda.time.convert.TestStringConverter" time="0.001"/>
  <testcase name="testSafeAddInt454" classname="org.joda.time.field.TestFieldUtils" time="0"/>
  <testcase name="testSafeAddLong455" classname="org.joda.time.field.TestFieldUtils" time="0.001"/>
  <testcase name="testSafeSubtractLong456" classname="org.joda.time.field.TestFieldUtils" time="0.001"/>
  <testcase name="testSafeMultiplyLongLong459" classname="org.joda.time.field.TestFieldUtils" time="0"/>
  <testcase name="testSafeDivideLongLong460" classname="org.joda.time.field.TestFieldUtils" time="0.001"/>
  <testcase name="testSafeMultiplyLongInt458" classname="org.joda.time.field.TestFieldUtils" time="0"/>
  <testcase name="test_toString386" classname="org.joda.time.field.TestBaseDateTimeField" time="0.001"/>
  <testcase name="test_convertText385" classname="org.joda.time.field.TestBaseDateTimeField" time="0.001"/>
  <testcase name="test_getAsText_long388" classname="org.joda.time.field.TestBaseDateTimeField" time="0"/>
  <testcase name="test_getAsText_RP_int_Locale389" classname="org.joda.time.field.TestBaseDateTimeField" time="0.001"/>
  <testcase name="test_getAsText_RP_Locale390" classname="org.joda.time.field.TestBaseDateTimeField" time="0"/>
  <testcase name="test_getAsText_int_Locale391" classname="org.joda.time.field.TestBaseDateTimeField" time="0.001"/>
  <testcase name="test_getAsShortText_long392" classname="org.joda.time.field.TestBaseDateTimeField" time="0.001"/>
  <testcase name="test_getAsShortText_RP_Locale393" classname="org.joda.time.field.TestBaseDateTimeField" time="0.014"/>
  <testcase name="test_add_long_long394" classname="org.joda.time.field.TestBaseDateTimeField" time="0.002"/>
  <testcase name="test_getMaximumValue_long383" classname="org.joda.time.field.TestBaseDateTimeField" time="0"/>
  <testcase name="test_constructor384" classname="org.joda.time.field.TestBaseDateTimeField" time="0.001"/>
  <testcase name="test_addWrapField_long_int396" classname="org.joda.time.field.TestBaseDateTimeField" time="0"/>
  <testcase name="test_getDifference_long_long398" classname="org.joda.time.field.TestBaseDateTimeField" time="0"/>
  <testcase name="test_set_long_String_Locale401" classname="org.joda.time.field.TestBaseDateTimeField" time="0.001"/>
  <testcase name="test_set_long_String402" classname="org.joda.time.field.TestBaseDateTimeField" time="0"/>
  <testcase name="test_isLeap_long403" classname="org.joda.time.field.TestBaseDateTimeField" time="0"/>
  <testcase name="test_getLeapAmount_long404" classname="org.joda.time.field.TestBaseDateTimeField" time="0.001"/>
  <testcase name="test_getMinimumValue_long405" classname="org.joda.time.field.TestBaseDateTimeField" time="0"/>
  <testcase name="test_roundHalfCeiling_long407" classname="org.joda.time.field.TestBaseDateTimeField" time="0"/>
  <testcase name="test_roundHalfEven_long408" classname="org.joda.time.field.TestBaseDateTimeField" time="0.001"/>
  <testcase name="test_remainder_long409" classname="org.joda.time.field.TestBaseDateTimeField" time="0"/>
  <testcase name="test_addWrapField_RP_int_intarray_int397" classname="org.joda.time.field.TestBaseDateTimeField" time="0"/>
  <testcase name="test_getDifferenceAsLong_long_long399" classname="org.joda.time.field.TestBaseDateTimeField" time="0.001"/>
  <testcase name="test_getMaximumShortTextLength_Locale406" classname="org.joda.time.field.TestBaseDateTimeField" time="0"/>
  <testcase name="test_set_RP_int_intarray_String_Locale400" classname="org.joda.time.field.TestBaseDateTimeField" time="0.001"/>
  <testcase name="test_isSupported387" classname="org.joda.time.field.TestBaseDateTimeField" time="0"/>
  <testcase name="test_getLeapAmount_long1227" classname="org.joda.time.field.TestOffsetDateTimeField" time="0.001"/>
  <testcase name="test_getLeapDurationField1228" classname="org.joda.time.field.TestOffsetDateTimeField" time="0"/>
  <testcase name="test_add_long_int1223" classname="org.joda.time.field.TestOffsetDateTimeField" time="0"/>
  <testcase name="test_constructor1466" classname="org.joda.time.field.TestOffsetDateTimeField" time="0.001"/>
  <testcase name="test_roundHalfEven_long1221" classname="org.joda.time.field.TestOffsetDateTimeField" time="0"/>
  <testcase name="test_getMaximumShortTextLength_Locale464" classname="org.joda.time.field.TestOffsetDateTimeField" time="0.001"/>
  <testcase name="test_addWrapField_long_int1225" classname="org.joda.time.field.TestOffsetDateTimeField" time="0"/>
  <testcase name="test_isLeap_long1226" classname="org.joda.time.field.TestOffsetDateTimeField" time="0.001"/>
  <testcase name="test_getAsShortText_long_Locale1222" classname="org.joda.time.field.TestOffsetDateTimeField" time="0"/>
  <testcase name="test_add_long_long1224" classname="org.joda.time.field.TestOffsetDateTimeField" time="0"/>
  <testcase name="test_getMinimumValue_RP_intarray1229" classname="org.joda.time.field.TestOffsetDateTimeField" time="0.001"/>
  <testcase name="test_roundHalfFloor_long1230" classname="org.joda.time.field.TestOffsetDateTimeField" time="0"/>
  <testcase name="test_roundHalfCeiling_long1231" classname="org.joda.time.field.TestOffsetDateTimeField" time="0"/>
  <testcase name="test_remainder_long1232" classname="org.joda.time.field.TestOffsetDateTimeField" time="0.001"/>
  <testcase name="test_getOffset1233" classname="org.joda.time.field.TestOffsetDateTimeField" time="0"/>
  <testcase name="test_constructor2465" classname="org.joda.time.field.TestOffsetDateTimeField" time="0"/>
  <testcase name="test_constructor1210" classname="org.joda.time.field.TestPreciseDurationDateTimeField" time="0.001"/>
  <testcase name="test_convertText1209" classname="org.joda.time.field.TestPreciseDurationDateTimeField" time="0"/>
  <testcase name="test_set_long_int1212" classname="org.joda.time.field.TestPreciseDurationDateTimeField" time="0"/>
  <testcase name="test_isLenient1211" classname="org.joda.time.field.TestPreciseDurationDateTimeField" time="0.001"/>
  <testcase name="test_roundCeiling_long1214" classname="org.joda.time.field.TestPreciseDurationDateTimeField" time="0.001"/>
  <testcase name="test_remainder_long1215" classname="org.joda.time.field.TestPreciseDurationDateTimeField" time="0"/>
  <testcase name="test_add_long_int1216" classname="org.joda.time.field.TestPreciseDurationDateTimeField" time="0"/>
  <testcase name="test_set_RP_int_intarray_int1217" classname="org.joda.time.field.TestPreciseDurationDateTimeField" time="0.001"/>
  <testcase name="test_roundFloor_long1213" classname="org.joda.time.field.TestPreciseDurationDateTimeField" time="0"/>
  <testcase name="test_constructor926" classname="org.joda.time.field.TestPreciseDateTimeField" time="0.001"/>
  <testcase name="test_addWrapField_long_int928" classname="org.joda.time.field.TestPreciseDateTimeField" time="0.001"/>
  <testcase name="test_add_RP_int_intarray_int929" classname="org.joda.time.field.TestPreciseDateTimeField" time="0"/>
  <testcase name="test_getMaximumValue930" classname="org.joda.time.field.TestPreciseDateTimeField" time="0"/>
  <testcase name="test_getAsShortText_long_Locale927" classname="org.joda.time.field.TestPreciseDateTimeField" time="0.001"/>
  <testcase name="test_getRange925" classname="org.joda.time.field.TestPreciseDateTimeField" time="0"/>
  <testcase name="test_getType1351" classname="org.joda.time.field.TestMillisDurationField" time="0"/>
  <testcase name="test_getMillis_int1360" classname="org.joda.time.field.TestMillisDurationField" time="0.001"/>
  <testcase name="test_getMillis_long1361" classname="org.joda.time.field.TestMillisDurationField" time="0"/>
  <testcase name="test_getMillis_long_long1362" classname="org.joda.time.field.TestMillisDurationField" time="0"/>
  <testcase name="test_add_long_int1363" classname="org.joda.time.field.TestMillisDurationField" time="0"/>
  <testcase name="test_add_long_long1364" classname="org.joda.time.field.TestMillisDurationField" time="0.001"/>
  <testcase name="test_getDifference_long_int1365" classname="org.joda.time.field.TestMillisDurationField" time="0"/>
  <testcase name="test_toString1368" classname="org.joda.time.field.TestMillisDurationField" time="0.001"/>
  <testcase name="testSerialization1369" classname="org.joda.time.field.TestMillisDurationField" time="0.002"/>
  <testcase name="test_getName1352" classname="org.joda.time.field.TestMillisDurationField" time="0"/>
  <testcase name="test_getValue_long1356" classname="org.joda.time.field.TestMillisDurationField" time="0.001"/>
  <testcase name="test_getDifferenceAsLong_long_long1366" classname="org.joda.time.field.TestMillisDurationField" time="0"/>
  <testcase name="test_getValueAsLong_long_long1359" classname="org.joda.time.field.TestMillisDurationField" time="0"/>
  <testcase name="test_getValueAsLong_long1357" classname="org.joda.time.field.TestMillisDurationField" time="0"/>
  <testcase name="test_compareTo1355" classname="org.joda.time.field.TestMillisDurationField" time="0"/>
  <testcase name="test_isSupported1353" classname="org.joda.time.field.TestMillisDurationField" time="0"/>
  <testcase name="test_isPrecise1354" classname="org.joda.time.field.TestMillisDurationField" time="0"/>
  <testcase name="test_getValue_long_long1358" classname="org.joda.time.field.TestMillisDurationField" time="0.001"/>
  <testcase name="test_compareTo434" classname="org.joda.time.field.TestPreciseDurationField" time="0"/>
  <testcase name="test_getMillis_long_long437" classname="org.joda.time.field.TestPreciseDurationField" time="0.001"/>
  <testcase name="test_add_long_int438" classname="org.joda.time.field.TestPreciseDurationField" time="0.001"/>
  <testcase name="test_add_long_long439" classname="org.joda.time.field.TestPreciseDurationField" time="0"/>
  <testcase name="test_getMillis_int_long436" classname="org.joda.time.field.TestPreciseDurationField" time="0"/>
  <testcase name="test_getValue_long304" classname="org.joda.time.field.TestPreciseDurationField" time="0.001"/>
  <testcase name="test_getValueAsLong_long305" classname="org.joda.time.field.TestPreciseDurationField" time="0"/>
  <testcase name="test_getValue_long_long306" classname="org.joda.time.field.TestPreciseDurationField" time="0"/>
  <testcase name="test_isPrecise435" classname="org.joda.time.field.TestPreciseDurationField" time="0"/>
  <testcase name="test_equals441" classname="org.joda.time.field.TestPreciseDurationField" time="0.003"/>
  <testcase name="test_getDifferenceAsLong_long_long440" classname="org.joda.time.field.TestPreciseDurationField" time="0"/>
  <testcase name="test_hashCode282" classname="org.joda.time.field.TestScaledDurationField" time="0"/>
  <testcase name="test_getMillis_long287" classname="org.joda.time.field.TestScaledDurationField" time="0"/>
  <testcase name="test_getMillis_int_long288" classname="org.joda.time.field.TestScaledDurationField" time="0"/>
  <testcase name="test_getMillis_long_long289" classname="org.joda.time.field.TestScaledDurationField" time="0"/>
  <testcase name="test_add_long_long290" classname="org.joda.time.field.TestScaledDurationField" time="0.003"/>
  <testcase name="test_getDifference_long_int291" classname="org.joda.time.field.TestScaledDurationField" time="0"/>
  <testcase name="test_compareTo293" classname="org.joda.time.field.TestScaledDurationField" time="0"/>
  <testcase name="test_getDifferenceAsLong_long_long292" classname="org.joda.time.field.TestScaledDurationField" time="0"/>
  <testcase name="test_getMillis_int286" classname="org.joda.time.field.TestScaledDurationField" time="0"/>
  <testcase name="test_getValue_long283" classname="org.joda.time.field.TestScaledDurationField" time="0"/>
  <testcase name="test_getValue_long_long284" classname="org.joda.time.field.TestScaledDurationField" time="0"/>
  <testcase name="test_getValueAsLong_long_long285" classname="org.joda.time.field.TestScaledDurationField" time="0"/>
  <testcase name="test_getScalar294" classname="org.joda.time.field.TestScaledDurationField" time="0"/>
  <testcase name="testSerialization295" classname="org.joda.time.field.TestScaledDurationField" time="0.003"/>
  <testcase name="test_equals296" classname="org.joda.time.field.TestScaledDurationField" time="0.001"/>
  <testcase name="testPublicGetNameMethod923" classname="org.joda.time.field.TestUnsupportedDateTimeField" time="0"/>
  <testcase name="testDelegatedMethods921" classname="org.joda.time.field.TestUnsupportedDateTimeField" time="0.001"/>
  <testcase name="testNullValuesToGetInstanceThrowsException922" classname="org.joda.time.field.TestUnsupportedDateTimeField" time="0"/>
  <testcase name="testAlwaysFalseReturnTypes920" classname="org.joda.time.field.TestUnsupportedDateTimeField" time="0.001"/>
  <testcase name="testPrinterParserMethods1337" classname="org.joda.time.format.TestDateTimeFormatter" time="0.001"/>
  <testcase name="testParseInto_monthDay_feb29_tokyo_startOfYear1338" classname="org.joda.time.format.TestDateTimeFormatter" time="0.001"/>
  <testcase name="testWithGetLocale1339" classname="org.joda.time.format.TestDateTimeFormatter" time="0"/>
  <testcase name="testWithGetChronology1341" classname="org.joda.time.format.TestDateTimeFormatter" time="0.001"/>
  <testcase name="testPrint_zone1342" classname="org.joda.time.format.TestDateTimeFormatter" time="0.001"/>
  <testcase name="testWithGetPivotYear1344" classname="org.joda.time.format.TestDateTimeFormatter" time="0"/>
  <testcase name="testPrint_chrono_and_zone149" classname="org.joda.time.format.TestDateTimeFormatter" time="0.002"/>
  <testcase name="testParseLocalDate_monthDay_withDefaultYear_feb291345" classname="org.joda.time.format.TestDateTimeFormatter" time="0.001"/>
  <testcase name="testParseInto_offsetParsed1346" classname="org.joda.time.format.TestDateTimeFormatter" time="0.001"/>
  <testcase name="testParseInto_zone1347" classname="org.joda.time.format.TestDateTimeFormatter" time="0.001"/>
  <testcase name="testParseMutableDateTime_simple1349" classname="org.joda.time.format.TestDateTimeFormatter" time="0"/>
  <testcase name="testParseInto_simple_precedence1403" classname="org.joda.time.format.TestDateTimeFormatter" time="0.001"/>
  <testcase name="testParseLocalDateTime_simple1348" classname="org.joda.time.format.TestDateTimeFormatter" time="0.002"/>
  <testcase name="testParseMutableDateTime_zone1343" classname="org.joda.time.format.TestDateTimeFormatter" time="0.001"/>
  <testcase name="testParseLocalDate_weekyear_month_week_20111340" classname="org.joda.time.format.TestDateTimeFormatter" time="0.001"/>
  <testcase name="testParseMillis_fractionOfSecondLong1106" classname="org.joda.time.format.TestDateTimeFormatter" time="0.001"/>
  <testcase name="testParseDateTime_simple_precedence941" classname="org.joda.time.format.TestDateTimeFormatter" time="0.001"/>
  <testcase name="testParseLocalDate_year_month_week_2010116" classname="org.joda.time.format.TestDateTimeFormatter" time="0.001"/>
  <testcase name="testParseInto_monthDay_feb29_tokyo275" classname="org.joda.time.format.TestDateTimeFormatter" time="0.001"/>
  <testcase name="testPrint_writerMethods413" classname="org.joda.time.format.TestDateTimeFormatter" time="0"/>
  <testcase name="testFormat_hourOfHalfday217" classname="org.joda.time.format.TestDateTimeFormat" time="0.001"/>
  <testcase name="testFormat_dayOfWeek218" classname="org.joda.time.format.TestDateTimeFormat" time="0.001"/>
  <testcase name="testFormat_dayOfWeekShortText219" classname="org.joda.time.format.TestDateTimeFormat" time="0.001"/>
  <testcase name="testFormat_dayOfYearText220" classname="org.joda.time.format.TestDateTimeFormat" time="0"/>
  <testcase name="testFormat_zoneAmount221" classname="org.joda.time.format.TestDateTimeFormat" time="0.001"/>
  <testcase name="testFormatParse_zoneId_colon222" classname="org.joda.time.format.TestDateTimeFormat" time="0"/>
  <testcase name="testFormat_zoneAmountID223" classname="org.joda.time.format.TestDateTimeFormat" time="0.002"/>
  <testcase name="testFormat_invalid224" classname="org.joda.time.format.TestDateTimeFormat" time="0.001"/>
  <testcase name="testFormat_other225" classname="org.joda.time.format.TestDateTimeFormat" time="0"/>
  <testcase name="testFormatParse_textHalfdayAM_France262" classname="org.joda.time.format.TestDateTimeFormat" time="0.002"/>
  <testcase name="testFormatParse_textYear_UK415" classname="org.joda.time.format.TestDateTimeFormat" time="0.001"/>
  <testcase name="testFormat_yearOfEra_twoDigit211" classname="org.joda.time.format.TestDateTimeFormat" time="0.002"/>
  <testcase name="testFormat_minute198" classname="org.joda.time.format.TestDateTimeFormat" time="0.001"/>
  <testcase name="testSubclassableConstructor207" classname="org.joda.time.format.TestDateTimeFormat" time="0"/>
  <testcase name="testFormatParse_textMonthAtEnd_France_withSpecifiedDefault564" classname="org.joda.time.format.TestDateTimeFormat" time="0.003"/>
  <testcase name="testFormat_era208" classname="org.joda.time.format.TestDateTimeFormat" time="0.001"/>
  <testcase name="testFormat_centuryOfEra209" classname="org.joda.time.format.TestDateTimeFormat" time="0.001"/>
  <testcase name="testFormat_weekyear210" classname="org.joda.time.format.TestDateTimeFormat" time="0"/>
  <testcase name="testFormat_monthOfYearShortText215" classname="org.joda.time.format.TestDateTimeFormat" time="0.001"/>
  <testcase name="testFormatParse_textMonthApr_Korean214" classname="org.joda.time.format.TestDateTimeFormat" time="0.004"/>
  <testcase name="testFormat_yearOfEra213" classname="org.joda.time.format.TestDateTimeFormat" time="0.001"/>
  <testcase name="testFormat_clockhourOfDay216" classname="org.joda.time.format.TestDateTimeFormat" time="0.001"/>
  <testcase name="testFormatParse_textEraAD_France756" classname="org.joda.time.format.TestDateTimeFormat" time="0.001"/>
  <testcase name="testFormatParse_textMonthJanShort_France788" classname="org.joda.time.format.TestDateTimeFormat" time="0"/>
  <testcase name="testFormat_year_twoDigit1108" classname="org.joda.time.format.TestDateTimeFormat" time="0.001"/>
  <testcase name="testFormatParse_textEraAD_UK1109" classname="org.joda.time.format.TestDateTimeFormat" time="0"/>
  <testcase name="testFormatParse_zoneId_noColon1116" classname="org.joda.time.format.TestDateTimeFormat" time="0.001"/>
  <testcase name="testFormat_weekyearOfEra_twoDigit212" classname="org.joda.time.format.TestDateTimeFormat" time="0.001"/>
  <testcase name="testForStyle_mediumDate202" classname="org.joda.time.format.TestDateTimeFormatStyle" time="0.009"/>
  <testcase name="testForStyle_mediumDateTime203" classname="org.joda.time.format.TestDateTimeFormatStyle" time="0.002"/>
  <testcase name="testForStyle_longDate204" classname="org.joda.time.format.TestDateTimeFormatStyle" time="0.002"/>
  <testcase name="testForStyle_shortDateTime199" classname="org.joda.time.format.TestDateTimeFormatStyle" time="0.002"/>
  <testcase name="testForStyle_invalidStrings227" classname="org.joda.time.format.TestDateTimeFormatStyle" time="0"/>
  <testcase name="testForStyle_shortTime201" classname="org.joda.time.format.TestDateTimeFormatStyle" time="0.002"/>
  <testcase name="testForStyle_fullDate205" classname="org.joda.time.format.TestDateTimeFormatStyle" time="0.001"/>
  <testcase name="testForStyle_stringLengths226" classname="org.joda.time.format.TestDateTimeFormatStyle" time="0.001"/>
  <testcase name="testForStyle_shortDate200" classname="org.joda.time.format.TestDateTimeFormatStyle" time="0.001"/>
  <testcase name="testFormat_hourMinuteSecondMillis877" classname="org.joda.time.format.TestISODateTimeFormat" time="0"/>
  <testcase name="testSubclassableConstructor831" classname="org.joda.time.format.TestISODateTimeFormat" time="0.001"/>
  <testcase name="testFormat_date852" classname="org.joda.time.format.TestISODateTimeFormat" time="0"/>
  <testcase name="testFormat_tTimeNoMillis855" classname="org.joda.time.format.TestISODateTimeFormat" time="0"/>
  <testcase name="testFormat_weekDate860" classname="org.joda.time.format.TestISODateTimeFormat" time="0.001"/>
  <testcase name="testFormat_basicTTime864" classname="org.joda.time.format.TestISODateTimeFormat" time="0"/>
  <testcase name="testFormat_basicWeekDate868" classname="org.joda.time.format.TestISODateTimeFormat" time="0.001"/>
  <testcase name="testFormat_yearMonthDay870" classname="org.joda.time.format.TestISODateTimeFormat" time="0"/>
  <testcase name="testFormat_weekyear871" classname="org.joda.time.format.TestISODateTimeFormat" time="0.001"/>
  <testcase name="testFormat_weekyearWeek872" classname="org.joda.time.format.TestISODateTimeFormat" time="0"/>
  <testcase name="testFormat_weekyearWeekDay873" classname="org.joda.time.format.TestISODateTimeFormat" time="0.001"/>
  <testcase name="testFormat_hour874" classname="org.joda.time.format.TestISODateTimeFormat" time="0"/>
  <testcase name="testFormat_weekDateTime818" classname="org.joda.time.format.TestISODateTimeFormat" time="0.001"/>
  <testcase name="testFormat_hourMinute875" classname="org.joda.time.format.TestISODateTimeFormat" time="0"/>
  <testcase name="testFormat_hourMinuteSecond876" classname="org.joda.time.format.TestISODateTimeFormat" time="0.001"/>
  <testcase name="testFormat_hourMinuteSecondFraction878" classname="org.joda.time.format.TestISODateTimeFormat" time="0"/>
  <testcase name="testFormat_dateHour879" classname="org.joda.time.format.TestISODateTimeFormat" time="0.001"/>
  <testcase name="testFormat_dateHourMinute880" classname="org.joda.time.format.TestISODateTimeFormat" time="0.001"/>
  <testcase name="testFormat_dateHourMinuteSecond881" classname="org.joda.time.format.TestISODateTimeFormat" time="0"/>
  <testcase name="testFormat_dateHourMinuteSecondMillis882" classname="org.joda.time.format.TestISODateTimeFormat" time="0.001"/>
  <testcase name="testFormat_dateHourMinuteSecondFraction883" classname="org.joda.time.format.TestISODateTimeFormat" time="0"/>
  <testcase name="testFormat_time_partial853" classname="org.joda.time.format.TestISODateTimeFormat" time="0.001"/>
  <testcase name="testFormat_basicOrdinalDateTimeNoMillis867" classname="org.joda.time.format.TestISODateTimeFormat" time="0"/>
  <testcase name="testFormat_timeNoMillis_partial854" classname="org.joda.time.format.TestISODateTimeFormat" time="0"/>
  <testcase name="testForFields_weekBased_YD843" classname="org.joda.time.format.TestISODateTimeFormat_Fields" time="0.001"/>
  <testcase name="testForFields_calBased_YM838" classname="org.joda.time.format.TestISODateTimeFormat_Fields" time="0"/>
  <testcase name="testForFields_calBased_M839" classname="org.joda.time.format.TestISODateTimeFormat_Fields" time="0.001"/>
  <testcase name="testForFields_weekBased_Y837" classname="org.joda.time.format.TestISODateTimeFormat_Fields" time="0.001"/>
  <testcase name="testForFields_calBased_YD835" classname="org.joda.time.format.TestISODateTimeFormat_Fields" time="0.001"/>
  <testcase name="testForFields_weekBased_D836" classname="org.joda.time.format.TestISODateTimeFormat_Fields" time="0.001"/>
  <testcase name="testForFields_datetime_DH841" classname="org.joda.time.format.TestISODateTimeFormat_Fields" time="0.003"/>
  <testcase name="testForFields_ordinalBased_YD842" classname="org.joda.time.format.TestISODateTimeFormat_Fields" time="0.001"/>
  <testcase name="testForFields_calBased_MD840" classname="org.joda.time.format.TestISODateTimeFormat_Fields" time="0.002"/>
  <testcase name="testForFields_weekBased_WD844" classname="org.joda.time.format.TestISODateTimeFormat_Fields" time="0.002"/>
  <testcase name="testForFields_weekBased_W845" classname="org.joda.time.format.TestISODateTimeFormat_Fields" time="0"/>
  <testcase name="testForFields_null832" classname="org.joda.time.format.TestISODateTimeFormat_Fields" time="0.001"/>
  <testcase name="testForFields_ordinalBased_D833" classname="org.joda.time.format.TestISODateTimeFormat_Fields" time="0"/>
  <testcase name="testForFields_weekBased_YWD834" classname="org.joda.time.format.TestISODateTimeFormat_Fields" time="0.001"/>
  <testcase name="testForFields_time_Mm846" classname="org.joda.time.format.TestISODateTimeFormat_Fields" time="0.001"/>
  <testcase name="testForFields_time_HSm847" classname="org.joda.time.format.TestISODateTimeFormat_Fields" time="0"/>
  <testcase name="testForFields_datetime_YH545" classname="org.joda.time.format.TestISODateTimeFormat_Fields" time="0.001"/>
  <testcase name="testForFields_weekBased_YW197" classname="org.joda.time.format.TestISODateTimeFormat_Fields" time="0.002"/>
  <testcase name="testForFields_time_HMm412" classname="org.joda.time.format.TestISODateTimeFormat_Fields" time="0.001"/>
  <testcase name="test_localDateOptionalTimeParser851" classname="org.joda.time.format.TestISODateTimeFormatParsing" time="0.002"/>
  <testcase name="test_basicTime863" classname="org.joda.time.format.TestISODateTimeFormatParsing" time="0.001"/>
  <testcase name="test_basicTTimeNoMillis865" classname="org.joda.time.format.TestISODateTimeFormatParsing" time="0"/>
  <testcase name="test_basicDateTime866" classname="org.joda.time.format.TestISODateTimeFormatParsing" time="0.001"/>
  <testcase name="test_basicWeekDateTime869" classname="org.joda.time.format.TestISODateTimeFormatParsing" time="0.001"/>
  <testcase name="test_timeParser849" classname="org.joda.time.format.TestISODateTimeFormatParsing" time="0.001"/>
  <testcase name="test_basicOrdinalDateTime613" classname="org.joda.time.format.TestISODateTimeFormatParsing" time="0.001"/>
  <testcase name="test_time1219" classname="org.joda.time.format.TestISODateTimeFormatParsing" time="0.001"/>
  <testcase name="test_dateTime856" classname="org.joda.time.format.TestISODateTimeFormatParsing" time="0.001"/>
  <testcase name="test_localDateParser848" classname="org.joda.time.format.TestISODateTimeFormatParsing" time="0.002"/>
  <testcase name="test_dateElementParser195" classname="org.joda.time.format.TestISODateTimeFormatParsing" time="0.002"/>
  <testcase name="test_weekDateTime612" classname="org.joda.time.format.TestISODateTimeFormatParsing" time="0.002"/>
  <testcase name="test_dateTimeParser850" classname="org.joda.time.format.TestISODateTimeFormatParsing" time="0.001"/>
  <testcase name="test_dateTimeNoMillis857" classname="org.joda.time.format.TestISODateTimeFormatParsing" time="0.001"/>
  <testcase name="test_ordinalDateTime858" classname="org.joda.time.format.TestISODateTimeFormatParsing" time="0.002"/>
  <testcase name="test_ordinalDateTimeNoMillis859" classname="org.joda.time.format.TestISODateTimeFormatParsing" time="0"/>
  <testcase name="test_weekDateTimeNoMillis861" classname="org.joda.time.format.TestISODateTimeFormatParsing" time="0.001"/>
  <testcase name="test_basicDate862" classname="org.joda.time.format.TestISODateTimeFormatParsing" time="0.001"/>
  <testcase name="test_append_nullPrinter_Parser1094" classname="org.joda.time.format.TestDateTimeFormatterBuilder" time="0.001"/>
  <testcase name="test_append_Printer_nullParser1103" classname="org.joda.time.format.TestDateTimeFormatterBuilder" time="0"/>
  <testcase name="test_canBuildParser1098" classname="org.joda.time.format.TestDateTimeFormatterBuilder" time="0.001"/>
  <testcase name="test_canBuildFormatter1096" classname="org.joda.time.format.TestDateTimeFormatterBuilder" time="0"/>
  <testcase name="test_canBuildPrinter1097" classname="org.joda.time.format.TestDateTimeFormatterBuilder" time="0.001"/>
  <testcase name="test_toFormatter1093" classname="org.joda.time.format.TestDateTimeFormatterBuilder" time="0"/>
  <testcase name="test_appendOptional_Parser1104" classname="org.joda.time.format.TestDateTimeFormatterBuilder" time="0"/>
  <testcase name="test_printParseZoneParis1110" classname="org.joda.time.format.TestDateTimeFormatterBuilder" time="0.002"/>
  <testcase name="test_parseWrongOffsetAndZone1117" classname="org.joda.time.format.TestDateTimeFormatterBuilder" time="0.002"/>
  <testcase name="test_appendTimeZoneId1118" classname="org.joda.time.format.TestDateTimeFormatterBuilder" time="0.001"/>
  <testcase name="test_append_Formatter1099" classname="org.joda.time.format.TestDateTimeFormatterBuilder" time="0.001"/>
  <testcase name="test_append_Printer1100" classname="org.joda.time.format.TestDateTimeFormatterBuilder" time="0"/>
  <testcase name="test_append_nullParser1101" classname="org.joda.time.format.TestDateTimeFormatterBuilder" time="0"/>
  <testcase name="test_append_Parser1102" classname="org.joda.time.format.TestDateTimeFormatterBuilder" time="0.001"/>
  <testcase name="test_toPrinter1092" classname="org.joda.time.format.TestDateTimeFormatterBuilder" time="0"/>
  <testcase name="test_toParser1095" classname="org.joda.time.format.TestDateTimeFormatterBuilder" time="0"/>
  <testcase name="test_parseWrongOffset206" classname="org.joda.time.format.TestDateTimeFormatterBuilder" time="0"/>
  <testcase name="test_printParseOffset577" classname="org.joda.time.format.TestDateTimeFormatterBuilder" time="0.001"/>
  <testcase name="testParseMutablePeriod_simple1202" classname="org.joda.time.format.TestPeriodFormatter" time="0.001"/>
  <testcase name="testPrint_writerMethods179" classname="org.joda.time.format.TestPeriodFormatter" time="0"/>
  <testcase name="testParsePeriod_simple189" classname="org.joda.time.format.TestPeriodFormatter" time="0.001"/>
  <testcase name="testWithGetLocaleMethods637" classname="org.joda.time.format.TestPeriodFormatter" time="0"/>
  <testcase name="testParseInto_simple639" classname="org.joda.time.format.TestPeriodFormatter" time="0.001"/>
  <testcase name="testPrinterParserMethods638" classname="org.joda.time.format.TestPeriodFormatter" time="0.001"/>
  <testcase name="test_wordBased_fr_formatStandard177" classname="org.joda.time.format.TestPeriodFormat" time="0.002"/>
  <testcase name="test_wordBased_es_parseTwoFields181" classname="org.joda.time.format.TestPeriodFormat" time="0.001"/>
  <testcase name="test_getDefault_checkRedundantSeparator190" classname="org.joda.time.format.TestPeriodFormat" time="0"/>
  <testcase name="test_getDefault_cached747" classname="org.joda.time.format.TestPeriodFormat" time="0"/>
  <testcase name="test_wordBased_nl_parseTwoFields89" classname="org.joda.time.format.TestPeriodFormat" time="0.001"/>
  <testcase name="testSubclassableConstructor746" classname="org.joda.time.format.TestPeriodFormat" time="0.001"/>
  <testcase name="test_wordBased_default748" classname="org.joda.time.format.TestPeriodFormat" time="0.001"/>
  <testcase name="test_wordBased_de_FormatOneField749" classname="org.joda.time.format.TestPeriodFormat" time="0.001"/>
  <testcase name="test_wordBased_nl_formatStandard750" classname="org.joda.time.format.TestPeriodFormat" time="0.001"/>
  <testcase name="testFormatAlternateWithWeeks260" classname="org.joda.time.format.TestISOPeriodFormat" time="0.001"/>
  <testcase name="testSubclassableConstructor256" classname="org.joda.time.format.TestISOPeriodFormat" time="0.001"/>
  <testcase name="testFormatAlternate258" classname="org.joda.time.format.TestISOPeriodFormat" time="0.001"/>
  <testcase name="testFormatAlternateExtended259" classname="org.joda.time.format.TestISOPeriodFormat" time="0.002"/>
  <testcase name="testParseStandardFail1191" classname="org.joda.time.format.TestISOPeriodFormatParsing" time="0.001"/>
  <testcase name="testParseStandard4257" classname="org.joda.time.format.TestISOPeriodFormatParsing" time="0.001"/>
  <testcase name="testParseStandardFail3185" classname="org.joda.time.format.TestISOPeriodFormatParsing" time="0"/>
  <testcase name="testParseCustom162" classname="org.joda.time.format.TestPeriodFormatParsing" time="0.001"/>
  <testcase name="testBug2495455153" classname="org.joda.time.format.TestPeriodFormatterBuilder" time="0.001"/>
  <testcase name="testFormatMinDigits155" classname="org.joda.time.format.TestPeriodFormatterBuilder" time="0.001"/>
  <testcase name="testFormatAppend_PrinterParser_null_null154" classname="org.joda.time.format.TestPeriodFormatterBuilder" time="0"/>
  <testcase name="testFormatPrintZeroRarelyFirstSeconds165" classname="org.joda.time.format.TestPeriodFormatterBuilder" time="0.001"/>
  <testcase name="testFormatPrefixPlural3163" classname="org.joda.time.format.TestPeriodFormatterBuilder" time="0"/>
  <testcase name="testFormatAppend_PrinterParser_Printer_null_null_Parser152" classname="org.joda.time.format.TestPeriodFormatterBuilder" time="0.001"/>
  <testcase name="testFormatPrefixPlural2162" classname="org.joda.time.format.TestPeriodFormatterBuilder" time="0"/>
  <testcase name="testFormatSeparatorIfFieldsBefore175" classname="org.joda.time.format.TestPeriodFormatterBuilder" time="0.001"/>
  <testcase name="testFormatSeparatorComplex176" classname="org.joda.time.format.TestPeriodFormatterBuilder" time="0"/>
  <testcase name="testFormatAppend_PrinterParser_Printer_null178" classname="org.joda.time.format.TestPeriodFormatterBuilder" time="0.001"/>
  <testcase name="testFormatSecondsWithOptionalMillis182" classname="org.joda.time.format.TestPeriodFormatterBuilder" time="0.001"/>
  <testcase name="testFormatAppend_PrinterParser_PrinterParser183" classname="org.joda.time.format.TestPeriodFormatterBuilder" time="0.001"/>
  <testcase name="testFormatPrintZeroRarelyFirstMinutes188" classname="org.joda.time.format.TestPeriodFormatterBuilder" time="0"/>
  <testcase name="testFormatPrintZeroRarelyLast156" classname="org.joda.time.format.TestPeriodFormatterBuilder" time="0.001"/>
  <testcase name="testFormatPrintZeroAlways159" classname="org.joda.time.format.TestPeriodFormatterBuilder" time="0"/>
  <testcase name="testFormatPrintZeroNever160" classname="org.joda.time.format.TestPeriodFormatterBuilder" time="0.001"/>
  <testcase name="testFormatPrefixSimple3161" classname="org.joda.time.format.TestPeriodFormatterBuilder" time="0"/>
  <testcase name="testFormatPrintZeroRarelyFirst157" classname="org.joda.time.format.TestPeriodFormatterBuilder" time="0.001"/>
  <testcase name="testFormatPrintZeroIfSupported158" classname="org.joda.time.format.TestPeriodFormatterBuilder" time="0.001"/>
  <testcase name="testFormatSuffixPlural1164" classname="org.joda.time.format.TestPeriodFormatterBuilder" time="0.001"/>
  <testcase name="testFormatSecondsWithMillis166" classname="org.joda.time.format.TestPeriodFormatterBuilder" time="0.001"/>
  <testcase name="testFormatMillis167" classname="org.joda.time.format.TestPeriodFormatterBuilder" time="0"/>
  <testcase name="testFormatMillis3Digit168" classname="org.joda.time.format.TestPeriodFormatterBuilder" time="0.001"/>
  <testcase name="testFormatSuffixSimple2169" classname="org.joda.time.format.TestPeriodFormatterBuilder" time="0.001"/>
  <testcase name="testFormatSuffixSimple3170" classname="org.joda.time.format.TestPeriodFormatterBuilder" time="0"/>
  <testcase name="testFormatSuffixPlural3171" classname="org.joda.time.format.TestPeriodFormatterBuilder" time="0"/>
  <testcase name="testFormatSuffixPlural4172" classname="org.joda.time.format.TestPeriodFormatterBuilder" time="0.001"/>
  <testcase name="testFormatSeparatorSimple173" classname="org.joda.time.format.TestPeriodFormatterBuilder" time="0"/>
  <testcase name="testFormatSeparatorIfFieldsAfter174" classname="org.joda.time.format.TestPeriodFormatterBuilder" time="0.001"/>
  <testcase name="warning" classname="junit.framework.TestSuite$1" time="0.005">
    <failure message="No tests found in org.joda.time.format.TestTextFields" type="junit.framework.AssertionFailedError">junit.framework.AssertionFailedError: No tests found in org.joda.time.format.TestTextFields
	at junit.framework.Assert.fail(Assert.java:47)
	at junit.framework.TestSuite$1.runTest(TestSuite.java:90)
	at junit.framework.TestCase.runBare(TestCase.java:130)
	at junit.framework.TestResult$1.protect(TestResult.java:106)
	at junit.framework.TestResult.runProtected(TestResult.java:124)
	at junit.framework.TestResult.run(TestResult.java:109)
	at junit.framework.TestCase.run(TestCase.java:120)
	at junit.framework.TestSuite.runTest(TestSuite.java:230)
	at junit.framework.TestSuite.run(TestSuite.java:225)
	at junit.framework.TestSuite.runTest(TestSuite.java:230)
	at junit.framework.TestSuite.run(TestSuite.java:225)
	at junit.framework.TestSuite.runTest(TestSuite.java:230)
	at junit.framework.TestSuite.run(TestSuite.java:225)
	at sun.reflect.NativeMethodAccessorImpl.invoke0(Native Method)
	at sun.reflect.NativeMethodAccessorImpl.invoke(NativeMethodAccessorImpl.java:62)
	at sun.reflect.DelegatingMethodAccessorImpl.invoke(DelegatingMethodAccessorImpl.java:43)
	at java.lang.reflect.Method.invoke(Method.java:498)
	at org.apache.maven.surefire.junit.JUnitTestSet.execute(JUnitTestSet.java:95)
	at org.apache.maven.surefire.junit.JUnit3Provider.executeTestSet(JUnit3Provider.java:131)
	at org.apache.maven.surefire.junit.JUnit3Provider.invoke(JUnit3Provider.java:108)
	at org.apache.maven.surefire.booter.ForkedBooter.invokeProviderInSameClassLoader(ForkedBooter.java:200)
	at org.apache.maven.surefire.booter.ForkedBooter.runSuitesInProcess(ForkedBooter.java:153)
	at org.apache.maven.surefire.booter.ForkedBooter.main(ForkedBooter.java:103)
</failure>
  </testcase>
  <testcase name="testGetAvailableIDs1336" classname="org.joda.time.tz.TestUTCProvider" time="0"/>
  <testcase name="testFixed265" classname="org.joda.time.tz.TestBuilder" time="0"/>
  <testcase name="testDateTimeZoneBuilder267" classname="org.joda.time.tz.TestCompiler" time="0.005"/>
  <testcase name="test_2400_last903" classname="org.joda.time.tz.TestCompiler" time="0.002"/>
  <testcase name="test_Amman_2006910" classname="org.joda.time.tz.TestCompiler" time="0.001"/>
  <testcase name="testSerialization280" classname="org.joda.time.tz.TestCachedDateTimeZone" time="0.001"/>
  <testcase name="testHashCode909" classname="org.joda.time.tz.TestFixedDateTimeZone" time="0"/>
</testsuite>