<?xml version="1.0" encoding="UTF-8"?>
<testsuite name="org.joda.time.TestAllPackages" time="14.768" tests="1474" errors="0" skipped="0" failures="2">
  <properties>
    <property name="java.runtime.name" value="OpenJDK Runtime Environment"/>
    <property name="sun.boot.library.path" value="/usr/lib/jvm/java-8-openjdk-amd64/jre/lib/amd64"/>
    <property name="java.vm.version" value="25.352-b08"/>
    <property name="java.vm.vendor" value="Private Build"/>
    <property name="maven.multiModuleProjectDirectory" value="/home/sepehr/masters/test_generation/model_generated_coverage/Time1f_train_1"/>
    <property name="java.vendor.url" value="http://java.oracle.com/"/>
    <property name="path.separator" value=":"/>
    <property name="guice.disable.misplaced.annotation.check" value="true"/>
    <property name="java.vm.name" value="OpenJDK 64-Bit Server VM"/>
    <property name="file.encoding.pkg" value="sun.io"/>
    <property name="user.country" value="US"/>
    <property name="sun.java.launcher" value="SUN_STANDARD"/>
    <property name="sun.os.patch.level" value="unknown"/>
    <property name="java.vm.specification.name" value="Java Virtual Machine Specification"/>
    <property name="user.dir" value="/home/sepehr/masters/test_generation/model_generated_coverage/Time1f_train_1"/>
    <property name="java.runtime.version" value="1.8.0_352-8u352-ga-1~20.04-b08"/>
    <property name="java.awt.graphicsenv" value="sun.awt.X11GraphicsEnvironment"/>
    <property name="java.endorsed.dirs" value="/usr/lib/jvm/java-8-openjdk-amd64/jre/lib/endorsed"/>
    <property name="os.arch" value="amd64"/>
    <property name="java.io.tmpdir" value="/tmp"/>
    <property name="line.separator" value="&#10;"/>
    <property name="java.vm.specification.vendor" value="Oracle Corporation"/>
    <property name="org.joda.time.DateTimeZone.Provider" value="org.joda.time.tz.UTCProvider"/>
    <property name="os.name" value="Linux"/>
    <property name="classworlds.conf" value="/usr/share/maven/bin/m2.conf"/>
    <property name="sun.jnu.encoding" value="UTF-8"/>
    <property name="java.library.path" value="/usr/java/packages/lib/amd64:/usr/lib/x86_64-linux-gnu/jni:/lib/x86_64-linux-gnu:/usr/lib/x86_64-linux-gnu:/usr/lib/jni:/lib:/usr/lib"/>
    <property name="maven.conf" value="/usr/share/maven/conf"/>
    <property name="java.specification.name" value="Java Platform API Specification"/>
    <property name="java.class.version" value="52.0"/>
    <property name="sun.management.compiler" value="HotSpot 64-Bit Tiered Compilers"/>
    <property name="skipTests" value="false"/>
    <property name="os.version" value="5.15.0-58-generic"/>
    <property name="library.jansi.path" value="/usr/share/maven/lib/jansi-native"/>
    <property name="user.home" value="/home/sepehr"/>
    <property name="user.timezone" value="America/Edmonton"/>
    <property name="java.awt.printerjob" value="sun.print.PSPrinterJob"/>
    <property name="testFailureIgnore" value="true"/>
    <property name="java.specification.version" value="1.8"/>
    <property name="file.encoding" value="UTF-8"/>
    <property name="user.name" value="sepehr"/>
    <property name="java.class.path" value="/usr/share/maven/boot/plexus-classworlds-2.x.jar"/>
    <property name="java.vm.specification.version" value="1.8"/>
    <property name="sun.arch.data.model" value="64"/>
    <property name="java.home" value="/usr/lib/jvm/java-8-openjdk-amd64/jre"/>
    <property name="sun.java.command" value="org.codehaus.plexus.classworlds.launcher.Launcher clean clover:setup test clover:aggregate clover:clover -DskipTests=false -DtestFailureIgnore=true -fail-never"/>
    <property name="java.specification.vendor" value="Oracle Corporation"/>
    <property name="user.language" value="en"/>
    <property name="awt.toolkit" value="sun.awt.X11.XToolkit"/>
    <property name="java.vm.info" value="mixed mode"/>
    <property name="java.version" value="1.8.0_352"/>
    <property name="java.ext.dirs" value="/usr/lib/jvm/java-8-openjdk-amd64/jre/lib/ext:/usr/java/packages/lib/ext"/>
    <property name="securerandom.source" value="file:/dev/./urandom"/>
    <property name="sun.boot.class.path" value="/usr/lib/jvm/java-8-openjdk-amd64/jre/lib/resources.jar:/usr/lib/jvm/java-8-openjdk-amd64/jre/lib/rt.jar:/usr/lib/jvm/java-8-openjdk-amd64/jre/lib/sunrsasign.jar:/usr/lib/jvm/java-8-openjdk-amd64/jre/lib/jsse.jar:/usr/lib/jvm/java-8-openjdk-amd64/jre/lib/jce.jar:/usr/lib/jvm/java-8-openjdk-amd64/jre/lib/charsets.jar:/usr/lib/jvm/java-8-openjdk-amd64/jre/lib/jfr.jar:/usr/lib/jvm/java-8-openjdk-amd64/jre/classes"/>
    <property name="java.vendor" value="Private Build"/>
    <property name="java.specification.maintenance.version" value="4"/>
    <property name="maven.home" value="/usr/share/maven"/>
    <property name="file.separator" value="/"/>
    <property name="java.vendor.url.bug" value="http://bugreport.sun.com/bugreport/"/>
    <property name="sun.cpu.endian" value="little"/>
    <property name="sun.io.unicode.encoding" value="UnicodeLittle"/>
    <property name="sun.desktop" value="gnome"/>
    <property name="sun.cpu.isalist" value=""/>
  </properties>
  <testcase name="testToString499" classname="org.joda.time.TestChronology" time="0.015"/>
  <testcase name="testEqualsHashCode_ISO289" classname="org.joda.time.TestChronology" time="0"/>
  <testcase name="test_yearOfEra1373" classname="org.joda.time.TestDateTimeFieldType" time="0.051"/>
  <testcase name="test_halfdayOfDay1378" classname="org.joda.time.TestDateTimeFieldType" time="0.001"/>
  <testcase name="test_hourOfHalfday1379" classname="org.joda.time.TestDateTimeFieldType" time="0.001"/>
  <testcase name="test_clockhourOfHalfday1380" classname="org.joda.time.TestDateTimeFieldType" time="0.001"/>
  <testcase name="test_hourOfDay1382" classname="org.joda.time.TestDateTimeFieldType" time="0.001"/>
  <testcase name="test_minuteOfDay1383" classname="org.joda.time.TestDateTimeFieldType" time="0.001"/>
  <testcase name="test_minuteOfHour1384" classname="org.joda.time.TestDateTimeFieldType" time="0.001"/>
  <testcase name="test_secondOfDay1385" classname="org.joda.time.TestDateTimeFieldType" time="0.001"/>
  <testcase name="test_secondOfMinute1386" classname="org.joda.time.TestDateTimeFieldType" time="0.001"/>
  <testcase name="test_millisOfDay1387" classname="org.joda.time.TestDateTimeFieldType" time="0.001"/>
  <testcase name="test_millisOfSecond1388" classname="org.joda.time.TestDateTimeFieldType" time="0.001"/>
  <testcase name="test_centuryOfEra1371" classname="org.joda.time.TestDateTimeFieldType" time="0"/>
  <testcase name="test_dayOfMonth1375" classname="org.joda.time.TestDateTimeFieldType" time="0.002"/>
  <testcase name="test_era1372" classname="org.joda.time.TestDateTimeFieldType" time="0.001"/>
  <testcase name="test_weekyear1376" classname="org.joda.time.TestDateTimeFieldType" time="0"/>
  <testcase name="test_weekOfWeekyear1377" classname="org.joda.time.TestDateTimeFieldType" time="0.002"/>
  <testcase name="test_year1374" classname="org.joda.time.TestDateTimeFieldType" time="0.001"/>
  <testcase name="test_eras1000" classname="org.joda.time.TestDurationFieldType" time="0.002"/>
  <testcase name="test_weeks998" classname="org.joda.time.TestDurationFieldType" time="0.001"/>
  <testcase name="test_years1002" classname="org.joda.time.TestDurationFieldType" time="0.001"/>
  <testcase name="test_centuries999" classname="org.joda.time.TestDurationFieldType" time="0"/>
  <testcase name="test_weekyears1001" classname="org.joda.time.TestDurationFieldType" time="0.001"/>
  <testcase name="test_halfdays1004" classname="org.joda.time.TestDurationFieldType" time="0.001"/>
  <testcase name="test_hours1005" classname="org.joda.time.TestDurationFieldType" time="0.001"/>
  <testcase name="test_minutes1006" classname="org.joda.time.TestDurationFieldType" time="0.001"/>
  <testcase name="test_seconds1007" classname="org.joda.time.TestDurationFieldType" time="0.001"/>
  <testcase name="test_millis1008" classname="org.joda.time.TestDurationFieldType" time="0.001"/>
  <testcase name="test_months1003" classname="org.joda.time.TestDurationFieldType" time="0.001"/>
  <testcase name="testConstructor_badconverterObject54" classname="org.joda.time.TestInstant_Constructors" time="0.008"/>
  <testcase name="testConstructor_nullObject692" classname="org.joda.time.TestInstant_Constructors" time="0.001"/>
  <testcase name="test_now688" classname="org.joda.time.TestInstant_Constructors" time="0.001"/>
  <testcase name="testParse_noFormatter689" classname="org.joda.time.TestInstant_Constructors" time="0.01"/>
  <testcase name="testPlus_long694" classname="org.joda.time.TestInstant_Basics" time="0.001"/>
  <testcase name="testToDateTime_DateTimeZone691" classname="org.joda.time.TestInstant_Basics" time="0.001"/>
  <testcase name="testMinus_RD695" classname="org.joda.time.TestInstant_Basics" time="0.002"/>
  <testcase name="testToDateTime697" classname="org.joda.time.TestInstant_Basics" time="0"/>
  <testcase name="testToDateTimeISO698" classname="org.joda.time.TestInstant_Basics" time="0.001"/>
  <testcase name="testGet_DateTimeField1403" classname="org.joda.time.TestInstant_Basics" time="0.001"/>
  <testcase name="testIsBeforeNow1411" classname="org.joda.time.TestInstant_Basics" time="0.001"/>
  <testcase name="testIsEqualNow1412" classname="org.joda.time.TestInstant_Basics" time="0"/>
  <testcase name="testToInstant693" classname="org.joda.time.TestInstant_Basics" time="0.001"/>
  <testcase name="testGet_DateTimeFieldType690" classname="org.joda.time.TestInstant_Basics" time="0.001"/>
  <testcase name="testMinus_long696" classname="org.joda.time.TestInstant_Basics" time="0"/>
  <testcase name="testToMutableDateTime_Chronology1407" classname="org.joda.time.TestInstant_Basics" time="0.002"/>
  <testcase name="test_now_nullChronology557" classname="org.joda.time.TestDateTime_Constructors" time="0.001"/>
  <testcase name="testConstructor_long_nullDateTimeZone562" classname="org.joda.time.TestDateTime_Constructors" time="0"/>
  <testcase name="testConstructor_int_int_int_int_int_Chronology566" classname="org.joda.time.TestDateTime_Constructors" time="0.001"/>
  <testcase name="testConstructor_int_int_int_int_int_int_Chronology567" classname="org.joda.time.TestDateTime_Constructors" time="0"/>
  <testcase name="testConstructor_int_int_int_int_int565" classname="org.joda.time.TestDateTime_Constructors" time="0.001"/>
  <testcase name="testConstructor_nullObject563" classname="org.joda.time.TestDateTime_Constructors" time="0"/>
  <testcase name="testConstructor_Chronology561" classname="org.joda.time.TestDateTime_Constructors" time="0"/>
  <testcase name="test_now553" classname="org.joda.time.TestDateTime_Constructors" time="0"/>
  <testcase name="testConstructor_Object_nullChronology564" classname="org.joda.time.TestDateTime_Constructors" time="0"/>
  <testcase name="testConstructor559" classname="org.joda.time.TestDateTime_Constructors" time="0.001"/>
  <testcase name="test_now_nullDateTimeZone554" classname="org.joda.time.TestDateTime_Constructors" time="0"/>
  <testcase name="test_now_DateTimeZone555" classname="org.joda.time.TestDateTime_Constructors" time="0.001"/>
  <testcase name="testConstructor_Object_Chronology139" classname="org.joda.time.TestDateTime_Constructors" time="0.001"/>
  <testcase name="test_now_Chronology556" classname="org.joda.time.TestDateTime_Constructors" time="0"/>
  <testcase name="testConstructor_DateTimeZone560" classname="org.joda.time.TestDateTime_Constructors" time="0.001"/>
  <testcase name="testWithField1576" classname="org.joda.time.TestDateTime_Basics" time="0.002"/>
  <testcase name="testMinus_RD594" classname="org.joda.time.TestDateTime_Basics" time="0"/>
  <testcase name="testPlus_RD583" classname="org.joda.time.TestDateTime_Basics" time="0"/>
  <testcase name="testPlus_long582" classname="org.joda.time.TestDateTime_Basics" time="0.001"/>
  <testcase name="testPlus_RP581" classname="org.joda.time.TestDateTime_Basics" time="0.001"/>
  <testcase name="testWithers399" classname="org.joda.time.TestDateTime_Basics" time="0.003"/>
  <testcase name="testProperty602" classname="org.joda.time.TestDateTime_Basics" time="0.003"/>
  <testcase name="testIsSupported_DateTimeFieldType1402" classname="org.joda.time.TestDateTime_Basics" time="0.001"/>
  <testcase name="testPlusYears_int154" classname="org.joda.time.TestDateTime_Basics" time="0.001"/>
  <testcase name="testToDateTimeISO570" classname="org.joda.time.TestDateTime_Basics" time="0.001"/>
  <testcase name="testToDateTime_DateTimeZone571" classname="org.joda.time.TestDateTime_Basics" time="0"/>
  <testcase name="testMinus_long593" classname="org.joda.time.TestDateTime_Basics" time="0.001"/>
  <testcase name="testMinusYears_int596" classname="org.joda.time.TestDateTime_Basics" time="0.001"/>
  <testcase name="testMinusWeeks_int597" classname="org.joda.time.TestDateTime_Basics" time="0.001"/>
  <testcase name="testMinusDays_int598" classname="org.joda.time.TestDateTime_Basics" time="0.001"/>
  <testcase name="testMinusSeconds_int600" classname="org.joda.time.TestDateTime_Basics" time="0.001"/>
  <testcase name="testMinusMillis_int601" classname="org.joda.time.TestDateTime_Basics" time="0.001"/>
  <testcase name="testToDateMidnight603" classname="org.joda.time.TestDateTime_Basics" time="0.002"/>
  <testcase name="testToTimeOfDay604" classname="org.joda.time.TestDateTime_Basics" time="0.002"/>
  <testcase name="testToString_String_Locale1400" classname="org.joda.time.TestDateTime_Basics" time="0.009"/>
  <testcase name="testToInstant1404" classname="org.joda.time.TestDateTime_Basics" time="0"/>
  <testcase name="testWithZoneRetainFields_DateTimeZone573" classname="org.joda.time.TestDateTime_Basics" time="0.001"/>
  <testcase name="testMinus_RP595" classname="org.joda.time.TestDateTime_Basics" time="0.001"/>
  <testcase name="testToMutableDateTimeISO1406" classname="org.joda.time.TestDateTime_Basics" time="0"/>
  <testcase name="testIsAfter_RI1409" classname="org.joda.time.TestDateTime_Basics" time="0.002"/>
  <testcase name="testIsAfterNow1410" classname="org.joda.time.TestDateTime_Basics" time="0"/>
  <testcase name="testToString_DTFormatter1413" classname="org.joda.time.TestDateTime_Basics" time="0.001"/>
  <testcase name="testWithField2577" classname="org.joda.time.TestDateTime_Basics" time="0.001"/>
  <testcase name="testWithFieldAdded2578" classname="org.joda.time.TestDateTime_Basics" time="0.001"/>
  <testcase name="testWithFieldAdded4579" classname="org.joda.time.TestDateTime_Basics" time="0.001"/>
  <testcase name="testPlusMonths_int584" classname="org.joda.time.TestDateTime_Basics" time="0"/>
  <testcase name="testPlusWeeks_int585" classname="org.joda.time.TestDateTime_Basics" time="0.001"/>
  <testcase name="testPlusDays_int587" classname="org.joda.time.TestDateTime_Basics" time="0"/>
  <testcase name="testPlusHours_int588" classname="org.joda.time.TestDateTime_Basics" time="0.002"/>
  <testcase name="testPlusMinutes_int589" classname="org.joda.time.TestDateTime_Basics" time="0.001"/>
  <testcase name="testPlusSeconds_int590" classname="org.joda.time.TestDateTime_Basics" time="0.001"/>
  <testcase name="testPlusMillis_int592" classname="org.joda.time.TestDateTime_Basics" time="0.005"/>
  <testcase name="testWithDate_int_int_int574" classname="org.joda.time.TestDateTime_Basics" time="0"/>
  <testcase name="testWithFields_RPartial575" classname="org.joda.time.TestDateTime_Basics" time="0"/>
  <testcase name="testWithDurationAdded_long_int580" classname="org.joda.time.TestDateTime_Basics" time="0"/>
  <testcase name="testToDateTime_Chronology572" classname="org.joda.time.TestDateTime_Basics" time="0"/>
  <testcase name="testPropertyAddDayOfMonth822" classname="org.joda.time.TestDateTime_Properties" time="0.002"/>
  <testcase name="testPropertyLeapMonthOfYear925" classname="org.joda.time.TestDateTime_Properties" time="0.001"/>
  <testcase name="testPropertyGetMaxMinValuesDayOfYear926" classname="org.joda.time.TestDateTime_Properties" time="0.001"/>
  <testcase name="testPropertyWithMaximumValueDayOfMonth927" classname="org.joda.time.TestDateTime_Properties" time="0.001"/>
  <testcase name="testPropertyToIntervalMillisOfSecond947" classname="org.joda.time.TestDateTime_Properties" time="0.004"/>
  <testcase name="testPropertyLeapYear949" classname="org.joda.time.TestDateTime_Properties" time="0"/>
  <testcase name="testPropertyRoundHalfEvenHourOfDay623" classname="org.joda.time.TestDateTime_Properties" time="0.001"/>
  <testcase name="testPropertyEqualsHashCodeStrict568" classname="org.joda.time.TestDateTime_Properties" time="0.002"/>
  <testcase name="testPropertyWithMinimumValueMillisOfDayDSTGap618" classname="org.joda.time.TestDateTime_Properties" time="0.002"/>
  <testcase name="testPropertyToIntervalYearOfCentury400" classname="org.joda.time.TestDateTime_Properties" time="0.002"/>
  <testcase name="testPropertyGetMonthOfYear501" classname="org.joda.time.TestDateTime_Properties" time="0"/>
  <testcase name="testPropertyGetEra609" classname="org.joda.time.TestDateTime_Properties" time="0.001"/>
  <testcase name="testPropertyGetCenturyOfEra610" classname="org.joda.time.TestDateTime_Properties" time="0.001"/>
  <testcase name="testPropertyGetYearOfCentury611" classname="org.joda.time.TestDateTime_Properties" time="0.006"/>
  <testcase name="testPropertyGetWeekyear612" classname="org.joda.time.TestDateTime_Properties" time="0.001"/>
  <testcase name="testPropertySetWeekOfWeekyear614" classname="org.joda.time.TestDateTime_Properties" time="0"/>
  <testcase name="testPropertyAddLongDayOfWeek616" classname="org.joda.time.TestDateTime_Properties" time="0.001"/>
  <testcase name="testPropertyGetSecondOfDay617" classname="org.joda.time.TestDateTime_Properties" time="0"/>
  <testcase name="testPropertyGetHourOfDay619" classname="org.joda.time.TestDateTime_Properties" time="0"/>
  <testcase name="testPropertyWithMaximumValueMillisOfDayDSTGap621" classname="org.joda.time.TestDateTime_Properties" time="0.001"/>
  <testcase name="testPropertyEqualsHashCodeLenient192" classname="org.joda.time.TestDateTime_Properties" time="0.002"/>
  <testcase name="testPropertyAddMonthOfYear620" classname="org.joda.time.TestDateTime_Properties" time="0"/>
  <testcase name="testPropertyCompareToDayOfYear615" classname="org.joda.time.TestDateTime_Properties" time="0.001"/>
  <testcase name="test_now1009" classname="org.joda.time.TestMutableDateTime_Constructors" time="0"/>
  <testcase name="test_now_DateTimeZone1010" classname="org.joda.time.TestMutableDateTime_Constructors" time="0"/>
  <testcase name="testConstructor_nullObject_nullDateTimeZone137" classname="org.joda.time.TestMutableDateTime_Constructors" time="0"/>
  <testcase name="test_now_nullDateTimeZone1011" classname="org.joda.time.TestMutableDateTime_Constructors" time="0.004"/>
  <testcase name="testConstructor1014" classname="org.joda.time.TestMutableDateTime_Constructors" time="0"/>
  <testcase name="testParse_noFormatter1013" classname="org.joda.time.TestMutableDateTime_Constructors" time="0"/>
  <testcase name="test_now_nullChronology1012" classname="org.joda.time.TestMutableDateTime_Constructors" time="0"/>
  <testcase name="testGetMethods523" classname="org.joda.time.TestMutableDateTime_Basics" time="0"/>
  <testcase name="testToGregorianCalendar526" classname="org.joda.time.TestMutableDateTime_Basics" time="0.004"/>
  <testcase name="testRounding8951" classname="org.joda.time.TestMutableDateTime_Basics" time="0.001"/>
  <testcase name="testProperty1054" classname="org.joda.time.TestMutableDateTime_Basics" time="0.001"/>
  <testcase name="testCopy1068" classname="org.joda.time.TestMutableDateTime_Basics" time="0"/>
  <testcase name="testClone1069" classname="org.joda.time.TestMutableDateTime_Basics" time="0"/>
  <testcase name="testToDateTime1405" classname="org.joda.time.TestMutableDateTime_Basics" time="0.001"/>
  <testcase name="testCompareTo1408" classname="org.joda.time.TestMutableDateTime_Basics" time="0.001"/>
  <testcase name="testToString_String527" classname="org.joda.time.TestMutableDateTime_Basics" time="0"/>
  <testcase name="testToDateTime_DateTimeZone1015" classname="org.joda.time.TestMutableDateTime_Basics" time="0"/>
  <testcase name="testRounding71017" classname="org.joda.time.TestMutableDateTime_Basics" time="0.001"/>
  <testcase name="testRounding41018" classname="org.joda.time.TestMutableDateTime_Basics" time="0.001"/>
  <testcase name="testRounding31019" classname="org.joda.time.TestMutableDateTime_Basics" time="0.001"/>
  <testcase name="testRounding51020" classname="org.joda.time.TestMutableDateTime_Basics" time="0.001"/>
  <testcase name="testSetSecondOfMinute_int11045" classname="org.joda.time.TestMutableDateTime_Sets" time="0.001"/>
  <testcase name="testSetMilliOfDay_int21048" classname="org.joda.time.TestMutableDateTime_Sets" time="0"/>
  <testcase name="testSetMilliOfSecond_int21049" classname="org.joda.time.TestMutableDateTime_Sets" time="0.001"/>
  <testcase name="testSetDate_RI_same1051" classname="org.joda.time.TestMutableDateTime_Sets" time="0.001"/>
  <testcase name="testSetWeekOfWeekyear_int21036" classname="org.joda.time.TestMutableDateTime_Sets" time="0.001"/>
  <testcase name="testSetDayOfMonth_int_dstOverlapWinter_addZero1040" classname="org.joda.time.TestMutableDateTime_Sets" time="0.002"/>
  <testcase name="testSetDayOfWeek_int11041" classname="org.joda.time.TestMutableDateTime_Sets" time="0.001"/>
  <testcase name="testSetMonthOfYear_int_dstOverlapWinter_addZero1033" classname="org.joda.time.TestMutableDateTime_Sets" time="0"/>
  <testcase name="testSetYear_int11030" classname="org.joda.time.TestMutableDateTime_Sets" time="0"/>
  <testcase name="testSetWeekyear_int11031" classname="org.joda.time.TestMutableDateTime_Sets" time="0.001"/>
  <testcase name="testSetDayOfMonth_int_dstOverlapSummer_addZero625" classname="org.joda.time.TestMutableDateTime_Sets" time="0.001"/>
  <testcase name="testSetMonthOfYear_int_dstOverlapSummer_addZero256" classname="org.joda.time.TestMutableDateTime_Sets" time="0.001"/>
  <testcase name="testSetHourOfDay_int21042" classname="org.joda.time.TestMutableDateTime_Sets" time="0.001"/>
  <testcase name="testSetMinuteOfDay_int11043" classname="org.joda.time.TestMutableDateTime_Sets" time="0"/>
  <testcase name="testSetMinuteOfHour_int21044" classname="org.joda.time.TestMutableDateTime_Sets" time="0"/>
  <testcase name="testSetTime_int_int_int2944" classname="org.joda.time.TestMutableDateTime_Sets" time="0.001"/>
  <testcase name="testSetMillis_RI11021" classname="org.joda.time.TestMutableDateTime_Sets" time="0.001"/>
  <testcase name="testSetDayOfYear_int2445" classname="org.joda.time.TestMutableDateTime_Sets" time="0.001"/>
  <testcase name="testSet_DateTimeFieldType_int31027" classname="org.joda.time.TestMutableDateTime_Sets" time="0"/>
  <testcase name="testSetDayOfYear_int_dstOverlapWinter_addZero1039" classname="org.joda.time.TestMutableDateTime_Sets" time="0.001"/>
  <testcase name="testSetZoneRetainFields_DateTimeZone21026" classname="org.joda.time.TestMutableDateTime_Sets" time="0.001"/>
  <testcase name="testSetDateTime_int_int_int_int_int_int_int1524" classname="org.joda.time.TestMutableDateTime_Sets" time="0.001"/>
  <testcase name="testSetDate_int_int_int21052" classname="org.joda.time.TestMutableDateTime_Sets" time="0"/>
  <testcase name="testSetTime_int_int_int_int11053" classname="org.joda.time.TestMutableDateTime_Sets" time="0.001"/>
  <testcase name="testSetDate_int_int_int1943" classname="org.joda.time.TestMutableDateTime_Sets" time="0.001"/>
  <testcase name="testAddSeconds_int11047" classname="org.joda.time.TestMutableDateTime_Adds" time="0.001"/>
  <testcase name="testAddMillis_int11050" classname="org.joda.time.TestMutableDateTime_Adds" time="0.001"/>
  <testcase name="testAddSeconds_int_dstOverlapWinter_addZero1046" classname="org.joda.time.TestMutableDateTime_Adds" time="0.001"/>
  <testcase name="testAddWeeks_int_dstOverlapSummer_addZero1037" classname="org.joda.time.TestMutableDateTime_Adds" time="0.001"/>
  <testcase name="testAdd_RP21024" classname="org.joda.time.TestMutableDateTime_Adds" time="0"/>
  <testcase name="testAdd_RD21022" classname="org.joda.time.TestMutableDateTime_Adds" time="0.001"/>
  <testcase name="testAddMonths_int_dstOverlapSummer_addZero1034" classname="org.joda.time.TestMutableDateTime_Adds" time="0"/>
  <testcase name="testAdd_RP_int11025" classname="org.joda.time.TestMutableDateTime_Adds" time="0.001"/>
  <testcase name="testAdd_RD_int11023" classname="org.joda.time.TestMutableDateTime_Adds" time="0"/>
  <testcase name="testAddWeeks_int11038" classname="org.joda.time.TestMutableDateTime_Adds" time="0"/>
  <testcase name="testAddMonths_int11035" classname="org.joda.time.TestMutableDateTime_Adds" time="0"/>
  <testcase name="testAdd_DurationFieldType_int11028" classname="org.joda.time.TestMutableDateTime_Adds" time="0.001"/>
  <testcase name="testAdd_DurationFieldType_int31029" classname="org.joda.time.TestMutableDateTime_Adds" time="0"/>
  <testcase name="testAddWeekyears_int11032" classname="org.joda.time.TestMutableDateTime_Adds" time="0.001"/>
  <testcase name="testPropertyRoundFloorHourOfDay1072" classname="org.joda.time.TestMutableDateTime_Properties" time="0.001"/>
  <testcase name="testPropertyRoundCeilingHourOfDay1073" classname="org.joda.time.TestMutableDateTime_Properties" time="0.001"/>
  <testcase name="testPropertyRoundHalfFloorHourOfDay1074" classname="org.joda.time.TestMutableDateTime_Properties" time="0.001"/>
  <testcase name="testPropertyRoundHalfCeilingHourOfDay1075" classname="org.joda.time.TestMutableDateTime_Properties" time="0.002"/>
  <testcase name="testPropertyRoundHalfEvenHourOfDay1076" classname="org.joda.time.TestMutableDateTime_Properties" time="0.001"/>
  <testcase name="testPropertySetWeekOfWeekyear1233" classname="org.joda.time.TestMutableDateTime_Properties" time="0"/>
  <testcase name="testPropertyGetMillisOfDay1066" classname="org.joda.time.TestMutableDateTime_Properties" time="0.001"/>
  <testcase name="testPropertyGetMillisOfSecond1067" classname="org.joda.time.TestMutableDateTime_Properties" time="0"/>
  <testcase name="testPropertySetTextMonthOfYear1071" classname="org.joda.time.TestMutableDateTime_Properties" time="0.001"/>
  <testcase name="testPropertyGetYearOfCentury1056" classname="org.joda.time.TestMutableDateTime_Properties" time="0"/>
  <testcase name="testPropertyGetYearOfEra1057" classname="org.joda.time.TestMutableDateTime_Properties" time="0.001"/>
  <testcase name="testPropertySetTextYear1058" classname="org.joda.time.TestMutableDateTime_Properties" time="0.001"/>
  <testcase name="testPropertyAddWeekOfWeekyear1059" classname="org.joda.time.TestMutableDateTime_Properties" time="0.001"/>
  <testcase name="testPropertySetTextDayOfYear1060" classname="org.joda.time.TestMutableDateTime_Properties" time="0"/>
  <testcase name="testPropertySetDayOfMonth1061" classname="org.joda.time.TestMutableDateTime_Properties" time="0.001"/>
  <testcase name="testPropertyGetMinuteOfHour1064" classname="org.joda.time.TestMutableDateTime_Properties" time="0"/>
  <testcase name="testPropertyGetSecondOfDay1065" classname="org.joda.time.TestMutableDateTime_Properties" time="0.001"/>
  <testcase name="testPropertyToIntervalMonthOfYear442" classname="org.joda.time.TestMutableDateTime_Properties" time="0"/>
  <testcase name="testPropertyAddWrapFieldMonthOfYear438" classname="org.joda.time.TestMutableDateTime_Properties" time="0.001"/>
  <testcase name="testPropertyGetDayOfWeek955" classname="org.joda.time.TestMutableDateTime_Properties" time="0.001"/>
  <testcase name="testPropertyGetEra1055" classname="org.joda.time.TestMutableDateTime_Properties" time="0"/>
  <testcase name="testPropertyRemainderHourOfDay262" classname="org.joda.time.TestMutableDateTime_Properties" time="0.001"/>
  <testcase name="testPropertySetDayOfWeek1062" classname="org.joda.time.TestMutableDateTime_Properties" time="0.001"/>
  <testcase name="testPropertyGetMinuteOfDay1063" classname="org.joda.time.TestMutableDateTime_Properties" time="0.001"/>
  <testcase name="test_now_Chronology1434" classname="org.joda.time.TestDateMidnight_Constructors" time="0"/>
  <testcase name="test_now_nullChronology1435" classname="org.joda.time.TestDateMidnight_Constructors" time="0.001"/>
  <testcase name="testConstructor_nullDateTimeZone1437" classname="org.joda.time.TestDateMidnight_Constructors" time="0"/>
  <testcase name="testConstructor_badconverterObject_DateTimeZone1100" classname="org.joda.time.TestDateMidnight_Constructors" time="0.001"/>
  <testcase name="test_now_nullDateTimeZone1432" classname="org.joda.time.TestDateMidnight_Constructors" time="0"/>
  <testcase name="testConstructor_nullObject1439" classname="org.joda.time.TestDateMidnight_Constructors" time="0.001"/>
  <testcase name="test_now1431" classname="org.joda.time.TestDateMidnight_Constructors" time="0"/>
  <testcase name="testConstructor_Object_nullChronology1440" classname="org.joda.time.TestDateMidnight_Constructors" time="0.001"/>
  <testcase name="testConstructor_int_int_int_nullDateTimeZone1441" classname="org.joda.time.TestDateMidnight_Constructors" time="0"/>
  <testcase name="testConstructor_DateTimeZone913" classname="org.joda.time.TestDateMidnight_Constructors" time="0.001"/>
  <testcase name="testConstructor_nullChronology1438" classname="org.joda.time.TestDateMidnight_Constructors" time="0"/>
  <testcase name="test_now_DateTimeZone1433" classname="org.joda.time.TestDateMidnight_Constructors" time="0.001"/>
  <testcase name="testPlus_RP1448" classname="org.joda.time.TestDateMidnight_Basics" time="0.001"/>
  <testcase name="testMinus_RD1454" classname="org.joda.time.TestDateMidnight_Basics" time="0.001"/>
  <testcase name="testWithZoneRetainFields_DateTimeZone269" classname="org.joda.time.TestDateMidnight_Basics" time="0.001"/>
  <testcase name="testWithDurationAdded_long_int1447" classname="org.joda.time.TestDateMidnight_Basics" time="0"/>
  <testcase name="testPlusYears_int1449" classname="org.joda.time.TestDateMidnight_Basics" time="0.001"/>
  <testcase name="testPlusMonths_int1450" classname="org.joda.time.TestDateMidnight_Basics" time="0.001"/>
  <testcase name="testPlusWeeks_int1451" classname="org.joda.time.TestDateMidnight_Basics" time="0.001"/>
  <testcase name="testMinusWeeks_int458" classname="org.joda.time.TestDateMidnight_Basics" time="0.001"/>
  <testcase name="testToCalendar_Locale525" classname="org.joda.time.TestDateMidnight_Basics" time="0.001"/>
  <testcase name="testWithFieldAdded41445" classname="org.joda.time.TestDateMidnight_Basics" time="0.001"/>
  <testcase name="testWithFieldAdded11446" classname="org.joda.time.TestDateMidnight_Basics" time="0"/>
  <testcase name="testWithFields_RPartial1443" classname="org.joda.time.TestDateMidnight_Basics" time="0.001"/>
  <testcase name="testWithField21444" classname="org.joda.time.TestDateMidnight_Basics" time="0"/>
  <testcase name="testGet_DateTimeFieldType253" classname="org.joda.time.TestDateMidnight_Basics" time="0.001"/>
  <testcase name="testEqualsHashCode290" classname="org.joda.time.TestDateMidnight_Basics" time="0.001"/>
  <testcase name="testPlusDays_int1452" classname="org.joda.time.TestDateMidnight_Basics" time="0"/>
  <testcase name="testMinus_long1453" classname="org.joda.time.TestDateMidnight_Basics" time="0.001"/>
  <testcase name="testMinusMonths_int1456" classname="org.joda.time.TestDateMidnight_Basics" time="0.001"/>
  <testcase name="testMinusDays_int1457" classname="org.joda.time.TestDateMidnight_Basics" time="0.001"/>
  <testcase name="testWithChronology_Chronology1442" classname="org.joda.time.TestDateMidnight_Basics" time="0"/>
  <testcase name="testToYearMonthDay26" classname="org.joda.time.TestDateMidnight_Basics" time="0.001"/>
  <testcase name="testMinus_RP1455" classname="org.joda.time.TestDateMidnight_Basics" time="0.001"/>
  <testcase name="testWithers756" classname="org.joda.time.TestDateMidnight_Basics" time="0.001"/>
  <testcase name="testPropertyGetDifferenceMonthOfYear924" classname="org.joda.time.TestDateMidnight_Properties" time="0.001"/>
  <testcase name="testPropertyAddLongMonthOfYear1464" classname="org.joda.time.TestDateMidnight_Properties" time="0.001"/>
  <testcase name="testPropertyAddWrapFieldMonthOfYear1465" classname="org.joda.time.TestDateMidnight_Properties" time="0"/>
  <testcase name="testPropertyRoundHalfFloorMonthOfYear1466" classname="org.joda.time.TestDateMidnight_Properties" time="0"/>
  <testcase name="testPropertyRoundHalfCeilingMonthOfYear1467" classname="org.joda.time.TestDateMidnight_Properties" time="0.001"/>
  <testcase name="testPropertyRoundHalfEvenMonthOfYear1468" classname="org.joda.time.TestDateMidnight_Properties" time="0.001"/>
  <testcase name="testPropertyGetCenturyOfEra1415" classname="org.joda.time.TestDateMidnight_Properties" time="0.001"/>
  <testcase name="testPropertyToIntervalYearOfCentury1458" classname="org.joda.time.TestDateMidnight_Properties" time="0.001"/>
  <testcase name="testPropertyToIntervalYearOfEra1459" classname="org.joda.time.TestDateMidnight_Properties" time="0.001"/>
  <testcase name="testPropertyToIntervalYear1460" classname="org.joda.time.TestDateMidnight_Properties" time="0.001"/>
  <testcase name="testPropertyGetWeekyear1461" classname="org.joda.time.TestDateMidnight_Properties" time="0"/>
  <testcase name="testPropertyEqualsHashCodeStrict1463" classname="org.joda.time.TestDateMidnight_Properties" time="0.001"/>
  <testcase name="testPropertyGetDayOfWeek1401" classname="org.joda.time.TestDateMidnight_Properties" time="0.001"/>
  <testcase name="testPropertySetTextMonthOfYear948" classname="org.joda.time.TestDateMidnight_Properties" time="0"/>
  <testcase name="testFactory_standardSeconds_long231" classname="org.joda.time.TestDuration_Constructors" time="0.001"/>
  <testcase name="testConstructor_RI_RI4666" classname="org.joda.time.TestDuration_Constructors" time="0"/>
  <testcase name="testFactory_standardHours_long229" classname="org.joda.time.TestDuration_Constructors" time="0.001"/>
  <testcase name="testFactory_standardMinutes_long230" classname="org.joda.time.TestDuration_Constructors" time="0"/>
  <testcase name="testMinus_RD1244" classname="org.joda.time.TestDuration_Basics" time="0.001"/>
  <testcase name="testIsEqual1391" classname="org.joda.time.TestDuration_Basics" time="0"/>
  <testcase name="testPlus_RD1243" classname="org.joda.time.TestDuration_Basics" time="0.001"/>
  <testcase name="testToString405" classname="org.joda.time.TestDuration_Basics" time="0"/>
  <testcase name="testToPeriodFrom_PeriodType80" classname="org.joda.time.TestDuration_Basics" time="0.001"/>
  <testcase name="testToPeriod_Chronology84" classname="org.joda.time.TestDuration_Basics" time="0.002"/>
  <testcase name="testIsBefore1393" classname="org.joda.time.TestDuration_Basics" time="0.001"/>
  <testcase name="testMultipliedBy_long2246" classname="org.joda.time.TestDuration_Basics" time="0"/>
  <testcase name="testDividedBy_long2247" classname="org.joda.time.TestDuration_Basics" time="0"/>
  <testcase name="testDividedBy_long1248" classname="org.joda.time.TestDuration_Basics" time="0.001"/>
  <testcase name="testNegated_long2249" classname="org.joda.time.TestDuration_Basics" time="0"/>
  <testcase name="testNegated_long3250" classname="org.joda.time.TestDuration_Basics" time="0.001"/>
  <testcase name="testMutableDuration667" classname="org.joda.time.TestDuration_Basics" time="0"/>
  <testcase name="testToPeriod_PeriodType668" classname="org.joda.time.TestDuration_Basics" time="0.001"/>
  <testcase name="testToPeriodFrom669" classname="org.joda.time.TestDuration_Basics" time="0"/>
  <testcase name="testToPeriodTo_PeriodType670" classname="org.joda.time.TestDuration_Basics" time="0.001"/>
  <testcase name="testToIntervalFrom671" classname="org.joda.time.TestDuration_Basics" time="0.001"/>
  <testcase name="testToStandardHours233" classname="org.joda.time.TestDuration_Basics" time="0.007"/>
  <testcase name="testIsAfter1392" classname="org.joda.time.TestDuration_Basics" time="0"/>
  <testcase name="testToDuration21389" classname="org.joda.time.TestDuration_Basics" time="0.001"/>
  <testcase name="testCompareTo1390" classname="org.joda.time.TestDuration_Basics" time="0"/>
  <testcase name="testSerialization1394" classname="org.joda.time.TestDuration_Basics" time="0.003"/>
  <testcase name="testEqualsHashCode1395" classname="org.joda.time.TestDuration_Basics" time="0"/>
  <testcase name="testToStandardMinutes235" classname="org.joda.time.TestDuration_Basics" time="0.001"/>
  <testcase name="testToStandardSeconds236" classname="org.joda.time.TestDuration_Basics" time="0.002"/>
  <testcase name="testToDuration1237" classname="org.joda.time.TestDuration_Basics" time="0"/>
  <testcase name="testMinus_long1238" classname="org.joda.time.TestDuration_Basics" time="0"/>
  <testcase name="testWithDurationAdded_RD_int3240" classname="org.joda.time.TestDuration_Basics" time="0.001"/>
  <testcase name="testPlus_long1241" classname="org.joda.time.TestDuration_Basics" time="0"/>
  <testcase name="testMultipliedBy_long1245" classname="org.joda.time.TestDuration_Basics" time="0.001"/>
  <testcase name="testToPeriod_PeriodType_Chronology85" classname="org.joda.time.TestDuration_Basics" time="0"/>
  <testcase name="testPlus_RD3242" classname="org.joda.time.TestDuration_Basics" time="0.001"/>
  <testcase name="testMinus_RD2239" classname="org.joda.time.TestDuration_Basics" time="0"/>
  <testcase name="testToPeriod767" classname="org.joda.time.TestDuration_Basics" time="0.001"/>
  <testcase name="testConstructor_RI_RI3796" classname="org.joda.time.TestInterval_Constructors" time="0"/>
  <testcase name="testConstructor_RP_RI8799" classname="org.joda.time.TestInterval_Constructors" time="0.001"/>
  <testcase name="testConstructor_RD_RI3325" classname="org.joda.time.TestInterval_Constructors" time="0"/>
  <testcase name="testConstructor_Object6802" classname="org.joda.time.TestInterval_Constructors" time="0.002"/>
  <testcase name="testConstructor_RI_RD4324" classname="org.joda.time.TestInterval_Constructors" time="0"/>
  <testcase name="testConstructor_RI_RP7326" classname="org.joda.time.TestInterval_Constructors" time="0.001"/>
  <testcase name="testConstructor_Object4327" classname="org.joda.time.TestInterval_Constructors" time="0.001"/>
  <testcase name="testParse_noFormatter319" classname="org.joda.time.TestInterval_Constructors" time="0.002"/>
  <testcase name="testConstructor_long_long2320" classname="org.joda.time.TestInterval_Constructors" time="0"/>
  <testcase name="testConstructor_long_long_nullZone321" classname="org.joda.time.TestInterval_Constructors" time="0.001"/>
  <testcase name="testToPeriod_PeriodType176" classname="org.joda.time.TestInterval_Basics" time="0.002"/>
  <testcase name="testToInterval1328" classname="org.joda.time.TestInterval_Basics" time="0"/>
  <testcase name="testContains_RInterval_zeroDuration1165" classname="org.joda.time.TestInterval_Basics" time="0.001"/>
  <testcase name="testToPeriod74" classname="org.joda.time.TestInterval_Basics" time="0.001"/>
  <testcase name="testWithPeriodBeforeEnd2345" classname="org.joda.time.TestInterval_Basics" time="0.001"/>
  <testcase name="testToPeriod_PeriodType2761" classname="org.joda.time.TestInterval_Basics" time="0.001"/>
  <testcase name="testContains_RI_null1164" classname="org.joda.time.TestInterval_Basics" time="0.001"/>
  <testcase name="testIsBefore_RInterval_null1168" classname="org.joda.time.TestInterval_Basics" time="0"/>
  <testcase name="testIsAfter_RI_null1170" classname="org.joda.time.TestInterval_Basics" time="0"/>
  <testcase name="testIsAfter_RInterval_null1171" classname="org.joda.time.TestInterval_Basics" time="0.001"/>
  <testcase name="testGetDuration21173" classname="org.joda.time.TestInterval_Basics" time="0"/>
  <testcase name="testEqualsHashCodeStrict1174" classname="org.joda.time.TestInterval_Basics" time="0.001"/>
  <testcase name="testAbuts_RInterval332" classname="org.joda.time.TestInterval_Basics" time="0.001"/>
  <testcase name="testAbuts_RInterval_null333" classname="org.joda.time.TestInterval_Basics" time="0.001"/>
  <testcase name="testGap_RInterval_zone330" classname="org.joda.time.TestInterval_Basics" time="0"/>
  <testcase name="testGap_RInterval_null331" classname="org.joda.time.TestInterval_Basics" time="0.001"/>
  <testcase name="testWithEndInstant_RI3339" classname="org.joda.time.TestInterval_Basics" time="0.001"/>
  <testcase name="testWithEndMillis_long3340" classname="org.joda.time.TestInterval_Basics" time="0"/>
  <testcase name="testWithDurationAfterStart2341" classname="org.joda.time.TestInterval_Basics" time="0"/>
  <testcase name="testWithDurationAfterStart4342" classname="org.joda.time.TestInterval_Basics" time="0"/>
  <testcase name="testWithDurationBeforeEnd1343" classname="org.joda.time.TestInterval_Basics" time="0"/>
  <testcase name="testWithPeriodAfterStart2344" classname="org.joda.time.TestInterval_Basics" time="0"/>
  <testcase name="testOverlap_RInterval_null329" classname="org.joda.time.TestInterval_Basics" time="0.001"/>
  <testcase name="testWithChronology3334" classname="org.joda.time.TestInterval_Basics" time="0"/>
  <testcase name="testWithChronology2335" classname="org.joda.time.TestInterval_Basics" time="0.001"/>
  <testcase name="testWithStartMillis_long2336" classname="org.joda.time.TestInterval_Basics" time="0"/>
  <testcase name="testWithStartMillis_long3337" classname="org.joda.time.TestInterval_Basics" time="0.001"/>
  <testcase name="testWithStartInstant_RI2338" classname="org.joda.time.TestInterval_Basics" time="0"/>
  <testcase name="testWithPeriodBeforeEnd1323" classname="org.joda.time.TestInterval_Basics" time="0.001"/>
  <testcase name="testConstructor_int_int_int_int_int_int1293" classname="org.joda.time.TestLocalDateTime_Constructors" time="0.003"/>
  <testcase name="testConstructor_long_nullDateTimeZone1288" classname="org.joda.time.TestLocalDateTime_Constructors" time="0"/>
  <testcase name="testConstructor_nullObject1290" classname="org.joda.time.TestLocalDateTime_Constructors" time="0.001"/>
  <testcase name="testConstructor_Object_nullDateTimeZone1291" classname="org.joda.time.TestLocalDateTime_Constructors" time="0"/>
  <testcase name="testConstructor_ObjectStringEx61292" classname="org.joda.time.TestLocalDateTime_Constructors" time="0"/>
  <testcase name="testFactory_fromDateFields_before19701284" classname="org.joda.time.TestLocalDateTime_Constructors" time="0.001"/>
  <testcase name="testConstructor_ObjectLocalDateTime1234" classname="org.joda.time.TestLocalDateTime_Constructors" time="0.001"/>
  <testcase name="testFactory_fromCalendarFields_null1283" classname="org.joda.time.TestLocalDateTime_Constructors" time="0"/>
  <testcase name="testConstructor_nullDateTimeZone1286" classname="org.joda.time.TestLocalDateTime_Constructors" time="0"/>
  <testcase name="testConstructor_ObjectLocalDate714" classname="org.joda.time.TestLocalDateTime_Constructors" time="0.001"/>
  <testcase name="testConstructor1281" classname="org.joda.time.TestLocalDateTime_Constructors" time="0"/>
  <testcase name="testConstructor_DateTimeZone1282" classname="org.joda.time.TestLocalDateTime_Constructors" time="0.001"/>
  <testcase name="testFactory_fromDateFields_null1285" classname="org.joda.time.TestLocalDateTime_Constructors" time="0"/>
  <testcase name="testMinusYears_int1319" classname="org.joda.time.TestLocalDateTime_Basics" time="0.001"/>
  <testcase name="testMinusMonths_int1320" classname="org.joda.time.TestLocalDateTime_Basics" time="0"/>
  <testcase name="testMinusWeeks_int1321" classname="org.joda.time.TestLocalDateTime_Basics" time="0.001"/>
  <testcase name="testMinusDays_int1322" classname="org.joda.time.TestLocalDateTime_Basics" time="0.001"/>
  <testcase name="testMinusHours_int1323" classname="org.joda.time.TestLocalDateTime_Basics" time="0"/>
  <testcase name="testMinusMinutes_int1324" classname="org.joda.time.TestLocalDateTime_Basics" time="0.001"/>
  <testcase name="testMinusSeconds_int1325" classname="org.joda.time.TestLocalDateTime_Basics" time="0"/>
  <testcase name="testToString_String1332" classname="org.joda.time.TestLocalDateTime_Basics" time="0.001"/>
  <testcase name="testToString_String_Locale1333" classname="org.joda.time.TestLocalDateTime_Basics" time="0"/>
  <testcase name="testMinus_RP1310" classname="org.joda.time.TestLocalDateTime_Basics" time="0.001"/>
  <testcase name="testWithFieldAdded_DurationFieldType_int_41309" classname="org.joda.time.TestLocalDateTime_Basics" time="0"/>
  <testcase name="testPlusYears_int1312" classname="org.joda.time.TestLocalDateTime_Basics" time="0.001"/>
  <testcase name="testPlusMonths_int1313" classname="org.joda.time.TestLocalDateTime_Basics" time="0"/>
  <testcase name="testPlusDays_int1314" classname="org.joda.time.TestLocalDateTime_Basics" time="0.001"/>
  <testcase name="testPlusHours_int1315" classname="org.joda.time.TestLocalDateTime_Basics" time="0"/>
  <testcase name="testPlusMinutes_int1316" classname="org.joda.time.TestLocalDateTime_Basics" time="0.001"/>
  <testcase name="testPlusSeconds_int1317" classname="org.joda.time.TestLocalDateTime_Basics" time="0"/>
  <testcase name="testPlusMillis_int1318" classname="org.joda.time.TestLocalDateTime_Basics" time="0"/>
  <testcase name="testWithFieldAdded_DurationFieldType_int_21308" classname="org.joda.time.TestLocalDateTime_Basics" time="0.001"/>
  <testcase name="testWithField_DateTimeFieldType_int_21306" classname="org.joda.time.TestLocalDateTime_Basics" time="0"/>
  <testcase name="testWithFieldAdded_DurationFieldType_int_11307" classname="org.joda.time.TestLocalDateTime_Basics" time="0.001"/>
  <testcase name="testGetFieldTypes1287" classname="org.joda.time.TestLocalDateTime_Basics" time="0"/>
  <testcase name="testIsBefore_LocalDateTime14" classname="org.joda.time.TestLocalDateTime_Basics" time="0.001"/>
  <testcase name="testToDate_autumnDST17" classname="org.joda.time.TestLocalDateTime_Basics" time="0.005"/>
  <testcase name="testIsSupported_DurationFieldType1298" classname="org.joda.time.TestLocalDateTime_Basics" time="0.001"/>
  <testcase name="testToDate_autumnDST_Zone1302" classname="org.joda.time.TestLocalDateTime_Basics" time="0.001"/>
  <testcase name="testToDate_springDST1303" classname="org.joda.time.TestLocalDateTime_Basics" time="0.001"/>
  <testcase name="testToDate_summer_Zone1299" classname="org.joda.time.TestLocalDateTime_Basics" time="0.001"/>
  <testcase name="testGetValue_int1296" classname="org.joda.time.TestLocalDateTime_Basics" time="0.001"/>
  <testcase name="testGet_DateTimeFieldType1297" classname="org.joda.time.TestLocalDateTime_Basics" time="0.001"/>
  <testcase name="testIsAfter_LocalDateTime1294" classname="org.joda.time.TestLocalDateTime_Basics" time="0"/>
  <testcase name="testGetField_int1295" classname="org.joda.time.TestLocalDateTime_Basics" time="0.001"/>
  <testcase name="testToLocalDate1300" classname="org.joda.time.TestLocalDateTime_Basics" time="0"/>
  <testcase name="testToLocalTime1301" classname="org.joda.time.TestLocalDateTime_Basics" time="0.003"/>
  <testcase name="testWithers1327" classname="org.joda.time.TestLocalDateTime_Basics" time="0.001"/>
  <testcase name="testPlus_RP1311" classname="org.joda.time.TestLocalDateTime_Basics" time="0.001"/>
  <testcase name="testWithField_DateTimeFieldType_int_31305" classname="org.joda.time.TestLocalDateTime_Basics" time="0.001"/>
  <testcase name="testWithTime1304" classname="org.joda.time.TestLocalDateTime_Basics" time="0"/>
  <testcase name="testGetters1326" classname="org.joda.time.TestLocalDateTime_Basics" time="0"/>
  <testcase name="testPropertyGetMinute1330" classname="org.joda.time.TestLocalDateTime_Properties" time="0.002"/>
  <testcase name="testPropertySetTextSecond1331" classname="org.joda.time.TestLocalDateTime_Properties" time="0"/>
  <testcase name="testPropertyGetMilli1368" classname="org.joda.time.TestLocalDateTime_Properties" time="0"/>
  <testcase name="testPropertyGetMonth552" classname="org.joda.time.TestLocalDateTime_Properties" time="0"/>
  <testcase name="testPropertyCompareToDay923" classname="org.joda.time.TestLocalDateTime_Properties" time="0"/>
  <testcase name="testPropertyHashCode928" classname="org.joda.time.TestLocalDateTime_Properties" time="0.001"/>
  <testcase name="testPropertyAddToCopyMonth1289" classname="org.joda.time.TestLocalDateTime_Properties" time="0"/>
  <testcase name="testPropertyAddWrapFieldToCopyMilli454" classname="org.joda.time.TestLocalDateTime_Properties" time="0.001"/>
  <testcase name="testPropertySetCopyYear1328" classname="org.joda.time.TestLocalDateTime_Properties" time="0"/>
  <testcase name="testPropertyWithMaxMinValueHour1329" classname="org.joda.time.TestLocalDateTime_Properties" time="0"/>
  <testcase name="testFactory_fromCalendarFields_null703" classname="org.joda.time.TestLocalDate_Constructors" time="0"/>
  <testcase name="testConstructor_ObjectString2144" classname="org.joda.time.TestLocalDate_Constructors" time="0"/>
  <testcase name="testParse_noFormatter443" classname="org.joda.time.TestLocalDate_Constructors" time="0.001"/>
  <testcase name="testConstructor699" classname="org.joda.time.TestLocalDate_Constructors" time="0"/>
  <testcase name="testConstructor_Chronology701" classname="org.joda.time.TestLocalDate_Constructors" time="0.001"/>
  <testcase name="testFactory_fromCalendarFields702" classname="org.joda.time.TestLocalDate_Constructors" time="0"/>
  <testcase name="testConstructor_nullDateTimeZone707" classname="org.joda.time.TestLocalDate_Constructors" time="0.001"/>
  <testcase name="testFactory_fromDateFields_null705" classname="org.joda.time.TestLocalDate_Constructors" time="0"/>
  <testcase name="testConstructor_DateTimeZone700" classname="org.joda.time.TestLocalDate_Constructors" time="0.001"/>
  <testcase name="testConstructor_nullObject_nullDateTimeZone710" classname="org.joda.time.TestLocalDate_Constructors" time="0"/>
  <testcase name="testPlus_RP135" classname="org.joda.time.TestLocalDate_Basics" time="0.001"/>
  <testcase name="testToLocalDateTime_nullLocalTime722" classname="org.joda.time.TestLocalDate_Basics" time="0"/>
  <testcase name="testToLocalDateTime_wrongChronologyLocalTime723" classname="org.joda.time.TestLocalDate_Basics" time="0"/>
  <testcase name="testSerialization191" classname="org.joda.time.TestLocalDate_Basics" time="0.005"/>
  <testcase name="testGetValues706" classname="org.joda.time.TestLocalDate_Basics" time="0.001"/>
  <testcase name="testGet_DateTimeFieldType193" classname="org.joda.time.TestLocalDate_Basics" time="0"/>
  <testcase name="testToInterval_Zone268" classname="org.joda.time.TestLocalDate_Basics" time="0.001"/>
  <testcase name="testToDate_springDST_2Hour40Savings704" classname="org.joda.time.TestLocalDate_Basics" time="0.007"/>
  <testcase name="testWithField_DateTimeFieldType_int_1729" classname="org.joda.time.TestLocalDate_Basics" time="0.001"/>
  <testcase name="testWithFieldAdded_DurationFieldType_int_2730" classname="org.joda.time.TestLocalDate_Basics" time="0"/>
  <testcase name="testWithFieldAdded_DurationFieldType_int_4731" classname="org.joda.time.TestLocalDate_Basics" time="0"/>
  <testcase name="testWithFieldAdded_DurationFieldType_int_5732" classname="org.joda.time.TestLocalDate_Basics" time="0.001"/>
  <testcase name="testPlusYears_int733" classname="org.joda.time.TestLocalDate_Basics" time="0"/>
  <testcase name="testPlusWeeks_int734" classname="org.joda.time.TestLocalDate_Basics" time="0.001"/>
  <testcase name="testPlusDays_int735" classname="org.joda.time.TestLocalDate_Basics" time="0"/>
  <testcase name="testMinusMonths_int737" classname="org.joda.time.TestLocalDate_Basics" time="0.001"/>
  <testcase name="testMinusWeeks_int738" classname="org.joda.time.TestLocalDate_Basics" time="0"/>
  <testcase name="testMinusDays_int739" classname="org.joda.time.TestLocalDate_Basics" time="0.001"/>
  <testcase name="testToString_String743" classname="org.joda.time.TestLocalDate_Basics" time="0"/>
  <testcase name="testGetFieldType_int712" classname="org.joda.time.TestLocalDate_Basics" time="0.001"/>
  <testcase name="testToDate_winter719" classname="org.joda.time.TestLocalDate_Basics" time="0"/>
  <testcase name="testIsEqual_LocalDate720" classname="org.joda.time.TestLocalDate_Basics" time="0.001"/>
  <testcase name="testToDateTimeAtMidnight721" classname="org.joda.time.TestLocalDate_Basics" time="0"/>
  <testcase name="testToDateTime_LocalTime_nullZone724" classname="org.joda.time.TestLocalDate_Basics" time="0.001"/>
  <testcase name="testToDateTime_wrongChronoLocalTime_Zone725" classname="org.joda.time.TestLocalDate_Basics" time="0.001"/>
  <testcase name="testToInterval726" classname="org.joda.time.TestLocalDate_Basics" time="0.007"/>
  <testcase name="testWithField_DateTimeFieldType_int_2727" classname="org.joda.time.TestLocalDate_Basics" time="0.001"/>
  <testcase name="testWithField_DateTimeFieldType_int_3728" classname="org.joda.time.TestLocalDate_Basics" time="0"/>
  <testcase name="testIsSupported_DurationFieldType717" classname="org.joda.time.TestLocalDate_Basics" time="0.001"/>
  <testcase name="testIsSupported_DateTimeFieldType715" classname="org.joda.time.TestLocalDate_Basics" time="0"/>
  <testcase name="testGetValue_int713" classname="org.joda.time.TestLocalDate_Basics" time="0"/>
  <testcase name="testToString_DTFormatter716" classname="org.joda.time.TestLocalDate_Basics" time="0.001"/>
  <testcase name="testEqualsHashCodeStrict718" classname="org.joda.time.TestLocalDate_Basics" time="0"/>
  <testcase name="testMinus_RP736" classname="org.joda.time.TestLocalDate_Basics" time="0.001"/>
  <testcase name="testProperty740" classname="org.joda.time.TestLocalDate_Basics" time="0.001"/>
  <testcase name="testToDateTime_nullRI613" classname="org.joda.time.TestLocalDate_Basics" time="0"/>
  <testcase name="testPropertyWithMinimumValueDayOfMonth747" classname="org.joda.time.TestLocalDate_Properties" time="0.001"/>
  <testcase name="testPropertySetCopyTextDay742" classname="org.joda.time.TestLocalDate_Properties" time="0"/>
  <testcase name="testPropertyWithMaximumValueDayOfMonth748" classname="org.joda.time.TestLocalDate_Properties" time="0"/>
  <testcase name="testPropertyCompareToMonth708" classname="org.joda.time.TestLocalDate_Properties" time="0.001"/>
  <testcase name="testPropertyAddWrapFieldToCopyDay746" classname="org.joda.time.TestLocalDate_Properties" time="0"/>
  <testcase name="testPropertyEquals741" classname="org.joda.time.TestLocalDate_Properties" time="0.001"/>
  <testcase name="testPropertyEqualsHashCodeStrict946" classname="org.joda.time.TestLocalDate_Properties" time="0.001"/>
  <testcase name="testPropertyEqualsHashCodeLenient482" classname="org.joda.time.TestLocalDate_Properties" time="0"/>
  <testcase name="testPropertyGetDay744" classname="org.joda.time.TestLocalDate_Properties" time="0.001"/>
  <testcase name="testPropertyAddToCopyYear745" classname="org.joda.time.TestLocalDate_Properties" time="0"/>
  <testcase name="testConstructor_Chronology961" classname="org.joda.time.TestLocalTime_Constructors" time="0.001"/>
  <testcase name="testFactory_FromDateFields_after1970964" classname="org.joda.time.TestLocalTime_Constructors" time="0"/>
  <testcase name="testParse_noFormatter962" classname="org.joda.time.TestLocalTime_Constructors" time="0.001"/>
  <testcase name="testConstructor_ObjectLocalTime967" classname="org.joda.time.TestLocalTime_Constructors" time="0"/>
  <testcase name="testConstructor960" classname="org.joda.time.TestLocalTime_Constructors" time="0"/>
  <testcase name="testFactory_FromDateFields_null965" classname="org.joda.time.TestLocalTime_Constructors" time="0.001"/>
  <testcase name="testConstructor_ObjectString_DateTimeZoneNewYork138" classname="org.joda.time.TestLocalTime_Constructors" time="0"/>
  <testcase name="testParse_formatter963" classname="org.joda.time.TestLocalTime_Constructors" time="0.001"/>
  <testcase name="testWithers966" classname="org.joda.time.TestLocalTime_Basics" time="0"/>
  <testcase name="testMinusSeconds_int983" classname="org.joda.time.TestLocalTime_Basics" time="0"/>
  <testcase name="testMinusMillis_int984" classname="org.joda.time.TestLocalTime_Basics" time="0.001"/>
  <testcase name="testToDateTimeToday_nullZone987" classname="org.joda.time.TestLocalTime_Basics" time="0"/>
  <testcase name="testToString_String988" classname="org.joda.time.TestLocalTime_Basics" time="0.001"/>
  <testcase name="testToString_String_Locale989" classname="org.joda.time.TestLocalTime_Basics" time="0"/>
  <testcase name="testWithFieldAdded_DurationFieldType_int_8996" classname="org.joda.time.TestLocalTime_Basics" time="0.001"/>
  <testcase name="testIsSupported_DurationFieldType997" classname="org.joda.time.TestLocalTime_Basics" time="0"/>
  <testcase name="testGet_DateTimeFieldType970" classname="org.joda.time.TestLocalTime_Basics" time="0.001"/>
  <testcase name="testEqualsHashCode973" classname="org.joda.time.TestLocalTime_Basics" time="0.002"/>
  <testcase name="testWithFieldAdded_DurationFieldType_int_1977" classname="org.joda.time.TestLocalTime_Basics" time="0"/>
  <testcase name="testWithFieldAdded_DurationFieldType_int_4978" classname="org.joda.time.TestLocalTime_Basics" time="0"/>
  <testcase name="testPlusHours_int979" classname="org.joda.time.TestLocalTime_Basics" time="0.001"/>
  <testcase name="testPlusSeconds_int980" classname="org.joda.time.TestLocalTime_Basics" time="0"/>
  <testcase name="testMinusMinutes_int982" classname="org.joda.time.TestLocalTime_Basics" time="0.001"/>
  <testcase name="testWithField_DateTimeFieldType_int_2974" classname="org.joda.time.TestLocalTime_Basics" time="0"/>
  <testcase name="testWithField_DateTimeFieldType_int_3975" classname="org.joda.time.TestLocalTime_Basics" time="0"/>
  <testcase name="testIsEqual_LocalTime18" classname="org.joda.time.TestLocalTime_Basics" time="0.001"/>
  <testcase name="testGetValue_int969" classname="org.joda.time.TestLocalTime_Basics" time="0"/>
  <testcase name="testPlus_RP134" classname="org.joda.time.TestLocalTime_Basics" time="0"/>
  <testcase name="testWithFieldAdded_DurationFieldType_int_3976" classname="org.joda.time.TestLocalTime_Basics" time="0.001"/>
  <testcase name="testProperty972" classname="org.joda.time.TestLocalTime_Basics" time="0.001"/>
  <testcase name="testToString_DTFormatter19" classname="org.joda.time.TestLocalTime_Basics" time="0"/>
  <testcase name="testPlusMinutes_int422" classname="org.joda.time.TestLocalTime_Basics" time="0.001"/>
  <testcase name="testIsSupported_DateTimeFieldType971" classname="org.joda.time.TestLocalTime_Basics" time="0"/>
  <testcase name="testMinus_RP981" classname="org.joda.time.TestLocalTime_Basics" time="0"/>
  <testcase name="testPropertyGetMinute990" classname="org.joda.time.TestLocalTime_Properties" time="0.001"/>
  <testcase name="testPropertyPlusHour991" classname="org.joda.time.TestLocalTime_Properties" time="0"/>
  <testcase name="testPropertyPlusNoWrapMinute992" classname="org.joda.time.TestLocalTime_Properties" time="0"/>
  <testcase name="testPropertySetSecond994" classname="org.joda.time.TestLocalTime_Properties" time="0.001"/>
  <testcase name="testPropertyRoundHour995" classname="org.joda.time.TestLocalTime_Properties" time="0"/>
  <testcase name="testPropertyGetHour985" classname="org.joda.time.TestLocalTime_Properties" time="0.001"/>
  <testcase name="testPropertySetTextSecond986" classname="org.joda.time.TestLocalTime_Properties" time="0"/>
  <testcase name="testPropertyPlusWrapFieldMinute993" classname="org.joda.time.TestLocalTime_Properties" time="0"/>
  <testcase name="testConstructor_Object_Chronology1800" classname="org.joda.time.TestMutableInterval_Constructors" time="0.001"/>
  <testcase name="testConstructor_RI_RI1795" classname="org.joda.time.TestMutableInterval_Constructors" time="0"/>
  <testcase name="testConstructor_RI_RD4797" classname="org.joda.time.TestMutableInterval_Constructors" time="0.001"/>
  <testcase name="testConstructor_RP_RI5798" classname="org.joda.time.TestMutableInterval_Constructors" time="0"/>
  <testcase name="testConstructor_Object6801" classname="org.joda.time.TestMutableInterval_Constructors" time="0.001"/>
  <testcase name="testParse_noFormatter1120" classname="org.joda.time.TestMutableInterval_Constructors" time="0.001"/>
  <testcase name="testConstructor1416" classname="org.joda.time.TestMutableInterval_Constructors" time="0.001"/>
  <testcase name="testConstructor_RI_RD11417" classname="org.joda.time.TestMutableInterval_Constructors" time="0"/>
  <testcase name="testConstructor_RD_RI11418" classname="org.joda.time.TestMutableInterval_Constructors" time="0.001"/>
  <testcase name="testConstructor_Object21419" classname="org.joda.time.TestMutableInterval_Constructors" time="0"/>
  <testcase name="testConstructor_RI_RP3435" classname="org.joda.time.TestMutableInterval_Constructors" time="0.001"/>
  <testcase name="testCopy1430" classname="org.joda.time.TestMutableInterval_Basics" time="0"/>
  <testcase name="testToMutableInterval11172" classname="org.joda.time.TestMutableInterval_Basics" time="0.001"/>
  <testcase name="testOverlaps_RInterval1166" classname="org.joda.time.TestMutableInterval_Basics" time="0"/>
  <testcase name="testIsBefore_RI1167" classname="org.joda.time.TestMutableInterval_Basics" time="0.001"/>
  <testcase name="testIsBefore_RInterval1169" classname="org.joda.time.TestMutableInterval_Basics" time="0"/>
  <testcase name="testSeDurationAfterStart_RI21163" classname="org.joda.time.TestMutableInterval_Updates" time="0.001"/>
  <testcase name="testSetInterval_RInterval11420" classname="org.joda.time.TestMutableInterval_Updates" time="0"/>
  <testcase name="testSetPeriodAfterStart_RI31427" classname="org.joda.time.TestMutableInterval_Updates" time="0.001"/>
  <testcase name="testSetPeriodAfterStart_RI11428" classname="org.joda.time.TestMutableInterval_Updates" time="0"/>
  <testcase name="testSetPeriodBeforeEnd_RI31429" classname="org.joda.time.TestMutableInterval_Updates" time="0.001"/>
  <testcase name="testSetDurationBeforeEnd_long11426" classname="org.joda.time.TestMutableInterval_Updates" time="0"/>
  <testcase name="testSetDurationAfterStart_long11425" classname="org.joda.time.TestMutableInterval_Updates" time="0"/>
  <testcase name="testSetInterval_RInterval31421" classname="org.joda.time.TestMutableInterval_Updates" time="0.001"/>
  <testcase name="testSetDurationBeforeEnd_RI31422" classname="org.joda.time.TestMutableInterval_Updates" time="0"/>
  <testcase name="testSetStart_RI11423" classname="org.joda.time.TestMutableInterval_Updates" time="0"/>
  <testcase name="testSetEnd_RI31424" classname="org.joda.time.TestMutableInterval_Updates" time="0.001"/>
  <testcase name="testSetInterval_RI_RI3803" classname="org.joda.time.TestMutableInterval_Updates" time="0"/>
  <testcase name="testConstructor_trickyDifferences_LD_LD_toFeb_endOfMonth1441" classname="org.joda.time.TestPeriod_Constructors" time="0.001"/>
  <testcase name="testConstructor_Object_PeriodType3758" classname="org.joda.time.TestPeriod_Constructors" time="0"/>
  <testcase name="testConstructor_Object3766" classname="org.joda.time.TestPeriod_Constructors" time="0.001"/>
  <testcase name="testConstructor_RP_RP_PeriodType8825" classname="org.joda.time.TestPeriod_Constructors" time="0.003"/>
  <testcase name="testConstructor_RP_RP4826" classname="org.joda.time.TestPeriod_Constructors" time="0"/>
  <testcase name="testConstructor_trickyDifferences_LD_LD_toFeb_exactMonths440" classname="org.joda.time.TestPeriod_Constructors" time="0.001"/>
  <testcase name="testConstructor_long_PeriodType_Chronology473" classname="org.joda.time.TestPeriod_Constructors" time="0"/>
  <testcase name="testConstructor_trickyDifferences_RI_RI_toFeb_exactMonths75" classname="org.joda.time.TestPeriod_Constructors" time="0.001"/>
  <testcase name="testFactoryFieldDifference567" classname="org.joda.time.TestPeriod_Constructors" time="0"/>
  <testcase name="testConstructor_RD_RI_PeriodType182" classname="org.joda.time.TestPeriod_Constructors" time="0"/>
  <testcase name="testFactoryFieldDifference464" classname="org.joda.time.TestPeriod_Constructors" time="0.001"/>
  <testcase name="testFactoryFieldDifference265" classname="org.joda.time.TestPeriod_Constructors" time="0"/>
  <testcase name="testFactoryFieldDifference168" classname="org.joda.time.TestPeriod_Constructors" time="0.001"/>
  <testcase name="testConstructor169" classname="org.joda.time.TestPeriod_Constructors" time="0"/>
  <testcase name="testConstructor_RP_RP277" classname="org.joda.time.TestPeriod_Constructors" time="0"/>
  <testcase name="testConstructor_RI_RD279" classname="org.joda.time.TestPeriod_Constructors" time="0.001"/>
  <testcase name="testConstructor_RD_RI281" classname="org.joda.time.TestPeriod_Constructors" time="0"/>
  <testcase name="testConstructor_Object_PeriodType183" classname="org.joda.time.TestPeriod_Constructors" time="0.001"/>
  <testcase name="testConstructor_RI_RI4439" classname="org.joda.time.TestPeriod_Constructors" time="0"/>
  <testcase name="testConstructor_RP_RP_PeriodType278" classname="org.joda.time.TestPeriod_Constructors" time="0.001"/>
  <testcase name="testConstructor_RP_RP_PeriodType6827" classname="org.joda.time.TestPeriod_Constructors" time="0"/>
  <testcase name="testConstructor_Object_PeriodType2831" classname="org.joda.time.TestPeriod_Constructors" time="0.001"/>
  <testcase name="testFactoryFieldDifference366" classname="org.joda.time.TestPeriod_Constructors" time="0"/>
  <testcase name="testNormalizedStandard_yearMonth193" classname="org.joda.time.TestPeriod_Basics" time="0.001"/>
  <testcase name="testWithFieldAdded291" classname="org.joda.time.TestPeriod_Basics" time="0"/>
  <testcase name="testPlusFields63" classname="org.joda.time.TestPeriod_Basics" time="0.001"/>
  <testcase name="testNormalizedStandard_periodType_yearMonth3105" classname="org.joda.time.TestPeriod_Basics" time="0.001"/>
  <testcase name="testToPeriod86" classname="org.joda.time.TestPeriod_Basics" time="0"/>
  <testcase name="testWith94" classname="org.joda.time.TestPeriod_Basics" time="0.001"/>
  <testcase name="testGetPeriodType72" classname="org.joda.time.TestPeriod_Basics" time="0"/>
  <testcase name="testPlus96" classname="org.joda.time.TestPeriod_Basics" time="0.002"/>
  <testcase name="testMinusFields98" classname="org.joda.time.TestPeriod_Basics" time="0.001"/>
  <testcase name="testToStandardWeeks_years100" classname="org.joda.time.TestPeriod_Basics" time="0.002"/>
  <testcase name="testToStandardHours_years101" classname="org.joda.time.TestPeriod_Basics" time="0"/>
  <testcase name="testToStandardMinutes_years102" classname="org.joda.time.TestPeriod_Basics" time="0.001"/>
  <testcase name="testToStandardSeconds_months103" classname="org.joda.time.TestPeriod_Basics" time="0"/>
  <testcase name="testToStandardDuration_months104" classname="org.joda.time.TestPeriod_Basics" time="0"/>
  <testcase name="testToDurationTo234" classname="org.joda.time.TestPeriod_Basics" time="0.001"/>
  <testcase name="testToStandardSeconds453" classname="org.joda.time.TestPeriod_Basics" time="0"/>
  <testcase name="testToStandardWeeks534" classname="org.joda.time.TestPeriod_Basics" time="0.002"/>
  <testcase name="testTypeIndexMethods1175" classname="org.joda.time.TestPeriod_Basics" time="0"/>
  <testcase name="testIsSupported1176" classname="org.joda.time.TestPeriod_Basics" time="0"/>
  <testcase name="testEqualsHashCode1178" classname="org.joda.time.TestPeriod_Basics" time="0.001"/>
  <testcase name="testToString_PeriodFormatter1179" classname="org.joda.time.TestPeriod_Basics" time="0.005"/>
  <testcase name="testToMutablePeriod1189" classname="org.joda.time.TestPeriod_Basics" time="0"/>
  <testcase name="testWithFieldAdded192" classname="org.joda.time.TestPeriod_Basics" time="0"/>
  <testcase name="testWithField290" classname="org.joda.time.TestPeriod_Basics" time="0.001"/>
  <testcase name="testWithPeriodType187" classname="org.joda.time.TestPeriod_Basics" time="0"/>
  <testcase name="testNegated99" classname="org.joda.time.TestPeriod_Basics" time="0.001"/>
  <testcase name="testMinus97" classname="org.joda.time.TestPeriod_Basics" time="0"/>
  <testcase name="testWithField489" classname="org.joda.time.TestPeriod_Basics" time="0.001"/>
  <testcase name="testWithFields188" classname="org.joda.time.TestPeriod_Basics" time="0"/>
  <testcase name="testConstructor_RI_RD_PeriodType1828" classname="org.joda.time.TestMutablePeriod_Constructors" time="0.001"/>
  <testcase name="testConstructor_long_Chronology21184" classname="org.joda.time.TestMutablePeriod_Constructors" time="0"/>
  <testcase name="testConstructor_RI_RI5824" classname="org.joda.time.TestMutablePeriod_Constructors" time="0.001"/>
  <testcase name="testConstructor_RI_RI31188" classname="org.joda.time.TestMutablePeriod_Constructors" time="0"/>
  <testcase name="testConstructor_Object_PeriodType41190" classname="org.joda.time.TestMutablePeriod_Constructors" time="0.001"/>
  <testcase name="testConstructor_long_long_PeriodType_Chronology11187" classname="org.joda.time.TestMutablePeriod_Constructors" time="0"/>
  <testcase name="testConstructor_long_long_Chronology1295" classname="org.joda.time.TestMutablePeriod_Constructors" time="0.001"/>
  <testcase name="testParse_noFormatter1177" classname="org.joda.time.TestMutablePeriod_Constructors" time="0"/>
  <testcase name="testConstructor_4int11181" classname="org.joda.time.TestMutablePeriod_Constructors" time="0.001"/>
  <testcase name="testConstructor_long_PeriodType_Chronology21185" classname="org.joda.time.TestMutablePeriod_Constructors" time="0"/>
  <testcase name="testConstructor_long_long_PeriodType21186" classname="org.joda.time.TestMutablePeriod_Constructors" time="0"/>
  <testcase name="testConstructor_long_long1502" classname="org.joda.time.TestMutablePeriod_Constructors" time="0.001"/>
  <testcase name="testToDurationFrom829" classname="org.joda.time.TestMutablePeriod_Basics" time="0"/>
  <testcase name="testCopy1208" classname="org.joda.time.TestMutablePeriod_Basics" time="0.001"/>
  <testcase name="testToPeriod1191" classname="org.joda.time.TestMutablePeriod_Basics" time="0"/>
  <testcase name="testClear1192" classname="org.joda.time.TestMutablePeriod_Updates" time="0"/>
  <testcase name="testSetWeeks833" classname="org.joda.time.TestMutablePeriod_Updates" time="0.001"/>
  <testcase name="testAddSeconds1207" classname="org.joda.time.TestMutablePeriod_Updates" time="0"/>
  <testcase name="testAdd_RD31199" classname="org.joda.time.TestMutablePeriod_Updates" time="0.001"/>
  <testcase name="testAddHours1205" classname="org.joda.time.TestMutablePeriod_Updates" time="0"/>
  <testcase name="testSetPeriod_long1945" classname="org.joda.time.TestMutablePeriod_Updates" time="0"/>
  <testcase name="testSetPeriod_long21180" classname="org.joda.time.TestMutablePeriod_Updates" time="0.001"/>
  <testcase name="testSetPeriod_8ints21183" classname="org.joda.time.TestMutablePeriod_Updates" time="0"/>
  <testcase name="testSetPeriod_RInterval11193" classname="org.joda.time.TestMutablePeriod_Updates" time="0.001"/>
  <testcase name="testSetPeriod_RInterval21194" classname="org.joda.time.TestMutablePeriod_Updates" time="0"/>
  <testcase name="testSetPeriod_RI_RI31195" classname="org.joda.time.TestMutablePeriod_Updates" time="0"/>
  <testcase name="testAdd_Field1197" classname="org.joda.time.TestMutablePeriod_Updates" time="0.001"/>
  <testcase name="testAdd_8ints11198" classname="org.joda.time.TestMutablePeriod_Updates" time="0"/>
  <testcase name="testAdd_long11200" classname="org.joda.time.TestMutablePeriod_Updates" time="0.001"/>
  <testcase name="testAdd_long_Chronology11201" classname="org.joda.time.TestMutablePeriod_Updates" time="0"/>
  <testcase name="testMergePeriod_RP51202" classname="org.joda.time.TestMutablePeriod_Updates" time="0"/>
  <testcase name="testAddMinutes1206" classname="org.joda.time.TestMutablePeriod_Updates" time="0"/>
  <testcase name="testSetPeriod_8ints1832" classname="org.joda.time.TestMutablePeriod_Updates" time="0"/>
  <testcase name="testMergePeriod_RP3835" classname="org.joda.time.TestMutablePeriod_Updates" time="0"/>
  <testcase name="testAdd_RP4836" classname="org.joda.time.TestMutablePeriod_Updates" time="0.001"/>
  <testcase name="testSetPeriod_RD31196" classname="org.joda.time.TestMutablePeriod_Updates" time="0"/>
  <testcase name="testSetHours1182" classname="org.joda.time.TestMutablePeriod_Updates" time="0"/>
  <testcase name="testAddDays834" classname="org.joda.time.TestMutablePeriod_Updates" time="0.001"/>
  <testcase name="testAddYears1203" classname="org.joda.time.TestMutablePeriod_Updates" time="0"/>
  <testcase name="testEqualsHashCode498" classname="org.joda.time.TestBaseSingleFieldPeriod" time="0.001"/>
  <testcase name="testFieldTypeIndexMethods494" classname="org.joda.time.TestBaseSingleFieldPeriod" time="0.001"/>
  <testcase name="testGetSetValue493" classname="org.joda.time.TestBaseSingleFieldPeriod" time="0"/>
  <testcase name="testFactory_standardPeriodIn_RPeriod491" classname="org.joda.time.TestBaseSingleFieldPeriod" time="0.001"/>
  <testcase name="testGet492" classname="org.joda.time.TestBaseSingleFieldPeriod" time="0"/>
  <testcase name="testToPeriod497" classname="org.joda.time.TestBaseSingleFieldPeriod" time="0"/>
  <testcase name="testFactory_between_RInstant489" classname="org.joda.time.TestBaseSingleFieldPeriod" time="0.001"/>
  <testcase name="testFactory_between_RPartial490" classname="org.joda.time.TestBaseSingleFieldPeriod" time="0"/>
  <testcase name="testToMutablePeriod495" classname="org.joda.time.TestBaseSingleFieldPeriod" time="0.001"/>
  <testcase name="testIsSupported496" classname="org.joda.time.TestBaseSingleFieldPeriod" time="0"/>
  <testcase name="testMinus_int682" classname="org.joda.time.TestYears" time="0"/>
  <testcase name="testFactory_yearsBetween_RPartial675" classname="org.joda.time.TestYears" time="0.001"/>
  <testcase name="testToString672" classname="org.joda.time.TestYears" time="0"/>
  <testcase name="testSerialization678" classname="org.joda.time.TestYears" time="0.001"/>
  <testcase name="testNegated685" classname="org.joda.time.TestYears" time="0"/>
  <testcase name="testFactory_years_int674" classname="org.joda.time.TestYears" time="0.001"/>
  <testcase name="testFactory_yearsIn_RInterval676" classname="org.joda.time.TestYears" time="0"/>
  <testcase name="testFactory_yearsBetween_RInstant673" classname="org.joda.time.TestYears" time="0.001"/>
  <testcase name="testGetPeriodType680" classname="org.joda.time.TestYears" time="0"/>
  <testcase name="testPlus_Years681" classname="org.joda.time.TestYears" time="0.001"/>
  <testcase name="testMinus_Years683" classname="org.joda.time.TestYears" time="0"/>
  <testcase name="testDividedBy_int684" classname="org.joda.time.TestYears" time="0"/>
  <testcase name="testIsGreaterThan686" classname="org.joda.time.TestYears" time="0.001"/>
  <testcase name="testIsLessThan687" classname="org.joda.time.TestYears" time="0"/>
  <testcase name="testGetFieldType679" classname="org.joda.time.TestYears" time="0.001"/>
  <testcase name="testMinus_Months304" classname="org.joda.time.TestMonths" time="0.002"/>
  <testcase name="testFactory_monthsIn_RInterval307" classname="org.joda.time.TestMonths" time="0.001"/>
  <testcase name="testIsLessThan316" classname="org.joda.time.TestMonths" time="0"/>
  <testcase name="testFactory_parseMonths_String181" classname="org.joda.time.TestMonths" time="0.001"/>
  <testcase name="testToString317" classname="org.joda.time.TestMonths" time="0"/>
  <testcase name="testNegated314" classname="org.joda.time.TestMonths" time="0.001"/>
  <testcase name="testFactory_monthsBetween_RPartial_YearMonth309" classname="org.joda.time.TestMonths" time="0.002"/>
  <testcase name="testFactory_monthsBetween_RPartial_LocalDate310" classname="org.joda.time.TestMonths" time="0.001"/>
  <testcase name="testFactory_months_int305" classname="org.joda.time.TestMonths" time="0"/>
  <testcase name="testPlus_Months306" classname="org.joda.time.TestMonths" time="0"/>
  <testcase name="testFactory_monthsBetween_RInstant308" classname="org.joda.time.TestMonths" time="0.001"/>
  <testcase name="testDividedBy_int313" classname="org.joda.time.TestMonths" time="0"/>
  <testcase name="testIsGreaterThan315" classname="org.joda.time.TestMonths" time="0"/>
  <testcase name="testSerialization311" classname="org.joda.time.TestMonths" time="0.001"/>
  <testcase name="testMultipliedBy_int312" classname="org.joda.time.TestMonths" time="0.001"/>
  <testcase name="testFactory_parseWeeks_String533" classname="org.joda.time.TestWeeks" time="0.001"/>
  <testcase name="testMinus_Weeks546" classname="org.joda.time.TestWeeks" time="0"/>
  <testcase name="testPlus_Weeks545" classname="org.joda.time.TestWeeks" time="0"/>
  <testcase name="testToStandardHours542" classname="org.joda.time.TestWeeks" time="0.001"/>
  <testcase name="testToStandardMinutes543" classname="org.joda.time.TestWeeks" time="0"/>
  <testcase name="testToStandardDays541" classname="org.joda.time.TestWeeks" time="0"/>
  <testcase name="testSerialization539" classname="org.joda.time.TestWeeks" time="0.001"/>
  <testcase name="testAddToLocalDate540" classname="org.joda.time.TestWeeks" time="0.001"/>
  <testcase name="testFactory_weeks_int535" classname="org.joda.time.TestWeeks" time="0"/>
  <testcase name="testFactory_weeksBetween_RInstant532" classname="org.joda.time.TestWeeks" time="0"/>
  <testcase name="testFactory_standardWeeksIn_RPeriod538" classname="org.joda.time.TestWeeks" time="0.001"/>
  <testcase name="testDividedBy_int547" classname="org.joda.time.TestWeeks" time="0"/>
  <testcase name="testIsGreaterThan549" classname="org.joda.time.TestWeeks" time="0"/>
  <testcase name="testIsLessThan550" classname="org.joda.time.TestWeeks" time="0.001"/>
  <testcase name="testFactory_weeksIn_RInterval537" classname="org.joda.time.TestWeeks" time="0"/>
  <testcase name="testNegated548" classname="org.joda.time.TestWeeks" time="0"/>
  <testcase name="testMinus_int544" classname="org.joda.time.TestWeeks" time="0.001"/>
  <testcase name="testFactory_weeksBetween_RPartial536" classname="org.joda.time.TestWeeks" time="0"/>
  <testcase name="testPlus_Days1247" classname="org.joda.time.TestDays" time="0"/>
  <testcase name="testMinus_Days1248" classname="org.joda.time.TestDays" time="0.001"/>
  <testcase name="testConstants1246" classname="org.joda.time.TestDays" time="0"/>
  <testcase name="testToStandardMinutes1244" classname="org.joda.time.TestDays" time="0.001"/>
  <testcase name="testToStandardDuration1245" classname="org.joda.time.TestDays" time="0"/>
  <testcase name="testToStandardHours1243" classname="org.joda.time.TestDays" time="0"/>
  <testcase name="testFactory_parseDays_String1241" classname="org.joda.time.TestDays" time="0.001"/>
  <testcase name="testToStandardWeeks1242" classname="org.joda.time.TestDays" time="0"/>
  <testcase name="testFactory_standardDaysIn_RPeriod1240" classname="org.joda.time.TestDays" time="0.001"/>
  <testcase name="testMultipliedBy_int1249" classname="org.joda.time.TestDays" time="0"/>
  <testcase name="testIsGreaterThan1251" classname="org.joda.time.TestDays" time="0"/>
  <testcase name="testIsLessThan1252" classname="org.joda.time.TestDays" time="0.001"/>
  <testcase name="testFactory_days_int1237" classname="org.joda.time.TestDays" time="0"/>
  <testcase name="testNegated1250" classname="org.joda.time.TestDays" time="0"/>
  <testcase name="testFactory_daysBetween_RInstant1238" classname="org.joda.time.TestDays" time="0"/>
  <testcase name="testFactory_daysIn_RInterval1239" classname="org.joda.time.TestDays" time="0.001"/>
  <testcase name="testGetMethods1235" classname="org.joda.time.TestDays" time="0"/>
  <testcase name="testSerialization1236" classname="org.joda.time.TestDays" time="0.001"/>
  <testcase name="testFactory_parseHours_String1082" classname="org.joda.time.TestHours" time="0.001"/>
  <testcase name="testFactory_hoursBetween_RPartial1079" classname="org.joda.time.TestHours" time="0"/>
  <testcase name="testMinus_Hours1090" classname="org.joda.time.TestHours" time="0.001"/>
  <testcase name="testPlus_Hours1088" classname="org.joda.time.TestHours" time="0"/>
  <testcase name="testMinus_int1089" classname="org.joda.time.TestHours" time="0"/>
  <testcase name="testToStandardDuration1086" classname="org.joda.time.TestHours" time="0"/>
  <testcase name="testToStandardMinutes1085" classname="org.joda.time.TestHours" time="0.001"/>
  <testcase name="testSerialization1083" classname="org.joda.time.TestHours" time="0.001"/>
  <testcase name="testToStandardDays1084" classname="org.joda.time.TestHours" time="0"/>
  <testcase name="testNegated1091" classname="org.joda.time.TestHours" time="0"/>
  <testcase name="testPlus_int1087" classname="org.joda.time.TestHours" time="0"/>
  <testcase name="testFactory_hoursBetween_RInstant1078" classname="org.joda.time.TestHours" time="0.001"/>
  <testcase name="testFactory_hoursIn_RInterval1080" classname="org.joda.time.TestHours" time="0.001"/>
  <testcase name="testToString1094" classname="org.joda.time.TestHours" time="0"/>
  <testcase name="testMultipliedBy_int449" classname="org.joda.time.TestHours" time="0"/>
  <testcase name="testFactory_hours_int1077" classname="org.joda.time.TestHours" time="0"/>
  <testcase name="testIsGreaterThan1092" classname="org.joda.time.TestHours" time="0.001"/>
  <testcase name="testIsLessThan1093" classname="org.joda.time.TestHours" time="0"/>
  <testcase name="testFactory_standardMinutesIn_RPeriod896" classname="org.joda.time.TestMinutes" time="0.001"/>
  <testcase name="testMinus_int902" classname="org.joda.time.TestMinutes" time="0"/>
  <testcase name="testFactory_parseMinutes_String891" classname="org.joda.time.TestMinutes" time="0.001"/>
  <testcase name="testFactory_minutesBetween_RPartial895" classname="org.joda.time.TestMinutes" time="0"/>
  <testcase name="testIsLessThan890" classname="org.joda.time.TestMinutes" time="0"/>
  <testcase name="testMinus_Minutes892" classname="org.joda.time.TestMinutes" time="0.001"/>
  <testcase name="testToStandardDays899" classname="org.joda.time.TestMinutes" time="0"/>
  <testcase name="testToStandardHours900" classname="org.joda.time.TestMinutes" time="0"/>
  <testcase name="testToStandardSeconds901" classname="org.joda.time.TestMinutes" time="0"/>
  <testcase name="testPlus_Minutes903" classname="org.joda.time.TestMinutes" time="0.001"/>
  <testcase name="testMultipliedBy_int904" classname="org.joda.time.TestMinutes" time="0"/>
  <testcase name="testIsGreaterThan905" classname="org.joda.time.TestMinutes" time="0"/>
  <testcase name="testSerialization897" classname="org.joda.time.TestMinutes" time="0.001"/>
  <testcase name="testToStandardWeeks898" classname="org.joda.time.TestMinutes" time="0"/>
  <testcase name="testFactory_minutesBetween_RInstant894" classname="org.joda.time.TestMinutes" time="0.001"/>
  <testcase name="testFactory_minutes_int893" classname="org.joda.time.TestMinutes" time="0"/>
  <testcase name="testFactory_parseSeconds_String507" classname="org.joda.time.TestSeconds" time="0.001"/>
  <testcase name="testIsLessThan519" classname="org.joda.time.TestSeconds" time="0.001"/>
  <testcase name="testMinus_Seconds514" classname="org.joda.time.TestSeconds" time="0"/>
  <testcase name="testToStandardDuration512" classname="org.joda.time.TestSeconds" time="0.001"/>
  <testcase name="testPlus_Seconds513" classname="org.joda.time.TestSeconds" time="0"/>
  <testcase name="testToStandardHours511" classname="org.joda.time.TestSeconds" time="0"/>
  <testcase name="testAddToLocalDate508" classname="org.joda.time.TestSeconds" time="0.001"/>
  <testcase name="testNegated517" classname="org.joda.time.TestSeconds" time="0"/>
  <testcase name="testPlus_int504" classname="org.joda.time.TestSeconds" time="0.001"/>
  <testcase name="testFactory_secondsBetween_RPartial506" classname="org.joda.time.TestSeconds" time="0"/>
  <testcase name="testToStandardWeeks509" classname="org.joda.time.TestSeconds" time="0.001"/>
  <testcase name="testToStandardMinutes505" classname="org.joda.time.TestSeconds" time="0"/>
  <testcase name="testSerialization503" classname="org.joda.time.TestSeconds" time="0.001"/>
  <testcase name="testIsGreaterThan518" classname="org.joda.time.TestSeconds" time="0.001"/>
  <testcase name="testToStandardDays510" classname="org.joda.time.TestSeconds" time="0"/>
  <testcase name="testMultipliedBy_int515" classname="org.joda.time.TestSeconds" time="0"/>
  <testcase name="testDividedBy_int516" classname="org.joda.time.TestSeconds" time="0.001"/>
  <testcase name="testToString_String1470" classname="org.joda.time.TestTimeOfDay_Basics" time="0"/>
  <testcase name="testSerialization483" classname="org.joda.time.TestTimeOfDay_Basics" time="0.012"/>
  <testcase name="testMinusMillis_int386" classname="org.joda.time.TestTimeOfDay_Basics" time="0"/>
  <testcase name="testGetField1134" classname="org.joda.time.TestTimeOfDay_Basics" time="0.001"/>
  <testcase name="testMinus_RP1147" classname="org.joda.time.TestTimeOfDay_Basics" time="0"/>
  <testcase name="testToString1158" classname="org.joda.time.TestTimeOfDay_Basics" time="0.001"/>
  <testcase name="testToDateTime_RI12" classname="org.joda.time.TestTimeOfDay_Basics" time="0"/>
  <testcase name="testProperty1151" classname="org.joda.time.TestTimeOfDay_Basics" time="0.001"/>
  <testcase name="testWithFieldAdded311" classname="org.joda.time.TestTimeOfDay_Basics" time="0.001"/>
  <testcase name="testWithChronologyRetainFields_Chrono1142" classname="org.joda.time.TestTimeOfDay_Basics" time="0"/>
  <testcase name="testMinusSeconds_int1146" classname="org.joda.time.TestTimeOfDay_Basics" time="0.001"/>
  <testcase name="testWithField11145" classname="org.joda.time.TestTimeOfDay_Basics" time="0"/>
  <testcase name="testGetFieldTypes1143" classname="org.joda.time.TestTimeOfDay_Basics" time="0.001"/>
  <testcase name="testWithField31144" classname="org.joda.time.TestTimeOfDay_Basics" time="0"/>
  <testcase name="testMinusMinutes_int1150" classname="org.joda.time.TestTimeOfDay_Basics" time="0.001"/>
  <testcase name="testToLocalTime1152" classname="org.joda.time.TestTimeOfDay_Basics" time="0"/>
  <testcase name="testToDateTimeToday1153" classname="org.joda.time.TestTimeOfDay_Basics" time="0.001"/>
  <testcase name="testWithers1154" classname="org.joda.time.TestTimeOfDay_Basics" time="0"/>
  <testcase name="testPlusSeconds_int1148" classname="org.joda.time.TestTimeOfDay_Basics" time="0.001"/>
  <testcase name="testPlusMillis_int1149" classname="org.joda.time.TestTimeOfDay_Basics" time="0"/>
  <testcase name="testFactory_FromDateFields_null1131" classname="org.joda.time.TestTimeOfDay_Constructors" time="0.001"/>
  <testcase name="testConstructor_ObjectString21125" classname="org.joda.time.TestTimeOfDay_Constructors" time="0.008"/>
  <testcase name="testConstructor2_Object_Chronology1126" classname="org.joda.time.TestTimeOfDay_Constructors" time="0.001"/>
  <testcase name="testFactory_FromDateFields_after19701130" classname="org.joda.time.TestTimeOfDay_Constructors" time="0.001"/>
  <testcase name="testFactoryMillisOfDay_long11132" classname="org.joda.time.TestTimeOfDay_Constructors" time="0"/>
  <testcase name="testConstructor1133" classname="org.joda.time.TestTimeOfDay_Constructors" time="0"/>
  <testcase name="testConstructor_long2_Chronology1136" classname="org.joda.time.TestTimeOfDay_Constructors" time="0.001"/>
  <testcase name="testConstructor_ObjectString11137" classname="org.joda.time.TestTimeOfDay_Constructors" time="0"/>
  <testcase name="testConstructor_int_int1138" classname="org.joda.time.TestTimeOfDay_Constructors" time="0.001"/>
  <testcase name="testConstructor_int_int_int1139" classname="org.joda.time.TestTimeOfDay_Constructors" time="0"/>
  <testcase name="testConstructor_int_int_int_nullChronology1140" classname="org.joda.time.TestTimeOfDay_Constructors" time="0.001"/>
  <testcase name="testPropertyGetMaxMinValuesSecond1156" classname="org.joda.time.TestTimeOfDay_Properties" time="0"/>
  <testcase name="testPropertyWithMaximumValueHour1161" classname="org.joda.time.TestTimeOfDay_Properties" time="0"/>
  <testcase name="testPropertyAddHour387" classname="org.joda.time.TestTimeOfDay_Properties" time="0.001"/>
  <testcase name="testPropertyWithMinimumValueHour1162" classname="org.joda.time.TestTimeOfDay_Properties" time="0"/>
  <testcase name="testPropertyAddNoWrapMilli1159" classname="org.joda.time.TestTimeOfDay_Properties" time="0.218"/>
  <testcase name="testPropertyAddWrapFieldHour1160" classname="org.joda.time.TestTimeOfDay_Properties" time="0"/>
  <testcase name="testPropertySetMilli1157" classname="org.joda.time.TestTimeOfDay_Properties" time="0"/>
  <testcase name="testPropertySetTextHour1155" classname="org.joda.time.TestTimeOfDay_Properties" time="0.001"/>
  <testcase name="testPropertySetMinute1141" classname="org.joda.time.TestTimeOfDay_Properties" time="0"/>
  <testcase name="testPropertyGetMinute424" classname="org.joda.time.TestTimeOfDay_Properties" time="0.001"/>
  <testcase name="testPropertyCompareToSecond1135" classname="org.joda.time.TestTimeOfDay_Properties" time="0"/>
  <testcase name="testToInterval47" classname="org.joda.time.TestYearMonthDay_Basics" time="0.001"/>
  <testcase name="testMinus_RP36" classname="org.joda.time.TestYearMonthDay_Basics" time="0.001"/>
  <testcase name="testWithers48" classname="org.joda.time.TestYearMonthDay_Basics" time="0"/>
  <testcase name="testGetField24" classname="org.joda.time.TestYearMonthDay_Basics" time="0"/>
  <testcase name="testProperty42" classname="org.joda.time.TestYearMonthDay_Basics" time="0.001"/>
  <testcase name="testMinusMonths_int35" classname="org.joda.time.TestYearMonthDay_Basics" time="0.001"/>
  <testcase name="testToString49" classname="org.joda.time.TestYearMonthDay_Basics" time="0"/>
  <testcase name="testWithField134" classname="org.joda.time.TestYearMonthDay_Basics" time="0.001"/>
  <testcase name="testToDateTimeAtMidnight_nullZone44" classname="org.joda.time.TestYearMonthDay_Basics" time="0"/>
  <testcase name="testWithField433" classname="org.joda.time.TestYearMonthDay_Basics" time="0.001"/>
  <testcase name="testEqualsHashCode13" classname="org.joda.time.TestYearMonthDay_Basics" time="0"/>
  <testcase name="testWithChronologyRetainFields_nullChrono30" classname="org.joda.time.TestYearMonthDay_Basics" time="0.001"/>
  <testcase name="testPlus_RP37" classname="org.joda.time.TestYearMonthDay_Basics" time="0.001"/>
  <testcase name="testGetFieldTypes31" classname="org.joda.time.TestYearMonthDay_Basics" time="0"/>
  <testcase name="testToDateTimeAtCurrentTime45" classname="org.joda.time.TestYearMonthDay_Basics" time="0.001"/>
  <testcase name="testToDateMidnight46" classname="org.joda.time.TestYearMonthDay_Basics" time="0"/>
  <testcase name="testToString_String_Locale1124" classname="org.joda.time.TestYearMonthDay_Basics" time="0.001"/>
  <testcase name="testCompareTo1414" classname="org.joda.time.TestYearMonthDay_Basics" time="0.001"/>
  <testcase name="testWithChronologyRetainFields_sameChrono32" classname="org.joda.time.TestYearMonthDay_Basics" time="0"/>
  <testcase name="testPlusYears_int38" classname="org.joda.time.TestYearMonthDay_Basics" time="0"/>
  <testcase name="testPlusMonths_int39" classname="org.joda.time.TestYearMonthDay_Basics" time="0"/>
  <testcase name="testMinusYears_int40" classname="org.joda.time.TestYearMonthDay_Basics" time="0"/>
  <testcase name="testMinusDays_int41" classname="org.joda.time.TestYearMonthDay_Basics" time="0.001"/>
  <testcase name="testToLocalDate43" classname="org.joda.time.TestYearMonthDay_Basics" time="0"/>
  <testcase name="testGet9" classname="org.joda.time.TestYearMonthDay_Basics" time="0.001"/>
  <testcase name="testConstructor_Object_Chronology28" classname="org.joda.time.TestYearMonthDay_Constructors" time="0"/>
  <testcase name="testFactory_FromCalendarFields20" classname="org.joda.time.TestYearMonthDay_Constructors" time="0.001"/>
  <testcase name="testFactory_FromDateFields21" classname="org.joda.time.TestYearMonthDay_Constructors" time="0"/>
  <testcase name="testConstructor_ObjectString327" classname="org.joda.time.TestYearMonthDay_Constructors" time="0.001"/>
  <testcase name="testConstructor_ObjectStringEx2143" classname="org.joda.time.TestYearMonthDay_Constructors" time="0"/>
  <testcase name="testConstructor_DateTimeZone23" classname="org.joda.time.TestYearMonthDay_Constructors" time="0.001"/>
  <testcase name="testPropertyCompareToYear25" classname="org.joda.time.TestYearMonthDay_Properties" time="0"/>
  <testcase name="testPropertySetMonth29" classname="org.joda.time.TestYearMonthDay_Properties" time="0.001"/>
  <testcase name="testPropertyAddYear50" classname="org.joda.time.TestYearMonthDay_Properties" time="0"/>
  <testcase name="testPropertyWithMinimumValueDayOfMonth53" classname="org.joda.time.TestYearMonthDay_Properties" time="0.001"/>
  <testcase name="testPropertyWithMaximumValueDayOfMonth52" classname="org.joda.time.TestYearMonthDay_Properties" time="0"/>
  <testcase name="testPropertyEqualsHashCodeStrict500" classname="org.joda.time.TestYearMonthDay_Properties" time="0.001"/>
  <testcase name="testPropertySetTextDay51" classname="org.joda.time.TestYearMonthDay_Properties" time="0"/>
  <testcase name="testSerialization354" classname="org.joda.time.TestYearMonth_Basics" time="0.002"/>
  <testcase name="testCompareTo15" classname="org.joda.time.TestYearMonth_Basics" time="0"/>
  <testcase name="testMinus_RP362" classname="org.joda.time.TestYearMonth_Basics" time="0"/>
  <testcase name="testGetFieldTypes356" classname="org.joda.time.TestYearMonth_Basics" time="0.001"/>
  <testcase name="testWithChronologyRetainFields_invalidInNewChrono353" classname="org.joda.time.TestYearMonth_Basics" time="0"/>
  <testcase name="testWithField_same359" classname="org.joda.time.TestYearMonth_Basics" time="0.001"/>
  <testcase name="testPlusYears_int361" classname="org.joda.time.TestYearMonth_Basics" time="0"/>
  <testcase name="testToInterval364" classname="org.joda.time.TestYearMonth_Basics" time="0.001"/>
  <testcase name="testMinusYears_int365" classname="org.joda.time.TestYearMonth_Basics" time="0"/>
  <testcase name="testMinusMonths_int366" classname="org.joda.time.TestYearMonth_Basics" time="0"/>
  <testcase name="testToString_String370" classname="org.joda.time.TestYearMonth_Basics" time="0.001"/>
  <testcase name="testToString_String_Locale371" classname="org.joda.time.TestYearMonth_Basics" time="0"/>
  <testcase name="testWithField360" classname="org.joda.time.TestYearMonth_Basics" time="0.001"/>
  <testcase name="testToString369" classname="org.joda.time.TestYearMonth_Basics" time="0"/>
  <testcase name="testGetField355" classname="org.joda.time.TestYearMonth_Basics" time="0"/>
  <testcase name="testProperty367" classname="org.joda.time.TestYearMonth_Basics" time="0.001"/>
  <testcase name="testWithChronologyRetainFields_nullChrono358" classname="org.joda.time.TestYearMonth_Basics" time="0"/>
  <testcase name="testWithChronologyRetainFields_sameChrono357" classname="org.joda.time.TestYearMonth_Basics" time="0.001"/>
  <testcase name="testPlus_RP363" classname="org.joda.time.TestYearMonth_Basics" time="0"/>
  <testcase name="testFactory_FromDateFields348" classname="org.joda.time.TestYearMonth_Constructors" time="0.001"/>
  <testcase name="testConstructor_int_int_Chronology1355" classname="org.joda.time.TestYearMonth_Constructors" time="0"/>
  <testcase name="testParse_noFormatter347" classname="org.joda.time.TestYearMonth_Constructors" time="0"/>
  <testcase name="testConstructor_DateTimeZone346" classname="org.joda.time.TestYearMonth_Constructors" time="0"/>
  <testcase name="testConstructor_nullChronology349" classname="org.joda.time.TestYearMonth_Constructors" time="0"/>
  <testcase name="testConstructor_long1_Chronology350" classname="org.joda.time.TestYearMonth_Constructors" time="0"/>
  <testcase name="testConstructor_Object351" classname="org.joda.time.TestYearMonth_Constructors" time="0.001"/>
  <testcase name="testPropertyCompareToMonth6" classname="org.joda.time.TestYearMonth_Properties" time="0"/>
  <testcase name="testPropertySetMonth352" classname="org.joda.time.TestYearMonth_Properties" time="0.001"/>
  <testcase name="testPropertySetTextYear368" classname="org.joda.time.TestYearMonth_Properties" time="0"/>
  <testcase name="testPropertyAddMonth373" classname="org.joda.time.TestYearMonth_Properties" time="0"/>
  <testcase name="testPropertyAddWrapFieldMonth374" classname="org.joda.time.TestYearMonth_Properties" time="0.001"/>
  <testcase name="testPropertyGetYear372" classname="org.joda.time.TestYearMonth_Properties" time="0"/>
  <testcase name="testPlus_RP1273" classname="org.joda.time.TestMonthDay_Basics" time="0.002"/>
  <testcase name="testWithField_same1268" classname="org.joda.time.TestMonthDay_Basics" time="0.001"/>
  <testcase name="testWithField1269" classname="org.joda.time.TestMonthDay_Basics" time="0"/>
  <testcase name="testPlusDays_same1271" classname="org.joda.time.TestMonthDay_Basics" time="0"/>
  <testcase name="testMinusMonths_int1274" classname="org.joda.time.TestMonthDay_Basics" time="0.001"/>
  <testcase name="testToString_String_Locale1276" classname="org.joda.time.TestMonthDay_Basics" time="0"/>
  <testcase name="testWithChronologyRetainFields_sameChrono1267" classname="org.joda.time.TestMonthDay_Basics" time="0.001"/>
  <testcase name="testMinus_RP1272" classname="org.joda.time.TestMonthDay_Basics" time="0"/>
  <testcase name="testPlusDays_int10" classname="org.joda.time.TestMonthDay_Basics" time="0"/>
  <testcase name="testEqualsHashCode459" classname="org.joda.time.TestMonthDay_Basics" time="0.001"/>
  <testcase name="testIsSupported1258" classname="org.joda.time.TestMonthDay_Basics" time="0.001"/>
  <testcase name="testSerialization1264" classname="org.joda.time.TestMonthDay_Basics" time="0.003"/>
  <testcase name="testGetFieldTypes1266" classname="org.joda.time.TestMonthDay_Basics" time="0"/>
  <testcase name="testWithFieldAdded_unknownField1270" classname="org.joda.time.TestMonthDay_Basics" time="0"/>
  <testcase name="testMinusDays_int_negativeFromLeap1275" classname="org.joda.time.TestMonthDay_Basics" time="0"/>
  <testcase name="testWithChronologyRetainFields_Chrono1263" classname="org.joda.time.TestMonthDay_Basics" time="0.001"/>
  <testcase name="testGetField1265" classname="org.joda.time.TestMonthDay_Basics" time="0"/>
  <testcase name="testSize1257" classname="org.joda.time.TestMonthDay_Basics" time="0"/>
  <testcase name="testConstructor_DateTimeZone1254" classname="org.joda.time.TestMonthDay_Constructors" time="0.001"/>
  <testcase name="testFactory_FromCalendarFields1255" classname="org.joda.time.TestMonthDay_Constructors" time="0"/>
  <testcase name="testFactory_FromDateFields1256" classname="org.joda.time.TestMonthDay_Constructors" time="0.001"/>
  <testcase name="testConstructor_long_nullChronology1260" classname="org.joda.time.TestMonthDay_Constructors" time="0"/>
  <testcase name="testConstructor_Object1261" classname="org.joda.time.TestMonthDay_Constructors" time="0.001"/>
  <testcase name="testConstructor_Object_Chronology1262" classname="org.joda.time.TestMonthDay_Constructors" time="0"/>
  <testcase name="testConstructor1253" classname="org.joda.time.TestMonthDay_Constructors" time="0"/>
  <testcase name="testPropertyGetDayOfMonth1277" classname="org.joda.time.TestMonthDay_Properties" time="0"/>
  <testcase name="testPropertyAddWrapFieldDayOfMonth401" classname="org.joda.time.TestMonthDay_Properties" time="0.001"/>
  <testcase name="testPropertySetTextDayOfMonth1280" classname="org.joda.time.TestMonthDay_Properties" time="0"/>
  <testcase name="testPropertyAddDayOfMonth437" classname="org.joda.time.TestMonthDay_Properties" time="0.001"/>
  <testcase name="testPropertyCompareToMonthOfYear1259" classname="org.joda.time.TestMonthDay_Properties" time="0"/>
  <testcase name="testPropertySetMonthOfYear1279" classname="org.joda.time.TestMonthDay_Properties" time="0"/>
  <testcase name="testPropertyAddWrapFieldMonthOfYear1278" classname="org.joda.time.TestMonthDay_Properties" time="0"/>
  <testcase name="testPropertyAddMonthOfYear436" classname="org.joda.time.TestMonthDay_Properties" time="0"/>
  <testcase name="testWith3f633" classname="org.joda.time.TestPartial_Basics" time="0.005"/>
  <testcase name="testWithChronologyRetainFields_Chrono645" classname="org.joda.time.TestPartial_Basics" time="0"/>
  <testcase name="testMinus_RP655" classname="org.joda.time.TestPartial_Basics" time="0"/>
  <testcase name="testGetFieldTypes635" classname="org.joda.time.TestPartial_Basics" time="0"/>
  <testcase name="testGetFormatter1644" classname="org.joda.time.TestPartial_Basics" time="0"/>
  <testcase name="testGetFormatter3646" classname="org.joda.time.TestPartial_Basics" time="0"/>
  <testcase name="testSerialization4" classname="org.joda.time.TestPartial_Basics" time="0.002"/>
  <testcase name="testPlus_RP656" classname="org.joda.time.TestPartial_Basics" time="0.001"/>
  <testcase name="testWith17" classname="org.joda.time.TestPartial_Basics" time="0"/>
  <testcase name="testWith4647" classname="org.joda.time.TestPartial_Basics" time="0.001"/>
  <testcase name="testCompareTo16" classname="org.joda.time.TestPartial_Basics" time="0.001"/>
  <testcase name="testWithField2649" classname="org.joda.time.TestPartial_Basics" time="0"/>
  <testcase name="testWithField1650" classname="org.joda.time.TestPartial_Basics" time="0.001"/>
  <testcase name="testWithField4651" classname="org.joda.time.TestPartial_Basics" time="0"/>
  <testcase name="testWithFieldAdded4652" classname="org.joda.time.TestPartial_Basics" time="0.001"/>
  <testcase name="testWithFieldAddWrapped5653" classname="org.joda.time.TestPartial_Basics" time="0"/>
  <testcase name="testWithFieldAddWrapped4654" classname="org.joda.time.TestPartial_Basics" time="0.001"/>
  <testcase name="testToString_String659" classname="org.joda.time.TestPartial_Basics" time="0"/>
  <testcase name="testToString_String_Locale660" classname="org.joda.time.TestPartial_Basics" time="0.001"/>
  <testcase name="testToString41115" classname="org.joda.time.TestPartial_Basics" time="0.001"/>
  <testcase name="testWithout2648" classname="org.joda.time.TestPartial_Basics" time="0"/>
  <testcase name="testToString5658" classname="org.joda.time.TestPartial_Basics" time="0.001"/>
  <testcase name="testConstructorEx1_TypeArray_intArray636" classname="org.joda.time.TestPartial_Constructors" time="0.001"/>
  <testcase name="testConstructorEx3_TypeArray_intArray637" classname="org.joda.time.TestPartial_Constructors" time="0"/>
  <testcase name="testConstructorEx5_TypeArray_intArray638" classname="org.joda.time.TestPartial_Constructors" time="0"/>
  <testcase name="testConstructor2_TypeArray_intArray639" classname="org.joda.time.TestPartial_Constructors" time="0.001"/>
  <testcase name="testConstructorEx6_TypeArray_intArray640" classname="org.joda.time.TestPartial_Constructors" time="0"/>
  <testcase name="testConstructorEx7_TypeArray_intArray641" classname="org.joda.time.TestPartial_Constructors" time="0.001"/>
  <testcase name="testConstructorEx_Partial642" classname="org.joda.time.TestPartial_Constructors" time="0"/>
  <testcase name="testConstructor_Partial643" classname="org.joda.time.TestPartial_Constructors" time="0"/>
  <testcase name="testConstructorEx_Type_int_Chrono634" classname="org.joda.time.TestPartial_Constructors" time="0.001"/>
  <testcase name="testConstructor_TypeArray_intArray_Chrono446" classname="org.joda.time.TestPartial_Constructors" time="0"/>
  <testcase name="testConstructor_Chrono632" classname="org.joda.time.TestPartial_Constructors" time="0"/>
  <testcase name="testPropertySetTextMinute664" classname="org.joda.time.TestPartial_Properties" time="0.001"/>
  <testcase name="testPropertyGetMinute661" classname="org.joda.time.TestPartial_Properties" time="0.001"/>
  <testcase name="testPropertyAddMinute662" classname="org.joda.time.TestPartial_Properties" time="0.001"/>
  <testcase name="testPropertyAddWrapFieldHour663" classname="org.joda.time.TestPartial_Properties" time="0"/>
  <testcase name="testPropertyWithMinimumValueHour425" classname="org.joda.time.TestPartial_Properties" time="0.001"/>
  <testcase name="testPropertyWithMaximumValueHour665" classname="org.joda.time.TestPartial_Properties" time="0"/>
  <testcase name="testIsMatch_Partial657" classname="org.joda.time.TestPartial_Match" time="0.001"/>
  <testcase name="testGetValues5" classname="org.joda.time.TestAbstractPartial" time="0.001"/>
  <testcase name="testGetFieldTypes3" classname="org.joda.time.TestAbstractPartial" time="0"/>
  <testcase name="testGetPropertyEquals1" classname="org.joda.time.TestAbstractPartial" time="0.001"/>
  <testcase name="testGetFieldType2" classname="org.joda.time.TestAbstractPartial" time="0.001"/>
  <testcase name="testSetMethods1469" classname="org.joda.time.TestBasePartial" time="0.001"/>
  <testcase name="testStaticGetInstanceLowerUpper484" classname="org.joda.time.TestDateTimeComparator" time="0.001"/>
  <testcase name="testBasicComps3263" classname="org.joda.time.TestDateTimeComparator" time="0.001"/>
  <testcase name="testStaticGetDateOnlyInstance485" classname="org.joda.time.TestDateTimeComparator" time="0"/>
  <testcase name="testEqualsHashCode486" classname="org.joda.time.TestDateTimeComparator" time="0.012"/>
  <testcase name="testMinute487" classname="org.joda.time.TestDateTimeComparator" time="0"/>
  <testcase name="testSerialization2488" classname="org.joda.time.TestDateTimeComparator" time="0"/>
  <testcase name="testMonth1215" classname="org.joda.time.TestDateTimeComparator" time="0"/>
  <testcase name="testConstructor922" classname="org.joda.time.TestDateTimeConstants" time="0"/>
  <testcase name="testGetZone_Zone787" classname="org.joda.time.TestDateTimeUtils" time="0"/>
  <testcase name="testGetPeriodType_PeriodType788" classname="org.joda.time.TestDateTimeUtils" time="0"/>
  <testcase name="testGetDurationMillis_RI789" classname="org.joda.time.TestDateTimeUtils" time="0"/>
  <testcase name="test_julianDay791" classname="org.joda.time.TestDateTimeUtils" time="0"/>
  <testcase name="testOffsetMillis781" classname="org.joda.time.TestDateTimeUtils" time="0"/>
  <testcase name="testGetInstantChronology_RI784" classname="org.joda.time.TestDateTimeUtils" time="0"/>
  <testcase name="testMillisProvider_null783" classname="org.joda.time.TestDateTimeUtils" time="0"/>
  <testcase name="testGetInstantMillis_RI782" classname="org.joda.time.TestDateTimeUtils" time="0"/>
  <testcase name="testGetIntervalChronology_RInterval569" classname="org.joda.time.TestDateTimeUtils" time="0"/>
  <testcase name="testGetReadableInterval_ReadableInterval786" classname="org.joda.time.TestDateTimeUtils" time="0"/>
  <testcase name="testGetIntervalChronology_RI_RI785" classname="org.joda.time.TestDateTimeUtils" time="0"/>
  <testcase name="testIsContiguous_RP8" classname="org.joda.time.TestDateTimeUtils" time="0.004"/>
  <testcase name="testProvider_badClassName624" classname="org.joda.time.TestDateTimeZone" time="0.008"/>
  <testcase name="testProvider810" classname="org.joda.time.TestDateTimeZone" time="0.008"/>
  <testcase name="testSerialization2626" classname="org.joda.time.TestDateTimeZone" time="0.002"/>
  <testcase name="testIsLocalDateTimeGap_Berlin627" classname="org.joda.time.TestDateTimeZone" time="0.003"/>
  <testcase name="testForOffsetHours_int805" classname="org.joda.time.TestDateTimeZone" time="0"/>
  <testcase name="testForID_String806" classname="org.joda.time.TestDateTimeZone" time="0.001"/>
  <testcase name="testEqualsHashCode270" classname="org.joda.time.TestDateTimeZone" time="0.001"/>
  <testcase name="testForOffsetHoursMinutes_int_int807" classname="org.joda.time.TestDateTimeZone" time="0.001"/>
  <testcase name="testForID_String_old258" classname="org.joda.time.TestDateTimeZone" time="0.008"/>
  <testcase name="testPatchedNameKeysSydneyHistoric1399" classname="org.joda.time.TestDateTimeZone" time="0.001"/>
  <testcase name="testForOffsetMillis_int808" classname="org.joda.time.TestDateTimeZone" time="0.001"/>
  <testcase name="testGetAvailableIDs809" classname="org.joda.time.TestDateTimeZone" time="0"/>
  <testcase name="testNameProvider811" classname="org.joda.time.TestDateTimeZone" time="0.001"/>
  <testcase name="testConstructor812" classname="org.joda.time.TestDateTimeZone" time="0"/>
  <testcase name="testGetShortNameNullKey813" classname="org.joda.time.TestDateTimeZone" time="0"/>
  <testcase name="testGetNameNullKey814" classname="org.joda.time.TestDateTimeZone" time="0"/>
  <testcase name="testToTimeZone819" classname="org.joda.time.TestDateTimeZone" time="0"/>
  <testcase name="testGetShortNameProviderName1398" classname="org.joda.time.TestDateTimeZone" time="0"/>
  <testcase name="testIsFixed265" classname="org.joda.time.TestDateTimeZone" time="0"/>
  <testcase name="testDefault804" classname="org.joda.time.TestDateTimeZone" time="0.001"/>
  <testcase name="test_LocalDate_toDateMidnight_Gaza711" classname="org.joda.time.TestDateTimeZoneCutover" time="0.001"/>
  <testcase name="test_MutableDateTime_withZoneRetainFields_Gaza1016" classname="org.joda.time.TestDateTimeZoneCutover" time="0"/>
  <testcase name="testBug2182444_usCentral195" classname="org.joda.time.TestDateTimeZoneCutover" time="0.001"/>
  <testcase name="test_DateTime_setHourAcross_NewYork_Spring816" classname="org.joda.time.TestDateTimeZoneCutover" time="0.001"/>
  <testcase name="testPeriod815" classname="org.joda.time.TestDateTimeZoneCutover" time="0.001"/>
  <testcase name="test_DateTime_setHourForward_NewYork_Spring817" classname="org.joda.time.TestDateTimeZoneCutover" time="0.001"/>
  <testcase name="testBug3192457_adjustOffset818" classname="org.joda.time.TestDateTimeZoneCutover" time="0.001"/>
  <testcase name="test_DateTime_parse_Turk820" classname="org.joda.time.TestDateTimeZoneCutover" time="0.001"/>
  <testcase name="testBug3476684_adjustOffset_springGap264" classname="org.joda.time.TestDateTimeZoneCutover" time="0.001"/>
  <testcase name="test_DateTime_JustAfterLastEverOverlap261" classname="org.joda.time.TestDateTimeZoneCutover" time="0.004"/>
  <testcase name="test_getOffsetFromLocal_Moscow_Autumn_overlap_mins267" classname="org.joda.time.TestDateTimeZoneCutover" time="0.003"/>
  <testcase name="test_DateTime_plusDayMidGap_Turk586" classname="org.joda.time.TestDateTimeZoneCutover" time="0"/>
  <testcase name="test_LocalDate_new_Turk709" classname="org.joda.time.TestDateTimeZoneCutover" time="0.001"/>
  <testcase name="test_DateTime_roundCeiling_hour_NewYork_Spring_preCutover622" classname="org.joda.time.TestDateTimeZoneCutover" time="0"/>
  <testcase name="testWithMillisOfSecondInDstChange_NewYork_summer608" classname="org.joda.time.TestDateTimeZoneCutover" time="0.001"/>
  <testcase name="testBug2182444_ausNSW607" classname="org.joda.time.TestDateTimeZoneCutover" time="0.001"/>
  <testcase name="testPlusMillisInDstChange591" classname="org.joda.time.TestDateTimeZoneCutover" time="0.001"/>
  <testcase name="test_DateTime_minusHour_NewYork_Autumn599" classname="org.joda.time.TestDateTimeZoneCutover" time="0.001"/>
  <testcase name="test_DateTime_roundCeiling_day_NewYork_Spring_postCutover950" classname="org.joda.time.TestDateTimeZoneCutover" time="0"/>
  <testcase name="test_DateTime_parse_Gaza952" classname="org.joda.time.TestDateTimeZoneCutover" time="0.001"/>
  <testcase name="test_DateTime_setHourForward_Moscow_Spring953" classname="org.joda.time.TestDateTimeZoneCutover" time="0"/>
  <testcase name="test_DateTime_roundFloor_hour_NewYork_Spring_postCutover266" classname="org.joda.time.TestDateTimeZoneCutover" time="0.001"/>
  <testcase name="testForFields5775" classname="org.joda.time.TestPeriodType" time="0"/>
  <testcase name="testForFields2776" classname="org.joda.time.TestPeriodType" time="0.002"/>
  <testcase name="testIsSupported777" classname="org.joda.time.TestPeriodType" time="0"/>
  <testcase name="testForFields4773" classname="org.joda.time.TestPeriodType" time="0.001"/>
  <testcase name="testForFields7774" classname="org.joda.time.TestPeriodType" time="0"/>
  <testcase name="testForFields6772" classname="org.joda.time.TestPeriodType" time="0.001"/>
  <testcase name="testMaskSeconds771" classname="org.joda.time.TestPeriodType" time="0.001"/>
  <testcase name="testYearMonthDay759" classname="org.joda.time.TestPeriodType" time="0.001"/>
  <testcase name="testMaskTwice2778" classname="org.joda.time.TestPeriodType" time="0"/>
  <testcase name="testMaskMinutes779" classname="org.joda.time.TestPeriodType" time="0.001"/>
  <testcase name="testEquals780" classname="org.joda.time.TestPeriodType" time="0"/>
  <testcase name="testSeconds770" classname="org.joda.time.TestPeriodType" time="0.001"/>
  <testcase name="testWeeks769" classname="org.joda.time.TestPeriodType" time="0.001"/>
  <testcase name="testYearDayTime763" classname="org.joda.time.TestPeriodType" time="0.001"/>
  <testcase name="testYears768" classname="org.joda.time.TestPeriodType" time="0"/>
  <testcase name="testYearDay764" classname="org.joda.time.TestPeriodType" time="0.001"/>
  <testcase name="testYearWeekDayTime760" classname="org.joda.time.TestPeriodType" time="0.001"/>
  <testcase name="testYearWeekDay762" classname="org.joda.time.TestPeriodType" time="0.001"/>
  <testcase name="test_subtract1396" classname="org.joda.time.TestDurationField" time="0"/>
  <testcase name="testPeriod62" classname="org.joda.time.TestStringConvert" time="0.02"/>
  <testcase name="testMinutes906" classname="org.joda.time.TestStringConvert" time="0.001"/>
  <testcase name="testDateTime558" classname="org.joda.time.TestStringConvert" time="0.003"/>
  <testcase name="testSeconds520" classname="org.joda.time.TestStringConvert" time="0"/>
  <testcase name="testMonthDay1217" classname="org.joda.time.TestStringConvert" time="0.001"/>
  <testcase name="testHours1081" classname="org.joda.time.TestStringConvert" time="0.001"/>
  <testcase name="testDuration228" classname="org.joda.time.TestStringConvert" time="0.001"/>
  <testcase name="testMonthDay_leapDay1121" classname="org.joda.time.TestStringConvert" time="0.001"/>
  <testcase name="testDateMidnight1436" classname="org.joda.time.TestStringConvert" time="0.001"/>
  <testcase name="testYears677" classname="org.joda.time.TestStringConvert" time="0.001"/>
  <testcase name="testSerializedMutableDateTimeProperty1070" classname="org.joda.time.TestSerialization" time="0.004"/>
  <testcase name="testSerializedDateTimeFieldType1381" classname="org.joda.time.TestSerialization" time="0.001"/>
  <testcase name="testSerializedDateMidnightProperty1462" classname="org.joda.time.TestSerialization" time="0.002"/>
  <testcase name="testDuration232" classname="org.joda.time.TestSerialization" time="0.001"/>
  <testcase name="testSerializedGJChronologyChangedInternals115" classname="org.joda.time.TestSerialization" time="0.006"/>
  <testcase name="testSerializedCopticChronology299" classname="org.joda.time.TestSerialization" time="0.003"/>
  <testcase name="testSerializedYearMonthDay22" classname="org.joda.time.TestSerialization" time="0.002"/>
  <testcase name="testSerializedJulianChronology412" classname="org.joda.time.TestSerialization" time="0.002"/>
  <testcase name="testSerializedBuddhistChronology421" classname="org.joda.time.TestSerialization" time="0.005"/>
  <testcase name="testSerializedLocalDateBuddhist481" classname="org.joda.time.TestSerialization" time="0.003"/>
  <testcase name="testSerializedGregorianChronology912" classname="org.joda.time.TestSerialization" time="0.002"/>
  <testcase name="testSerializedUnsupportedDateTimeField935" classname="org.joda.time.TestSerialization" time="0.002"/>
  <testcase name="testSerializedPeriodType765" classname="org.joda.time.TestSerialization" time="0.001"/>
  <testcase name="testSerializedGJChronology126" classname="org.joda.time.TestSerialization" time="0.003"/>
  <testcase name="testSerializedISOChronology287" classname="org.joda.time.TestSerialization" time="0.001"/>
  <testcase name="testOtherConstructors959" classname="org.joda.time.TestIllegalFieldValueException" time="0.001"/>
  <testcase name="testSetText757" classname="org.joda.time.TestIllegalFieldValueException" time="0.001"/>
  <testcase name="testGJCutover129" classname="org.joda.time.TestIllegalFieldValueException" time="0.001"/>
  <testcase name="testSkipDateTimeField956" classname="org.joda.time.TestIllegalFieldValueException" time="0"/>
  <testcase name="testReadablePartialValidate957" classname="org.joda.time.TestIllegalFieldValueException" time="0.001"/>
  <testcase name="testZoneTransition958" classname="org.joda.time.TestIllegalFieldValueException" time="0"/>
  <testcase name="testToString423" classname="org.joda.time.chrono.TestBuddhistChronology" time="0.001"/>
  <testcase name="testEra408" classname="org.joda.time.chrono.TestBuddhistChronology" time="0"/>
  <testcase name="testDurationFields420" classname="org.joda.time.chrono.TestBuddhistChronology" time="0.002"/>
  <testcase name="testWithUTC418" classname="org.joda.time.chrono.TestBuddhistChronology" time="0"/>
  <testcase name="testKeyYears153" classname="org.joda.time.chrono.TestBuddhistChronology" time="0.001"/>
  <testcase name="testFactory_Zone419" classname="org.joda.time.chrono.TestBuddhistChronology" time="0"/>
  <testcase name="testDurationMonth521" classname="org.joda.time.chrono.TestCopticChronology" time="0.001"/>
  <testcase name="testEra301" classname="org.joda.time.chrono.TestCopticChronology" time="0"/>
  <testcase name="testFactory_Zone297" classname="org.joda.time.chrono.TestCopticChronology" time="0"/>
  <testcase name="testDurationFields298" classname="org.joda.time.chrono.TestCopticChronology" time="0.001"/>
  <testcase name="testWithZone300" classname="org.joda.time.chrono.TestCopticChronology" time="0"/>
  <testcase name="testDurationYear531" classname="org.joda.time.chrono.TestCopticChronology" time="0.001"/>
  <testcase name="testWithZone754" classname="org.joda.time.chrono.TestEthiopicChronology" time="0.009"/>
  <testcase name="testCalendar755" classname="org.joda.time.chrono.TestEthiopicChronology" time="3.537"/>
  <testcase name="testDurationMonth294" classname="org.joda.time.chrono.TestEthiopicChronology" time="0.001"/>
  <testcase name="testFactory_Zone752" classname="org.joda.time.chrono.TestEthiopicChronology" time="0"/>
  <testcase name="testDurationFields753" classname="org.joda.time.chrono.TestEthiopicChronology" time="0.001"/>
  <testcase name="testLeapYearRulesConstructionInvalid123" classname="org.joda.time.chrono.TestGJChronology" time="0"/>
  <testcase name="testPartialGetAsText128" classname="org.joda.time.chrono.TestGJChronology" time="0.001"/>
  <testcase name="testMaximumValue131" classname="org.joda.time.chrono.TestGJChronology" time="0.355"/>
  <testcase name="testCutoverAddYears132" classname="org.joda.time.chrono.TestGJChronology" time="0.01"/>
  <testcase name="testCutoverAddMonths136" classname="org.joda.time.chrono.TestGJChronology" time="0.004"/>
  <testcase name="testLeapYearRulesConstruction124" classname="org.joda.time.chrono.TestGJChronology" time="0"/>
  <testcase name="testCutoverAddWeeks116" classname="org.joda.time.chrono.TestGJChronology" time="0.002"/>
  <testcase name="testSubtractDays118" classname="org.joda.time.chrono.TestGJChronology" time="0.003"/>
  <testcase name="testEquality117" classname="org.joda.time.chrono.TestGJChronology" time="0"/>
  <testcase name="testToString125" classname="org.joda.time.chrono.TestGJChronology" time="0.001"/>
  <testcase name="testCutoverAddWeekyears127" classname="org.joda.time.chrono.TestGJChronology" time="0.004"/>
  <testcase name="testFactory_Zone910" classname="org.joda.time.chrono.TestGregorianChronology" time="0"/>
  <testcase name="testEquality909" classname="org.joda.time.chrono.TestGregorianChronology" time="0"/>
  <testcase name="testFactory_Zone_int911" classname="org.joda.time.chrono.TestGregorianChronology" time="0"/>
  <testcase name="testSampleDateWithZone109" classname="org.joda.time.chrono.TestIslamicChronology" time="0.001"/>
  <testcase name="testFactory_Zone108" classname="org.joda.time.chrono.TestIslamicChronology" time="0.001"/>
  <testcase name="testSampleDate3444" classname="org.joda.time.chrono.TestIslamicChronology" time="0.001"/>
  <testcase name="testFactoryUTC106" classname="org.joda.time.chrono.TestIslamicChronology" time="0"/>
  <testcase name="testEpoch112" classname="org.joda.time.chrono.TestIslamicChronology" time="0.001"/>
  <testcase name="testCalendar113" classname="org.joda.time.chrono.TestIslamicChronology" time="8.424"/>
  <testcase name="testSampleDate1110" classname="org.joda.time.chrono.TestIslamicChronology" time="0"/>
  <testcase name="testFieldConstructor111" classname="org.joda.time.chrono.TestIslamicChronology" time="0.001"/>
  <testcase name="testSampleDate2114" classname="org.joda.time.chrono.TestIslamicChronology" time="0"/>
  <testcase name="testFactory107" classname="org.joda.time.chrono.TestIslamicChronology" time="0"/>
  <testcase name="testFactory_Zone410" classname="org.joda.time.chrono.TestJulianChronology" time="0.001"/>
  <testcase name="testDurationFields255" classname="org.joda.time.chrono.TestJulianChronology" time="0.001"/>
  <testcase name="testFactory_Zone_int411" classname="org.joda.time.chrono.TestJulianChronology" time="0"/>
  <testcase name="testWithZone413" classname="org.joda.time.chrono.TestJulianChronology" time="0.001"/>
  <testcase name="testToString409" classname="org.joda.time.chrono.TestJulianChronology" time="0"/>
  <testcase name="testFactory_Zone286" classname="org.joda.time.chrono.TestISOChronology" time="0"/>
  <testcase name="testWithZone288" classname="org.joda.time.chrono.TestISOChronology" time="0.001"/>
  <testcase name="testMinYear1122" classname="org.joda.time.chrono.TestISOChronology" time="0.001"/>
  <testcase name="test_lenientChrononolgy_Chicago528" classname="org.joda.time.chrono.TestLenientChronology" time="0.001"/>
  <testcase name="test_setHourOfDay318" classname="org.joda.time.chrono.TestLenientChronology" time="0.003"/>
  <testcase name="test_setDayOfMonth402" classname="org.joda.time.chrono.TestLenientChronology" time="0"/>
  <testcase name="test_plusYears_positiveToZero_crossCutover133" classname="org.joda.time.chrono.TestGJDate" time="0"/>
  <testcase name="test_plusYears_negativeToPositive122" classname="org.joda.time.chrono.TestGJDate" time="0"/>
  <testcase name="test_cutoverPreZero119" classname="org.joda.time.chrono.TestGJDate" time="0"/>
  <testcase name="testChronology" classname="org.joda.time.chrono.gj.MainTest" time="0.493"/>
  <testcase name="testChronology" classname="org.joda.time.chrono.gj.MainTest" time="0.475"/>
  <testcase name="testGetDurationConverter470" classname="org.joda.time.convert.TestConverterManager" time="0.001"/>
  <testcase name="testAddDurationConverter3472" classname="org.joda.time.convert.TestConverterManager" time="0"/>
  <testcase name="testRemoveDurationConverter3473" classname="org.joda.time.convert.TestConverterManager" time="0"/>
  <testcase name="testAddPeriodConverter3475" classname="org.joda.time.convert.TestConverterManager" time="0"/>
  <testcase name="testAddIntervalConverter1476" classname="org.joda.time.convert.TestConverterManager" time="0.001"/>
  <testcase name="testGetIntervalConverter477" classname="org.joda.time.convert.TestConverterManager" time="0.001"/>
  <testcase name="testAddIntervalConverter3479" classname="org.joda.time.convert.TestConverterManager" time="0"/>
  <testcase name="testRemoveIntervalConverter3480" classname="org.joda.time.convert.TestConverterManager" time="0.001"/>
  <testcase name="testGetInstantConverterBadMultipleMatches1102" classname="org.joda.time.convert.TestConverterManager" time="0.001"/>
  <testcase name="testGetPeriodConverter460" classname="org.joda.time.convert.TestConverterManager" time="0"/>
  <testcase name="testGetPeriodConverterRemovedNull474" classname="org.joda.time.convert.TestConverterManager" time="0"/>
  <testcase name="testGetPartialConverterOKMultipleMatches469" classname="org.joda.time.convert.TestConverterManager" time="0"/>
  <testcase name="testGetPartialConverterRemovedNull466" classname="org.joda.time.convert.TestConverterManager" time="0"/>
  <testcase name="testGetInstantConverterOKMultipleMatches463" classname="org.joda.time.convert.TestConverterManager" time="0.001"/>
  <testcase name="testGetInstantConverterRemovedNull462" classname="org.joda.time.convert.TestConverterManager" time="0"/>
  <testcase name="testGetIntervalConverterRemovedNull478" classname="org.joda.time.convert.TestConverterManager" time="0.012"/>
  <testcase name="testGetDurationConverterRemovedNull471" classname="org.joda.time.convert.TestConverterManager" time="0"/>
  <testcase name="testAddInstantConverter4464" classname="org.joda.time.convert.TestConverterManager" time="0"/>
  <testcase name="testGetPartialConverter465" classname="org.joda.time.convert.TestConverterManager" time="0"/>
  <testcase name="testRemovePartialConverter3467" classname="org.joda.time.convert.TestConverterManager" time="0"/>
  <testcase name="testAddPartialConverter4468" classname="org.joda.time.convert.TestConverterManager" time="0"/>
  <testcase name="testGetInstantConverter461" classname="org.joda.time.convert.TestConverterManager" time="0"/>
  <testcase name="testAddNullRemoved11099" classname="org.joda.time.convert.TestConverterSet" time="0"/>
  <testcase name="testRemoveBadIndex11095" classname="org.joda.time.convert.TestConverterSet" time="0"/>
  <testcase name="testBigHashtable1096" classname="org.joda.time.convert.TestConverterSet" time="0"/>
  <testcase name="testAddNullRemoved31097" classname="org.joda.time.convert.TestConverterSet" time="0"/>
  <testcase name="testAddNullRemoved21098" classname="org.joda.time.convert.TestConverterSet" time="0"/>
  <testcase name="testRemoveNullRemoved21101" classname="org.joda.time.convert.TestConverterSet" time="0"/>
  <testcase name="testToString1336" classname="org.joda.time.convert.TestCalendarConverter" time="0"/>
  <testcase name="testGetPartialValues1335" classname="org.joda.time.convert.TestCalendarConverter" time="0"/>
  <testcase name="testGetChronology_Object_Chronology1334" classname="org.joda.time.convert.TestCalendarConverter" time="0"/>
  <testcase name="testGetChronology_Object_nullChronology120" classname="org.joda.time.convert.TestCalendarConverter" time="0.009"/>
  <testcase name="testToString303" classname="org.joda.time.convert.TestDateConverter" time="0"/>
  <testcase name="testGetInstantMillis_Object_Chronology302" classname="org.joda.time.convert.TestDateConverter" time="0"/>
  <testcase name="testToString61" classname="org.joda.time.convert.TestLongConverter" time="0"/>
  <testcase name="testGetDurationMillis_Object60" classname="org.joda.time.convert.TestLongConverter" time="0"/>
  <testcase name="testGetInstantMillis_Object_Chronology59" classname="org.joda.time.convert.TestLongConverter" time="0"/>
  <testcase name="testGetDurationMillis_Object792" classname="org.joda.time.convert.TestNullConverter" time="0"/>
  <testcase name="testSetInto_Object793" classname="org.joda.time.convert.TestNullConverter" time="0"/>
  <testcase name="testSetInto_Object_Chronology2794" classname="org.joda.time.convert.TestNullConverter" time="0"/>
  <testcase name="testSetInto_Object920" classname="org.joda.time.convert.TestReadableDurationConverter" time="0"/>
  <testcase name="testToString921" classname="org.joda.time.convert.TestReadableDurationConverter" time="0"/>
  <testcase name="testGetDurationMillis_Object919" classname="org.joda.time.convert.TestReadableDurationConverter" time="0"/>
  <testcase name="testSetIntoInterval_Object1322" classname="org.joda.time.convert.TestReadableIntervalConverter" time="0"/>
  <testcase name="testGetDurationMillis_Object1397" classname="org.joda.time.convert.TestReadableIntervalConverter" time="0"/>
  <testcase name="testGetPeriodType_Object140" classname="org.joda.time.convert.TestReadableIntervalConverter" time="0.001"/>
  <testcase name="testGetChronology_Object_Zone414" classname="org.joda.time.convert.TestReadableInstantConverter" time="0.001"/>
  <testcase name="testGetChronology_Object_nullChronology415" classname="org.joda.time.convert.TestReadableInstantConverter" time="0"/>
  <testcase name="testGetInstantMillis_Object_Chronology416" classname="org.joda.time.convert.TestReadableInstantConverter" time="0"/>
  <testcase name="testToString417" classname="org.joda.time.convert.TestReadableInstantConverter" time="0.001"/>
  <testcase name="testGetChronology_Object_Zone55" classname="org.joda.time.convert.TestReadablePartialConverter" time="0"/>
  <testcase name="testGetPartialValues57" classname="org.joda.time.convert.TestReadablePartialConverter" time="0.001"/>
  <testcase name="testSupportedType58" classname="org.joda.time.convert.TestReadablePartialConverter" time="0"/>
  <testcase name="testGetChronology_Object_Chronology56" classname="org.joda.time.convert.TestReadablePartialConverter" time="0"/>
  <testcase name="testToString151" classname="org.joda.time.convert.TestReadablePeriodConverter" time="0.001"/>
  <testcase name="testSetInto_Object149" classname="org.joda.time.convert.TestReadablePeriodConverter" time="0"/>
  <testcase name="testGetPeriodType_Object150" classname="org.joda.time.convert.TestReadablePeriodConverter" time="0"/>
  <testcase name="testToString142" classname="org.joda.time.convert.TestStringConverter" time="0.001"/>
  <testcase name="testIsReadableInterval_Object_Chronology141" classname="org.joda.time.convert.TestStringConverter" time="0"/>
  <testcase name="testGetDurationMillis_Object1145" classname="org.joda.time.convert.TestStringConverter" time="0.001"/>
  <testcase name="testSetIntoPeriod_Object8146" classname="org.joda.time.convert.TestStringConverter" time="0"/>
  <testcase name="testSetIntoPeriod_Object6185" classname="org.joda.time.convert.TestStringConverter" time="0.001"/>
  <testcase name="testSetIntoPeriod_Object5186" classname="org.joda.time.convert.TestStringConverter" time="0"/>
  <testcase name="testSetIntoPeriod_Object4187" classname="org.joda.time.convert.TestStringConverter" time="0"/>
  <testcase name="testSetIntoIntervalEx_Object_Chronology1147" classname="org.joda.time.convert.TestStringConverter" time="0.001"/>
  <testcase name="testSetIntoIntervalEx_Object_Chronology3148" classname="org.joda.time.convert.TestStringConverter" time="0"/>
  <testcase name="testSafeMultiplyLongInt450" classname="org.joda.time.field.TestFieldUtils" time="0"/>
  <testcase name="testSafeAddLong448" classname="org.joda.time.field.TestFieldUtils" time="0.001"/>
  <testcase name="testSafeMultiplyLongLong451" classname="org.joda.time.field.TestFieldUtils" time="0"/>
  <testcase name="testSafeDivideLongLong452" classname="org.joda.time.field.TestFieldUtils" time="0"/>
  <testcase name="testSafeAddInt447" classname="org.joda.time.field.TestFieldUtils" time="0.001"/>
  <testcase name="test_isSupported376" classname="org.joda.time.field.TestBaseDateTimeField" time="0"/>
  <testcase name="test_getMaximumTextLength_Locale395" classname="org.joda.time.field.TestBaseDateTimeField" time="0.001"/>
  <testcase name="test_getAsShortText_long_Locale380" classname="org.joda.time.field.TestBaseDateTimeField" time="0"/>
  <testcase name="test_getAsText_RP_int_Locale378" classname="org.joda.time.field.TestBaseDateTimeField" time="0"/>
  <testcase name="test_getAsText_int_Locale379" classname="org.joda.time.field.TestBaseDateTimeField" time="0"/>
  <testcase name="test_getAsShortText_long381" classname="org.joda.time.field.TestBaseDateTimeField" time="0"/>
  <testcase name="test_getAsShortText_RP_Locale382" classname="org.joda.time.field.TestBaseDateTimeField" time="0"/>
  <testcase name="test_roundCeiling_long383" classname="org.joda.time.field.TestBaseDateTimeField" time="0.001"/>
  <testcase name="test_add_long_long384" classname="org.joda.time.field.TestBaseDateTimeField" time="0"/>
  <testcase name="test_add_RP_int_intarray_int385" classname="org.joda.time.field.TestBaseDateTimeField" time="0.001"/>
  <testcase name="test_addWrapField_long_int388" classname="org.joda.time.field.TestBaseDateTimeField" time="0.001"/>
  <testcase name="test_set_long_String_Locale390" classname="org.joda.time.field.TestBaseDateTimeField" time="0"/>
  <testcase name="test_set_long_String391" classname="org.joda.time.field.TestBaseDateTimeField" time="0"/>
  <testcase name="test_isLeap_long392" classname="org.joda.time.field.TestBaseDateTimeField" time="0.001"/>
  <testcase name="test_getLeapDurationField393" classname="org.joda.time.field.TestBaseDateTimeField" time="0"/>
  <testcase name="test_getMinimumValue_long394" classname="org.joda.time.field.TestBaseDateTimeField" time="0"/>
  <testcase name="test_roundHalfFloor_long396" classname="org.joda.time.field.TestBaseDateTimeField" time="0.001"/>
  <testcase name="test_roundHalfCeiling_long397" classname="org.joda.time.field.TestBaseDateTimeField" time="0"/>
  <testcase name="test_remainder_long398" classname="org.joda.time.field.TestBaseDateTimeField" time="0"/>
  <testcase name="test_addWrapField_RP_int_intarray_int389" classname="org.joda.time.field.TestBaseDateTimeField" time="0"/>
  <testcase name="test_convertText375" classname="org.joda.time.field.TestBaseDateTimeField" time="0"/>
  <testcase name="test_getAsText_long377" classname="org.joda.time.field.TestBaseDateTimeField" time="0.001"/>
  <testcase name="test_getLeapDurationField1225" classname="org.joda.time.field.TestOffsetDateTimeField" time="0"/>
  <testcase name="test_getLeapAmount_long1224" classname="org.joda.time.field.TestOffsetDateTimeField" time="0.001"/>
  <testcase name="test_addWrapField_long_int1222" classname="org.joda.time.field.TestOffsetDateTimeField" time="0"/>
  <testcase name="test_isLeap_long1223" classname="org.joda.time.field.TestOffsetDateTimeField" time="0.001"/>
  <testcase name="test_add_long_long1221" classname="org.joda.time.field.TestOffsetDateTimeField" time="0"/>
  <testcase name="test_getMinimumValue_RP_intarray1226" classname="org.joda.time.field.TestOffsetDateTimeField" time="0.001"/>
  <testcase name="test_roundHalfFloor_long1229" classname="org.joda.time.field.TestOffsetDateTimeField" time="0"/>
  <testcase name="test_roundHalfCeiling_long1230" classname="org.joda.time.field.TestOffsetDateTimeField" time="0"/>
  <testcase name="test_remainder_long1231" classname="org.joda.time.field.TestOffsetDateTimeField" time="0.001"/>
  <testcase name="test_getOffset1232" classname="org.joda.time.field.TestOffsetDateTimeField" time="0"/>
  <testcase name="test_constructor1457" classname="org.joda.time.field.TestOffsetDateTimeField" time="0.001"/>
  <testcase name="test_roundHalfEven_long1218" classname="org.joda.time.field.TestOffsetDateTimeField" time="0"/>
  <testcase name="test_constructor2456" classname="org.joda.time.field.TestOffsetDateTimeField" time="0.001"/>
  <testcase name="test_roundFloor_long1227" classname="org.joda.time.field.TestOffsetDateTimeField" time="0"/>
  <testcase name="test_roundCeiling_long1228" classname="org.joda.time.field.TestOffsetDateTimeField" time="0"/>
  <testcase name="test_getAsShortText_long_Locale1219" classname="org.joda.time.field.TestOffsetDateTimeField" time="0.001"/>
  <testcase name="test_getMaximumShortTextLength_Locale455" classname="org.joda.time.field.TestOffsetDateTimeField" time="0"/>
  <testcase name="test_add_long_int1220" classname="org.joda.time.field.TestOffsetDateTimeField" time="0"/>
  <testcase name="test_roundCeiling_long1213" classname="org.joda.time.field.TestPreciseDurationDateTimeField" time="0.002"/>
  <testcase name="test_roundFloor_long1212" classname="org.joda.time.field.TestPreciseDurationDateTimeField" time="0"/>
  <testcase name="test_convertText1209" classname="org.joda.time.field.TestPreciseDurationDateTimeField" time="0"/>
  <testcase name="test_remainder_long1214" classname="org.joda.time.field.TestPreciseDurationDateTimeField" time="0.001"/>
  <testcase name="test_isLenient1211" classname="org.joda.time.field.TestPreciseDurationDateTimeField" time="0"/>
  <testcase name="test_constructor1210" classname="org.joda.time.field.TestPreciseDurationDateTimeField" time="0.001"/>
  <testcase name="test_getRange936" classname="org.joda.time.field.TestPreciseDateTimeField" time="0.001"/>
  <testcase name="test_getAsShortText_long_Locale938" classname="org.joda.time.field.TestPreciseDateTimeField" time="0"/>
  <testcase name="test_set_long_String940" classname="org.joda.time.field.TestPreciseDateTimeField" time="0"/>
  <testcase name="test_add_RP_int_intarray_int941" classname="org.joda.time.field.TestPreciseDateTimeField" time="0.001"/>
  <testcase name="test_getMaximumValue942" classname="org.joda.time.field.TestPreciseDateTimeField" time="0"/>
  <testcase name="test_constructor937" classname="org.joda.time.field.TestPreciseDateTimeField" time="0.001"/>
  <testcase name="test_addWrapField_long_int939" classname="org.joda.time.field.TestPreciseDateTimeField" time="0"/>
  <testcase name="test_getValue_long1359" classname="org.joda.time.field.TestMillisDurationField" time="0.001"/>
  <testcase name="test_getMillis_int_long1363" classname="org.joda.time.field.TestMillisDurationField" time="0"/>
  <testcase name="test_getMillis_long_long1364" classname="org.joda.time.field.TestMillisDurationField" time="0.001"/>
  <testcase name="test_add_long_int1365" classname="org.joda.time.field.TestMillisDurationField" time="0"/>
  <testcase name="test_getDifference_long_int1366" classname="org.joda.time.field.TestMillisDurationField" time="0"/>
  <testcase name="test_toString1369" classname="org.joda.time.field.TestMillisDurationField" time="0.001"/>
  <testcase name="testSerialization1370" classname="org.joda.time.field.TestMillisDurationField" time="0.001"/>
  <testcase name="test_getValueAsLong_long1360" classname="org.joda.time.field.TestMillisDurationField" time="0"/>
  <testcase name="test_getMillis_long1362" classname="org.joda.time.field.TestMillisDurationField" time="0.001"/>
  <testcase name="test_getType1356" classname="org.joda.time.field.TestMillisDurationField" time="0"/>
  <testcase name="test_isPrecise1358" classname="org.joda.time.field.TestMillisDurationField" time="0"/>
  <testcase name="test_getMillis_int1361" classname="org.joda.time.field.TestMillisDurationField" time="0"/>
  <testcase name="test_getDifferenceAsLong_long_long1367" classname="org.joda.time.field.TestMillisDurationField" time="0.001"/>
  <testcase name="test_getName1357" classname="org.joda.time.field.TestMillisDurationField" time="0"/>
  <testcase name="test_getValue_long291" classname="org.joda.time.field.TestPreciseDurationField" time="0.001"/>
  <testcase name="test_equals433" classname="org.joda.time.field.TestPreciseDurationField" time="0"/>
  <testcase name="test_hashCode434" classname="org.joda.time.field.TestPreciseDurationField" time="0.001"/>
  <testcase name="test_getDifferenceAsLong_long_long432" classname="org.joda.time.field.TestPreciseDurationField" time="0"/>
  <testcase name="test_compareTo426" classname="org.joda.time.field.TestPreciseDurationField" time="0.001"/>
  <testcase name="test_getValueAsLong_long292" classname="org.joda.time.field.TestPreciseDurationField" time="0"/>
  <testcase name="test_getValue_long_long293" classname="org.joda.time.field.TestPreciseDurationField" time="0"/>
  <testcase name="test_isPrecise427" classname="org.joda.time.field.TestPreciseDurationField" time="0.001"/>
  <testcase name="test_getMillis_int_long428" classname="org.joda.time.field.TestPreciseDurationField" time="0"/>
  <testcase name="test_getMillis_long_long429" classname="org.joda.time.field.TestPreciseDurationField" time="0.001"/>
  <testcase name="test_add_long_int430" classname="org.joda.time.field.TestPreciseDurationField" time="0"/>
  <testcase name="test_add_long_long431" classname="org.joda.time.field.TestPreciseDurationField" time="0"/>
  <testcase name="test_getDifferenceAsLong_long_long282" classname="org.joda.time.field.TestScaledDurationField" time="0.001"/>
  <testcase name="test_toString296" classname="org.joda.time.field.TestScaledDurationField" time="0"/>
  <testcase name="test_getMillis_int276" classname="org.joda.time.field.TestScaledDurationField" time="0.001"/>
  <testcase name="test_getValueAsLong_long_long275" classname="org.joda.time.field.TestScaledDurationField" time="0"/>
  <testcase name="test_getMillis_long277" classname="org.joda.time.field.TestScaledDurationField" time="0"/>
  <testcase name="test_getMillis_int_long278" classname="org.joda.time.field.TestScaledDurationField" time="0.001"/>
  <testcase name="test_add_long_int279" classname="org.joda.time.field.TestScaledDurationField" time="0.004"/>
  <testcase name="test_add_long_long280" classname="org.joda.time.field.TestScaledDurationField" time="0"/>
  <testcase name="test_getDifference_long_int281" classname="org.joda.time.field.TestScaledDurationField" time="0"/>
  <testcase name="test_compareTo283" classname="org.joda.time.field.TestScaledDurationField" time="0"/>
  <testcase name="test_getScalar284" classname="org.joda.time.field.TestScaledDurationField" time="0"/>
  <testcase name="test_equals285" classname="org.joda.time.field.TestScaledDurationField" time="0"/>
  <testcase name="test_constructor272" classname="org.joda.time.field.TestScaledDurationField" time="0"/>
  <testcase name="test_getValue_long273" classname="org.joda.time.field.TestScaledDurationField" time="0"/>
  <testcase name="test_getValueAsLong_long274" classname="org.joda.time.field.TestScaledDurationField" time="0"/>
  <testcase name="test_hashCode271" classname="org.joda.time.field.TestScaledDurationField" time="0"/>
  <testcase name="testMethodsThatShouldAlwaysReturnNull933" classname="org.joda.time.field.TestUnsupportedDateTimeField" time="0"/>
  <testcase name="testUnsupportedMethods932" classname="org.joda.time.field.TestUnsupportedDateTimeField" time="0.001"/>
  <testcase name="testPublicGetNameMethod931" classname="org.joda.time.field.TestUnsupportedDateTimeField" time="0"/>
  <testcase name="testToString934" classname="org.joda.time.field.TestUnsupportedDateTimeField" time="0.001"/>
  <testcase name="testAlwaysFalseReturnTypes929" classname="org.joda.time.field.TestUnsupportedDateTimeField" time="0"/>
  <testcase name="testDelegatedMethods930" classname="org.joda.time.field.TestUnsupportedDateTimeField" time="0"/>
  <testcase name="testPrint_zone1344" classname="org.joda.time.format.TestDateTimeFormatter" time="0.001"/>
  <testcase name="testParseMutableDateTime_zone1345" classname="org.joda.time.format.TestDateTimeFormatter" time="0.001"/>
  <testcase name="testWithGetZone1346" classname="org.joda.time.format.TestDateTimeFormatter" time="0.001"/>
  <testcase name="testParseLocalDate_yearOfCentury1347" classname="org.joda.time.format.TestDateTimeFormatter" time="0.002"/>
  <testcase name="testWithGetPivotYear1348" classname="org.joda.time.format.TestDateTimeFormatter" time="0"/>
  <testcase name="testParseLocalDate_monthDay_withDefaultYear_feb291349" classname="org.joda.time.format.TestDateTimeFormatter" time="0"/>
  <testcase name="testParseInto_simple1350" classname="org.joda.time.format.TestDateTimeFormatter" time="0.001"/>
  <testcase name="testParseInto_offsetParsed1351" classname="org.joda.time.format.TestDateTimeFormatter" time="0.001"/>
  <testcase name="testParseInto_zone1352" classname="org.joda.time.format.TestDateTimeFormatter" time="0.001"/>
  <testcase name="testParseLocalDateTime_simple1353" classname="org.joda.time.format.TestDateTimeFormatter" time="0.001"/>
  <testcase name="testParseMutableDateTime_simple1354" classname="org.joda.time.format.TestDateTimeFormatter" time="0.001"/>
  <testcase name="testPrint_simple522" classname="org.joda.time.format.TestDateTimeFormatter" time="0"/>
  <testcase name="testPrint_appendableMethods605" classname="org.joda.time.format.TestDateTimeFormatter" time="0.001"/>
  <testcase name="testParseLocalTime_simple968" classname="org.joda.time.format.TestDateTimeFormatter" time="0.001"/>
  <testcase name="testParseInto_monthDay_feb29_tokyo_startOfYear1339" classname="org.joda.time.format.TestDateTimeFormatter" time="0.001"/>
  <testcase name="testWithGetLocale1340" classname="org.joda.time.format.TestDateTimeFormatter" time="0"/>
  <testcase name="testWithGetChronology1343" classname="org.joda.time.format.TestDateTimeFormatter" time="0.001"/>
  <testcase name="testParseLocalDate_weekyear_month_week_20111342" classname="org.joda.time.format.TestDateTimeFormatter" time="0.001"/>
  <testcase name="testWithGetOffsetParsedMethods1341" classname="org.joda.time.format.TestDateTimeFormatter" time="0"/>
  <testcase name="testParseMillis_fractionOfSecondLong1114" classname="org.joda.time.format.TestDateTimeFormatter" time="0.001"/>
  <testcase name="testParseDateTime_simple_precedence954" classname="org.joda.time.format.TestDateTimeFormatter" time="0.001"/>
  <testcase name="testParseMutableDateTime_offsetParsed406" classname="org.joda.time.format.TestDateTimeFormatter" time="0"/>
  <testcase name="testParseLocalDate_year_month_week_2010121" classname="org.joda.time.format.TestDateTimeFormatter" time="0"/>
  <testcase name="testParseLocalDate_weekyear_month_week_2012221" classname="org.joda.time.format.TestDateTimeFormatter" time="0.001"/>
  <testcase name="testPrint_writerMethods404" classname="org.joda.time.format.TestDateTimeFormatter" time="0.001"/>
  <testcase name="testParseLocalDate_yearOfEra130" classname="org.joda.time.format.TestDateTimeFormatter" time="0.001"/>
  <testcase name="testPrint_chrono_and_zone152" classname="org.joda.time.format.TestDateTimeFormatter" time="0.001"/>
  <testcase name="testFormat_centuryOfEra207" classname="org.joda.time.format.TestDateTimeFormat" time="0.001"/>
  <testcase name="testFormatParse_textMonthAtEnd_France_withSpecifiedDefault551" classname="org.joda.time.format.TestDateTimeFormat" time="0.002"/>
  <testcase name="testFormat_weekyearOfEra_twoDigit211" classname="org.joda.time.format.TestDateTimeFormat" time="0.002"/>
  <testcase name="testFormatParse_textMonthApr_Korean214" classname="org.joda.time.format.TestDateTimeFormat" time="0.004"/>
  <testcase name="testFormat_yearOfEra_twoDigit209" classname="org.joda.time.format.TestDateTimeFormat" time="0.001"/>
  <testcase name="testFormat_shortBasicParse210" classname="org.joda.time.format.TestDateTimeFormat" time="0.001"/>
  <testcase name="testFormatParse_zoneId_colon223" classname="org.joda.time.format.TestDateTimeFormat" time="0"/>
  <testcase name="testFormat_zoneAmountID224" classname="org.joda.time.format.TestDateTimeFormat" time="0.002"/>
  <testcase name="testFormat_invalid225" classname="org.joda.time.format.TestDateTimeFormat" time="0"/>
  <testcase name="testFormat_other226" classname="org.joda.time.format.TestDateTimeFormat" time="0"/>
  <testcase name="testFormatParse_textHalfdayAM_France254" classname="org.joda.time.format.TestDateTimeFormat" time="0.001"/>
  <testcase name="testFormat_yearOfEra213" classname="org.joda.time.format.TestDateTimeFormat" time="0"/>
  <testcase name="testFormat_clockhourOfDay216" classname="org.joda.time.format.TestDateTimeFormat" time="0.001"/>
  <testcase name="testFormat_hourOfHalfday217" classname="org.joda.time.format.TestDateTimeFormat" time="0.008"/>
  <testcase name="testFormatParse_textYear_UK407" classname="org.joda.time.format.TestDateTimeFormat" time="0.012"/>
  <testcase name="testFormatParse_textMonthJanShort_France790" classname="org.joda.time.format.TestDateTimeFormat" time="0.007"/>
  <testcase name="testFormatParse_textHalfdayAM_UK823" classname="org.joda.time.format.TestDateTimeFormat" time="0.001"/>
  <testcase name="testFormat_year_twoDigit1116" classname="org.joda.time.format.TestDateTimeFormat" time="0.001"/>
  <testcase name="testFormat_dayOfWeekText1117" classname="org.joda.time.format.TestDateTimeFormat" time="0"/>
  <testcase name="testFormatParse_textEraAD_UK1118" classname="org.joda.time.format.TestDateTimeFormat" time="0.001"/>
  <testcase name="testFormat_second218" classname="org.joda.time.format.TestDateTimeFormat" time="0"/>
  <testcase name="testFormat_fractionOfSecondLong219" classname="org.joda.time.format.TestDateTimeFormat" time="0.001"/>
  <testcase name="testFormat_dayOfYearText220" classname="org.joda.time.format.TestDateTimeFormat" time="0.001"/>
  <testcase name="testFormat_zoneAmount222" classname="org.joda.time.format.TestDateTimeFormat" time="0"/>
  <testcase name="testFormat_weekyear208" classname="org.joda.time.format.TestDateTimeFormat" time="0.001"/>
  <testcase name="testFormat_monthOfYearShortText215" classname="org.joda.time.format.TestDateTimeFormat" time="0"/>
  <testcase name="testFormat_minute197" classname="org.joda.time.format.TestDateTimeFormat" time="0.001"/>
  <testcase name="testFormat_era206" classname="org.joda.time.format.TestDateTimeFormat" time="0"/>
  <testcase name="testFormat_year_long212" classname="org.joda.time.format.TestDateTimeFormat" time="0.001"/>
  <testcase name="testFormatParse_zoneId_noColon1127" classname="org.joda.time.format.TestDateTimeFormat" time="0"/>
  <testcase name="testForStyle_longDate203" classname="org.joda.time.format.TestDateTimeFormatStyle" time="0.009"/>
  <testcase name="testForStyle_mediumDate200" classname="org.joda.time.format.TestDateTimeFormatStyle" time="0.002"/>
  <testcase name="testForStyle_fullDate204" classname="org.joda.time.format.TestDateTimeFormatStyle" time="0.001"/>
  <testcase name="testForStyle_invalidStrings227" classname="org.joda.time.format.TestDateTimeFormatStyle" time="0"/>
  <testcase name="testForStyle_mediumTime201" classname="org.joda.time.format.TestDateTimeFormatStyle" time="0.002"/>
  <testcase name="testForStyle_mediumDateTime202" classname="org.joda.time.format.TestDateTimeFormatStyle" time="0.002"/>
  <testcase name="testForStyle_shortDateTime198" classname="org.joda.time.format.TestDateTimeFormatStyle" time="0.002"/>
  <testcase name="testForStyle_shortDate199" classname="org.joda.time.format.TestDateTimeFormatStyle" time="0.003"/>
  <testcase name="testForStyle_shortMediumDateTime1123" classname="org.joda.time.format.TestDateTimeFormatStyle" time="0"/>
  <testcase name="testFormat_tTimeNoMillis864" classname="org.joda.time.format.TestISODateTimeFormat" time="0.001"/>
  <testcase name="testFormat_year879" classname="org.joda.time.format.TestISODateTimeFormat" time="0"/>
  <testcase name="testFormat_yearMonth880" classname="org.joda.time.format.TestISODateTimeFormat" time="0"/>
  <testcase name="testFormat_yearMonthDay881" classname="org.joda.time.format.TestISODateTimeFormat" time="0"/>
  <testcase name="testFormat_weekyear882" classname="org.joda.time.format.TestISODateTimeFormat" time="0.001"/>
  <testcase name="testFormat_weekyearWeek883" classname="org.joda.time.format.TestISODateTimeFormat" time="0"/>
  <testcase name="testFormat_weekyearWeekDay884" classname="org.joda.time.format.TestISODateTimeFormat" time="0.001"/>
  <testcase name="testFormat_hour885" classname="org.joda.time.format.TestISODateTimeFormat" time="0"/>
  <testcase name="testFormat_dateHour886" classname="org.joda.time.format.TestISODateTimeFormat" time="0"/>
  <testcase name="testFormat_dateHourMinuteSecond887" classname="org.joda.time.format.TestISODateTimeFormat" time="0.001"/>
  <testcase name="testFormat_dateHourMinuteSecondMillis888" classname="org.joda.time.format.TestISODateTimeFormat" time="0"/>
  <testcase name="testFormat_dateHourMinuteSecondFraction889" classname="org.joda.time.format.TestISODateTimeFormat" time="0"/>
  <testcase name="testFormat_basicOrdinalDateTimeNoMillis875" classname="org.joda.time.format.TestISODateTimeFormat" time="0.001"/>
  <testcase name="testFormat_basicWeekDateTimeNoMillis878" classname="org.joda.time.format.TestISODateTimeFormat" time="0"/>
  <testcase name="testFormat_basicDateTimeNoMillis873" classname="org.joda.time.format.TestISODateTimeFormat" time="0"/>
  <testcase name="testFormat_basicWeekDate876" classname="org.joda.time.format.TestISODateTimeFormat" time="0"/>
  <testcase name="testFormat_timeNoMillis_partial862" classname="org.joda.time.format.TestISODateTimeFormat" time="0.001"/>
  <testcase name="testFormat_basicTTime870" classname="org.joda.time.format.TestISODateTimeFormat" time="0"/>
  <testcase name="testFormat_weekDateTime821" classname="org.joda.time.format.TestISODateTimeFormat" time="0"/>
  <testcase name="testSubclassableConstructor837" classname="org.joda.time.format.TestISODateTimeFormat" time="0.001"/>
  <testcase name="testForFields_calBased_MD846" classname="org.joda.time.format.TestISODateTimeFormat_Fields" time="0.001"/>
  <testcase name="testForFields_ordinalBased_YD847" classname="org.joda.time.format.TestISODateTimeFormat_Fields" time="0.001"/>
  <testcase name="testForFields_calBased_YM845" classname="org.joda.time.format.TestISODateTimeFormat_Fields" time="0"/>
  <testcase name="testForFields_weekBased_D843" classname="org.joda.time.format.TestISODateTimeFormat_Fields" time="0.002"/>
  <testcase name="testForFields_weekBased_Y844" classname="org.joda.time.format.TestISODateTimeFormat_Fields" time="0.001"/>
  <testcase name="testForFields_calBased_YD842" classname="org.joda.time.format.TestISODateTimeFormat_Fields" time="0.001"/>
  <testcase name="testForFields_null838" classname="org.joda.time.format.TestISODateTimeFormat_Fields" time="0"/>
  <testcase name="testForFields_weekBased_YD848" classname="org.joda.time.format.TestISODateTimeFormat_Fields" time="0.001"/>
  <testcase name="testForFields_time_Mm851" classname="org.joda.time.format.TestISODateTimeFormat_Fields" time="0"/>
  <testcase name="testForFields_time_HSm852" classname="org.joda.time.format.TestISODateTimeFormat_Fields" time="0.001"/>
  <testcase name="testForFields_time_MS853" classname="org.joda.time.format.TestISODateTimeFormat_Fields" time="0.001"/>
  <testcase name="testForFields_ordinalBased_D840" classname="org.joda.time.format.TestISODateTimeFormat_Fields" time="0"/>
  <testcase name="testForFields_weekBased_YW196" classname="org.joda.time.format.TestISODateTimeFormat_Fields" time="0.001"/>
  <testcase name="testForFields_datetime_YH530" classname="org.joda.time.format.TestISODateTimeFormat_Fields" time="0"/>
  <testcase name="testForFields_calBased_YMD_unmodifiable839" classname="org.joda.time.format.TestISODateTimeFormat_Fields" time="0.001"/>
  <testcase name="testForFields_weekBased_YWD841" classname="org.joda.time.format.TestISODateTimeFormat_Fields" time="0.001"/>
  <testcase name="testForFields_weekBased_WD849" classname="org.joda.time.format.TestISODateTimeFormat_Fields" time="0"/>
  <testcase name="testForFields_datetime_DM850" classname="org.joda.time.format.TestISODateTimeFormat_Fields" time="0.001"/>
  <testcase name="test_timeParser856" classname="org.joda.time.format.TestISODateTimeFormatParsing" time="0.001"/>
  <testcase name="test_localDateParser855" classname="org.joda.time.format.TestISODateTimeFormatParsing" time="0.001"/>
  <testcase name="test_localDateOptionalTimeParser861" classname="org.joda.time.format.TestISODateTimeFormatParsing" time="0.002"/>
  <testcase name="test_time1216" classname="org.joda.time.format.TestISODateTimeFormatParsing" time="0"/>
  <testcase name="test_tTime863" classname="org.joda.time.format.TestISODateTimeFormatParsing" time="0.001"/>
  <testcase name="test_dateElementParser194" classname="org.joda.time.format.TestISODateTimeFormatParsing" time="0.002"/>
  <testcase name="test_basicOrdinalDateTime606" classname="org.joda.time.format.TestISODateTimeFormatParsing" time="0.001"/>
  <testcase name="test_localTimeParser857" classname="org.joda.time.format.TestISODateTimeFormatParsing" time="0.001"/>
  <testcase name="test_timeElementParser858" classname="org.joda.time.format.TestISODateTimeFormatParsing" time="0.001"/>
  <testcase name="test_dateTimeParser859" classname="org.joda.time.format.TestISODateTimeFormatParsing" time="0.002"/>
  <testcase name="test_dateOptionalTimeParser860" classname="org.joda.time.format.TestISODateTimeFormatParsing" time="0.001"/>
  <testcase name="test_ordinalDate865" classname="org.joda.time.format.TestISODateTimeFormatParsing" time="0"/>
  <testcase name="test_dateParser854" classname="org.joda.time.format.TestISODateTimeFormatParsing" time="0.001"/>
  <testcase name="test_ordinalDateTime866" classname="org.joda.time.format.TestISODateTimeFormatParsing" time="0.005"/>
  <testcase name="test_weekDateTimeNoMillis867" classname="org.joda.time.format.TestISODateTimeFormatParsing" time="0"/>
  <testcase name="test_basicDate868" classname="org.joda.time.format.TestISODateTimeFormatParsing" time="0"/>
  <testcase name="test_basicTimeNoMillis869" classname="org.joda.time.format.TestISODateTimeFormatParsing" time="0"/>
  <testcase name="test_basicTTimeNoMillis871" classname="org.joda.time.format.TestISODateTimeFormatParsing" time="0"/>
  <testcase name="test_basicDateTime872" classname="org.joda.time.format.TestISODateTimeFormatParsing" time="0"/>
  <testcase name="test_basicOrdinalDate874" classname="org.joda.time.format.TestISODateTimeFormatParsing" time="0"/>
  <testcase name="test_basicWeekDateTime877" classname="org.joda.time.format.TestISODateTimeFormatParsing" time="0"/>
  <testcase name="test_canBuildParser1107" classname="org.joda.time.format.TestDateTimeFormatterBuilder" time="0"/>
  <testcase name="test_canBuildFormatter1106" classname="org.joda.time.format.TestDateTimeFormatterBuilder" time="0"/>
  <testcase name="test_append_Printer_nullParser1111" classname="org.joda.time.format.TestDateTimeFormatterBuilder" time="0.001"/>
  <testcase name="test_appendFixedSignedDecimal1113" classname="org.joda.time.format.TestDateTimeFormatterBuilder" time="0"/>
  <testcase name="test_append_nullParser1109" classname="org.joda.time.format.TestDateTimeFormatterBuilder" time="0"/>
  <testcase name="test_append_Parser1110" classname="org.joda.time.format.TestDateTimeFormatterBuilder" time="0"/>
  <testcase name="test_append_Formatter1108" classname="org.joda.time.format.TestDateTimeFormatterBuilder" time="0"/>
  <testcase name="test_append_nullPrinter_Parser1104" classname="org.joda.time.format.TestDateTimeFormatterBuilder" time="0"/>
  <testcase name="test_appendOptional_Parser1112" classname="org.joda.time.format.TestDateTimeFormatterBuilder" time="0"/>
  <testcase name="test_printParseZoneParis1119" classname="org.joda.time.format.TestDateTimeFormatterBuilder" time="0.002"/>
  <testcase name="test_parseWrongOffsetAndZone1128" classname="org.joda.time.format.TestDateTimeFormatterBuilder" time="0.001"/>
  <testcase name="test_appendTimeZoneId1129" classname="org.joda.time.format.TestDateTimeFormatterBuilder" time="0"/>
  <testcase name="test_toFormatter1103" classname="org.joda.time.format.TestDateTimeFormatterBuilder" time="0.001"/>
  <testcase name="test_toParser1105" classname="org.joda.time.format.TestDateTimeFormatterBuilder" time="0"/>
  <testcase name="test_parseWrongOffset205" classname="org.joda.time.format.TestDateTimeFormatterBuilder" time="0.001"/>
  <testcase name="test_appendFixedDecimal403" classname="org.joda.time.format.TestDateTimeFormatterBuilder" time="0.001"/>
  <testcase name="testPrinterParserMethods628" classname="org.joda.time.format.TestPeriodFormatter" time="0.001"/>
  <testcase name="testWithGetParseTypeMethods629" classname="org.joda.time.format.TestPeriodFormatter" time="0"/>
  <testcase name="testPrint_writerMethods180" classname="org.joda.time.format.TestPeriodFormatter" time="0.001"/>
  <testcase name="testParsePeriod_simple189" classname="org.joda.time.format.TestPeriodFormatter" time="0"/>
  <testcase name="testParseInto_simple631" classname="org.joda.time.format.TestPeriodFormatter" time="0.001"/>
  <testcase name="testParsePeriod_parseType830" classname="org.joda.time.format.TestPeriodFormatter" time="0"/>
  <testcase name="testPrint_bufferMethods630" classname="org.joda.time.format.TestPeriodFormatter" time="0"/>
  <testcase name="testParseMutablePeriod_simple1204" classname="org.joda.time.format.TestPeriodFormatter" time="0.001"/>
  <testcase name="test_wordBased_nl_parseTwoFields95" classname="org.joda.time.format.TestPeriodFormat" time="0.001"/>
  <testcase name="test_wordBased_de_FormatOneField750" classname="org.joda.time.format.TestPeriodFormat" time="0.002"/>
  <testcase name="test_wordBased_fr_formatStandard177" classname="org.joda.time.format.TestPeriodFormat" time="0.001"/>
  <testcase name="test_wordBased_nl_formatStandard751" classname="org.joda.time.format.TestPeriodFormat" time="0.001"/>
  <testcase name="test_getDefault_cached749" classname="org.joda.time.format.TestPeriodFormat" time="0"/>
  <testcase name="testFormatStandard_negative183" classname="org.joda.time.format.TestISOPeriodFormat" time="0.001"/>
  <testcase name="testFormatAlternateExtended251" classname="org.joda.time.format.TestISOPeriodFormat" time="0.002"/>
  <testcase name="testFormatAlternateExtendedWithWeeks252" classname="org.joda.time.format.TestISOPeriodFormat" time="0.001"/>
  <testcase name="testParseStandardFail1190" classname="org.joda.time.format.TestISOPeriodFormatParsing" time="0.001"/>
  <testcase name="testParseCustom170" classname="org.joda.time.format.TestPeriodFormatParsing" time="0.001"/>
  <testcase name="testBug2495455158" classname="org.joda.time.format.TestPeriodFormatterBuilder" time="0.001"/>
  <testcase name="testFormatPrefixSimple3164" classname="org.joda.time.format.TestPeriodFormatterBuilder" time="0"/>
  <testcase name="testFormatAppend_PrinterParser_Printer_null_null_Parser155" classname="org.joda.time.format.TestPeriodFormatterBuilder" time="0"/>
  <testcase name="testFormatPrefixSimple2156" classname="org.joda.time.format.TestPeriodFormatterBuilder" time="0.001"/>
  <testcase name="testFormatMillis3Digit171" classname="org.joda.time.format.TestPeriodFormatterBuilder" time="0"/>
  <testcase name="testFormatSuffixPlural3172" classname="org.joda.time.format.TestPeriodFormatterBuilder" time="0"/>
  <testcase name="testFormatSuffixPlural4173" classname="org.joda.time.format.TestPeriodFormatterBuilder" time="0.001"/>
  <testcase name="testFormatSeparatorSimple174" classname="org.joda.time.format.TestPeriodFormatterBuilder" time="0"/>
  <testcase name="testFormatSeparatorIfFieldsAfter175" classname="org.joda.time.format.TestPeriodFormatterBuilder" time="0"/>
  <testcase name="testFormatSeparatorComplex176" classname="org.joda.time.format.TestPeriodFormatterBuilder" time="0.001"/>
  <testcase name="testFormatAppend_PrinterParser_null_Parser178" classname="org.joda.time.format.TestPeriodFormatterBuilder" time="0.001"/>
  <testcase name="testFormatAppend_PrinterParser_Printer_null179" classname="org.joda.time.format.TestPeriodFormatterBuilder" time="0"/>
  <testcase name="testFormatSecondsWithOptionalMillis182" classname="org.joda.time.format.TestPeriodFormatterBuilder" time="0.001"/>
  <testcase name="testFormatMinDigits160" classname="org.joda.time.format.TestPeriodFormatterBuilder" time="0"/>
  <testcase name="testFormatPrintZeroRarelyLast161" classname="org.joda.time.format.TestPeriodFormatterBuilder" time="0"/>
  <testcase name="testFormatPrintZeroRarelyFirst162" classname="org.joda.time.format.TestPeriodFormatterBuilder" time="0.001"/>
  <testcase name="testFormatPrintZeroIfSupported163" classname="org.joda.time.format.TestPeriodFormatterBuilder" time="0"/>
  <testcase name="testFormatPrintZeroRarelyFirstSeconds168" classname="org.joda.time.format.TestPeriodFormatterBuilder" time="0"/>
  <testcase name="testFormatPrefixPlural2165" classname="org.joda.time.format.TestPeriodFormatterBuilder" time="0.001"/>
  <testcase name="testFormatPrefixPlural3166" classname="org.joda.time.format.TestPeriodFormatterBuilder" time="0"/>
  <testcase name="testFormatSuffixPlural1167" classname="org.joda.time.format.TestPeriodFormatterBuilder" time="0"/>
  <testcase name="testFormatSecondsWithMillis169" classname="org.joda.time.format.TestPeriodFormatterBuilder" time="0.001"/>
  <testcase name="testFormatMillis170" classname="org.joda.time.format.TestPeriodFormatterBuilder" time="0"/>
  <testcase name="testFormatAppend_PrinterParser_PrinterParser184" classname="org.joda.time.format.TestPeriodFormatterBuilder" time="0"/>
  <testcase name="testFormatPrintZeroRarelyFirstMinutes188" classname="org.joda.time.format.TestPeriodFormatterBuilder" time="0"/>
  <testcase name="testFormatAppend_PrinterParser_null_null159" classname="org.joda.time.format.TestPeriodFormatterBuilder" time="0.001"/>
  <testcase name="testFormatAppend_PrinterParserThenClear157" classname="org.joda.time.format.TestPeriodFormatterBuilder" time="0"/>
  <testcase name="testFormatSuffixPlural271" classname="org.joda.time.format.TestPeriodFormatterBuilder" time="0"/>
  <testcase name="warning" classname="junit.framework.TestSuite$1" time="0.005">
    <failure message="No tests found in org.joda.time.format.TestTextFields" type="junit.framework.AssertionFailedError">junit.framework.AssertionFailedError: No tests found in org.joda.time.format.TestTextFields
	at junit.framework.Assert.fail(Assert.java:47)
	at junit.framework.TestSuite$1.runTest(TestSuite.java:90)
	at junit.framework.TestCase.runBare(TestCase.java:130)
	at junit.framework.TestResult$1.protect(TestResult.java:106)
	at junit.framework.TestResult.runProtected(TestResult.java:124)
	at junit.framework.TestResult.run(TestResult.java:109)
	at junit.framework.TestCase.run(TestCase.java:120)
	at junit.framework.TestSuite.runTest(TestSuite.java:230)
	at junit.framework.TestSuite.run(TestSuite.java:225)
	at junit.framework.TestSuite.runTest(TestSuite.java:230)
	at junit.framework.TestSuite.run(TestSuite.java:225)
	at junit.framework.TestSuite.runTest(TestSuite.java:230)
	at junit.framework.TestSuite.run(TestSuite.java:225)
	at sun.reflect.NativeMethodAccessorImpl.invoke0(Native Method)
	at sun.reflect.NativeMethodAccessorImpl.invoke(NativeMethodAccessorImpl.java:62)
	at sun.reflect.DelegatingMethodAccessorImpl.invoke(DelegatingMethodAccessorImpl.java:43)
	at java.lang.reflect.Method.invoke(Method.java:498)
	at org.apache.maven.surefire.junit.JUnitTestSet.execute(JUnitTestSet.java:95)
	at org.apache.maven.surefire.junit.JUnit3Provider.executeTestSet(JUnit3Provider.java:131)
	at org.apache.maven.surefire.junit.JUnit3Provider.invoke(JUnit3Provider.java:108)
	at org.apache.maven.surefire.booter.ForkedBooter.invokeProviderInSameClassLoader(ForkedBooter.java:200)
	at org.apache.maven.surefire.booter.ForkedBooter.runSuitesInProcess(ForkedBooter.java:153)
	at org.apache.maven.surefire.booter.ForkedBooter.main(ForkedBooter.java:103)
</failure>
  </testcase>
  <testcase name="testGetAvailableIDs1337" classname="org.joda.time.tz.TestUTCProvider" time="0"/>
  <testcase name="testGetZone_String1338" classname="org.joda.time.tz.TestUTCProvider" time="0"/>
  <testcase name="testFixed257" classname="org.joda.time.tz.TestBuilder" time="0"/>
  <testcase name="testID529" classname="org.joda.time.tz.TestBuilder" time="0.006"/>
  <testcase name="testCompile259" classname="org.joda.time.tz.TestCompiler" time="0.083"/>
  <testcase name="testDateTimeZoneBuilder260" classname="org.joda.time.tz.TestCompiler" time="0.005"/>
  <testcase name="test_2400_last907" classname="org.joda.time.tz.TestCompiler" time="0"/>
  <testcase name="test_2400_fromDay908" classname="org.joda.time.tz.TestCompiler" time="0"/>
  <testcase name="test_Amman_2006915" classname="org.joda.time.tz.TestCompiler" time="0"/>
  <testcase name="warning" classname="junit.framework.TestSuite$1" time="0">
    <failure message="No tests found in org.joda.time.tz.TestCachedDateTimeZone" type="junit.framework.AssertionFailedError">junit.framework.AssertionFailedError: No tests found in org.joda.time.tz.TestCachedDateTimeZone
	at junit.framework.Assert.fail(Assert.java:47)
	at junit.framework.TestSuite$1.runTest(TestSuite.java:90)
	at junit.framework.TestCase.runBare(TestCase.java:130)
	at junit.framework.TestResult$1.protect(TestResult.java:106)
	at junit.framework.TestResult.runProtected(TestResult.java:124)
	at junit.framework.TestResult.run(TestResult.java:109)
	at junit.framework.TestCase.run(TestCase.java:120)
	at junit.framework.TestSuite.runTest(TestSuite.java:230)
	at junit.framework.TestSuite.run(TestSuite.java:225)
	at junit.framework.TestSuite.runTest(TestSuite.java:230)
	at junit.framework.TestSuite.run(TestSuite.java:225)
	at junit.framework.TestSuite.runTest(TestSuite.java:230)
	at junit.framework.TestSuite.run(TestSuite.java:225)
	at sun.reflect.NativeMethodAccessorImpl.invoke0(Native Method)
	at sun.reflect.NativeMethodAccessorImpl.invoke(NativeMethodAccessorImpl.java:62)
	at sun.reflect.DelegatingMethodAccessorImpl.invoke(DelegatingMethodAccessorImpl.java:43)
	at java.lang.reflect.Method.invoke(Method.java:498)
	at org.apache.maven.surefire.junit.JUnitTestSet.execute(JUnitTestSet.java:95)
	at org.apache.maven.surefire.junit.JUnit3Provider.executeTestSet(JUnit3Provider.java:131)
	at org.apache.maven.surefire.junit.JUnit3Provider.invoke(JUnit3Provider.java:108)
	at org.apache.maven.surefire.booter.ForkedBooter.invokeProviderInSameClassLoader(ForkedBooter.java:200)
	at org.apache.maven.surefire.booter.ForkedBooter.runSuitesInProcess(ForkedBooter.java:153)
	at org.apache.maven.surefire.booter.ForkedBooter.main(ForkedBooter.java:103)
</failure>
  </testcase>
  <testcase name="testHashCode914" classname="org.joda.time.tz.TestFixedDateTimeZone" time="0"/>
  <testcase name="testToTimeZone2916" classname="org.joda.time.tz.TestFixedDateTimeZone" time="0"/>
  <testcase name="testEquals918" classname="org.joda.time.tz.TestFixedDateTimeZone" time="0.001"/>
  <testcase name="testToTimeZone1917" classname="org.joda.time.tz.TestFixedDateTimeZone" time="0"/>
</testsuite>