<?xml version="1.0" encoding="UTF-8" ?>
<testsuite errors="0" failures="0" hostname="sepehr-UX310UQK" name="com.google.javascript.jscomp.TypeCheckTest" skipped="0" tests="171" time="1.076" timestamp="2023-01-12T21:04:26">
  <properties>
    <property name="java.vendor" value="Private Build" />
    <property name="lib.dir" value="/home/sepehr/masters/test_generation/model_generated_coverage/Closure1f_train/lib" />
    <property name="sun.java.launcher" value="SUN_STANDARD" />
    <property name="sun.management.compiler" value="HotSpot 64-Bit Tiered Compilers" />
    <property name="os.name" value="Linux" />
    <property name="clover.historical.json" value="true" />
    <property name="sun.boot.class.path" value="/usr/lib/jvm/java-8-openjdk-amd64/jre/lib/resources.jar:/usr/lib/jvm/java-8-openjdk-amd64/jre/lib/rt.jar:/usr/lib/jvm/java-8-openjdk-amd64/jre/lib/sunrsasign.jar:/usr/lib/jvm/java-8-openjdk-amd64/jre/lib/jsse.jar:/usr/lib/jvm/java-8-openjdk-amd64/jre/lib/jce.jar:/usr/lib/jvm/java-8-openjdk-amd64/jre/lib/charsets.jar:/usr/lib/jvm/java-8-openjdk-amd64/jre/lib/jfr.jar:/usr/lib/jvm/java-8-openjdk-amd64/jre/classes" />
    <property name="build.svnVersion" value="Unversioned directory" />
    <property name="sun.desktop" value="gnome" />
    <property name="maven-repository-id" value="sonatype-nexus-staging" />
    <property name="java.vm.specification.vendor" value="Oracle Corporation" />
    <property name="ant.home" value="/usr/share/ant" />
    <property name="jsonml-jarfile" value="/home/sepehr/masters/test_generation/model_generated_coverage/Closure1f_train/build/secure_compiler.jar" />
    <property name="java.runtime.version" value="1.8.0_352-8u352-ga-1~20.04-b08" />
    <property name="gen.dir" value="/home/sepehr/masters/test_generation/model_generated_coverage/Closure1f_train/gen" />
    <property name="clover.project.historydir" value="/home/sepehr/masters/test_generation/model_generated_coverage/Closure1f_train/.cloverhistory/compiler" />
    <property name="clover.flushinterval" value="100" />
    <property name="user.name" value="sepehr" />
    <property name="ant.file.compiler" value="/home/sepehr/masters/test_generation/model_generated_coverage/Closure1f_train/build.xml" />
    <property name="build.dir" value="/home/sepehr/masters/test_generation/model_generated_coverage/Closure1f_train/build" />
    <property name="jsonml.dir" value="/home/sepehr/masters/test_generation/model_generated_coverage/Closure1f_train/src/com/google/javascript/jscomp/jsonml" />
    <property name="ant.build.javac.target" value="1.6" />
    <property name="stylesheetfile" value="/home/sepehr/masters/test_generation/model_generated_coverage/Closure1f_train/build/javadoc/dev_javadoc.css" />
    <property name="user.language" value="en" />
    <property name="sun.boot.library.path" value="/usr/lib/jvm/java-8-openjdk-amd64/jre/lib/amd64" />
    <property name="ant.project.default-target" value="jar" />
    <property name="ant.project.name" value="compiler" />
    <property name="java.version" value="1.8.0_352" />
    <property name="user.timezone" value="" />
    <property name="sun.arch.data.model" value="64" />
    <property name="java.endorsed.dirs" value="/usr/lib/jvm/java-8-openjdk-amd64/jre/lib/endorsed" />
    <property name="sun.cpu.isalist" value="" />
    <property name="sun.jnu.encoding" value="UTF-8" />
    <property name="file.encoding.pkg" value="sun.io" />
    <property name="file.separator" value="/" />
    <property name="java.specification.name" value="Java Platform API Specification" />
    <property name="protoc.executable" value="protoc" />
    <property name="classes.dir" value="/home/sepehr/masters/test_generation/model_generated_coverage/Closure1f_train/build/classes" />
    <property name="clover.initstring" value="/home/sepehr/masters/test_generation/model_generated_coverage/Closure1f_train/.clover/clover4_4_1.db" />
    <property name="java.class.version" value="52.0" />
    <property name="testClasses.dir" value="/home/sepehr/masters/test_generation/model_generated_coverage/Closure1f_train/build/test" />
    <property name="user.country" value="US" />
    <property name="jsonml-classes.dir" value="/home/sepehr/masters/test_generation/model_generated_coverage/Closure1f_train/build/jsonml-classes" />
    <property name="java.home" value="/usr/lib/jvm/java-8-openjdk-amd64/jre" />
    <property name="clover.dir" value="/home/sepehr/masters/test_generation/model_generated_coverage/Closure1f_train/clover" />
    <property name="java.vm.info" value="mixed mode" />
    <property name="externs.dir" value="/home/sepehr/masters/test_generation/model_generated_coverage/Closure1f_train/externs" />
    <property name="ant.file" value="/home/sepehr/masters/test_generation/model_generated_coverage/Closure1f_train/build.xml" />
    <property name="os.version" value="5.15.0-57-generic" />
    <property name="javac.debug" value="on" />
    <property name="path.separator" value=":" />
    <property name="java.vm.version" value="25.352-b08" />
    <property name="num-fuzz-tests" value="10000" />
    <property name="ant.library.dir" value="/usr/share/ant/lib" />
    <property name="clover.jar" value="/home/sepehr/masters/test_generation/model_generated_coverage/Closure1f_train/${clover.home}/clover.jar" />
    <property name="java.awt.printerjob" value="sun.print.PSPrinterJob" />
    <property name="webservice-jarfile" value="/home/sepehr/masters/test_generation/model_generated_coverage/Closure1f_train/build/webservice.jar" />
    <property name="sun.io.unicode.encoding" value="UnicodeLittle" />
    <property name="test.fork" value="true" />
    <property name="webservice.dir" value="/home/sepehr/masters/test_generation/model_generated_coverage/Closure1f_train/src/com/google/javascript/jscomp/webservice" />
    <property name="java.specification.maintenance.version" value="4" />
    <property name="awt.toolkit" value="sun.awt.X11.XToolkit" />
    <property name="buildlib.dir" value="/home/sepehr/masters/test_generation/model_generated_coverage/Closure1f_train/build/lib" />
    <property name="ant.build.javac.source" value="1.6" />
    <property name="user.home" value="/home/sepehr" />
    <property name="java.specification.vendor" value="Oracle Corporation" />
    <property name="test.dir" value="/home/sepehr/masters/test_generation/model_generated_coverage/Closure1f_train/test" />
    <property name="clover.dest" value="/home/sepehr/masters/test_generation/model_generated_coverage/Closure1f_train/clover/compiler" />
    <property name="clover.span" value="1day" />
    <property name="java.library.path" value="/usr/java/packages/lib/amd64:/usr/lib/x86_64-linux-gnu/jni:/lib/x86_64-linux-gnu:/usr/lib/x86_64-linux-gnu:/usr/lib/jni:/lib:/usr/lib" />
    <property name="java.vendor.url" value="http://java.oracle.com/" />
    <property name="test.target" value="test" />
    <property name="java.vm.vendor" value="Private Build" />
    <property name="java.runtime.name" value="OpenJDK Runtime Environment" />
    <property name="ant.version" value="Apache Ant(TM) version 1.10.7 compiled on October 24 2019" />
    <property name="java.class.path" value="/home/sepehr/masters/test_generation/model_generated_coverage/Closure1f_train/build/classes:/home/sepehr/masters/test_generation/model_generated_coverage/Closure1f_train/lib/ant-launcher.jar:/home/sepehr/masters/test_generation/model_generated_coverage/Closure1f_train/lib/ant.jar:/home/sepehr/masters/test_generation/model_generated_coverage/Closure1f_train/lib/args4j.jar:/home/sepehr/masters/test_generation/model_generated_coverage/Closure1f_train/lib/caja-r4314.jar:/home/sepehr/masters/test_generation/model_generated_coverage/Closure1f_train/lib/guava.jar:/home/sepehr/masters/test_generation/model_generated_coverage/Closure1f_train/lib/jarjar.jar:/home/sepehr/masters/test_generation/model_generated_coverage/Closure1f_train/lib/json.jar:/home/sepehr/masters/test_generation/model_generated_coverage/Closure1f_train/lib/jsr305.jar:/home/sepehr/masters/test_generation/model_generated_coverage/Closure1f_train/lib/junit.jar:/home/sepehr/masters/test_generation/model_generated_coverage/Closure1f_train/lib/protobuf-java.jar:/home/sepehr/masters/test_generation/model_generated_coverage/Closure1f_train/build/lib/rhino.jar:/home/sepehr/masters/test_generation/model_generated_coverage/Closure1f_train/build/test:/home/sepehr/.ant/lib/clover.jar:/home/sepehr/.ant/lib/evosuite-1.0.6.jar:/usr/share/java/ant-launcher-1.10.7.jar:/usr/share/ant/lib/ant.jar:/usr/share/ant/lib/ant-junit.jar:/usr/share/ant/lib/ant-junit4.jar" />
    <property name="sun.java.command" value="org.apache.tools.ant.taskdefs.optional.junit.JUnitTestRunner testsfile=/home/sepehr/masters/test_generation/model_generated_coverage/Closure1f_train/junittestcases3123218496293849970.properties skipNonTests=false filtertrace=true haltOnError=false haltOnFailure=false formatter=org.apache.tools.ant.taskdefs.optional.junit.SummaryJUnitResultFormatter showoutput=true outputtoformatters=true logfailedtests=true threadid=0 logtestlistenerevents=false formatter=org.apache.tools.ant.taskdefs.optional.junit.BriefJUnitResultFormatter formatter=org.apache.tools.ant.taskdefs.optional.junit.XMLJUnitResultFormatter,/home/sepehr/masters/test_generation/model_generated_coverage/Closure1f_train/build/testoutput/IGNORETHIS.xml crashfile=/home/sepehr/masters/test_generation/model_generated_coverage/Closure1f_train/junitvmwatcher4044764787935093451.properties propsfile=/home/sepehr/masters/test_generation/model_generated_coverage/Closure1f_train/junit5110755408873315602.properties" />
    <property name="project.name" value="compiler" />
    <property name="test.class" value="*Test" />
    <property name="java.vm.specification.name" value="Java Virtual Machine Specification" />
    <property name="clover.snapshot.file" value="/home/sepehr/masters/test_generation/model_generated_coverage/Closure1f_train/.cloverhistory/compiler/clover.snapshot" />
    <property name="ant.file.type" value="file" />
    <property name="java.vm.specification.version" value="1.8" />
    <property name="sun.os.patch.level" value="unknown" />
    <property name="sun.cpu.endian" value="little" />
    <property name="java.io.tmpdir" value="/tmp" />
    <property name="project.title" value="compiler" />
    <property name="java.vendor.url.bug" value="http://bugreport.sun.com/bugreport/" />
    <property name="java.awt.graphicsenv" value="sun.awt.X11GraphicsEnvironment" />
    <property name="os.arch" value="amd64" />
    <property name="clover.jarpath" value="/home/sepehr/.ant/lib/clover.jar" />
    <property name="maven-repository-url" value="https://oss.sonatype.org/service/local/staging/deploy/maven2/" />
    <property name="webservice-classes.dir" value="/home/sepehr/masters/test_generation/model_generated_coverage/Closure1f_train/build/webservice-classes" />
    <property name="java.ext.dirs" value="/usr/lib/jvm/java-8-openjdk-amd64/jre/lib/ext:/usr/java/packages/lib/ext" />
    <property name="user.dir" value="/home/sepehr/masters/test_generation/model_generated_coverage/Closure1f_train" />
    <property name="ant.file.type.compiler" value="file" />
    <property name="line.separator" value="&#xa;" />
    <property name="java.vm.name" value="OpenJDK 64-Bit Server VM" />
    <property name="basedir" value="/home/sepehr/masters/test_generation/model_generated_coverage/Closure1f_train" />
    <property name="ant.java.version" value="1.8" />
    <property name="ant.core.lib" value="/usr/share/ant/lib/ant.jar" />
    <property name="file.encoding" value="UTF-8" />
    <property name="closure.build.dir" value="/home/sepehr/masters/test_generation/model_generated_coverage/Closure1f_train/build" />
    <property name="build.compiler" value="com.atlassian.clover.ant.taskdefs.CloverCompilerAdapter" />
    <property name="compiler-jarfile" value="/home/sepehr/masters/test_generation/model_generated_coverage/Closure1f_train/build/compiler.jar" />
    <property name="clover.historydir" value="/home/sepehr/masters/test_generation/model_generated_coverage/Closure1f_train/.cloverhistory" />
    <property name="java.specification.version" value="1.8" />
    <property name="src.dir" value="/home/sepehr/masters/test_generation/model_generated_coverage/Closure1f_train/src" />
    <property name="ant.project.invoked-targets" value="with.clover,test,clover.report" />
    <property name="javadoc.dir" value="/home/sepehr/masters/test_generation/model_generated_coverage/Closure1f_train/build/javadoc" />
    <property name="tools.dir" value="/home/sepehr/masters/test_generation/model_generated_coverage/Closure1f_train/tools" />
    <property name="clover.flushpolicy" value="directed" />
  </properties>
  <testcase classname="com.google.javascript.jscomp.TypeCheckTest" name="testConstructorType12139" time="0.006" />
  <testcase classname="com.google.javascript.jscomp.TypeCheckTest" name="testObjLitDef2a377" time="0.006" />
  <testcase classname="com.google.javascript.jscomp.TypeCheckTest" name="testInterfaceInheritanceCheck133" time="0.007" />
  <testcase classname="com.google.javascript.jscomp.TypeCheckTest" name="testNoTypeCheck7156" time="0.006" />
  <testcase classname="com.google.javascript.jscomp.TypeCheckTest" name="testAnnotatedPropertyOnInterface4393" time="0.01" />
  <testcase classname="com.google.javascript.jscomp.TypeCheckTest" name="testSwitchCase3424" time="0.006" />
  <testcase classname="com.google.javascript.jscomp.TypeCheckTest" name="testTypeCheckStandaloneAST429" time="0.003" />
  <testcase classname="com.google.javascript.jscomp.TypeCheckTest" name="testConstructorType4509" time="0.005" />
  <testcase classname="com.google.javascript.jscomp.TypeCheckTest" name="testGoodImplements6521" time="0.006" />
  <testcase classname="com.google.javascript.jscomp.TypeCheckTest" name="testTemplateType5534" time="0.009" />
  <testcase classname="com.google.javascript.jscomp.TypeCheckTest" name="testIssue483593" time="0.007" />
  <testcase classname="com.google.javascript.jscomp.TypeCheckTest" name="testCast16599" time="0.007" />
  <testcase classname="com.google.javascript.jscomp.TypeCheckTest" name="testForwardTypeDeclaration5629" time="0.003" />
  <testcase classname="com.google.javascript.jscomp.TypeCheckTest" name="testTypeInferenceWithNoEntry1651" time="0.007" />
  <testcase classname="com.google.javascript.jscomp.TypeCheckTest" name="testNumericComparison2662" time="0.005" />
  <testcase classname="com.google.javascript.jscomp.TypeCheckTest" name="testExtendedInterfacePropertiesCompatibility4683" time="0.007" />
  <testcase classname="com.google.javascript.jscomp.TypeCheckTest" name="testGetpropDict1693" time="0.006" />
  <testcase classname="com.google.javascript.jscomp.TypeCheckTest" name="testThisTypeOfFunction1724" time="0.005" />
  <testcase classname="com.google.javascript.jscomp.TypeCheckTest" name="testWhileRestrictsType2733" time="0.006" />
  <testcase classname="com.google.javascript.jscomp.TypeCheckTest" name="testBitOperation4750" time="0.006" />
  <testcase classname="com.google.javascript.jscomp.TypeCheckTest" name="testInstanceof1764" time="0.005" />
  <testcase classname="com.google.javascript.jscomp.TypeCheckTest" name="testInheritanceCheck13798" time="0.006" />
  <testcase classname="com.google.javascript.jscomp.TypeCheckTest" name="testTemplatedThisType1799" time="0.006" />
  <testcase classname="com.google.javascript.jscomp.TypeCheckTest" name="testQualifiedNameReduction5c831" time="0.005" />
  <testcase classname="com.google.javascript.jscomp.TypeCheckTest" name="testBadInterfaceExtends1836" time="0.005" />
  <testcase classname="com.google.javascript.jscomp.TypeCheckTest" name="testTemplateType4839" time="0.006" />
  <testcase classname="com.google.javascript.jscomp.TypeCheckTest" name="testGetprop4854" time="0.005" />
  <testcase classname="com.google.javascript.jscomp.TypeCheckTest" name="testForIn2857" time="0.007" />
  <testcase classname="com.google.javascript.jscomp.TypeCheckTest" name="testBug1943776861" time="0.005" />
  <testcase classname="com.google.javascript.jscomp.TypeCheckTest" name="testQualifiedNameInference11880" time="0.005" />
  <testcase classname="com.google.javascript.jscomp.TypeCheckTest" name="testNullAnd919" time="0.005" />
  <testcase classname="com.google.javascript.jscomp.TypeCheckTest" name="testStringComparison2976" time="0.005" />
  <testcase classname="com.google.javascript.jscomp.TypeCheckTest" name="testParameterizedTypeSubtypes2992" time="0.003" />
  <testcase classname="com.google.javascript.jscomp.TypeCheckTest" name="testFunctionBind31002" time="0.006" />
  <testcase classname="com.google.javascript.jscomp.TypeCheckTest" name="testDuplicateStaticPropertyDecl11050" time="0.006" />
  <testcase classname="com.google.javascript.jscomp.TypeCheckTest" name="testGetpropDict21100" time="0.006" />
  <testcase classname="com.google.javascript.jscomp.TypeCheckTest" name="testInOnStruct188" time="0.006" />
  <testcase classname="com.google.javascript.jscomp.TypeCheckTest" name="testForwardTypeDeclaration6266" time="0.003" />
  <testcase classname="com.google.javascript.jscomp.TypeCheckTest" name="testObjectLiteralDeclaration7293" time="0.006" />
  <testcase classname="com.google.javascript.jscomp.TypeCheckTest" name="testBug7701884330" time="0.007" />
  <testcase classname="com.google.javascript.jscomp.TypeCheckTest" name="testLends2450" time="0.006" />
  <testcase classname="com.google.javascript.jscomp.TypeCheckTest" name="testDfa712" time="0.006" />
  <testcase classname="com.google.javascript.jscomp.TypeCheckTest" name="testCast5a204" time="0.006" />
  <testcase classname="com.google.javascript.jscomp.TypeCheckTest" name="testCall8431" time="0.005" />
  <testcase classname="com.google.javascript.jscomp.TypeCheckTest" name="testRecordType71114" time="0.005" />
  <testcase classname="com.google.javascript.jscomp.TypeCheckTest" name="testArrayAccess61137" time="0.005" />
  <testcase classname="com.google.javascript.jscomp.TypeCheckTest" name="testMultipleExtendsInterface41141" time="0.006" />
  <testcase classname="com.google.javascript.jscomp.TypeCheckTest" name="testControlFlowRestrictsType81146" time="0.006" />
  <testcase classname="com.google.javascript.jscomp.TypeCheckTest" name="testLends71151" time="0.006" />
  <testcase classname="com.google.javascript.jscomp.TypeCheckTest" name="testTypeOfReduction91164" time="0.006" />
  <testcase classname="com.google.javascript.jscomp.TypeCheckTest" name="testTypeOfReduction151169" time="0.008" />
  <testcase classname="com.google.javascript.jscomp.TypeCheckTest" name="testPropertyInference31175" time="0.008" />
  <testcase classname="com.google.javascript.jscomp.TypeCheckTest" name="testComparison21177" time="0.006" />
  <testcase classname="com.google.javascript.jscomp.TypeCheckTest" name="testCall51180" time="0.006" />
  <testcase classname="com.google.javascript.jscomp.TypeCheckTest" name="testTypeCheck131187" time="0.005" />
  <testcase classname="com.google.javascript.jscomp.TypeCheckTest" name="testInferredReturn51192" time="0.007" />
  <testcase classname="com.google.javascript.jscomp.TypeCheckTest" name="testAdd41214" time="0.005" />
  <testcase classname="com.google.javascript.jscomp.TypeCheckTest" name="testSetprop101215" time="0.008" />
  <testcase classname="com.google.javascript.jscomp.TypeCheckTest" name="testGoodExtends151216" time="0.01" />
  <testcase classname="com.google.javascript.jscomp.TypeCheckTest" name="testIssue611235" time="0.006" />
  <testcase classname="com.google.javascript.jscomp.TypeCheckTest" name="testIssue7251236" time="0.007" />
  <testcase classname="com.google.javascript.jscomp.TypeCheckTest" name="testCast331310" time="0.017" />
  <testcase classname="com.google.javascript.jscomp.TypeCheckTest" name="testNumericComparison31318" time="0.006" />
  <testcase classname="com.google.javascript.jscomp.TypeCheckTest" name="testIIFE11351" time="0.007" />
  <testcase classname="com.google.javascript.jscomp.TypeCheckTest" name="testImplicitCast1375" time="0.003" />
  <testcase classname="com.google.javascript.jscomp.TypeCheckTest" name="testMultipleExtendsInterface21388" time="0.007" />
  <testcase classname="com.google.javascript.jscomp.TypeCheckTest" name="testBackwardsInferenceGoogArrayFilter11404" time="0.007" />
  <testcase classname="com.google.javascript.jscomp.TypeCheckTest" name="testBadImplements31405" time="0.007" />
  <testcase classname="com.google.javascript.jscomp.TypeCheckTest" name="testGetelemStruct21412" time="0.006" />
  <testcase classname="com.google.javascript.jscomp.TypeCheckTest" name="testMissingProperty211431" time="0.006" />
  <testcase classname="com.google.javascript.jscomp.TypeCheckTest" name="testImplementsExtendsLoop1439" time="0.004" />
  <testcase classname="com.google.javascript.jscomp.TypeCheckTest" name="testGetelemStruct71468" time="0.006" />
  <testcase classname="com.google.javascript.jscomp.TypeCheckTest" name="testInferredReturn41474" time="0.006" />
  <testcase classname="com.google.javascript.jscomp.TypeCheckTest" name="testConstructorAlias61481" time="0.006" />
  <testcase classname="com.google.javascript.jscomp.TypeCheckTest" name="testGenerics11486" time="0.014" />
  <testcase classname="com.google.javascript.jscomp.TypeCheckTest" name="testRecordType31487" time="0.006" />
  <testcase classname="com.google.javascript.jscomp.TypeCheckTest" name="testNoPersistentTypeInferenceForFunctionProperties1490" time="0.007" />
  <testcase classname="com.google.javascript.jscomp.TypeCheckTest" name="testIssue6881504" time="0.007" />
  <testcase classname="com.google.javascript.jscomp.TypeCheckTest" name="testInterfaceInheritanceCheck81512" time="0.003" />
  <testcase classname="com.google.javascript.jscomp.TypeCheckTest" name="testUndefinedNode1525" time="0.003" />
  <testcase classname="com.google.javascript.jscomp.TypeCheckTest" name="testInnerFunction101526" time="0.006" />
  <testcase classname="com.google.javascript.jscomp.TypeCheckTest" name="testUnionTemplateThisType1536" time="0.007" />
  <testcase classname="com.google.javascript.jscomp.TypeCheckTest" name="testParameterized51541" time="0.009" />
  <testcase classname="com.google.javascript.jscomp.TypeCheckTest" name="testInterfaceExtendsResolution1542" time="0.006" />
  <testcase classname="com.google.javascript.jscomp.TypeCheckTest" name="testObjectLiteralDeclaration11554" time="0.006" />
  <testcase classname="com.google.javascript.jscomp.TypeCheckTest" name="testDuplicateRecordFields21559" time="0.003" />
  <testcase classname="com.google.javascript.jscomp.TypeCheckTest" name="testCatchExpression21569" time="0.007" />
  <testcase classname="com.google.javascript.jscomp.TypeCheckTest" name="testDirectPrototypeAssignment31572" time="0.007" />
  <testcase classname="com.google.javascript.jscomp.TypeCheckTest" name="testSetprop71573" time="0.006" />
  <testcase classname="com.google.javascript.jscomp.TypeCheckTest" name="testBitOperation11586" time="0.005" />
  <testcase classname="com.google.javascript.jscomp.TypeCheckTest" name="testTypeInferenceWithNoEntry21619" time="0.009" />
  <testcase classname="com.google.javascript.jscomp.TypeCheckTest" name="testFunctionLiteralDefinedThisArgument21620" time="0.006" />
  <testcase classname="com.google.javascript.jscomp.TypeCheckTest" name="testCast111627" time="0.006" />
  <testcase classname="com.google.javascript.jscomp.TypeCheckTest" name="testThisTypeOfFunction41668" time="0.007" />
  <testcase classname="com.google.javascript.jscomp.TypeCheckTest" name="testBug9014551672" time="0.009" />
  <testcase classname="com.google.javascript.jscomp.TypeCheckTest" name="testBadInterfaceExtends31697" time="0.007" />
  <testcase classname="com.google.javascript.jscomp.TypeCheckTest" name="testIIFE41742" time="0.005" />
  <testcase classname="com.google.javascript.jscomp.TypeCheckTest" name="testInheritanceCheck31761" time="0.007" />
  <testcase classname="com.google.javascript.jscomp.TypeCheckTest" name="testFunctionInference71777" time="0.005" />
  <testcase classname="com.google.javascript.jscomp.TypeCheckTest" name="testTypeCheckCustomExterns21784" time="0.006" />
  <testcase classname="com.google.javascript.jscomp.TypeCheckTest" name="testEnum81785" time="0.003" />
  <testcase classname="com.google.javascript.jscomp.TypeCheckTest" name="testSwitchCase11786" time="0.006" />
  <testcase classname="com.google.javascript.jscomp.TypeCheckTest" name="testInheritanceCheck21788" time="0.006" />
  <testcase classname="com.google.javascript.jscomp.TypeCheckTest" name="testInterfacePropertyOverride11792" time="0.006" />
  <testcase classname="com.google.javascript.jscomp.TypeCheckTest" name="testLends81807" time="0.006" />
  <testcase classname="com.google.javascript.jscomp.TypeCheckTest" name="testFunctionBind41821" time="0.006" />
  <testcase classname="com.google.javascript.jscomp.TypeCheckTest" name="testGoodExtends161827" time="0.009" />
  <testcase classname="com.google.javascript.jscomp.TypeCheckTest" name="testCatchExpression11828" time="0.005" />
  <testcase classname="com.google.javascript.jscomp.TypeCheckTest" name="testQualifiedNameInference131844" time="0.006" />
  <testcase classname="com.google.javascript.jscomp.TypeCheckTest" name="testQualifiedNameInference121878" time="0.006" />
  <testcase classname="com.google.javascript.jscomp.TypeCheckTest" name="testDataPropertyOnInterface21879" time="0.007" />
  <testcase classname="com.google.javascript.jscomp.TypeCheckTest" name="testBadStruct1885" time="0.006" />
  <testcase classname="com.google.javascript.jscomp.TypeCheckTest" name="testGlobalThis2b1904" time="0.007" />
  <testcase classname="com.google.javascript.jscomp.TypeCheckTest" name="testQualifiedNameReduction81918" time="0.007" />
  <testcase classname="com.google.javascript.jscomp.TypeCheckTest" name="testInterfaceExtendsLoop1925" time="0.004" />
  <testcase classname="com.google.javascript.jscomp.TypeCheckTest" name="testInferredParam51934" time="0.007" />
  <testcase classname="com.google.javascript.jscomp.TypeCheckTest" name="testBadInterfaceExtendsNonExistentInterfaces1939" time="0.003" />
  <testcase classname="com.google.javascript.jscomp.TypeCheckTest" name="testTypeOfReduction161948" time="0.007" />
  <testcase classname="com.google.javascript.jscomp.TypeCheckTest" name="testEnum391954" time="0.007" />
  <testcase classname="com.google.javascript.jscomp.TypeCheckTest" name="testBug23418121955" time="0.006" />
  <testcase classname="com.google.javascript.jscomp.TypeCheckTest" name="testBadDict1968" time="0.004" />
  <testcase classname="com.google.javascript.jscomp.TypeCheckTest" name="testGoogBind21972" time="0.004" />
  <testcase classname="com.google.javascript.jscomp.TypeCheckTest" name="testSetprop61975" time="0.005" />
  <testcase classname="com.google.javascript.jscomp.TypeCheckTest" name="testSetprop91982" time="0.003" />
  <testcase classname="com.google.javascript.jscomp.TypeCheckTest" name="testMissingProperty351987" time="0.005" />
  <testcase classname="com.google.javascript.jscomp.TypeCheckTest" name="testDeleteOperator21989" time="0.004" />
  <testcase classname="com.google.javascript.jscomp.TypeCheckTest" name="testAdd102013" time="0.007" />
  <testcase classname="com.google.javascript.jscomp.TypeCheckTest" name="testCast272022" time="0.006" />
  <testcase classname="com.google.javascript.jscomp.TypeCheckTest" name="testMissingProperty302038" time="0.006" />
  <testcase classname="com.google.javascript.jscomp.TypeCheckTest" name="testVar92052" time="0.006" />
  <testcase classname="com.google.javascript.jscomp.TypeCheckTest" name="testResolvingNamedTypes2053" time="0.004" />
  <testcase classname="com.google.javascript.jscomp.TypeCheckTest" name="testBitOperation32055" time="0.006" />
  <testcase classname="com.google.javascript.jscomp.TypeCheckTest" name="testConstructorType112063" time="0.007" />
  <testcase classname="com.google.javascript.jscomp.TypeCheckTest" name="testForwardTypeDeclaration82088" time="0.003" />
  <testcase classname="com.google.javascript.jscomp.TypeCheckTest" name="testInterfaceInheritanceCheck102108" time="0.008" />
  <testcase classname="com.google.javascript.jscomp.TypeCheckTest" name="testMissingProperty192126" time="0.006" />
  <testcase classname="com.google.javascript.jscomp.TypeCheckTest" name="testMissingProperty332132" time="0.006" />
  <testcase classname="com.google.javascript.jscomp.TypeCheckTest" name="testFunctionBind12148" time="0.007" />
  <testcase classname="com.google.javascript.jscomp.TypeCheckTest" name="testObjLitDef72151" time="0.007" />
  <testcase classname="com.google.javascript.jscomp.TypeCheckTest" name="testOverriddenReturn12187" time="0.013" />
  <testcase classname="com.google.javascript.jscomp.TypeCheckTest" name="testConstructorType102189" time="0.006" />
  <testcase classname="com.google.javascript.jscomp.TypeCheckTest" name="testMissingProperty172195" time="0.007" />
  <testcase classname="com.google.javascript.jscomp.TypeCheckTest" name="testMultipleExtendsInterface62198" time="0.007" />
  <testcase classname="com.google.javascript.jscomp.TypeCheckTest" name="testEnum12202" time="0.006" />
  <testcase classname="com.google.javascript.jscomp.TypeCheckTest" name="testEnum382228" time="0.006" />
  <testcase classname="com.google.javascript.jscomp.TypeCheckTest" name="testTypeof22236" time="0.006" />
  <testcase classname="com.google.javascript.jscomp.TypeCheckTest" name="testIssue7002241" time="0.008" />
  <testcase classname="com.google.javascript.jscomp.TypeCheckTest" name="testBug19407692247" time="0.006" />
  <testcase classname="com.google.javascript.jscomp.TypeCheckTest" name="testBadImplements42249" time="0.006" />
  <testcase classname="com.google.javascript.jscomp.TypeCheckTest" name="testDfa112261" time="0.006" />
  <testcase classname="com.google.javascript.jscomp.TypeCheckTest" name="testVar72272" time="0.006" />
  <testcase classname="com.google.javascript.jscomp.TypeCheckTest" name="testCircularTypeDef2275" time="0.006" />
  <testcase classname="com.google.javascript.jscomp.TypeCheckTest" name="testArrayAccess32293" time="0.006" />
  <testcase classname="com.google.javascript.jscomp.TypeCheckTest" name="testGetprop32314" time="0.007" />
  <testcase classname="com.google.javascript.jscomp.TypeCheckTest" name="testInterfaceAssignment82330" time="0.006" />
  <testcase classname="com.google.javascript.jscomp.TypeCheckTest" name="testTypeDef22343" time="0.01" />
  <testcase classname="com.google.javascript.jscomp.TypeCheckTest" name="testActiveXObject2346" time="0.006" />
  <testcase classname="com.google.javascript.jscomp.TypeCheckTest" name="testIn22349" time="0.006" />
  <testcase classname="com.google.javascript.jscomp.TypeCheckTest" name="testQualifiedNameReduction102369" time="0.007" />
  <testcase classname="com.google.javascript.jscomp.TypeCheckTest" name="testDirectPrototypeAssign2377" time="0.007" />
  <testcase classname="com.google.javascript.jscomp.TypeCheckTest" name="testMethodInference72385" time="0.007" />
  <testcase classname="com.google.javascript.jscomp.TypeCheckTest" name="testObjLitDef62417" time="0.006" />
  <testcase classname="com.google.javascript.jscomp.TypeCheckTest" name="testAnonymousType32420" time="0.007" />
  <testcase classname="com.google.javascript.jscomp.TypeCheckTest" name="testForinOnStruct2432" time="0.006" />
  <testcase classname="com.google.javascript.jscomp.TypeCheckTest" name="testInterfaceAssignment7366" time="0.007" />
  <testcase classname="com.google.javascript.jscomp.TypeCheckTest" name="testLends5207" time="0.006" />
  <testcase classname="com.google.javascript.jscomp.TypeCheckTest" name="testPropAccess480" time="0.005" />
  <testcase classname="com.google.javascript.jscomp.TypeCheckTest" name="testOverriddenParams434" time="0.006" />
  <testcase classname="com.google.javascript.jscomp.TypeCheckTest" name="testWarnDataPropertyOnInterface326" time="0.006" />
  <testcase classname="com.google.javascript.jscomp.TypeCheckTest" name="testBooleanReduction4115" time="0.006" />
  <testcase classname="com.google.javascript.jscomp.TypeCheckTest" name="testBooleanReduction2385" time="0.006" />
  <system-out><![CDATA[]]></system-out>
  <system-err><![CDATA[]]></system-err>
</testsuite>
