<?xml version="1.0" encoding="UTF-8" ?>
<testsuite errors="0" failures="0" hostname="sepehr-UX310UQK" name="com.google.javascript.jscomp.LooseTypeCheckTest" skipped="0" tests="88" time="0.636" timestamp="2023-01-12T21:04:17">
  <properties>
    <property name="java.vendor" value="Private Build" />
    <property name="lib.dir" value="/home/sepehr/masters/test_generation/model_generated_coverage/Closure1f_train/lib" />
    <property name="sun.java.launcher" value="SUN_STANDARD" />
    <property name="sun.management.compiler" value="HotSpot 64-Bit Tiered Compilers" />
    <property name="os.name" value="Linux" />
    <property name="clover.historical.json" value="true" />
    <property name="sun.boot.class.path" value="/usr/lib/jvm/java-8-openjdk-amd64/jre/lib/resources.jar:/usr/lib/jvm/java-8-openjdk-amd64/jre/lib/rt.jar:/usr/lib/jvm/java-8-openjdk-amd64/jre/lib/sunrsasign.jar:/usr/lib/jvm/java-8-openjdk-amd64/jre/lib/jsse.jar:/usr/lib/jvm/java-8-openjdk-amd64/jre/lib/jce.jar:/usr/lib/jvm/java-8-openjdk-amd64/jre/lib/charsets.jar:/usr/lib/jvm/java-8-openjdk-amd64/jre/lib/jfr.jar:/usr/lib/jvm/java-8-openjdk-amd64/jre/classes" />
    <property name="build.svnVersion" value="Unversioned directory" />
    <property name="sun.desktop" value="gnome" />
    <property name="maven-repository-id" value="sonatype-nexus-staging" />
    <property name="java.vm.specification.vendor" value="Oracle Corporation" />
    <property name="ant.home" value="/usr/share/ant" />
    <property name="jsonml-jarfile" value="/home/sepehr/masters/test_generation/model_generated_coverage/Closure1f_train/build/secure_compiler.jar" />
    <property name="java.runtime.version" value="1.8.0_352-8u352-ga-1~20.04-b08" />
    <property name="gen.dir" value="/home/sepehr/masters/test_generation/model_generated_coverage/Closure1f_train/gen" />
    <property name="clover.project.historydir" value="/home/sepehr/masters/test_generation/model_generated_coverage/Closure1f_train/.cloverhistory/compiler" />
    <property name="clover.flushinterval" value="100" />
    <property name="user.name" value="sepehr" />
    <property name="ant.file.compiler" value="/home/sepehr/masters/test_generation/model_generated_coverage/Closure1f_train/build.xml" />
    <property name="build.dir" value="/home/sepehr/masters/test_generation/model_generated_coverage/Closure1f_train/build" />
    <property name="jsonml.dir" value="/home/sepehr/masters/test_generation/model_generated_coverage/Closure1f_train/src/com/google/javascript/jscomp/jsonml" />
    <property name="ant.build.javac.target" value="1.6" />
    <property name="stylesheetfile" value="/home/sepehr/masters/test_generation/model_generated_coverage/Closure1f_train/build/javadoc/dev_javadoc.css" />
    <property name="user.language" value="en" />
    <property name="sun.boot.library.path" value="/usr/lib/jvm/java-8-openjdk-amd64/jre/lib/amd64" />
    <property name="ant.project.default-target" value="jar" />
    <property name="ant.project.name" value="compiler" />
    <property name="java.version" value="1.8.0_352" />
    <property name="user.timezone" value="" />
    <property name="sun.arch.data.model" value="64" />
    <property name="java.endorsed.dirs" value="/usr/lib/jvm/java-8-openjdk-amd64/jre/lib/endorsed" />
    <property name="sun.cpu.isalist" value="" />
    <property name="sun.jnu.encoding" value="UTF-8" />
    <property name="file.encoding.pkg" value="sun.io" />
    <property name="file.separator" value="/" />
    <property name="java.specification.name" value="Java Platform API Specification" />
    <property name="protoc.executable" value="protoc" />
    <property name="classes.dir" value="/home/sepehr/masters/test_generation/model_generated_coverage/Closure1f_train/build/classes" />
    <property name="clover.initstring" value="/home/sepehr/masters/test_generation/model_generated_coverage/Closure1f_train/.clover/clover4_4_1.db" />
    <property name="java.class.version" value="52.0" />
    <property name="testClasses.dir" value="/home/sepehr/masters/test_generation/model_generated_coverage/Closure1f_train/build/test" />
    <property name="user.country" value="US" />
    <property name="jsonml-classes.dir" value="/home/sepehr/masters/test_generation/model_generated_coverage/Closure1f_train/build/jsonml-classes" />
    <property name="java.home" value="/usr/lib/jvm/java-8-openjdk-amd64/jre" />
    <property name="clover.dir" value="/home/sepehr/masters/test_generation/model_generated_coverage/Closure1f_train/clover" />
    <property name="java.vm.info" value="mixed mode" />
    <property name="externs.dir" value="/home/sepehr/masters/test_generation/model_generated_coverage/Closure1f_train/externs" />
    <property name="ant.file" value="/home/sepehr/masters/test_generation/model_generated_coverage/Closure1f_train/build.xml" />
    <property name="os.version" value="5.15.0-57-generic" />
    <property name="javac.debug" value="on" />
    <property name="path.separator" value=":" />
    <property name="java.vm.version" value="25.352-b08" />
    <property name="num-fuzz-tests" value="10000" />
    <property name="ant.library.dir" value="/usr/share/ant/lib" />
    <property name="clover.jar" value="/home/sepehr/masters/test_generation/model_generated_coverage/Closure1f_train/${clover.home}/clover.jar" />
    <property name="java.awt.printerjob" value="sun.print.PSPrinterJob" />
    <property name="webservice-jarfile" value="/home/sepehr/masters/test_generation/model_generated_coverage/Closure1f_train/build/webservice.jar" />
    <property name="sun.io.unicode.encoding" value="UnicodeLittle" />
    <property name="test.fork" value="true" />
    <property name="webservice.dir" value="/home/sepehr/masters/test_generation/model_generated_coverage/Closure1f_train/src/com/google/javascript/jscomp/webservice" />
    <property name="java.specification.maintenance.version" value="4" />
    <property name="awt.toolkit" value="sun.awt.X11.XToolkit" />
    <property name="buildlib.dir" value="/home/sepehr/masters/test_generation/model_generated_coverage/Closure1f_train/build/lib" />
    <property name="ant.build.javac.source" value="1.6" />
    <property name="user.home" value="/home/sepehr" />
    <property name="java.specification.vendor" value="Oracle Corporation" />
    <property name="test.dir" value="/home/sepehr/masters/test_generation/model_generated_coverage/Closure1f_train/test" />
    <property name="clover.dest" value="/home/sepehr/masters/test_generation/model_generated_coverage/Closure1f_train/clover/compiler" />
    <property name="clover.span" value="1day" />
    <property name="java.library.path" value="/usr/java/packages/lib/amd64:/usr/lib/x86_64-linux-gnu/jni:/lib/x86_64-linux-gnu:/usr/lib/x86_64-linux-gnu:/usr/lib/jni:/lib:/usr/lib" />
    <property name="java.vendor.url" value="http://java.oracle.com/" />
    <property name="test.target" value="test" />
    <property name="java.vm.vendor" value="Private Build" />
    <property name="java.runtime.name" value="OpenJDK Runtime Environment" />
    <property name="ant.version" value="Apache Ant(TM) version 1.10.7 compiled on October 24 2019" />
    <property name="java.class.path" value="/home/sepehr/masters/test_generation/model_generated_coverage/Closure1f_train/build/classes:/home/sepehr/masters/test_generation/model_generated_coverage/Closure1f_train/lib/ant-launcher.jar:/home/sepehr/masters/test_generation/model_generated_coverage/Closure1f_train/lib/ant.jar:/home/sepehr/masters/test_generation/model_generated_coverage/Closure1f_train/lib/args4j.jar:/home/sepehr/masters/test_generation/model_generated_coverage/Closure1f_train/lib/caja-r4314.jar:/home/sepehr/masters/test_generation/model_generated_coverage/Closure1f_train/lib/guava.jar:/home/sepehr/masters/test_generation/model_generated_coverage/Closure1f_train/lib/jarjar.jar:/home/sepehr/masters/test_generation/model_generated_coverage/Closure1f_train/lib/json.jar:/home/sepehr/masters/test_generation/model_generated_coverage/Closure1f_train/lib/jsr305.jar:/home/sepehr/masters/test_generation/model_generated_coverage/Closure1f_train/lib/junit.jar:/home/sepehr/masters/test_generation/model_generated_coverage/Closure1f_train/lib/protobuf-java.jar:/home/sepehr/masters/test_generation/model_generated_coverage/Closure1f_train/build/lib/rhino.jar:/home/sepehr/masters/test_generation/model_generated_coverage/Closure1f_train/build/test:/home/sepehr/.ant/lib/clover.jar:/home/sepehr/.ant/lib/evosuite-1.0.6.jar:/usr/share/java/ant-launcher-1.10.7.jar:/usr/share/ant/lib/ant.jar:/usr/share/ant/lib/ant-junit.jar:/usr/share/ant/lib/ant-junit4.jar" />
    <property name="sun.java.command" value="org.apache.tools.ant.taskdefs.optional.junit.JUnitTestRunner testsfile=/home/sepehr/masters/test_generation/model_generated_coverage/Closure1f_train/junittestcases3123218496293849970.properties skipNonTests=false filtertrace=true haltOnError=false haltOnFailure=false formatter=org.apache.tools.ant.taskdefs.optional.junit.SummaryJUnitResultFormatter showoutput=true outputtoformatters=true logfailedtests=true threadid=0 logtestlistenerevents=false formatter=org.apache.tools.ant.taskdefs.optional.junit.BriefJUnitResultFormatter formatter=org.apache.tools.ant.taskdefs.optional.junit.XMLJUnitResultFormatter,/home/sepehr/masters/test_generation/model_generated_coverage/Closure1f_train/build/testoutput/IGNORETHIS.xml crashfile=/home/sepehr/masters/test_generation/model_generated_coverage/Closure1f_train/junitvmwatcher4044764787935093451.properties propsfile=/home/sepehr/masters/test_generation/model_generated_coverage/Closure1f_train/junit5110755408873315602.properties" />
    <property name="project.name" value="compiler" />
    <property name="test.class" value="*Test" />
    <property name="java.vm.specification.name" value="Java Virtual Machine Specification" />
    <property name="clover.snapshot.file" value="/home/sepehr/masters/test_generation/model_generated_coverage/Closure1f_train/.cloverhistory/compiler/clover.snapshot" />
    <property name="ant.file.type" value="file" />
    <property name="java.vm.specification.version" value="1.8" />
    <property name="sun.os.patch.level" value="unknown" />
    <property name="sun.cpu.endian" value="little" />
    <property name="java.io.tmpdir" value="/tmp" />
    <property name="project.title" value="compiler" />
    <property name="java.vendor.url.bug" value="http://bugreport.sun.com/bugreport/" />
    <property name="java.awt.graphicsenv" value="sun.awt.X11GraphicsEnvironment" />
    <property name="os.arch" value="amd64" />
    <property name="clover.jarpath" value="/home/sepehr/.ant/lib/clover.jar" />
    <property name="maven-repository-url" value="https://oss.sonatype.org/service/local/staging/deploy/maven2/" />
    <property name="webservice-classes.dir" value="/home/sepehr/masters/test_generation/model_generated_coverage/Closure1f_train/build/webservice-classes" />
    <property name="java.ext.dirs" value="/usr/lib/jvm/java-8-openjdk-amd64/jre/lib/ext:/usr/java/packages/lib/ext" />
    <property name="user.dir" value="/home/sepehr/masters/test_generation/model_generated_coverage/Closure1f_train" />
    <property name="ant.file.type.compiler" value="file" />
    <property name="line.separator" value="&#xa;" />
    <property name="java.vm.name" value="OpenJDK 64-Bit Server VM" />
    <property name="basedir" value="/home/sepehr/masters/test_generation/model_generated_coverage/Closure1f_train" />
    <property name="ant.java.version" value="1.8" />
    <property name="ant.core.lib" value="/usr/share/ant/lib/ant.jar" />
    <property name="file.encoding" value="UTF-8" />
    <property name="closure.build.dir" value="/home/sepehr/masters/test_generation/model_generated_coverage/Closure1f_train/build" />
    <property name="build.compiler" value="com.atlassian.clover.ant.taskdefs.CloverCompilerAdapter" />
    <property name="compiler-jarfile" value="/home/sepehr/masters/test_generation/model_generated_coverage/Closure1f_train/build/compiler.jar" />
    <property name="clover.historydir" value="/home/sepehr/masters/test_generation/model_generated_coverage/Closure1f_train/.cloverhistory" />
    <property name="java.specification.version" value="1.8" />
    <property name="src.dir" value="/home/sepehr/masters/test_generation/model_generated_coverage/Closure1f_train/src" />
    <property name="ant.project.invoked-targets" value="with.clover,test,clover.report" />
    <property name="javadoc.dir" value="/home/sepehr/masters/test_generation/model_generated_coverage/Closure1f_train/build/javadoc" />
    <property name="tools.dir" value="/home/sepehr/masters/test_generation/model_generated_coverage/Closure1f_train/tools" />
    <property name="clover.flushpolicy" value="directed" />
  </properties>
  <testcase classname="com.google.javascript.jscomp.LooseTypeCheckTest" name="testCall3906" time="0.007" />
  <testcase classname="com.google.javascript.jscomp.LooseTypeCheckTest" name="testTypeOfReduction13915" time="0.011" />
  <testcase classname="com.google.javascript.jscomp.LooseTypeCheckTest" name="testPropAccess2929" time="0.006" />
  <testcase classname="com.google.javascript.jscomp.LooseTypeCheckTest" name="testSwitchCase51037" time="0.006" />
  <testcase classname="com.google.javascript.jscomp.LooseTypeCheckTest" name="testIn31040" time="0.006" />
  <testcase classname="com.google.javascript.jscomp.LooseTypeCheckTest" name="testStringComparison51097" time="0.007" />
  <testcase classname="com.google.javascript.jscomp.LooseTypeCheckTest" name="testSuperClassDefinedAfterSubClass21106" time="0.006" />
  <testcase classname="com.google.javascript.jscomp.LooseTypeCheckTest" name="testAddSingletonGetter1115" time="0.008" />
  <testcase classname="com.google.javascript.jscomp.LooseTypeCheckTest" name="testBadInterfaceExtends41133" time="0.006" />
  <testcase classname="com.google.javascript.jscomp.LooseTypeCheckTest" name="testBug14844451147" time="0.009" />
  <testcase classname="com.google.javascript.jscomp.LooseTypeCheckTest" name="testMethodInference91149" time="0.006" />
  <testcase classname="com.google.javascript.jscomp.LooseTypeCheckTest" name="testBitOperation21172" time="0.006" />
  <testcase classname="com.google.javascript.jscomp.LooseTypeCheckTest" name="testInterfaceInheritanceCheck21196" time="0.006" />
  <testcase classname="com.google.javascript.jscomp.LooseTypeCheckTest" name="testTypeCheck51204" time="0.006" />
  <testcase classname="com.google.javascript.jscomp.LooseTypeCheckTest" name="testExtendBuiltInType11221" time="0.006" />
  <testcase classname="com.google.javascript.jscomp.LooseTypeCheckTest" name="testNumericComparison61260" time="0.006" />
  <testcase classname="com.google.javascript.jscomp.LooseTypeCheckTest" name="testBang61294" time="0.006" />
  <testcase classname="com.google.javascript.jscomp.LooseTypeCheckTest" name="testFunctionMasksVariableBug1316" time="0.006" />
  <testcase classname="com.google.javascript.jscomp.LooseTypeCheckTest" name="testEnum171335" time="0.006" />
  <testcase classname="com.google.javascript.jscomp.LooseTypeCheckTest" name="testInheritanceCheck141339" time="0.006" />
  <testcase classname="com.google.javascript.jscomp.LooseTypeCheckTest" name="testInterfaceInheritanceCheck31413" time="0.008" />
  <testcase classname="com.google.javascript.jscomp.LooseTypeCheckTest" name="testBooleanType1452" time="0.006" />
  <testcase classname="com.google.javascript.jscomp.LooseTypeCheckTest" name="testBackwardsEnumUse11456" time="0.005" />
  <testcase classname="com.google.javascript.jscomp.LooseTypeCheckTest" name="testIn41465" time="0.006" />
  <testcase classname="com.google.javascript.jscomp.LooseTypeCheckTest" name="testDuplicateStaticMethodDecl11466" time="0.01" />
  <testcase classname="com.google.javascript.jscomp.LooseTypeCheckTest" name="testScoping81494" time="0.006" />
  <testcase classname="com.google.javascript.jscomp.LooseTypeCheckTest" name="testParameterizedObject21534" time="0.011" />
  <testcase classname="com.google.javascript.jscomp.LooseTypeCheckTest" name="testForwardTypeDeclaration11546" time="0.003" />
  <testcase classname="com.google.javascript.jscomp.LooseTypeCheckTest" name="testControlFlowRestrictsType41548" time="0.007" />
  <testcase classname="com.google.javascript.jscomp.LooseTypeCheckTest" name="testValueOfComparison21552" time="0.006" />
  <testcase classname="com.google.javascript.jscomp.LooseTypeCheckTest" name="testBug18595351666" time="0.009" />
  <testcase classname="com.google.javascript.jscomp.LooseTypeCheckTest" name="testInnerFunction71" time="0.008" />
  <testcase classname="com.google.javascript.jscomp.LooseTypeCheckTest" name="testQualifiedNameReduction340" time="0.007" />
  <testcase classname="com.google.javascript.jscomp.LooseTypeCheckTest" name="testBitOperation9231" time="0.005" />
  <testcase classname="com.google.javascript.jscomp.LooseTypeCheckTest" name="testPropertyTypeOfUnionType238" time="0.006" />
  <testcase classname="com.google.javascript.jscomp.LooseTypeCheckTest" name="testInheritanceCheck6319" time="0.007" />
  <testcase classname="com.google.javascript.jscomp.LooseTypeCheckTest" name="testForwardTypeDeclaration3469" time="0.004" />
  <testcase classname="com.google.javascript.jscomp.LooseTypeCheckTest" name="testBadImplementsNonObjectType481" time="0.006" />
  <testcase classname="com.google.javascript.jscomp.LooseTypeCheckTest" name="testOptionalUnknownNamedType519" time="0.006" />
  <testcase classname="com.google.javascript.jscomp.LooseTypeCheckTest" name="testOptionalArgFunctionParam2541" time="0.006" />
  <testcase classname="com.google.javascript.jscomp.LooseTypeCheckTest" name="testTypeInferenceWithClosure1549" time="0.006" />
  <testcase classname="com.google.javascript.jscomp.LooseTypeCheckTest" name="testAddingMethodsUsingPrototypeIdiomComplexNamespace1603" time="0.007" />
  <testcase classname="com.google.javascript.jscomp.LooseTypeCheckTest" name="testGetprop1618" time="0.005" />
  <testcase classname="com.google.javascript.jscomp.LooseTypeCheckTest" name="testComparison6715" time="0.006" />
  <testcase classname="com.google.javascript.jscomp.LooseTypeCheckTest" name="testBitOperation7845" time="0.006" />
  <testcase classname="com.google.javascript.jscomp.LooseTypeCheckTest" name="testInterfaceNonEmptyFunction895" time="0.007" />
  <testcase classname="com.google.javascript.jscomp.LooseTypeCheckTest" name="testClosure3216" time="0.007" />
  <testcase classname="com.google.javascript.jscomp.LooseTypeCheckTest" name="testEnum19579" time="0.006" />
  <testcase classname="com.google.javascript.jscomp.LooseTypeCheckTest" name="testAnd6218" time="0.007" />
  <testcase classname="com.google.javascript.jscomp.LooseTypeCheckTest" name="testBadImplementsAConstructor1671" time="0.006" />
  <testcase classname="com.google.javascript.jscomp.LooseTypeCheckTest" name="testGetTypedPercent41685" time="0.004" />
  <testcase classname="com.google.javascript.jscomp.LooseTypeCheckTest" name="testSuperclassMismatch11765" time="0.007" />
  <testcase classname="com.google.javascript.jscomp.LooseTypeCheckTest" name="testValueTypeBuiltInPrototypePropertyType1820" time="0.006" />
  <testcase classname="com.google.javascript.jscomp.LooseTypeCheckTest" name="testImplicitCastNotInExterns1850" time="0.004" />
  <testcase classname="com.google.javascript.jscomp.LooseTypeCheckTest" name="testErrorMismatchingPropertyOnInterface51863" time="0.006" />
  <testcase classname="com.google.javascript.jscomp.LooseTypeCheckTest" name="testMissingProperty131915" time="0.007" />
  <testcase classname="com.google.javascript.jscomp.LooseTypeCheckTest" name="testTypeCheck121929" time="0.006" />
  <testcase classname="com.google.javascript.jscomp.LooseTypeCheckTest" name="testFunctionArguments61936" time="0.005" />
  <testcase classname="com.google.javascript.jscomp.LooseTypeCheckTest" name="testNew111983" time="0.007" />
  <testcase classname="com.google.javascript.jscomp.LooseTypeCheckTest" name="testBadInterfaceExtends22011" time="0.006" />
  <testcase classname="com.google.javascript.jscomp.LooseTypeCheckTest" name="testMethodInference62029" time="0.007" />
  <testcase classname="com.google.javascript.jscomp.LooseTypeCheckTest" name="testFunctionInference202041" time="0.006" />
  <testcase classname="com.google.javascript.jscomp.LooseTypeCheckTest" name="testTypeRedefinition2048" time="0.017" />
  <testcase classname="com.google.javascript.jscomp.LooseTypeCheckTest" name="testParameterizedObject42062" time="0.006" />
  <testcase classname="com.google.javascript.jscomp.LooseTypeCheckTest" name="testErrorMismatchingPropertyOnInterface42122" time="0.005" />
  <testcase classname="com.google.javascript.jscomp.LooseTypeCheckTest" name="testHookRestrictsType42131" time="0.005" />
  <testcase classname="com.google.javascript.jscomp.LooseTypeCheckTest" name="testBadConstructorCall2182" time="0.004" />
  <testcase classname="com.google.javascript.jscomp.LooseTypeCheckTest" name="testBadExtends32201" time="0.005" />
  <testcase classname="com.google.javascript.jscomp.LooseTypeCheckTest" name="testGoodExtends102211" time="0.005" />
  <testcase classname="com.google.javascript.jscomp.LooseTypeCheckTest" name="testUnknownConstructorInstanceType22219" time="0.005" />
  <testcase classname="com.google.javascript.jscomp.LooseTypeCheckTest" name="testAnd42239" time="0.005" />
  <testcase classname="com.google.javascript.jscomp.LooseTypeCheckTest" name="testBitOperation62248" time="0.005" />
  <testcase classname="com.google.javascript.jscomp.LooseTypeCheckTest" name="testCast142282" time="0.003" />
  <testcase classname="com.google.javascript.jscomp.LooseTypeCheckTest" name="testCast62287" time="0.007" />
  <testcase classname="com.google.javascript.jscomp.LooseTypeCheckTest" name="testTypeCheck22316" time="0.006" />
  <testcase classname="com.google.javascript.jscomp.LooseTypeCheckTest" name="testBackwardsEnumUse52325" time="0.005" />
  <testcase classname="com.google.javascript.jscomp.LooseTypeCheckTest" name="testInstanceof22340" time="0.006" />
  <testcase classname="com.google.javascript.jscomp.LooseTypeCheckTest" name="testMissingProperty222347" time="0.005" />
  <testcase classname="com.google.javascript.jscomp.LooseTypeCheckTest" name="testTypeCheck82376" time="0.005" />
  <testcase classname="com.google.javascript.jscomp.LooseTypeCheckTest" name="testMissingProperty182380" time="0.006" />
  <testcase classname="com.google.javascript.jscomp.LooseTypeCheckTest" name="testInstanceof42395" time="0.005" />
  <testcase classname="com.google.javascript.jscomp.LooseTypeCheckTest" name="testMissingProperty112398" time="0.005" />
  <testcase classname="com.google.javascript.jscomp.LooseTypeCheckTest" name="testTypeInferenceWithClosure22407" time="0.006" />
  <testcase classname="com.google.javascript.jscomp.LooseTypeCheckTest" name="testPrototypeLoop2415" time="0.003" />
  <testcase classname="com.google.javascript.jscomp.LooseTypeCheckTest" name="testBadImplements22427" time="0.005" />
  <testcase classname="com.google.javascript.jscomp.LooseTypeCheckTest" name="testMissingProperty102442" time="0.006" />
  <testcase classname="com.google.javascript.jscomp.LooseTypeCheckTest" name="testFunctionArguments52443" time="0.005" />
  <testcase classname="com.google.javascript.jscomp.LooseTypeCheckTest" name="testIn5561" time="0.005" />
  <system-out><![CDATA[]]></system-out>
  <system-err><![CDATA[]]></system-err>
</testsuite>
