<?xml version="1.0" encoding="UTF-8" ?>
<testsuite errors="0" failures="0" hostname="sepehr-UX310UQK" name="com.google.javascript.jscomp.CollapsePropertiesTest" skipped="0" tests="37" time="0.222" timestamp="2023-01-12T21:04:12">
  <properties>
    <property name="java.vendor" value="Private Build" />
    <property name="lib.dir" value="/home/sepehr/masters/test_generation/model_generated_coverage/Closure1f_train/lib" />
    <property name="sun.java.launcher" value="SUN_STANDARD" />
    <property name="sun.management.compiler" value="HotSpot 64-Bit Tiered Compilers" />
    <property name="os.name" value="Linux" />
    <property name="clover.historical.json" value="true" />
    <property name="sun.boot.class.path" value="/usr/lib/jvm/java-8-openjdk-amd64/jre/lib/resources.jar:/usr/lib/jvm/java-8-openjdk-amd64/jre/lib/rt.jar:/usr/lib/jvm/java-8-openjdk-amd64/jre/lib/sunrsasign.jar:/usr/lib/jvm/java-8-openjdk-amd64/jre/lib/jsse.jar:/usr/lib/jvm/java-8-openjdk-amd64/jre/lib/jce.jar:/usr/lib/jvm/java-8-openjdk-amd64/jre/lib/charsets.jar:/usr/lib/jvm/java-8-openjdk-amd64/jre/lib/jfr.jar:/usr/lib/jvm/java-8-openjdk-amd64/jre/classes" />
    <property name="build.svnVersion" value="Unversioned directory" />
    <property name="sun.desktop" value="gnome" />
    <property name="maven-repository-id" value="sonatype-nexus-staging" />
    <property name="java.vm.specification.vendor" value="Oracle Corporation" />
    <property name="ant.home" value="/usr/share/ant" />
    <property name="jsonml-jarfile" value="/home/sepehr/masters/test_generation/model_generated_coverage/Closure1f_train/build/secure_compiler.jar" />
    <property name="java.runtime.version" value="1.8.0_352-8u352-ga-1~20.04-b08" />
    <property name="gen.dir" value="/home/sepehr/masters/test_generation/model_generated_coverage/Closure1f_train/gen" />
    <property name="clover.project.historydir" value="/home/sepehr/masters/test_generation/model_generated_coverage/Closure1f_train/.cloverhistory/compiler" />
    <property name="clover.flushinterval" value="100" />
    <property name="user.name" value="sepehr" />
    <property name="ant.file.compiler" value="/home/sepehr/masters/test_generation/model_generated_coverage/Closure1f_train/build.xml" />
    <property name="build.dir" value="/home/sepehr/masters/test_generation/model_generated_coverage/Closure1f_train/build" />
    <property name="jsonml.dir" value="/home/sepehr/masters/test_generation/model_generated_coverage/Closure1f_train/src/com/google/javascript/jscomp/jsonml" />
    <property name="ant.build.javac.target" value="1.6" />
    <property name="stylesheetfile" value="/home/sepehr/masters/test_generation/model_generated_coverage/Closure1f_train/build/javadoc/dev_javadoc.css" />
    <property name="user.language" value="en" />
    <property name="sun.boot.library.path" value="/usr/lib/jvm/java-8-openjdk-amd64/jre/lib/amd64" />
    <property name="ant.project.default-target" value="jar" />
    <property name="ant.project.name" value="compiler" />
    <property name="java.version" value="1.8.0_352" />
    <property name="user.timezone" value="" />
    <property name="sun.arch.data.model" value="64" />
    <property name="java.endorsed.dirs" value="/usr/lib/jvm/java-8-openjdk-amd64/jre/lib/endorsed" />
    <property name="sun.cpu.isalist" value="" />
    <property name="sun.jnu.encoding" value="UTF-8" />
    <property name="file.encoding.pkg" value="sun.io" />
    <property name="file.separator" value="/" />
    <property name="java.specification.name" value="Java Platform API Specification" />
    <property name="protoc.executable" value="protoc" />
    <property name="classes.dir" value="/home/sepehr/masters/test_generation/model_generated_coverage/Closure1f_train/build/classes" />
    <property name="clover.initstring" value="/home/sepehr/masters/test_generation/model_generated_coverage/Closure1f_train/.clover/clover4_4_1.db" />
    <property name="java.class.version" value="52.0" />
    <property name="testClasses.dir" value="/home/sepehr/masters/test_generation/model_generated_coverage/Closure1f_train/build/test" />
    <property name="user.country" value="US" />
    <property name="jsonml-classes.dir" value="/home/sepehr/masters/test_generation/model_generated_coverage/Closure1f_train/build/jsonml-classes" />
    <property name="java.home" value="/usr/lib/jvm/java-8-openjdk-amd64/jre" />
    <property name="clover.dir" value="/home/sepehr/masters/test_generation/model_generated_coverage/Closure1f_train/clover" />
    <property name="java.vm.info" value="mixed mode" />
    <property name="externs.dir" value="/home/sepehr/masters/test_generation/model_generated_coverage/Closure1f_train/externs" />
    <property name="ant.file" value="/home/sepehr/masters/test_generation/model_generated_coverage/Closure1f_train/build.xml" />
    <property name="os.version" value="5.15.0-57-generic" />
    <property name="javac.debug" value="on" />
    <property name="path.separator" value=":" />
    <property name="java.vm.version" value="25.352-b08" />
    <property name="num-fuzz-tests" value="10000" />
    <property name="ant.library.dir" value="/usr/share/ant/lib" />
    <property name="clover.jar" value="/home/sepehr/masters/test_generation/model_generated_coverage/Closure1f_train/${clover.home}/clover.jar" />
    <property name="java.awt.printerjob" value="sun.print.PSPrinterJob" />
    <property name="webservice-jarfile" value="/home/sepehr/masters/test_generation/model_generated_coverage/Closure1f_train/build/webservice.jar" />
    <property name="sun.io.unicode.encoding" value="UnicodeLittle" />
    <property name="test.fork" value="true" />
    <property name="webservice.dir" value="/home/sepehr/masters/test_generation/model_generated_coverage/Closure1f_train/src/com/google/javascript/jscomp/webservice" />
    <property name="java.specification.maintenance.version" value="4" />
    <property name="awt.toolkit" value="sun.awt.X11.XToolkit" />
    <property name="buildlib.dir" value="/home/sepehr/masters/test_generation/model_generated_coverage/Closure1f_train/build/lib" />
    <property name="ant.build.javac.source" value="1.6" />
    <property name="user.home" value="/home/sepehr" />
    <property name="java.specification.vendor" value="Oracle Corporation" />
    <property name="test.dir" value="/home/sepehr/masters/test_generation/model_generated_coverage/Closure1f_train/test" />
    <property name="clover.dest" value="/home/sepehr/masters/test_generation/model_generated_coverage/Closure1f_train/clover/compiler" />
    <property name="clover.span" value="1day" />
    <property name="java.library.path" value="/usr/java/packages/lib/amd64:/usr/lib/x86_64-linux-gnu/jni:/lib/x86_64-linux-gnu:/usr/lib/x86_64-linux-gnu:/usr/lib/jni:/lib:/usr/lib" />
    <property name="java.vendor.url" value="http://java.oracle.com/" />
    <property name="test.target" value="test" />
    <property name="java.vm.vendor" value="Private Build" />
    <property name="java.runtime.name" value="OpenJDK Runtime Environment" />
    <property name="ant.version" value="Apache Ant(TM) version 1.10.7 compiled on October 24 2019" />
    <property name="java.class.path" value="/home/sepehr/masters/test_generation/model_generated_coverage/Closure1f_train/build/classes:/home/sepehr/masters/test_generation/model_generated_coverage/Closure1f_train/lib/ant-launcher.jar:/home/sepehr/masters/test_generation/model_generated_coverage/Closure1f_train/lib/ant.jar:/home/sepehr/masters/test_generation/model_generated_coverage/Closure1f_train/lib/args4j.jar:/home/sepehr/masters/test_generation/model_generated_coverage/Closure1f_train/lib/caja-r4314.jar:/home/sepehr/masters/test_generation/model_generated_coverage/Closure1f_train/lib/guava.jar:/home/sepehr/masters/test_generation/model_generated_coverage/Closure1f_train/lib/jarjar.jar:/home/sepehr/masters/test_generation/model_generated_coverage/Closure1f_train/lib/json.jar:/home/sepehr/masters/test_generation/model_generated_coverage/Closure1f_train/lib/jsr305.jar:/home/sepehr/masters/test_generation/model_generated_coverage/Closure1f_train/lib/junit.jar:/home/sepehr/masters/test_generation/model_generated_coverage/Closure1f_train/lib/protobuf-java.jar:/home/sepehr/masters/test_generation/model_generated_coverage/Closure1f_train/build/lib/rhino.jar:/home/sepehr/masters/test_generation/model_generated_coverage/Closure1f_train/build/test:/home/sepehr/.ant/lib/clover.jar:/home/sepehr/.ant/lib/evosuite-1.0.6.jar:/usr/share/java/ant-launcher-1.10.7.jar:/usr/share/ant/lib/ant.jar:/usr/share/ant/lib/ant-junit.jar:/usr/share/ant/lib/ant-junit4.jar" />
    <property name="sun.java.command" value="org.apache.tools.ant.taskdefs.optional.junit.JUnitTestRunner testsfile=/home/sepehr/masters/test_generation/model_generated_coverage/Closure1f_train/junittestcases3123218496293849970.properties skipNonTests=false filtertrace=true haltOnError=false haltOnFailure=false formatter=org.apache.tools.ant.taskdefs.optional.junit.SummaryJUnitResultFormatter showoutput=true outputtoformatters=true logfailedtests=true threadid=0 logtestlistenerevents=false formatter=org.apache.tools.ant.taskdefs.optional.junit.BriefJUnitResultFormatter formatter=org.apache.tools.ant.taskdefs.optional.junit.XMLJUnitResultFormatter,/home/sepehr/masters/test_generation/model_generated_coverage/Closure1f_train/build/testoutput/IGNORETHIS.xml crashfile=/home/sepehr/masters/test_generation/model_generated_coverage/Closure1f_train/junitvmwatcher4044764787935093451.properties propsfile=/home/sepehr/masters/test_generation/model_generated_coverage/Closure1f_train/junit5110755408873315602.properties" />
    <property name="project.name" value="compiler" />
    <property name="test.class" value="*Test" />
    <property name="java.vm.specification.name" value="Java Virtual Machine Specification" />
    <property name="clover.snapshot.file" value="/home/sepehr/masters/test_generation/model_generated_coverage/Closure1f_train/.cloverhistory/compiler/clover.snapshot" />
    <property name="ant.file.type" value="file" />
    <property name="java.vm.specification.version" value="1.8" />
    <property name="sun.os.patch.level" value="unknown" />
    <property name="sun.cpu.endian" value="little" />
    <property name="java.io.tmpdir" value="/tmp" />
    <property name="project.title" value="compiler" />
    <property name="java.vendor.url.bug" value="http://bugreport.sun.com/bugreport/" />
    <property name="java.awt.graphicsenv" value="sun.awt.X11GraphicsEnvironment" />
    <property name="os.arch" value="amd64" />
    <property name="clover.jarpath" value="/home/sepehr/.ant/lib/clover.jar" />
    <property name="maven-repository-url" value="https://oss.sonatype.org/service/local/staging/deploy/maven2/" />
    <property name="webservice-classes.dir" value="/home/sepehr/masters/test_generation/model_generated_coverage/Closure1f_train/build/webservice-classes" />
    <property name="java.ext.dirs" value="/usr/lib/jvm/java-8-openjdk-amd64/jre/lib/ext:/usr/java/packages/lib/ext" />
    <property name="user.dir" value="/home/sepehr/masters/test_generation/model_generated_coverage/Closure1f_train" />
    <property name="ant.file.type.compiler" value="file" />
    <property name="line.separator" value="&#xa;" />
    <property name="java.vm.name" value="OpenJDK 64-Bit Server VM" />
    <property name="basedir" value="/home/sepehr/masters/test_generation/model_generated_coverage/Closure1f_train" />
    <property name="ant.java.version" value="1.8" />
    <property name="ant.core.lib" value="/usr/share/ant/lib/ant.jar" />
    <property name="file.encoding" value="UTF-8" />
    <property name="closure.build.dir" value="/home/sepehr/masters/test_generation/model_generated_coverage/Closure1f_train/build" />
    <property name="build.compiler" value="com.atlassian.clover.ant.taskdefs.CloverCompilerAdapter" />
    <property name="compiler-jarfile" value="/home/sepehr/masters/test_generation/model_generated_coverage/Closure1f_train/build/compiler.jar" />
    <property name="clover.historydir" value="/home/sepehr/masters/test_generation/model_generated_coverage/Closure1f_train/.cloverhistory" />
    <property name="java.specification.version" value="1.8" />
    <property name="src.dir" value="/home/sepehr/masters/test_generation/model_generated_coverage/Closure1f_train/src" />
    <property name="ant.project.invoked-targets" value="with.clover,test,clover.report" />
    <property name="javadoc.dir" value="/home/sepehr/masters/test_generation/model_generated_coverage/Closure1f_train/build/javadoc" />
    <property name="tools.dir" value="/home/sepehr/masters/test_generation/model_generated_coverage/Closure1f_train/tools" />
    <property name="clover.flushpolicy" value="directed" />
  </properties>
  <testcase classname="com.google.javascript.jscomp.CollapsePropertiesTest" name="testTypedef21602" time="0.007" />
  <testcase classname="com.google.javascript.jscomp.CollapsePropertiesTest" name="testDelete71967" time="0.004" />
  <testcase classname="com.google.javascript.jscomp.CollapsePropertiesTest" name="testDecrement912" time="0.005" />
  <testcase classname="com.google.javascript.jscomp.CollapsePropertiesTest" name="testIssue389361" time="0.007" />
  <testcase classname="com.google.javascript.jscomp.CollapsePropertiesTest" name="testAddPropertyToFunctionInLocalScopeDepth1619" time="0.006" />
  <testcase classname="com.google.javascript.jscomp.CollapsePropertiesTest" name="testPrototypePropertySetToAnObjectLiteral1817" time="0.005" />
  <testcase classname="com.google.javascript.jscomp.CollapsePropertiesTest" name="testNamespaceResetInLocalScope21860" time="0.005" />
  <testcase classname="com.google.javascript.jscomp.CollapsePropertiesTest" name="testAliasCreatedForEnumDepth1_11909" time="0.006" />
  <testcase classname="com.google.javascript.jscomp.CollapsePropertiesTest" name="testNoInlineGetpropIntoCall1930" time="0.013" />
  <testcase classname="com.google.javascript.jscomp.CollapsePropertiesTest" name="testPropWithDollarSign21969" time="0.004" />
  <testcase classname="com.google.javascript.jscomp.CollapsePropertiesTest" name="testAliasCreatedForCtorDepth1_11991" time="0.006" />
  <testcase classname="com.google.javascript.jscomp.CollapsePropertiesTest" name="testObjLitDeclarationWithDuplicateKeys2001" time="0.003" />
  <testcase classname="com.google.javascript.jscomp.CollapsePropertiesTest" name="testGlobalObjectNameInBooleanExpressionDepth1_32095" time="0.006" />
  <testcase classname="com.google.javascript.jscomp.CollapsePropertiesTest" name="testAddPropertyToChildOfUncollapsibleFunctionInLocalScope2128" time="0.006" />
  <testcase classname="com.google.javascript.jscomp.CollapsePropertiesTest" name="testObjLitAssignmentDepth42143" time="0.005" />
  <testcase classname="com.google.javascript.jscomp.CollapsePropertiesTest" name="testCollapsePropertyOnExternType2296" time="0.005" />
  <testcase classname="com.google.javascript.jscomp.CollapsePropertiesTest" name="testStaticFunctionReferencingThis32303" time="0.005" />
  <testcase classname="com.google.javascript.jscomp.CollapsePropertiesTest" name="testGlobalVarSetToObjLitConditionally1b2335" time="0.005" />
  <testcase classname="com.google.javascript.jscomp.CollapsePropertiesTest" name="testCollapseForEachWithoutExterns2411" time="0.004" />
  <testcase classname="com.google.javascript.jscomp.CollapsePropertiesTest" name="testObjLitWithUsedNumericKey2445" time="0.005" />
  <testcase classname="com.google.javascript.jscomp.CollapsePropertiesTest" name="testDelete91300" time="0.005" />
  <testcase classname="com.google.javascript.jscomp.CollapsePropertiesTest" name="testObjLitDefinedInLocalScopeIsLeftAlone410" time="0.006" />
  <testcase classname="com.google.javascript.jscomp.CollapsePropertiesTest" name="testLocalAlias4987" time="0.006" />
  <testcase classname="com.google.javascript.jscomp.CollapsePropertiesTest" name="testGlobalObjectDeclaredToPreserveItsPreviousValue11042" time="0.005" />
  <testcase classname="com.google.javascript.jscomp.CollapsePropertiesTest" name="testGlobalObjectNameInBooleanExpressionDepth1_21299" time="0.005" />
  <testcase classname="com.google.javascript.jscomp.CollapsePropertiesTest" name="testObjLitAssignedInTernaryExpression21325" time="0.006" />
  <testcase classname="com.google.javascript.jscomp.CollapsePropertiesTest" name="testBug19743711346" time="0.006" />
  <testcase classname="com.google.javascript.jscomp.CollapsePropertiesTest" name="testGlobalVarSetToObjLitConditionally21517" time="0.005" />
  <testcase classname="com.google.javascript.jscomp.CollapsePropertiesTest" name="testAliasCreatedForEnumOfObjects21562" time="0.006" />
  <testcase classname="com.google.javascript.jscomp.CollapsePropertiesTest" name="testCallToRedefinedFunction1684" time="0.005" />
  <testcase classname="com.google.javascript.jscomp.CollapsePropertiesTest" name="testObjLitDeclarationWithSet11790" time="0.005" />
  <testcase classname="com.google.javascript.jscomp.CollapsePropertiesTest" name="testInlineAliasWithModifications810" time="0.018" />
  <testcase classname="com.google.javascript.jscomp.CollapsePropertiesTest" name="testCrashInNestedAssign511" time="0.005" />
  <testcase classname="com.google.javascript.jscomp.CollapsePropertiesTest" name="testChainedAssignments4686" time="0.005" />
  <testcase classname="com.google.javascript.jscomp.CollapsePropertiesTest" name="testTwiceDefinedGlobalNameDepth2828" time="0.006" />
  <testcase classname="com.google.javascript.jscomp.CollapsePropertiesTest" name="testDelete111688" time="0.005" />
  <testcase classname="com.google.javascript.jscomp.CollapsePropertiesTest" name="testDelete11209" time="0.006" />
  <system-out><![CDATA[]]></system-out>
  <system-err><![CDATA[]]></system-err>
</testsuite>
