<?xml version="1.0" encoding="UTF-8" ?>
<testsuite errors="0" failures="1" hostname="sepehr-UX310UQK" name="com.google.javascript.jscomp.IntegrationTest" skipped="0" tests="79" time="0.62" timestamp="2023-01-12T21:04:16">
  <properties>
    <property name="java.vendor" value="Private Build" />
    <property name="lib.dir" value="/home/sepehr/masters/test_generation/model_generated_coverage/Closure1f_train/lib" />
    <property name="sun.java.launcher" value="SUN_STANDARD" />
    <property name="sun.management.compiler" value="HotSpot 64-Bit Tiered Compilers" />
    <property name="os.name" value="Linux" />
    <property name="clover.historical.json" value="true" />
    <property name="sun.boot.class.path" value="/usr/lib/jvm/java-8-openjdk-amd64/jre/lib/resources.jar:/usr/lib/jvm/java-8-openjdk-amd64/jre/lib/rt.jar:/usr/lib/jvm/java-8-openjdk-amd64/jre/lib/sunrsasign.jar:/usr/lib/jvm/java-8-openjdk-amd64/jre/lib/jsse.jar:/usr/lib/jvm/java-8-openjdk-amd64/jre/lib/jce.jar:/usr/lib/jvm/java-8-openjdk-amd64/jre/lib/charsets.jar:/usr/lib/jvm/java-8-openjdk-amd64/jre/lib/jfr.jar:/usr/lib/jvm/java-8-openjdk-amd64/jre/classes" />
    <property name="build.svnVersion" value="Unversioned directory" />
    <property name="sun.desktop" value="gnome" />
    <property name="maven-repository-id" value="sonatype-nexus-staging" />
    <property name="java.vm.specification.vendor" value="Oracle Corporation" />
    <property name="ant.home" value="/usr/share/ant" />
    <property name="jsonml-jarfile" value="/home/sepehr/masters/test_generation/model_generated_coverage/Closure1f_train/build/secure_compiler.jar" />
    <property name="java.runtime.version" value="1.8.0_352-8u352-ga-1~20.04-b08" />
    <property name="gen.dir" value="/home/sepehr/masters/test_generation/model_generated_coverage/Closure1f_train/gen" />
    <property name="clover.project.historydir" value="/home/sepehr/masters/test_generation/model_generated_coverage/Closure1f_train/.cloverhistory/compiler" />
    <property name="clover.flushinterval" value="100" />
    <property name="user.name" value="sepehr" />
    <property name="ant.file.compiler" value="/home/sepehr/masters/test_generation/model_generated_coverage/Closure1f_train/build.xml" />
    <property name="build.dir" value="/home/sepehr/masters/test_generation/model_generated_coverage/Closure1f_train/build" />
    <property name="jsonml.dir" value="/home/sepehr/masters/test_generation/model_generated_coverage/Closure1f_train/src/com/google/javascript/jscomp/jsonml" />
    <property name="ant.build.javac.target" value="1.6" />
    <property name="stylesheetfile" value="/home/sepehr/masters/test_generation/model_generated_coverage/Closure1f_train/build/javadoc/dev_javadoc.css" />
    <property name="user.language" value="en" />
    <property name="sun.boot.library.path" value="/usr/lib/jvm/java-8-openjdk-amd64/jre/lib/amd64" />
    <property name="ant.project.default-target" value="jar" />
    <property name="ant.project.name" value="compiler" />
    <property name="java.version" value="1.8.0_352" />
    <property name="user.timezone" value="" />
    <property name="sun.arch.data.model" value="64" />
    <property name="java.endorsed.dirs" value="/usr/lib/jvm/java-8-openjdk-amd64/jre/lib/endorsed" />
    <property name="sun.cpu.isalist" value="" />
    <property name="sun.jnu.encoding" value="UTF-8" />
    <property name="file.encoding.pkg" value="sun.io" />
    <property name="file.separator" value="/" />
    <property name="java.specification.name" value="Java Platform API Specification" />
    <property name="protoc.executable" value="protoc" />
    <property name="classes.dir" value="/home/sepehr/masters/test_generation/model_generated_coverage/Closure1f_train/build/classes" />
    <property name="clover.initstring" value="/home/sepehr/masters/test_generation/model_generated_coverage/Closure1f_train/.clover/clover4_4_1.db" />
    <property name="java.class.version" value="52.0" />
    <property name="testClasses.dir" value="/home/sepehr/masters/test_generation/model_generated_coverage/Closure1f_train/build/test" />
    <property name="user.country" value="US" />
    <property name="jsonml-classes.dir" value="/home/sepehr/masters/test_generation/model_generated_coverage/Closure1f_train/build/jsonml-classes" />
    <property name="java.home" value="/usr/lib/jvm/java-8-openjdk-amd64/jre" />
    <property name="clover.dir" value="/home/sepehr/masters/test_generation/model_generated_coverage/Closure1f_train/clover" />
    <property name="java.vm.info" value="mixed mode" />
    <property name="externs.dir" value="/home/sepehr/masters/test_generation/model_generated_coverage/Closure1f_train/externs" />
    <property name="ant.file" value="/home/sepehr/masters/test_generation/model_generated_coverage/Closure1f_train/build.xml" />
    <property name="os.version" value="5.15.0-57-generic" />
    <property name="javac.debug" value="on" />
    <property name="path.separator" value=":" />
    <property name="java.vm.version" value="25.352-b08" />
    <property name="num-fuzz-tests" value="10000" />
    <property name="ant.library.dir" value="/usr/share/ant/lib" />
    <property name="clover.jar" value="/home/sepehr/masters/test_generation/model_generated_coverage/Closure1f_train/${clover.home}/clover.jar" />
    <property name="java.awt.printerjob" value="sun.print.PSPrinterJob" />
    <property name="webservice-jarfile" value="/home/sepehr/masters/test_generation/model_generated_coverage/Closure1f_train/build/webservice.jar" />
    <property name="sun.io.unicode.encoding" value="UnicodeLittle" />
    <property name="test.fork" value="true" />
    <property name="webservice.dir" value="/home/sepehr/masters/test_generation/model_generated_coverage/Closure1f_train/src/com/google/javascript/jscomp/webservice" />
    <property name="java.specification.maintenance.version" value="4" />
    <property name="awt.toolkit" value="sun.awt.X11.XToolkit" />
    <property name="buildlib.dir" value="/home/sepehr/masters/test_generation/model_generated_coverage/Closure1f_train/build/lib" />
    <property name="ant.build.javac.source" value="1.6" />
    <property name="user.home" value="/home/sepehr" />
    <property name="java.specification.vendor" value="Oracle Corporation" />
    <property name="test.dir" value="/home/sepehr/masters/test_generation/model_generated_coverage/Closure1f_train/test" />
    <property name="clover.dest" value="/home/sepehr/masters/test_generation/model_generated_coverage/Closure1f_train/clover/compiler" />
    <property name="clover.span" value="1day" />
    <property name="java.library.path" value="/usr/java/packages/lib/amd64:/usr/lib/x86_64-linux-gnu/jni:/lib/x86_64-linux-gnu:/usr/lib/x86_64-linux-gnu:/usr/lib/jni:/lib:/usr/lib" />
    <property name="java.vendor.url" value="http://java.oracle.com/" />
    <property name="test.target" value="test" />
    <property name="java.vm.vendor" value="Private Build" />
    <property name="java.runtime.name" value="OpenJDK Runtime Environment" />
    <property name="ant.version" value="Apache Ant(TM) version 1.10.7 compiled on October 24 2019" />
    <property name="java.class.path" value="/home/sepehr/masters/test_generation/model_generated_coverage/Closure1f_train/build/classes:/home/sepehr/masters/test_generation/model_generated_coverage/Closure1f_train/lib/ant-launcher.jar:/home/sepehr/masters/test_generation/model_generated_coverage/Closure1f_train/lib/ant.jar:/home/sepehr/masters/test_generation/model_generated_coverage/Closure1f_train/lib/args4j.jar:/home/sepehr/masters/test_generation/model_generated_coverage/Closure1f_train/lib/caja-r4314.jar:/home/sepehr/masters/test_generation/model_generated_coverage/Closure1f_train/lib/guava.jar:/home/sepehr/masters/test_generation/model_generated_coverage/Closure1f_train/lib/jarjar.jar:/home/sepehr/masters/test_generation/model_generated_coverage/Closure1f_train/lib/json.jar:/home/sepehr/masters/test_generation/model_generated_coverage/Closure1f_train/lib/jsr305.jar:/home/sepehr/masters/test_generation/model_generated_coverage/Closure1f_train/lib/junit.jar:/home/sepehr/masters/test_generation/model_generated_coverage/Closure1f_train/lib/protobuf-java.jar:/home/sepehr/masters/test_generation/model_generated_coverage/Closure1f_train/build/lib/rhino.jar:/home/sepehr/masters/test_generation/model_generated_coverage/Closure1f_train/build/test:/home/sepehr/.ant/lib/clover.jar:/home/sepehr/.ant/lib/evosuite-1.0.6.jar:/usr/share/java/ant-launcher-1.10.7.jar:/usr/share/ant/lib/ant.jar:/usr/share/ant/lib/ant-junit.jar:/usr/share/ant/lib/ant-junit4.jar" />
    <property name="sun.java.command" value="org.apache.tools.ant.taskdefs.optional.junit.JUnitTestRunner testsfile=/home/sepehr/masters/test_generation/model_generated_coverage/Closure1f_train/junittestcases3123218496293849970.properties skipNonTests=false filtertrace=true haltOnError=false haltOnFailure=false formatter=org.apache.tools.ant.taskdefs.optional.junit.SummaryJUnitResultFormatter showoutput=true outputtoformatters=true logfailedtests=true threadid=0 logtestlistenerevents=false formatter=org.apache.tools.ant.taskdefs.optional.junit.BriefJUnitResultFormatter formatter=org.apache.tools.ant.taskdefs.optional.junit.XMLJUnitResultFormatter,/home/sepehr/masters/test_generation/model_generated_coverage/Closure1f_train/build/testoutput/IGNORETHIS.xml crashfile=/home/sepehr/masters/test_generation/model_generated_coverage/Closure1f_train/junitvmwatcher4044764787935093451.properties propsfile=/home/sepehr/masters/test_generation/model_generated_coverage/Closure1f_train/junit5110755408873315602.properties" />
    <property name="project.name" value="compiler" />
    <property name="test.class" value="*Test" />
    <property name="java.vm.specification.name" value="Java Virtual Machine Specification" />
    <property name="clover.snapshot.file" value="/home/sepehr/masters/test_generation/model_generated_coverage/Closure1f_train/.cloverhistory/compiler/clover.snapshot" />
    <property name="ant.file.type" value="file" />
    <property name="java.vm.specification.version" value="1.8" />
    <property name="sun.os.patch.level" value="unknown" />
    <property name="sun.cpu.endian" value="little" />
    <property name="java.io.tmpdir" value="/tmp" />
    <property name="project.title" value="compiler" />
    <property name="java.vendor.url.bug" value="http://bugreport.sun.com/bugreport/" />
    <property name="java.awt.graphicsenv" value="sun.awt.X11GraphicsEnvironment" />
    <property name="os.arch" value="amd64" />
    <property name="clover.jarpath" value="/home/sepehr/.ant/lib/clover.jar" />
    <property name="maven-repository-url" value="https://oss.sonatype.org/service/local/staging/deploy/maven2/" />
    <property name="webservice-classes.dir" value="/home/sepehr/masters/test_generation/model_generated_coverage/Closure1f_train/build/webservice-classes" />
    <property name="java.ext.dirs" value="/usr/lib/jvm/java-8-openjdk-amd64/jre/lib/ext:/usr/java/packages/lib/ext" />
    <property name="user.dir" value="/home/sepehr/masters/test_generation/model_generated_coverage/Closure1f_train" />
    <property name="ant.file.type.compiler" value="file" />
    <property name="line.separator" value="&#xa;" />
    <property name="java.vm.name" value="OpenJDK 64-Bit Server VM" />
    <property name="basedir" value="/home/sepehr/masters/test_generation/model_generated_coverage/Closure1f_train" />
    <property name="ant.java.version" value="1.8" />
    <property name="ant.core.lib" value="/usr/share/ant/lib/ant.jar" />
    <property name="file.encoding" value="UTF-8" />
    <property name="closure.build.dir" value="/home/sepehr/masters/test_generation/model_generated_coverage/Closure1f_train/build" />
    <property name="build.compiler" value="com.atlassian.clover.ant.taskdefs.CloverCompilerAdapter" />
    <property name="compiler-jarfile" value="/home/sepehr/masters/test_generation/model_generated_coverage/Closure1f_train/build/compiler.jar" />
    <property name="clover.historydir" value="/home/sepehr/masters/test_generation/model_generated_coverage/Closure1f_train/.cloverhistory" />
    <property name="java.specification.version" value="1.8" />
    <property name="src.dir" value="/home/sepehr/masters/test_generation/model_generated_coverage/Closure1f_train/src" />
    <property name="ant.project.invoked-targets" value="with.clover,test,clover.report" />
    <property name="javadoc.dir" value="/home/sepehr/masters/test_generation/model_generated_coverage/Closure1f_train/build/javadoc" />
    <property name="tools.dir" value="/home/sepehr/masters/test_generation/model_generated_coverage/Closure1f_train/tools" />
    <property name="clover.flushpolicy" value="directed" />
  </properties>
  <testcase classname="com.google.javascript.jscomp.IntegrationTest" name="testIssue7871901" time="0.016" />
  <testcase classname="com.google.javascript.jscomp.IntegrationTest" name="testRegExp1340" time="0.015" />
  <testcase classname="com.google.javascript.jscomp.IntegrationTest" name="testIssue724399" time="0.012" />
  <testcase classname="com.google.javascript.jscomp.IntegrationTest" name="testCheckReferencesOn23" time="0.003" />
  <testcase classname="com.google.javascript.jscomp.IntegrationTest" name="testRenamePrefixNamespaceActivatesMoveFunctionDeclarations38" time="0.011" />
  <testcase classname="com.google.javascript.jscomp.IntegrationTest" name="testMemoizedTypedScopeCreator125" time="0.01" />
  <testcase classname="com.google.javascript.jscomp.IntegrationTest" name="testAllChecksOn169" time="0.009" />
  <testcase classname="com.google.javascript.jscomp.IntegrationTest" name="testNegativeZero189" time="0.017" />
  <testcase classname="com.google.javascript.jscomp.IntegrationTest" name="testCheckConstants2195" time="0.004" />
  <testcase classname="com.google.javascript.jscomp.IntegrationTest" name="testStrictWarningsGuardEmergencyMode210" time="0.006" />
  <testcase classname="com.google.javascript.jscomp.IntegrationTest" name="testAliasKeywords221" time="0.006" />
  <testcase classname="com.google.javascript.jscomp.IntegrationTest" name="testOptimizeParameters249" time="0.006" />
  <testcase classname="com.google.javascript.jscomp.IntegrationTest" name="testRecoverOnBadExterns269" time="0.003" />
  <testcase classname="com.google.javascript.jscomp.IntegrationTest" name="testInlineProperties280" time="0.012" />
  <testcase classname="com.google.javascript.jscomp.IntegrationTest" name="testFlowSensitiveInlineVariables2353" time="0.007" />
  <testcase classname="com.google.javascript.jscomp.IntegrationTest" name="testCoalesceVariableNames420" time="0.005" />
  <testcase classname="com.google.javascript.jscomp.IntegrationTest" name="testExtractPrototypeMemberDeclarations474" time="0.01" />
  <testcase classname="com.google.javascript.jscomp.IntegrationTest" name="testConvertToDottedProperties488" time="0.005" />
  <testcase classname="com.google.javascript.jscomp.IntegrationTest" name="testNameAnonymousFunctions551" time="0.007" />
  <testcase classname="com.google.javascript.jscomp.IntegrationTest" name="testBrokenNameSpace594" time="0.005" />
  <testcase classname="com.google.javascript.jscomp.IntegrationTest" name="testBug1956277661" time="0.003" />
  <testcase classname="com.google.javascript.jscomp.IntegrationTest" name="testInferTypes675" time="0.008" />
  <testcase classname="com.google.javascript.jscomp.IntegrationTest" name="testGoogDefineClass3716" time="0.011" />
  <testcase classname="com.google.javascript.jscomp.IntegrationTest" name="testVarDeclarationsIntoFor729" time="0.005" />
  <testcase classname="com.google.javascript.jscomp.IntegrationTest" name="testGoogDefineClass1811" time="0.015" />
  <testcase classname="com.google.javascript.jscomp.IntegrationTest" name="testCompilerDoesNotBlowUpIfUndefinedSymbols867" time="0.002" />
  <testcase classname="com.google.javascript.jscomp.IntegrationTest" name="testChainedCalls914" time="0.003" />
  <testcase classname="com.google.javascript.jscomp.IntegrationTest" name="testLanguageMode957" time="0.006" />
  <testcase classname="com.google.javascript.jscomp.IntegrationTest" name="testFoldLocals71003" time="0.008" />
  <testcase classname="com.google.javascript.jscomp.IntegrationTest" name="testBug24101221009" time="0.004" />
  <testcase classname="com.google.javascript.jscomp.IntegrationTest" name="testAlwaysRunSafetyCheck1075" time="0.003" />
  <testcase classname="com.google.javascript.jscomp.IntegrationTest" name="testIncompleteFunction21079" time="0.004" />
  <testcase classname="com.google.javascript.jscomp.IntegrationTest" name="testSuppressEs5StrictWarning1080" time="0.003" />
  <testcase classname="com.google.javascript.jscomp.IntegrationTest" name="testRenameLabels1107" time="0.004" />
  <testcase classname="com.google.javascript.jscomp.IntegrationTest" name="testRenamePrefix1130" time="0.003" />
  <testcase classname="com.google.javascript.jscomp.IntegrationTest" name="testExportTestFunctionsOn1285" time="0.004">
    <failure message="&#xa;Expected: function testFoo1287(){}goog.exportSymbol(&quot;testFoo&quot;,testFoo)&#xa;Result: function testFoo1286(){}goog.exportSymbol(&quot;testFoo1286&quot;,testFoo1286)&#xa;Node tree inequality:&#xa;Tree1:&#xa;BLOCK [synthetic: 1]&#xa;    SCRIPT 1 [synthetic: 1] [source_file: input0] [input_id: InputId: input0]&#xa;        FUNCTION testFoo1287 1 [jsdoc_info: JSDocInfo] [source_file: input0]&#xa;            NAME testFoo1287 1 [source_file: input0]&#xa;            PARAM_LIST 1 [source_file: input0]&#xa;            BLOCK 1 [source_file: input0]&#xa;        EXPR_RESULT 1 [source_file: input0]&#xa;            CALL 1 [source_file: input0]&#xa;                GETPROP 1 [source_file: input0]&#xa;                    NAME goog 1 [source_file: input0]&#xa;                    STRING exportSymbol 1 [source_file: input0]&#xa;                STRING testFoo 1 [source_file: input0]&#xa;                NAME testFoo 1 [source_file: input0]&#xa;&#xa;&#xa;Tree2:&#xa;BLOCK [synthetic: 1]&#xa;    SCRIPT 1 [synthetic: 1] [source_file: i0] [input_id: InputId: i0]&#xa;        FUNCTION testFoo1286 1 [source_file: i0]&#xa;            NAME testFoo1286 1 [source_file: i0]&#xa;            PARAM_LIST 1 [source_file: i0]&#xa;            BLOCK 1 [source_file: i0]&#xa;        EXPR_RESULT&#xa;            CALL&#xa;                GETPROP 1 [originalname: testFoo1286] [source_file: i0]&#xa;                    NAME goog 1 [source_file: i0]&#xa;                    STRING exportSymbol 1 [source_file: i0]&#xa;                STRING testFoo1286&#xa;                NAME testFoo1286 1 [originalname: testFoo1286] [source_file: i0]&#xa;&#xa;&#xa;Subtree1: NAME testFoo1287 1 [source_file: input0]&#xa;&#xa;&#xa;Subtree2: NAME testFoo1286 1 [source_file: i0]&#xa;" type="junit.framework.AssertionFailedError">junit.framework.AssertionFailedError: 
Expected: function testFoo1287(){}goog.exportSymbol(&quot;testFoo&quot;,testFoo)
Result: function testFoo1286(){}goog.exportSymbol(&quot;testFoo1286&quot;,testFoo1286)
Node tree inequality:
Tree1:
BLOCK [synthetic: 1]
    SCRIPT 1 [synthetic: 1] [source_file: input0] [input_id: InputId: input0]
        FUNCTION testFoo1287 1 [jsdoc_info: JSDocInfo] [source_file: input0]
            NAME testFoo1287 1 [source_file: input0]
            PARAM_LIST 1 [source_file: input0]
            BLOCK 1 [source_file: input0]
        EXPR_RESULT 1 [source_file: input0]
            CALL 1 [source_file: input0]
                GETPROP 1 [source_file: input0]
                    NAME goog 1 [source_file: input0]
                    STRING exportSymbol 1 [source_file: input0]
                STRING testFoo 1 [source_file: input0]
                NAME testFoo 1 [source_file: input0]


Tree2:
BLOCK [synthetic: 1]
    SCRIPT 1 [synthetic: 1] [source_file: i0] [input_id: InputId: i0]
        FUNCTION testFoo1286 1 [source_file: i0]
            NAME testFoo1286 1 [source_file: i0]
            PARAM_LIST 1 [source_file: i0]
            BLOCK 1 [source_file: i0]
        EXPR_RESULT
            CALL
                GETPROP 1 [originalname: testFoo1286] [source_file: i0]
                    NAME goog 1 [source_file: i0]
                    STRING exportSymbol 1 [source_file: i0]
                STRING testFoo1286
                NAME testFoo1286 1 [originalname: testFoo1286] [source_file: i0]


Subtree1: NAME testFoo1287 1 [source_file: input0]


Subtree2: NAME testFoo1286 1 [source_file: i0]

	at com.google.javascript.jscomp.IntegrationTestCase.test(IntegrationTestCase.java:97)
	at com.google.javascript.jscomp.IntegrationTestCase.test(IntegrationTestCase.java:79)
	at com.google.javascript.jscomp.IntegrationTest.__CLR4_4_167dmm11mcw(IntegrationTest.java:436)
	at com.google.javascript.jscomp.IntegrationTest.testExportTestFunctionsOn1285(IntegrationTest.java:433)
</failure>
  </testcase>
  <testcase classname="com.google.javascript.jscomp.IntegrationTest" name="testPropertyRenaming1358" time="0.011" />
  <testcase classname="com.google.javascript.jscomp.IntegrationTest" name="testOptimizeArgumentsArray1361" time="0.004" />
  <testcase classname="com.google.javascript.jscomp.IntegrationTest" name="testExtraAnnotationNames1415" time="0.003" />
  <testcase classname="com.google.javascript.jscomp.IntegrationTest" name="testTightenTypesWithoutTypeCheck1501" time="0.003" />
  <testcase classname="com.google.javascript.jscomp.IntegrationTest" name="testIssue7302227" time="0.03" />
  <testcase classname="com.google.javascript.jscomp.IntegrationTest" name="testIssue598229" time="0.013" />
  <testcase classname="com.google.javascript.jscomp.IntegrationTest" name="testIssue901112" time="0.004" />
  <testcase classname="com.google.javascript.jscomp.IntegrationTest" name="testBug1949424_v213" time="0.006" />
  <testcase classname="com.google.javascript.jscomp.IntegrationTest" name="testNamelessParameter1538" time="0.014" />
  <testcase classname="com.google.javascript.jscomp.IntegrationTest" name="testLanguageMode21584" time="0.009" />
  <testcase classname="com.google.javascript.jscomp.IntegrationTest" name="testProcessDefinesAlwaysOn1601" time="0.004" />
  <testcase classname="com.google.javascript.jscomp.IntegrationTest" name="testSingletonGetter11608" time="0.015" />
  <testcase classname="com.google.javascript.jscomp.IntegrationTest" name="testSuppressCastWarning1643" time="0.011" />
  <testcase classname="com.google.javascript.jscomp.IntegrationTest" name="testRenamePrefixNamespace1650" time="0.007" />
  <testcase classname="com.google.javascript.jscomp.IntegrationTest" name="testRenameVars21696" time="0.013" />
  <testcase classname="com.google.javascript.jscomp.IntegrationTest" name="testMissingReturn1705" time="0.01" />
  <testcase classname="com.google.javascript.jscomp.IntegrationTest" name="testTypeCheckingWithSyntheticBlocks1714" time="0.007" />
  <testcase classname="com.google.javascript.jscomp.IntegrationTest" name="testProvidedNamespaceIsConst21739" time="0.005" />
  <testcase classname="com.google.javascript.jscomp.IntegrationTest" name="testConstructorCycle1756" time="0.009" />
  <testcase classname="com.google.javascript.jscomp.IntegrationTest" name="testSuppressCheckProvidesWarning1763" time="0.003" />
  <testcase classname="com.google.javascript.jscomp.IntegrationTest" name="testRenamePrefixNamespaceProtectSideEffects1768" time="0.009" />
  <testcase classname="com.google.javascript.jscomp.IntegrationTest" name="testFoldConstants1776" time="0.006" />
  <testcase classname="com.google.javascript.jscomp.IntegrationTest" name="testCheckProvidesWarning1783" time="0.003" />
  <testcase classname="com.google.javascript.jscomp.IntegrationTest" name="testDeadAssignmentsElimination1804" time="0.011" />
  <testcase classname="com.google.javascript.jscomp.IntegrationTest" name="testInlineVariables1808" time="0.009" />
  <testcase classname="com.google.javascript.jscomp.IntegrationTest" name="testsyntheticBlockOnDeadAssignments1809" time="0.004" />
  <testcase classname="com.google.javascript.jscomp.IntegrationTest" name="testCollapseProperties21900" time="0.006" />
  <testcase classname="com.google.javascript.jscomp.IntegrationTest" name="testHiddenSideEffect1946" time="0.008" />
  <testcase classname="com.google.javascript.jscomp.IntegrationTest" name="testReplaceCssNames1951" time="0.004" />
  <testcase classname="com.google.javascript.jscomp.IntegrationTest" name="testBug19623801977" time="0.007" />
  <testcase classname="com.google.javascript.jscomp.IntegrationTest" name="testClosurePassPreservesJsDoc1993" time="0.015" />
  <testcase classname="com.google.javascript.jscomp.IntegrationTest" name="testNameAnonymousFunctionsWithVarRemoval1996" time="0.013" />
  <testcase classname="com.google.javascript.jscomp.IntegrationTest" name="testProvidedNamespaceIsConst51998" time="0.006" />
  <testcase classname="com.google.javascript.jscomp.IntegrationTest" name="testBug25926592046" time="0.007" />
  <testcase classname="com.google.javascript.jscomp.IntegrationTest" name="testCheckRequiresOn2054" time="0.002" />
  <testcase classname="com.google.javascript.jscomp.IntegrationTest" name="testInlineGettersWithAmbiguate2059" time="0.015" />
  <testcase classname="com.google.javascript.jscomp.IntegrationTest" name="testAliasAllStrings2115" time="0.005" />
  <testcase classname="com.google.javascript.jscomp.IntegrationTest" name="testCheckGlobalNames2147" time="0.003" />
  <testcase classname="com.google.javascript.jscomp.IntegrationTest" name="testDisambiguateProperties2154" time="0.009" />
  <testcase classname="com.google.javascript.jscomp.IntegrationTest" name="testBadBreakStatementInIdeMode2218" time="0.008" />
  <testcase classname="com.google.javascript.jscomp.IntegrationTest" name="testCheckSymbolsOn2276" time="0.004" />
  <testcase classname="com.google.javascript.jscomp.IntegrationTest" name="testMarkNoSideEffects2304" time="0.005" />
  <testcase classname="com.google.javascript.jscomp.IntegrationTest" name="testExpose2404" time="0.019" />
  <system-out><![CDATA[]]></system-out>
  <system-err><![CDATA[]]></system-err>
</testsuite>
