<?xml version="1.0" encoding="UTF-8" ?>
<testsuite errors="0" failures="0" hostname="sepehr-UX310UQK" name="com.google.javascript.jscomp.parsing.JsDocInfoParserTest" skipped="0" tests="132" time="0.197" timestamp="2023-01-12T21:04:29">
  <properties>
    <property name="java.vendor" value="Private Build" />
    <property name="lib.dir" value="/home/sepehr/masters/test_generation/model_generated_coverage/Closure1f_train/lib" />
    <property name="sun.java.launcher" value="SUN_STANDARD" />
    <property name="sun.management.compiler" value="HotSpot 64-Bit Tiered Compilers" />
    <property name="os.name" value="Linux" />
    <property name="clover.historical.json" value="true" />
    <property name="sun.boot.class.path" value="/usr/lib/jvm/java-8-openjdk-amd64/jre/lib/resources.jar:/usr/lib/jvm/java-8-openjdk-amd64/jre/lib/rt.jar:/usr/lib/jvm/java-8-openjdk-amd64/jre/lib/sunrsasign.jar:/usr/lib/jvm/java-8-openjdk-amd64/jre/lib/jsse.jar:/usr/lib/jvm/java-8-openjdk-amd64/jre/lib/jce.jar:/usr/lib/jvm/java-8-openjdk-amd64/jre/lib/charsets.jar:/usr/lib/jvm/java-8-openjdk-amd64/jre/lib/jfr.jar:/usr/lib/jvm/java-8-openjdk-amd64/jre/classes" />
    <property name="build.svnVersion" value="Unversioned directory" />
    <property name="sun.desktop" value="gnome" />
    <property name="maven-repository-id" value="sonatype-nexus-staging" />
    <property name="java.vm.specification.vendor" value="Oracle Corporation" />
    <property name="ant.home" value="/usr/share/ant" />
    <property name="jsonml-jarfile" value="/home/sepehr/masters/test_generation/model_generated_coverage/Closure1f_train/build/secure_compiler.jar" />
    <property name="java.runtime.version" value="1.8.0_352-8u352-ga-1~20.04-b08" />
    <property name="gen.dir" value="/home/sepehr/masters/test_generation/model_generated_coverage/Closure1f_train/gen" />
    <property name="clover.project.historydir" value="/home/sepehr/masters/test_generation/model_generated_coverage/Closure1f_train/.cloverhistory/compiler" />
    <property name="clover.flushinterval" value="100" />
    <property name="user.name" value="sepehr" />
    <property name="ant.file.compiler" value="/home/sepehr/masters/test_generation/model_generated_coverage/Closure1f_train/build.xml" />
    <property name="build.dir" value="/home/sepehr/masters/test_generation/model_generated_coverage/Closure1f_train/build" />
    <property name="jsonml.dir" value="/home/sepehr/masters/test_generation/model_generated_coverage/Closure1f_train/src/com/google/javascript/jscomp/jsonml" />
    <property name="ant.build.javac.target" value="1.6" />
    <property name="stylesheetfile" value="/home/sepehr/masters/test_generation/model_generated_coverage/Closure1f_train/build/javadoc/dev_javadoc.css" />
    <property name="user.language" value="en" />
    <property name="sun.boot.library.path" value="/usr/lib/jvm/java-8-openjdk-amd64/jre/lib/amd64" />
    <property name="ant.project.default-target" value="jar" />
    <property name="ant.project.name" value="compiler" />
    <property name="java.version" value="1.8.0_352" />
    <property name="user.timezone" value="" />
    <property name="sun.arch.data.model" value="64" />
    <property name="java.endorsed.dirs" value="/usr/lib/jvm/java-8-openjdk-amd64/jre/lib/endorsed" />
    <property name="sun.cpu.isalist" value="" />
    <property name="sun.jnu.encoding" value="UTF-8" />
    <property name="file.encoding.pkg" value="sun.io" />
    <property name="file.separator" value="/" />
    <property name="java.specification.name" value="Java Platform API Specification" />
    <property name="protoc.executable" value="protoc" />
    <property name="classes.dir" value="/home/sepehr/masters/test_generation/model_generated_coverage/Closure1f_train/build/classes" />
    <property name="clover.initstring" value="/home/sepehr/masters/test_generation/model_generated_coverage/Closure1f_train/.clover/clover4_4_1.db" />
    <property name="java.class.version" value="52.0" />
    <property name="testClasses.dir" value="/home/sepehr/masters/test_generation/model_generated_coverage/Closure1f_train/build/test" />
    <property name="user.country" value="US" />
    <property name="jsonml-classes.dir" value="/home/sepehr/masters/test_generation/model_generated_coverage/Closure1f_train/build/jsonml-classes" />
    <property name="java.home" value="/usr/lib/jvm/java-8-openjdk-amd64/jre" />
    <property name="clover.dir" value="/home/sepehr/masters/test_generation/model_generated_coverage/Closure1f_train/clover" />
    <property name="java.vm.info" value="mixed mode" />
    <property name="externs.dir" value="/home/sepehr/masters/test_generation/model_generated_coverage/Closure1f_train/externs" />
    <property name="ant.file" value="/home/sepehr/masters/test_generation/model_generated_coverage/Closure1f_train/build.xml" />
    <property name="os.version" value="5.15.0-57-generic" />
    <property name="javac.debug" value="on" />
    <property name="path.separator" value=":" />
    <property name="java.vm.version" value="25.352-b08" />
    <property name="num-fuzz-tests" value="10000" />
    <property name="ant.library.dir" value="/usr/share/ant/lib" />
    <property name="clover.jar" value="/home/sepehr/masters/test_generation/model_generated_coverage/Closure1f_train/${clover.home}/clover.jar" />
    <property name="java.awt.printerjob" value="sun.print.PSPrinterJob" />
    <property name="webservice-jarfile" value="/home/sepehr/masters/test_generation/model_generated_coverage/Closure1f_train/build/webservice.jar" />
    <property name="sun.io.unicode.encoding" value="UnicodeLittle" />
    <property name="test.fork" value="true" />
    <property name="webservice.dir" value="/home/sepehr/masters/test_generation/model_generated_coverage/Closure1f_train/src/com/google/javascript/jscomp/webservice" />
    <property name="java.specification.maintenance.version" value="4" />
    <property name="awt.toolkit" value="sun.awt.X11.XToolkit" />
    <property name="buildlib.dir" value="/home/sepehr/masters/test_generation/model_generated_coverage/Closure1f_train/build/lib" />
    <property name="ant.build.javac.source" value="1.6" />
    <property name="user.home" value="/home/sepehr" />
    <property name="java.specification.vendor" value="Oracle Corporation" />
    <property name="test.dir" value="/home/sepehr/masters/test_generation/model_generated_coverage/Closure1f_train/test" />
    <property name="clover.dest" value="/home/sepehr/masters/test_generation/model_generated_coverage/Closure1f_train/clover/compiler" />
    <property name="clover.span" value="1day" />
    <property name="java.library.path" value="/usr/java/packages/lib/amd64:/usr/lib/x86_64-linux-gnu/jni:/lib/x86_64-linux-gnu:/usr/lib/x86_64-linux-gnu:/usr/lib/jni:/lib:/usr/lib" />
    <property name="java.vendor.url" value="http://java.oracle.com/" />
    <property name="test.target" value="test" />
    <property name="java.vm.vendor" value="Private Build" />
    <property name="java.runtime.name" value="OpenJDK Runtime Environment" />
    <property name="ant.version" value="Apache Ant(TM) version 1.10.7 compiled on October 24 2019" />
    <property name="java.class.path" value="/home/sepehr/masters/test_generation/model_generated_coverage/Closure1f_train/build/classes:/home/sepehr/masters/test_generation/model_generated_coverage/Closure1f_train/lib/ant-launcher.jar:/home/sepehr/masters/test_generation/model_generated_coverage/Closure1f_train/lib/ant.jar:/home/sepehr/masters/test_generation/model_generated_coverage/Closure1f_train/lib/args4j.jar:/home/sepehr/masters/test_generation/model_generated_coverage/Closure1f_train/lib/caja-r4314.jar:/home/sepehr/masters/test_generation/model_generated_coverage/Closure1f_train/lib/guava.jar:/home/sepehr/masters/test_generation/model_generated_coverage/Closure1f_train/lib/jarjar.jar:/home/sepehr/masters/test_generation/model_generated_coverage/Closure1f_train/lib/json.jar:/home/sepehr/masters/test_generation/model_generated_coverage/Closure1f_train/lib/jsr305.jar:/home/sepehr/masters/test_generation/model_generated_coverage/Closure1f_train/lib/junit.jar:/home/sepehr/masters/test_generation/model_generated_coverage/Closure1f_train/lib/protobuf-java.jar:/home/sepehr/masters/test_generation/model_generated_coverage/Closure1f_train/build/lib/rhino.jar:/home/sepehr/masters/test_generation/model_generated_coverage/Closure1f_train/build/test:/home/sepehr/.ant/lib/clover.jar:/home/sepehr/.ant/lib/evosuite-1.0.6.jar:/usr/share/java/ant-launcher-1.10.7.jar:/usr/share/ant/lib/ant.jar:/usr/share/ant/lib/ant-junit.jar:/usr/share/ant/lib/ant-junit4.jar" />
    <property name="sun.java.command" value="org.apache.tools.ant.taskdefs.optional.junit.JUnitTestRunner testsfile=/home/sepehr/masters/test_generation/model_generated_coverage/Closure1f_train/junittestcases3123218496293849970.properties skipNonTests=false filtertrace=true haltOnError=false haltOnFailure=false formatter=org.apache.tools.ant.taskdefs.optional.junit.SummaryJUnitResultFormatter showoutput=true outputtoformatters=true logfailedtests=true threadid=0 logtestlistenerevents=false formatter=org.apache.tools.ant.taskdefs.optional.junit.BriefJUnitResultFormatter formatter=org.apache.tools.ant.taskdefs.optional.junit.XMLJUnitResultFormatter,/home/sepehr/masters/test_generation/model_generated_coverage/Closure1f_train/build/testoutput/IGNORETHIS.xml crashfile=/home/sepehr/masters/test_generation/model_generated_coverage/Closure1f_train/junitvmwatcher4044764787935093451.properties propsfile=/home/sepehr/masters/test_generation/model_generated_coverage/Closure1f_train/junit5110755408873315602.properties" />
    <property name="project.name" value="compiler" />
    <property name="test.class" value="*Test" />
    <property name="java.vm.specification.name" value="Java Virtual Machine Specification" />
    <property name="clover.snapshot.file" value="/home/sepehr/masters/test_generation/model_generated_coverage/Closure1f_train/.cloverhistory/compiler/clover.snapshot" />
    <property name="ant.file.type" value="file" />
    <property name="java.vm.specification.version" value="1.8" />
    <property name="sun.os.patch.level" value="unknown" />
    <property name="sun.cpu.endian" value="little" />
    <property name="java.io.tmpdir" value="/tmp" />
    <property name="project.title" value="compiler" />
    <property name="java.vendor.url.bug" value="http://bugreport.sun.com/bugreport/" />
    <property name="java.awt.graphicsenv" value="sun.awt.X11GraphicsEnvironment" />
    <property name="os.arch" value="amd64" />
    <property name="clover.jarpath" value="/home/sepehr/.ant/lib/clover.jar" />
    <property name="maven-repository-url" value="https://oss.sonatype.org/service/local/staging/deploy/maven2/" />
    <property name="webservice-classes.dir" value="/home/sepehr/masters/test_generation/model_generated_coverage/Closure1f_train/build/webservice-classes" />
    <property name="java.ext.dirs" value="/usr/lib/jvm/java-8-openjdk-amd64/jre/lib/ext:/usr/java/packages/lib/ext" />
    <property name="user.dir" value="/home/sepehr/masters/test_generation/model_generated_coverage/Closure1f_train" />
    <property name="ant.file.type.compiler" value="file" />
    <property name="line.separator" value="&#xa;" />
    <property name="java.vm.name" value="OpenJDK 64-Bit Server VM" />
    <property name="basedir" value="/home/sepehr/masters/test_generation/model_generated_coverage/Closure1f_train" />
    <property name="ant.java.version" value="1.8" />
    <property name="ant.core.lib" value="/usr/share/ant/lib/ant.jar" />
    <property name="file.encoding" value="UTF-8" />
    <property name="closure.build.dir" value="/home/sepehr/masters/test_generation/model_generated_coverage/Closure1f_train/build" />
    <property name="build.compiler" value="com.atlassian.clover.ant.taskdefs.CloverCompilerAdapter" />
    <property name="compiler-jarfile" value="/home/sepehr/masters/test_generation/model_generated_coverage/Closure1f_train/build/compiler.jar" />
    <property name="clover.historydir" value="/home/sepehr/masters/test_generation/model_generated_coverage/Closure1f_train/.cloverhistory" />
    <property name="java.specification.version" value="1.8" />
    <property name="src.dir" value="/home/sepehr/masters/test_generation/model_generated_coverage/Closure1f_train/src" />
    <property name="ant.project.invoked-targets" value="with.clover,test,clover.report" />
    <property name="javadoc.dir" value="/home/sepehr/masters/test_generation/model_generated_coverage/Closure1f_train/build/javadoc" />
    <property name="tools.dir" value="/home/sepehr/masters/test_generation/model_generated_coverage/Closure1f_train/tools" />
    <property name="clover.flushpolicy" value="directed" />
  </properties>
  <testcase classname="com.google.javascript.jscomp.parsing.JsDocInfoParserTest" name="testParseDesc968" time="0.004" />
  <testcase classname="com.google.javascript.jscomp.parsing.JsDocInfoParserTest" name="testParseDefine4916" time="0.002" />
  <testcase classname="com.google.javascript.jscomp.parsing.JsDocInfoParserTest" name="testBadClassMultiExtends945" time="0.002" />
  <testcase classname="com.google.javascript.jscomp.parsing.JsDocInfoParserTest" name="testRegression8955" time="0.001" />
  <testcase classname="com.google.javascript.jscomp.parsing.JsDocInfoParserTest" name="testParseRecordType21973" time="0.001" />
  <testcase classname="com.google.javascript.jscomp.parsing.JsDocInfoParserTest" name="testParseNoCompile2984" time="0.002" />
  <testcase classname="com.google.javascript.jscomp.parsing.JsDocInfoParserTest" name="testParseDuplicateImplicitCast1001" time="0.001" />
  <testcase classname="com.google.javascript.jscomp.parsing.JsDocInfoParserTest" name="testSuppress11007" time="0.001" />
  <testcase classname="com.google.javascript.jscomp.parsing.JsDocInfoParserTest" name="testModifies61020" time="0.002" />
  <testcase classname="com.google.javascript.jscomp.parsing.JsDocInfoParserTest" name="testParseUndefinedType31025" time="0.001" />
  <testcase classname="com.google.javascript.jscomp.parsing.JsDocInfoParserTest" name="testParseUnionType91053" time="0.002" />
  <testcase classname="com.google.javascript.jscomp.parsing.JsDocInfoParserTest" name="testBadSuppress41054" time="0.001" />
  <testcase classname="com.google.javascript.jscomp.parsing.JsDocInfoParserTest" name="testTypeTagConflict31070" time="0.001" />
  <testcase classname="com.google.javascript.jscomp.parsing.JsDocInfoParserTest" name="testParseReturnType21073" time="0.002" />
  <testcase classname="com.google.javascript.jscomp.parsing.JsDocInfoParserTest" name="testBadTypeDefInterfaceAndConstructor11086" time="0.001" />
  <testcase classname="com.google.javascript.jscomp.parsing.JsDocInfoParserTest" name="testFileOverviewSingleLine1087" time="0.001" />
  <testcase classname="com.google.javascript.jscomp.parsing.JsDocInfoParserTest" name="testParseExtendsGenerics1098" time="0.002" />
  <testcase classname="com.google.javascript.jscomp.parsing.JsDocInfoParserTest" name="testBadModifies71101" time="0.001" />
  <testcase classname="com.google.javascript.jscomp.parsing.JsDocInfoParserTest" name="testParseThrows21129" time="0.001" />
  <testcase classname="com.google.javascript.jscomp.parsing.JsDocInfoParserTest" name="testParseImplementsSameTwice1142" time="0.001" />
  <testcase classname="com.google.javascript.jscomp.parsing.JsDocInfoParserTest" name="testParseWithMarkerNames31159" time="0.001" />
  <testcase classname="com.google.javascript.jscomp.parsing.JsDocInfoParserTest" name="testParseWithMarkers11165" time="0.001" />
  <testcase classname="com.google.javascript.jscomp.parsing.JsDocInfoParserTest" name="testParseRecordType191167" time="0.001" />
  <testcase classname="com.google.javascript.jscomp.parsing.JsDocInfoParserTest" name="testParseJavaDispatch31173" time="0.001" />
  <testcase classname="com.google.javascript.jscomp.parsing.JsDocInfoParserTest" name="testParseFunctionalType81213" time="0.002" />
  <testcase classname="com.google.javascript.jscomp.parsing.JsDocInfoParserTest" name="testParseInvalidTypeViaStatic21225" time="0.002" />
  <testcase classname="com.google.javascript.jscomp.parsing.JsDocInfoParserTest" name="testVersionDuplication1249" time="0.001" />
  <testcase classname="com.google.javascript.jscomp.parsing.JsDocInfoParserTest" name="testBadSuppress11297" time="0.002" />
  <testcase classname="com.google.javascript.jscomp.parsing.JsDocInfoParserTest" name="testRegression51312" time="0.001" />
  <testcase classname="com.google.javascript.jscomp.parsing.JsDocInfoParserTest" name="testParseFunctionalTypeError51345" time="0.002" />
  <testcase classname="com.google.javascript.jscomp.parsing.JsDocInfoParserTest" name="testRegression41352" time="0.001" />
  <testcase classname="com.google.javascript.jscomp.parsing.JsDocInfoParserTest" name="testBadModifies32299" time="0.002" />
  <testcase classname="com.google.javascript.jscomp.parsing.JsDocInfoParserTest" name="testParseThisType32320" time="0.001" />
  <testcase classname="com.google.javascript.jscomp.parsing.JsDocInfoParserTest" name="testParseEnum12362" time="0.001" />
  <testcase classname="com.google.javascript.jscomp.parsing.JsDocInfoParserTest" name="testBadModifies62372" time="0.001" />
  <testcase classname="com.google.javascript.jscomp.parsing.JsDocInfoParserTest" name="testParseDesc82400" time="0.001" />
  <testcase classname="com.google.javascript.jscomp.parsing.JsDocInfoParserTest" name="testTypeTagConflict112409" time="0.002" />
  <testcase classname="com.google.javascript.jscomp.parsing.JsDocInfoParserTest" name="testParseLends52413" time="0.001" />
  <testcase classname="com.google.javascript.jscomp.parsing.JsDocInfoParserTest" name="testParseDefineErrors72429" time="0.001" />
  <testcase classname="com.google.javascript.jscomp.parsing.JsDocInfoParserTest" name="testSuppress22452" time="0.002" />
  <testcase classname="com.google.javascript.jscomp.parsing.JsDocInfoParserTest" name="testParseParam192459" time="0.001" />
  <testcase classname="com.google.javascript.jscomp.parsing.JsDocInfoParserTest" name="testBug909468785" time="0.007" />
  <testcase classname="com.google.javascript.jscomp.parsing.JsDocInfoParserTest" name="testAuthors1283" time="0.002" />
  <testcase classname="com.google.javascript.jscomp.parsing.JsDocInfoParserTest" name="testTypeTagConflict290" time="0.001" />
  <testcase classname="com.google.javascript.jscomp.parsing.JsDocInfoParserTest" name="testTypeTagConflict18151" time="0.002" />
  <testcase classname="com.google.javascript.jscomp.parsing.JsDocInfoParserTest" name="testParseNewline3158" time="0.001" />
  <testcase classname="com.google.javascript.jscomp.parsing.JsDocInfoParserTest" name="testSourceName177" time="0.001" />
  <testcase classname="com.google.javascript.jscomp.parsing.JsDocInfoParserTest" name="testParseParam7215" time="0.001" />
  <testcase classname="com.google.javascript.jscomp.parsing.JsDocInfoParserTest" name="testParserWithTwoTemplates250" time="0.002" />
  <testcase classname="com.google.javascript.jscomp.parsing.JsDocInfoParserTest" name="testParseNoCheck2300" time="0.001" />
  <testcase classname="com.google.javascript.jscomp.parsing.JsDocInfoParserTest" name="testParseOptionalModifier310" time="0.001" />
  <testcase classname="com.google.javascript.jscomp.parsing.JsDocInfoParserTest" name="testParseWithMarkerNames2316" time="0.002" />
  <testcase classname="com.google.javascript.jscomp.parsing.JsDocInfoParserTest" name="testParseLends3336" time="0.001" />
  <testcase classname="com.google.javascript.jscomp.parsing.JsDocInfoParserTest" name="testGetOriginalCommentString391" time="0.001" />
  <testcase classname="com.google.javascript.jscomp.parsing.JsDocInfoParserTest" name="testParseExterns2405" time="0.002" />
  <testcase classname="com.google.javascript.jscomp.parsing.JsDocInfoParserTest" name="testTypeTagConflict22432" time="0.002" />
  <testcase classname="com.google.javascript.jscomp.parsing.JsDocInfoParserTest" name="testParseParamError2456" time="0.002" />
  <testcase classname="com.google.javascript.jscomp.parsing.JsDocInfoParserTest" name="testWhitelistedAnnotations466" time="0.002" />
  <testcase classname="com.google.javascript.jscomp.parsing.JsDocInfoParserTest" name="testParseExpose1478" time="0.002" />
  <testcase classname="com.google.javascript.jscomp.parsing.JsDocInfoParserTest" name="testBadModifies4483" time="0.001" />
  <testcase classname="com.google.javascript.jscomp.parsing.JsDocInfoParserTest" name="testParseFunctionalType10516" time="0.001" />
  <testcase classname="com.google.javascript.jscomp.parsing.JsDocInfoParserTest" name="testParseExport2553" time="0.002" />
  <testcase classname="com.google.javascript.jscomp.parsing.JsDocInfoParserTest" name="testParseBlockComment2555" time="0.001" />
  <testcase classname="com.google.javascript.jscomp.parsing.JsDocInfoParserTest" name="testParseNoCheck1569" time="0.001" />
  <testcase classname="com.google.javascript.jscomp.parsing.JsDocInfoParserTest" name="testRegression1615" time="0.001" />
  <testcase classname="com.google.javascript.jscomp.parsing.JsDocInfoParserTest" name="testParseArrayType3656" time="0.002" />
  <testcase classname="com.google.javascript.jscomp.parsing.JsDocInfoParserTest" name="testParseWithMarkers5672" time="0.001" />
  <testcase classname="com.google.javascript.jscomp.parsing.JsDocInfoParserTest" name="testParseOverride2678" time="0.001" />
  <testcase classname="com.google.javascript.jscomp.parsing.JsDocInfoParserTest" name="testAuthorMissing697" time="0.001" />
  <testcase classname="com.google.javascript.jscomp.parsing.JsDocInfoParserTest" name="testParseRecordType12881" time="0.002" />
  <testcase classname="com.google.javascript.jscomp.parsing.JsDocInfoParserTest" name="testParseLicenseWithAnnotation908" time="0.001" />
  <testcase classname="com.google.javascript.jscomp.parsing.JsDocInfoParserTest" name="testMalformedThisAnnotation913" time="0.001" />
  <testcase classname="com.google.javascript.jscomp.parsing.JsDocInfoParserTest" name="testTypeTagConflict171366" time="0.001" />
  <testcase classname="com.google.javascript.jscomp.parsing.JsDocInfoParserTest" name="testInterfaceExtends1367" time="0.001" />
  <testcase classname="com.google.javascript.jscomp.parsing.JsDocInfoParserTest" name="testParseExtendsNullable21396" time="0.001" />
  <testcase classname="com.google.javascript.jscomp.parsing.JsDocInfoParserTest" name="testParseDesc121411" time="0.001" />
  <testcase classname="com.google.javascript.jscomp.parsing.JsDocInfoParserTest" name="testParseFunctionalType191418" time="0.001" />
  <testcase classname="com.google.javascript.jscomp.parsing.JsDocInfoParserTest" name="testBadModifies81425" time="0.001" />
  <testcase classname="com.google.javascript.jscomp.parsing.JsDocInfoParserTest" name="testParseParam151434" time="0.002" />
  <testcase classname="com.google.javascript.jscomp.parsing.JsDocInfoParserTest" name="testParseUnionType131438" time="0.003" />
  <testcase classname="com.google.javascript.jscomp.parsing.JsDocInfoParserTest" name="testBadSuppress71441" time="0.001" />
  <testcase classname="com.google.javascript.jscomp.parsing.JsDocInfoParserTest" name="testParseFunctionalType131459" time="0.001" />
  <testcase classname="com.google.javascript.jscomp.parsing.JsDocInfoParserTest" name="testTypeTagConflict91472" time="0.002" />
  <testcase classname="com.google.javascript.jscomp.parsing.JsDocInfoParserTest" name="testParseMeaning31479" time="0.001" />
  <testcase classname="com.google.javascript.jscomp.parsing.JsDocInfoParserTest" name="testParseTypeViaStatic31500" time="0.001" />
  <testcase classname="com.google.javascript.jscomp.parsing.JsDocInfoParserTest" name="testParseParam141514" time="0.001" />
  <testcase classname="com.google.javascript.jscomp.parsing.JsDocInfoParserTest" name="testTypeTagConflict81544" time="0.001" />
  <testcase classname="com.google.javascript.jscomp.parsing.JsDocInfoParserTest" name="testReferences1553" time="0.001" />
  <testcase classname="com.google.javascript.jscomp.parsing.JsDocInfoParserTest" name="testParserWithTemplateTypeNameMissing1566" time="0.001" />
  <testcase classname="com.google.javascript.jscomp.parsing.JsDocInfoParserTest" name="testParseDefine21577" time="0.001" />
  <testcase classname="com.google.javascript.jscomp.parsing.JsDocInfoParserTest" name="testTypeTagConflict101578" time="0.002" />
  <testcase classname="com.google.javascript.jscomp.parsing.JsDocInfoParserTest" name="testParseFunctionalType51623" time="0.001" />
  <testcase classname="com.google.javascript.jscomp.parsing.JsDocInfoParserTest" name="testSingleTagsReordered1641" time="0.002" />
  <testcase classname="com.google.javascript.jscomp.parsing.JsDocInfoParserTest" name="testParseNullableModifiers41660" time="0.001" />
  <testcase classname="com.google.javascript.jscomp.parsing.JsDocInfoParserTest" name="testParseFunctionalTypeError61662" time="0.001" />
  <testcase classname="com.google.javascript.jscomp.parsing.JsDocInfoParserTest" name="testParsePreserve1670" time="0.001" />
  <testcase classname="com.google.javascript.jscomp.parsing.JsDocInfoParserTest" name="testParseFunctionalTypeError41680" time="0.002" />
  <testcase classname="com.google.javascript.jscomp.parsing.JsDocInfoParserTest" name="testParseFunctionalTypeError71689" time="0.001" />
  <testcase classname="com.google.javascript.jscomp.parsing.JsDocInfoParserTest" name="testParseDeprecated21702" time="0.001" />
  <testcase classname="com.google.javascript.jscomp.parsing.JsDocInfoParserTest" name="testParseInvalidTypeViaStatic1732" time="0.001" />
  <testcase classname="com.google.javascript.jscomp.parsing.JsDocInfoParserTest" name="testSeeMissing1737" time="0.002" />
  <testcase classname="com.google.javascript.jscomp.parsing.JsDocInfoParserTest" name="testFullRegression31746" time="0.001" />
  <testcase classname="com.google.javascript.jscomp.parsing.JsDocInfoParserTest" name="testParseLends61752" time="0.001" />
  <testcase classname="com.google.javascript.jscomp.parsing.JsDocInfoParserTest" name="testParseParamError51806" time="0.002" />
  <testcase classname="com.google.javascript.jscomp.parsing.JsDocInfoParserTest" name="testParseDefineErrors51830" time="0.001" />
  <testcase classname="com.google.javascript.jscomp.parsing.JsDocInfoParserTest" name="testWhitelistedNewAnnotations1837" time="0.001" />
  <testcase classname="com.google.javascript.jscomp.parsing.JsDocInfoParserTest" name="testBadImplementsWithNullable1848" time="0.001" />
  <testcase classname="com.google.javascript.jscomp.parsing.JsDocInfoParserTest" name="testUnsupportedJsDocSyntax21851" time="0.001" />
  <testcase classname="com.google.javascript.jscomp.parsing.JsDocInfoParserTest" name="testStableIdGeneratorConflict1857" time="0.001" />
  <testcase classname="com.google.javascript.jscomp.parsing.JsDocInfoParserTest" name="testDocumentationMultipleParameter21882" time="0.001" />
  <testcase classname="com.google.javascript.jscomp.parsing.JsDocInfoParserTest" name="testParseNamedType11887" time="0.001" />
  <testcase classname="com.google.javascript.jscomp.parsing.JsDocInfoParserTest" name="testBadSuppress61921" time="0.001" />
  <testcase classname="com.google.javascript.jscomp.parsing.JsDocInfoParserTest" name="testParseParam181931" time="0.002" />
  <testcase classname="com.google.javascript.jscomp.parsing.JsDocInfoParserTest" name="testParseFunctionalType181952" time="0.001" />
  <testcase classname="com.google.javascript.jscomp.parsing.JsDocInfoParserTest" name="testParseFunctionalTypeError11957" time="0.001" />
  <testcase classname="com.google.javascript.jscomp.parsing.JsDocInfoParserTest" name="testParseJavaDispatch21960" time="0.002" />
  <testcase classname="com.google.javascript.jscomp.parsing.JsDocInfoParserTest" name="testFileOverviewDuplicate2047" time="0.001" />
  <testcase classname="com.google.javascript.jscomp.parsing.JsDocInfoParserTest" name="testParseArrayTypeError32077" time="0.001" />
  <testcase classname="com.google.javascript.jscomp.parsing.JsDocInfoParserTest" name="testUnsupportedJsDocSyntax12079" time="0.002" />
  <testcase classname="com.google.javascript.jscomp.parsing.JsDocInfoParserTest" name="testParseInheritDoc32090" time="0.002" />
  <testcase classname="com.google.javascript.jscomp.parsing.JsDocInfoParserTest" name="testTypeTagConflict12103" time="0.001" />
  <testcase classname="com.google.javascript.jscomp.parsing.JsDocInfoParserTest" name="testParseExtends52110" time="0.001" />
  <testcase classname="com.google.javascript.jscomp.parsing.JsDocInfoParserTest" name="testParseExpose22121" time="0.002" />
  <testcase classname="com.google.javascript.jscomp.parsing.JsDocInfoParserTest" name="testParseParam112163" time="0.001" />
  <testcase classname="com.google.javascript.jscomp.parsing.JsDocInfoParserTest" name="testParseNoAlias22166" time="0.001" />
  <testcase classname="com.google.javascript.jscomp.parsing.JsDocInfoParserTest" name="testParseArrayTypeError42186" time="0.001" />
  <testcase classname="com.google.javascript.jscomp.parsing.JsDocInfoParserTest" name="testVersionMissing2214" time="0.002" />
  <testcase classname="com.google.javascript.jscomp.parsing.JsDocInfoParserTest" name="testParserWithTemplateDuplicated2222" time="0.001" />
  <testcase classname="com.google.javascript.jscomp.parsing.JsDocInfoParserTest" name="testParseFunctionalTypeError82237" time="0.001" />
  <testcase classname="com.google.javascript.jscomp.parsing.JsDocInfoParserTest" name="testParseMeaning42257" time="0.001" />
  <testcase classname="com.google.javascript.jscomp.parsing.JsDocInfoParserTest" name="testParseArrayTypeError12297" time="0.001" />
  <testcase classname="com.google.javascript.jscomp.parsing.JsDocInfoParserTest" name="testParseRecordType784" time="0.001" />
  <system-out><![CDATA[]]></system-out>
  <system-err><![CDATA[]]></system-err>
</testsuite>
