<?xml version="1.0" encoding="UTF-8" ?>
<testsuite errors="13" failures="2" hostname="sepehr-UX310UQK" name="com.google.javascript.jscomp.jsonml.JsonMLConversionTest" skipped="0" tests="46" time="0.581" timestamp="2023-01-12T08:54:11">
  <properties>
    <property name="java.vendor" value="Private Build" />
    <property name="lib.dir" value="/home/sepehr/masters/test_generation/model_generated_coverage/Closure1f_automated/lib" />
    <property name="sun.java.launcher" value="SUN_STANDARD" />
    <property name="sun.management.compiler" value="HotSpot 64-Bit Tiered Compilers" />
    <property name="os.name" value="Linux" />
    <property name="clover.historical.json" value="true" />
    <property name="sun.boot.class.path" value="/usr/lib/jvm/java-8-openjdk-amd64/jre/lib/resources.jar:/usr/lib/jvm/java-8-openjdk-amd64/jre/lib/rt.jar:/usr/lib/jvm/java-8-openjdk-amd64/jre/lib/sunrsasign.jar:/usr/lib/jvm/java-8-openjdk-amd64/jre/lib/jsse.jar:/usr/lib/jvm/java-8-openjdk-amd64/jre/lib/jce.jar:/usr/lib/jvm/java-8-openjdk-amd64/jre/lib/charsets.jar:/usr/lib/jvm/java-8-openjdk-amd64/jre/lib/jfr.jar:/usr/lib/jvm/java-8-openjdk-amd64/jre/classes" />
    <property name="build.svnVersion" value="Unversioned directory" />
    <property name="sun.desktop" value="gnome" />
    <property name="maven-repository-id" value="sonatype-nexus-staging" />
    <property name="java.vm.specification.vendor" value="Oracle Corporation" />
    <property name="ant.home" value="/usr/share/ant" />
    <property name="jsonml-jarfile" value="/home/sepehr/masters/test_generation/model_generated_coverage/Closure1f_automated/build/secure_compiler.jar" />
    <property name="java.runtime.version" value="1.8.0_352-8u352-ga-1~20.04-b08" />
    <property name="gen.dir" value="/home/sepehr/masters/test_generation/model_generated_coverage/Closure1f_automated/gen" />
    <property name="clover.project.historydir" value="/home/sepehr/masters/test_generation/model_generated_coverage/Closure1f_automated/.cloverhistory/compiler" />
    <property name="clover.flushinterval" value="100" />
    <property name="user.name" value="sepehr" />
    <property name="ant.file.compiler" value="/home/sepehr/masters/test_generation/model_generated_coverage/Closure1f_automated/build.xml" />
    <property name="build.dir" value="/home/sepehr/masters/test_generation/model_generated_coverage/Closure1f_automated/build" />
    <property name="jsonml.dir" value="/home/sepehr/masters/test_generation/model_generated_coverage/Closure1f_automated/src/com/google/javascript/jscomp/jsonml" />
    <property name="ant.build.javac.target" value="1.6" />
    <property name="stylesheetfile" value="/home/sepehr/masters/test_generation/model_generated_coverage/Closure1f_automated/build/javadoc/dev_javadoc.css" />
    <property name="user.language" value="en" />
    <property name="sun.boot.library.path" value="/usr/lib/jvm/java-8-openjdk-amd64/jre/lib/amd64" />
    <property name="ant.project.default-target" value="jar" />
    <property name="ant.project.name" value="compiler" />
    <property name="java.version" value="1.8.0_352" />
    <property name="user.timezone" value="" />
    <property name="sun.arch.data.model" value="64" />
    <property name="java.endorsed.dirs" value="/usr/lib/jvm/java-8-openjdk-amd64/jre/lib/endorsed" />
    <property name="sun.cpu.isalist" value="" />
    <property name="sun.jnu.encoding" value="UTF-8" />
    <property name="file.encoding.pkg" value="sun.io" />
    <property name="file.separator" value="/" />
    <property name="java.specification.name" value="Java Platform API Specification" />
    <property name="protoc.executable" value="protoc" />
    <property name="classes.dir" value="/home/sepehr/masters/test_generation/model_generated_coverage/Closure1f_automated/build/classes" />
    <property name="clover.initstring" value="/home/sepehr/masters/test_generation/model_generated_coverage/Closure1f_automated/.clover/clover4_4_1.db" />
    <property name="java.class.version" value="52.0" />
    <property name="testClasses.dir" value="/home/sepehr/masters/test_generation/model_generated_coverage/Closure1f_automated/build/test" />
    <property name="user.country" value="US" />
    <property name="jsonml-classes.dir" value="/home/sepehr/masters/test_generation/model_generated_coverage/Closure1f_automated/build/jsonml-classes" />
    <property name="java.home" value="/usr/lib/jvm/java-8-openjdk-amd64/jre" />
    <property name="clover.dir" value="/home/sepehr/masters/test_generation/model_generated_coverage/Closure1f_automated/clover" />
    <property name="java.vm.info" value="mixed mode" />
    <property name="externs.dir" value="/home/sepehr/masters/test_generation/model_generated_coverage/Closure1f_automated/externs" />
    <property name="ant.file" value="/home/sepehr/masters/test_generation/model_generated_coverage/Closure1f_automated/build.xml" />
    <property name="os.version" value="5.15.0-57-generic" />
    <property name="javac.debug" value="on" />
    <property name="path.separator" value=":" />
    <property name="java.vm.version" value="25.352-b08" />
    <property name="num-fuzz-tests" value="10000" />
    <property name="ant.library.dir" value="/usr/share/ant/lib" />
    <property name="clover.jar" value="/home/sepehr/masters/test_generation/model_generated_coverage/Closure1f_automated/${clover.home}/clover.jar" />
    <property name="java.awt.printerjob" value="sun.print.PSPrinterJob" />
    <property name="webservice-jarfile" value="/home/sepehr/masters/test_generation/model_generated_coverage/Closure1f_automated/build/webservice.jar" />
    <property name="sun.io.unicode.encoding" value="UnicodeLittle" />
    <property name="test.fork" value="true" />
    <property name="webservice.dir" value="/home/sepehr/masters/test_generation/model_generated_coverage/Closure1f_automated/src/com/google/javascript/jscomp/webservice" />
    <property name="java.specification.maintenance.version" value="4" />
    <property name="awt.toolkit" value="sun.awt.X11.XToolkit" />
    <property name="buildlib.dir" value="/home/sepehr/masters/test_generation/model_generated_coverage/Closure1f_automated/build/lib" />
    <property name="ant.build.javac.source" value="1.6" />
    <property name="user.home" value="/home/sepehr" />
    <property name="java.specification.vendor" value="Oracle Corporation" />
    <property name="test.dir" value="/home/sepehr/masters/test_generation/model_generated_coverage/Closure1f_automated/test" />
    <property name="clover.dest" value="/home/sepehr/masters/test_generation/model_generated_coverage/Closure1f_automated/clover/compiler" />
    <property name="clover.span" value="1day" />
    <property name="java.library.path" value="/usr/java/packages/lib/amd64:/usr/lib/x86_64-linux-gnu/jni:/lib/x86_64-linux-gnu:/usr/lib/x86_64-linux-gnu:/usr/lib/jni:/lib:/usr/lib" />
    <property name="java.vendor.url" value="http://java.oracle.com/" />
    <property name="test.target" value="test" />
    <property name="java.vm.vendor" value="Private Build" />
    <property name="java.runtime.name" value="OpenJDK Runtime Environment" />
    <property name="ant.version" value="Apache Ant(TM) version 1.10.7 compiled on October 24 2019" />
    <property name="java.class.path" value="/home/sepehr/masters/test_generation/model_generated_coverage/Closure1f_automated/build/classes:/home/sepehr/masters/test_generation/model_generated_coverage/Closure1f_automated/lib/ant-launcher.jar:/home/sepehr/masters/test_generation/model_generated_coverage/Closure1f_automated/lib/ant.jar:/home/sepehr/masters/test_generation/model_generated_coverage/Closure1f_automated/lib/args4j.jar:/home/sepehr/masters/test_generation/model_generated_coverage/Closure1f_automated/lib/caja-r4314.jar:/home/sepehr/masters/test_generation/model_generated_coverage/Closure1f_automated/lib/guava.jar:/home/sepehr/masters/test_generation/model_generated_coverage/Closure1f_automated/lib/jarjar.jar:/home/sepehr/masters/test_generation/model_generated_coverage/Closure1f_automated/lib/json.jar:/home/sepehr/masters/test_generation/model_generated_coverage/Closure1f_automated/lib/jsr305.jar:/home/sepehr/masters/test_generation/model_generated_coverage/Closure1f_automated/lib/junit.jar:/home/sepehr/masters/test_generation/model_generated_coverage/Closure1f_automated/lib/protobuf-java.jar:/home/sepehr/masters/test_generation/model_generated_coverage/Closure1f_automated/build/lib/rhino.jar:/home/sepehr/masters/test_generation/model_generated_coverage/Closure1f_automated/build/test:/home/sepehr/.ant/lib/clover.jar:/home/sepehr/.ant/lib/evosuite-1.0.6.jar:/usr/share/java/ant-launcher-1.10.7.jar:/usr/share/ant/lib/ant.jar:/usr/share/ant/lib/ant-junit.jar:/usr/share/ant/lib/ant-junit4.jar" />
    <property name="sun.java.command" value="org.apache.tools.ant.taskdefs.optional.junit.JUnitTestRunner testsfile=/home/sepehr/masters/test_generation/model_generated_coverage/Closure1f_automated/junittestcases8513822732837338648.properties skipNonTests=false filtertrace=true haltOnError=false haltOnFailure=false formatter=org.apache.tools.ant.taskdefs.optional.junit.SummaryJUnitResultFormatter showoutput=true outputtoformatters=true logfailedtests=true threadid=0 logtestlistenerevents=false formatter=org.apache.tools.ant.taskdefs.optional.junit.BriefJUnitResultFormatter formatter=org.apache.tools.ant.taskdefs.optional.junit.XMLJUnitResultFormatter,/home/sepehr/masters/test_generation/model_generated_coverage/Closure1f_automated/build/testoutput/IGNORETHIS.xml crashfile=/home/sepehr/masters/test_generation/model_generated_coverage/Closure1f_automated/junitvmwatcher7509918879697969352.properties propsfile=/home/sepehr/masters/test_generation/model_generated_coverage/Closure1f_automated/junit2943028831606717450.properties" />
    <property name="project.name" value="compiler" />
    <property name="test.class" value="*Test" />
    <property name="java.vm.specification.name" value="Java Virtual Machine Specification" />
    <property name="clover.snapshot.file" value="/home/sepehr/masters/test_generation/model_generated_coverage/Closure1f_automated/.cloverhistory/compiler/clover.snapshot" />
    <property name="ant.file.type" value="file" />
    <property name="java.vm.specification.version" value="1.8" />
    <property name="sun.os.patch.level" value="unknown" />
    <property name="sun.cpu.endian" value="little" />
    <property name="java.io.tmpdir" value="/tmp" />
    <property name="project.title" value="compiler" />
    <property name="java.vendor.url.bug" value="http://bugreport.sun.com/bugreport/" />
    <property name="java.awt.graphicsenv" value="sun.awt.X11GraphicsEnvironment" />
    <property name="os.arch" value="amd64" />
    <property name="clover.jarpath" value="/home/sepehr/.ant/lib/clover.jar" />
    <property name="maven-repository-url" value="https://oss.sonatype.org/service/local/staging/deploy/maven2/" />
    <property name="webservice-classes.dir" value="/home/sepehr/masters/test_generation/model_generated_coverage/Closure1f_automated/build/webservice-classes" />
    <property name="java.ext.dirs" value="/usr/lib/jvm/java-8-openjdk-amd64/jre/lib/ext:/usr/java/packages/lib/ext" />
    <property name="user.dir" value="/home/sepehr/masters/test_generation/model_generated_coverage/Closure1f_automated" />
    <property name="ant.file.type.compiler" value="file" />
    <property name="line.separator" value="&#xa;" />
    <property name="java.vm.name" value="OpenJDK 64-Bit Server VM" />
    <property name="basedir" value="/home/sepehr/masters/test_generation/model_generated_coverage/Closure1f_automated" />
    <property name="ant.java.version" value="1.8" />
    <property name="ant.core.lib" value="/usr/share/ant/lib/ant.jar" />
    <property name="file.encoding" value="UTF-8" />
    <property name="closure.build.dir" value="/home/sepehr/masters/test_generation/model_generated_coverage/Closure1f_automated/build" />
    <property name="build.compiler" value="com.atlassian.clover.ant.taskdefs.CloverCompilerAdapter" />
    <property name="compiler-jarfile" value="/home/sepehr/masters/test_generation/model_generated_coverage/Closure1f_automated/build/compiler.jar" />
    <property name="clover.historydir" value="/home/sepehr/masters/test_generation/model_generated_coverage/Closure1f_automated/.cloverhistory" />
    <property name="java.specification.version" value="1.8" />
    <property name="src.dir" value="/home/sepehr/masters/test_generation/model_generated_coverage/Closure1f_automated/src" />
    <property name="ant.project.invoked-targets" value="with.clover,test,clover.report" />
    <property name="javadoc.dir" value="/home/sepehr/masters/test_generation/model_generated_coverage/Closure1f_automated/build/javadoc" />
    <property name="tools.dir" value="/home/sepehr/masters/test_generation/model_generated_coverage/Closure1f_automated/tools" />
    <property name="clover.flushpolicy" value="directed" />
  </properties>
  <testcase classname="com.google.javascript.jscomp.jsonml.JsonMLConversionTest" name="testForIn28" time="0.107" />
  <testcase classname="com.google.javascript.jscomp.jsonml.JsonMLConversionTest" name="testWhile204" time="0.01" />
  <testcase classname="com.google.javascript.jscomp.jsonml.JsonMLConversionTest" name="testTry205" time="0.027" />
  <testcase classname="com.google.javascript.jscomp.jsonml.JsonMLConversionTest" name="testLogicalExpr206" time="0.007" />
  <testcase classname="com.google.javascript.jscomp.jsonml.JsonMLConversionTest" name="testType207" time="0.007" />
  <testcase classname="com.google.javascript.jscomp.jsonml.JsonMLConversionTest" name="testLabels208" time="0.012" />
  <testcase classname="com.google.javascript.jscomp.jsonml.JsonMLConversionTest" name="testObject210" time="0.015" />
  <testcase classname="com.google.javascript.jscomp.jsonml.JsonMLConversionTest" name="testLabels212" time="0.018" />
  <testcase classname="com.google.javascript.jscomp.jsonml.JsonMLConversionTest" name="testReturn214" time="0.03" />
  <testcase classname="com.google.javascript.jscomp.jsonml.JsonMLConversionTest" name="testFunctions217" time="0.014" />
  <testcase classname="com.google.javascript.jscomp.jsonml.JsonMLConversionTest" name="testSwitch218" time="0.017">
    <error message="unknown:///unknown:1+38 - 41: Expected ; not &apos;a&apos;" type="com.google.caja.lexer.ParseException">com.google.caja.lexer.ParseException: unknown:///unknown:1+38 - 41: Expected ; not &apos;a&apos;
	at com.google.caja.lexer.TokenQueue.expectToken(TokenQueue.java:257)
	at com.google.caja.lexer.JsTokenQueue.expectToken(JsTokenQueue.java:57)
	at com.google.caja.parser.js.Parser.checkSemicolon(Parser.java:1328)
	at com.google.caja.parser.js.Parser.parseTerminatedStatement(Parser.java:1313)
	at com.google.caja.parser.js.Parser.parseProgramOrFunctionBody(Parser.java:325)
	at com.google.caja.parser.js.Parser.parseProgram(Parser.java:314)
	at com.google.caja.parser.js.Parser.parse(Parser.java:272)
	at com.google.caja.parser.js.JsonMLParser.parse(JsonMLParser.java:42)
	at com.google.caja.parser.js.JsonMLParser.parse(JsonMLParser.java:31)
	at com.google.caja.parser.js.JsonMLParser.parse(JsonMLParser.java:26)
	at com.google.caja.parser.js.JsonMLParser.parse(JsonMLParser.java:22)
	at com.google.javascript.jscomp.jsonml.JsonMLConversionTest.testConversion(JsonMLConversionTest.java:79)
	at com.google.javascript.jscomp.jsonml.JsonMLConversionTest.__CLR4_4_18zf04m1lto(JsonMLConversionTest.java:226)
	at com.google.javascript.jscomp.jsonml.JsonMLConversionTest.testSwitch218(JsonMLConversionTest.java:211)
</error>
  </testcase>
  <testcase classname="com.google.javascript.jscomp.jsonml.JsonMLConversionTest" name="testThis219" time="0.007" />
  <testcase classname="com.google.javascript.jscomp.jsonml.JsonMLConversionTest" name="testUnaryExpressions231" time="0.012" />
  <testcase classname="com.google.javascript.jscomp.jsonml.JsonMLConversionTest" name="testCount233" time="0.008" />
  <testcase classname="com.google.javascript.jscomp.jsonml.JsonMLConversionTest" name="testFunctions235" time="0.004">
    <error message="unknown:///unknown:1+21 - 22: Expected ; not )" type="com.google.caja.lexer.ParseException">com.google.caja.lexer.ParseException: unknown:///unknown:1+21 - 22: Expected ; not )
	at com.google.caja.lexer.TokenQueue.expectToken(TokenQueue.java:257)
	at com.google.caja.lexer.JsTokenQueue.expectToken(JsTokenQueue.java:57)
	at com.google.caja.parser.js.Parser.parseLoopOrSwitch(Parser.java:448)
	at com.google.caja.parser.js.Parser.parseStatementWithoutLabel(Parser.java:542)
	at com.google.caja.parser.js.Parser.parseStatement(Parser.java:306)
	at com.google.caja.parser.js.Parser.parseTerminatedStatement(Parser.java:1312)
	at com.google.caja.parser.js.Parser.parseProgramOrFunctionBody(Parser.java:325)
	at com.google.caja.parser.js.Parser.parseProgram(Parser.java:314)
	at com.google.caja.parser.js.Parser.parse(Parser.java:272)
	at com.google.caja.parser.js.JsonMLParser.parse(JsonMLParser.java:42)
	at com.google.caja.parser.js.JsonMLParser.parse(JsonMLParser.java:31)
	at com.google.caja.parser.js.JsonMLParser.parse(JsonMLParser.java:26)
	at com.google.caja.parser.js.JsonMLParser.parse(JsonMLParser.java:22)
	at com.google.javascript.jscomp.jsonml.JsonMLConversionTest.testConversion(JsonMLConversionTest.java:79)
	at com.google.javascript.jscomp.jsonml.JsonMLConversionTest.__CLR4_4_15s4jim1lxl(JsonMLConversionTest.java:371)
	at com.google.javascript.jscomp.jsonml.JsonMLConversionTest.testFunctions235(JsonMLConversionTest.java:365)
</error>
  </testcase>
  <testcase classname="com.google.javascript.jscomp.jsonml.JsonMLConversionTest" name="testBreak236" time="0.01">
    <error message="unknown:///unknown:1+38 - 41: Expected ; not &apos;a&apos;" type="com.google.caja.lexer.ParseException">com.google.caja.lexer.ParseException: unknown:///unknown:1+38 - 41: Expected ; not &apos;a&apos;
	at com.google.caja.lexer.TokenQueue.expectToken(TokenQueue.java:257)
	at com.google.caja.lexer.JsTokenQueue.expectToken(JsTokenQueue.java:57)
	at com.google.caja.parser.js.Parser.checkSemicolon(Parser.java:1328)
	at com.google.caja.parser.js.Parser.parseTerminatedStatement(Parser.java:1313)
	at com.google.caja.parser.js.Parser.parseProgramOrFunctionBody(Parser.java:325)
	at com.google.caja.parser.js.Parser.parseProgram(Parser.java:314)
	at com.google.caja.parser.js.Parser.parse(Parser.java:272)
	at com.google.caja.parser.js.JsonMLParser.parse(JsonMLParser.java:42)
	at com.google.caja.parser.js.JsonMLParser.parse(JsonMLParser.java:31)
	at com.google.caja.parser.js.JsonMLParser.parse(JsonMLParser.java:26)
	at com.google.caja.parser.js.JsonMLParser.parse(JsonMLParser.java:22)
	at com.google.javascript.jscomp.jsonml.JsonMLConversionTest.testConversion(JsonMLConversionTest.java:79)
	at com.google.javascript.jscomp.jsonml.JsonMLConversionTest.__CLR4_4_11zgdht1ly5(JsonMLConversionTest.java:401)
	at com.google.javascript.jscomp.jsonml.JsonMLConversionTest.testBreak236(JsonMLConversionTest.java:386)
</error>
  </testcase>
  <testcase classname="com.google.javascript.jscomp.jsonml.JsonMLConversionTest" name="testReturn237" time="0.003">
    <error message="unknown:///unknown:1+45: Expected } not EOF" type="com.google.caja.lexer.ParseException">com.google.caja.lexer.ParseException: unknown:///unknown:1+45: Expected } not EOF
	at com.google.caja.lexer.TokenQueue.expectToken(TokenQueue.java:244)
	at com.google.caja.lexer.JsTokenQueue.expectToken(JsTokenQueue.java:57)
	at com.google.caja.parser.js.Parser.parseProgramOrFunctionBody(Parser.java:327)
	at com.google.caja.parser.js.Parser.parseFunctionBody(Parser.java:310)
	at com.google.caja.parser.js.Parser.parseStatementWithoutLabel(Parser.java:580)
	at com.google.caja.parser.js.Parser.parseStatement(Parser.java:306)
	at com.google.caja.parser.js.Parser.parseTerminatedStatement(Parser.java:1312)
	at com.google.caja.parser.js.Parser.parseProgramOrFunctionBody(Parser.java:325)
	at com.google.caja.parser.js.Parser.parseProgram(Parser.java:314)
	at com.google.caja.parser.js.Parser.parse(Parser.java:272)
	at com.google.caja.parser.js.JsonMLParser.parse(JsonMLParser.java:42)
	at com.google.caja.parser.js.JsonMLParser.parse(JsonMLParser.java:31)
	at com.google.caja.parser.js.JsonMLParser.parse(JsonMLParser.java:26)
	at com.google.caja.parser.js.JsonMLParser.parse(JsonMLParser.java:22)
	at com.google.javascript.jscomp.jsonml.JsonMLConversionTest.testConversion(JsonMLConversionTest.java:79)
	at com.google.javascript.jscomp.jsonml.JsonMLConversionTest.__CLR4_4_1grrhvf1lym(JsonMLConversionTest.java:407)
	at com.google.javascript.jscomp.jsonml.JsonMLConversionTest.testReturn237(JsonMLConversionTest.java:404)
</error>
  </testcase>
  <testcase classname="com.google.javascript.jscomp.jsonml.JsonMLConversionTest" name="testEmpty238" time="0.001">
    <error message="Unexpected end of input in unknown:///unknown:1+1" type="com.google.caja.lexer.ParseException">com.google.caja.lexer.ParseException: Unexpected end of input in unknown:///unknown:1+1
	at com.google.caja.lexer.TokenQueue.fetch(TokenQueue.java:102)
	at com.google.caja.lexer.TokenQueue.mark(TokenQueue.java:156)
	at com.google.caja.parser.js.Parser.parseProgramOrFunctionBody(Parser.java:319)
	at com.google.caja.parser.js.Parser.parseProgram(Parser.java:314)
	at com.google.caja.parser.js.Parser.parse(Parser.java:272)
	at com.google.caja.parser.js.JsonMLParser.parse(JsonMLParser.java:42)
	at com.google.caja.parser.js.JsonMLParser.parse(JsonMLParser.java:31)
	at com.google.caja.parser.js.JsonMLParser.parse(JsonMLParser.java:26)
	at com.google.caja.parser.js.JsonMLParser.parse(JsonMLParser.java:22)
	at com.google.javascript.jscomp.jsonml.JsonMLConversionTest.testConversion(JsonMLConversionTest.java:79)
	at com.google.javascript.jscomp.jsonml.JsonMLConversionTest.__CLR4_4_1a8tdct1lz5(JsonMLConversionTest.java:425)
	at com.google.javascript.jscomp.jsonml.JsonMLConversionTest.testEmpty238(JsonMLConversionTest.java:424)
</error>
  </testcase>
  <testcase classname="com.google.javascript.jscomp.jsonml.JsonMLConversionTest" name="testRegExp241" time="0.006" />
  <testcase classname="com.google.javascript.jscomp.jsonml.JsonMLConversionTest" name="testArray1242" time="0.003" />
  <testcase classname="com.google.javascript.jscomp.jsonml.JsonMLConversionTest" name="testLoops243" time="0.023" />
  <testcase classname="com.google.javascript.jscomp.jsonml.JsonMLConversionTest" name="testTypeof244" time="0.017" />
  <testcase classname="com.google.javascript.jscomp.jsonml.JsonMLConversionTest" name="testJmp245" time="0.016">
    <error message="unknown:///unknown:1+38 - 41: Expected ; not &apos;a&apos;" type="com.google.caja.lexer.ParseException">com.google.caja.lexer.ParseException: unknown:///unknown:1+38 - 41: Expected ; not &apos;a&apos;
	at com.google.caja.lexer.TokenQueue.expectToken(TokenQueue.java:257)
	at com.google.caja.lexer.JsTokenQueue.expectToken(JsTokenQueue.java:57)
	at com.google.caja.parser.js.Parser.checkSemicolon(Parser.java:1328)
	at com.google.caja.parser.js.Parser.parseTerminatedStatement(Parser.java:1313)
	at com.google.caja.parser.js.Parser.parseProgramOrFunctionBody(Parser.java:325)
	at com.google.caja.parser.js.Parser.parseProgram(Parser.java:314)
	at com.google.caja.parser.js.Parser.parse(Parser.java:272)
	at com.google.caja.parser.js.JsonMLParser.parse(JsonMLParser.java:42)
	at com.google.caja.parser.js.JsonMLParser.parse(JsonMLParser.java:31)
	at com.google.caja.parser.js.JsonMLParser.parse(JsonMLParser.java:26)
	at com.google.caja.parser.js.JsonMLParser.parse(JsonMLParser.java:22)
	at com.google.javascript.jscomp.jsonml.JsonMLConversionTest.testConversion(JsonMLConversionTest.java:79)
	at com.google.javascript.jscomp.jsonml.JsonMLConversionTest.__CLR4_4_1czm8731m0t(JsonMLConversionTest.java:504)
	at com.google.javascript.jscomp.jsonml.JsonMLConversionTest.testJmp245(JsonMLConversionTest.java:489)
</error>
  </testcase>
  <testcase classname="com.google.javascript.jscomp.jsonml.JsonMLConversionTest" name="testReturn246" time="0.002">
    <error message="unknown:///unknown:1+45: Expected } not EOF" type="com.google.caja.lexer.ParseException">com.google.caja.lexer.ParseException: unknown:///unknown:1+45: Expected } not EOF
	at com.google.caja.lexer.TokenQueue.expectToken(TokenQueue.java:244)
	at com.google.caja.lexer.JsTokenQueue.expectToken(JsTokenQueue.java:57)
	at com.google.caja.parser.js.Parser.parseProgramOrFunctionBody(Parser.java:327)
	at com.google.caja.parser.js.Parser.parseFunctionBody(Parser.java:310)
	at com.google.caja.parser.js.Parser.parseStatementWithoutLabel(Parser.java:580)
	at com.google.caja.parser.js.Parser.parseStatement(Parser.java:306)
	at com.google.caja.parser.js.Parser.parseTerminatedStatement(Parser.java:1312)
	at com.google.caja.parser.js.Parser.parseProgramOrFunctionBody(Parser.java:325)
	at com.google.caja.parser.js.Parser.parseProgram(Parser.java:314)
	at com.google.caja.parser.js.Parser.parse(Parser.java:272)
	at com.google.caja.parser.js.JsonMLParser.parse(JsonMLParser.java:42)
	at com.google.caja.parser.js.JsonMLParser.parse(JsonMLParser.java:31)
	at com.google.caja.parser.js.JsonMLParser.parse(JsonMLParser.java:26)
	at com.google.caja.parser.js.JsonMLParser.parse(JsonMLParser.java:22)
	at com.google.javascript.jscomp.jsonml.JsonMLConversionTest.testConversion(JsonMLConversionTest.java:79)
	at com.google.javascript.jscomp.jsonml.JsonMLConversionTest.__CLR4_4_1rshmcn1m1a(JsonMLConversionTest.java:510)
	at com.google.javascript.jscomp.jsonml.JsonMLConversionTest.testReturn246(JsonMLConversionTest.java:507)
</error>
  </testcase>
  <testcase classname="com.google.javascript.jscomp.jsonml.JsonMLConversionTest" name="testReturn247" time="0.005" />
  <testcase classname="com.google.javascript.jscomp.jsonml.JsonMLConversionTest" name="testIf249" time="0.003">
    <failure message="Unexpected parse error(s): JSC_PARSE_ERROR. Parse error. unlabelled break must be inside loop or switch at expected0 line 1 : 14" type="junit.framework.AssertionFailedError">junit.framework.AssertionFailedError: Unexpected parse error(s): JSC_PARSE_ERROR. Parse error. unlabelled break must be inside loop or switch at expected0 line 1 : 14
	at com.google.javascript.jscomp.CompilerTestCase.parseExpectedJs(CompilerTestCase.java:979)
	at com.google.javascript.jscomp.CompilerTestCase.parseExpectedJs(CompilerTestCase.java:992)
	at com.google.javascript.jscomp.jsonml.JsonMLConversionTest.testConversion(JsonMLConversionTest.java:80)
	at com.google.javascript.jscomp.jsonml.JsonMLConversionTest.__CLR4_4_1ng4isx1m20(JsonMLConversionTest.java:538)
	at com.google.javascript.jscomp.jsonml.JsonMLConversionTest.testIf249(JsonMLConversionTest.java:535)
</failure>
  </testcase>
  <testcase classname="com.google.javascript.jscomp.jsonml.JsonMLConversionTest" name="testReturn250" time="0.005" />
  <testcase classname="com.google.javascript.jscomp.jsonml.JsonMLConversionTest" name="testReturn251" time="0.016" />
  <testcase classname="com.google.javascript.jscomp.jsonml.JsonMLConversionTest" name="testWith253" time="0.008" />
  <testcase classname="com.google.javascript.jscomp.jsonml.JsonMLConversionTest" name="testCount254" time="0.003" />
  <testcase classname="com.google.javascript.jscomp.jsonml.JsonMLConversionTest" name="testFunctions255" time="0.015" />
  <testcase classname="com.google.javascript.jscomp.jsonml.JsonMLConversionTest" name="testLabels256" time="0.014" />
  <testcase classname="com.google.javascript.jscomp.jsonml.JsonMLConversionTest" name="testReturn257" time="0.011">
    <error message="unknown:///unknown:1+150: Expected } not EOF" type="com.google.caja.lexer.ParseException">com.google.caja.lexer.ParseException: unknown:///unknown:1+150: Expected } not EOF
	at com.google.caja.lexer.TokenQueue.expectToken(TokenQueue.java:244)
	at com.google.caja.lexer.JsTokenQueue.expectToken(JsTokenQueue.java:57)
	at com.google.caja.parser.js.Parser.parseProgramOrFunctionBody(Parser.java:327)
	at com.google.caja.parser.js.Parser.parseFunctionBody(Parser.java:310)
	at com.google.caja.parser.js.Parser.parseExpressionAtom(Parser.java:1084)
	at com.google.caja.parser.js.Parser.parseOp(Parser.java:792)
	at com.google.caja.parser.js.Parser.parseOp(Parser.java:858)
	at com.google.caja.parser.js.Parser.parseExpressionInt(Parser.java:727)
	at com.google.caja.parser.js.Parser.parseExpressionStmt(Parser.java:1281)
	at com.google.caja.parser.js.Parser.parseStatementWithoutLabel(Parser.java:706)
	at com.google.caja.parser.js.Parser.parseStatement(Parser.java:306)
	at com.google.caja.parser.js.Parser.parseTerminatedStatement(Parser.java:1312)
	at com.google.caja.parser.js.Parser.parseProgramOrFunctionBody(Parser.java:325)
	at com.google.caja.parser.js.Parser.parseProgram(Parser.java:314)
	at com.google.caja.parser.js.Parser.parse(Parser.java:272)
	at com.google.caja.parser.js.JsonMLParser.parse(JsonMLParser.java:42)
	at com.google.caja.parser.js.JsonMLParser.parse(JsonMLParser.java:31)
	at com.google.caja.parser.js.JsonMLParser.parse(JsonMLParser.java:26)
	at com.google.caja.parser.js.JsonMLParser.parse(JsonMLParser.java:22)
	at com.google.javascript.jscomp.jsonml.JsonMLConversionTest.testConversion(JsonMLConversionTest.java:79)
	at com.google.javascript.jscomp.jsonml.JsonMLConversionTest.__CLR4_4_156d8zd1m49(JsonMLConversionTest.java:628)
	at com.google.javascript.jscomp.jsonml.JsonMLConversionTest.testReturn257(JsonMLConversionTest.java:623)
</error>
  </testcase>
  <testcase classname="com.google.javascript.jscomp.jsonml.JsonMLConversionTest" name="testEmpty259" time="0.001">
    <error message="Unexpected end of input in unknown:///unknown:1+1" type="com.google.caja.lexer.ParseException">com.google.caja.lexer.ParseException: Unexpected end of input in unknown:///unknown:1+1
	at com.google.caja.lexer.TokenQueue.fetch(TokenQueue.java:102)
	at com.google.caja.lexer.TokenQueue.mark(TokenQueue.java:156)
	at com.google.caja.parser.js.Parser.parseProgramOrFunctionBody(Parser.java:319)
	at com.google.caja.parser.js.Parser.parseProgram(Parser.java:314)
	at com.google.caja.parser.js.Parser.parse(Parser.java:272)
	at com.google.caja.parser.js.JsonMLParser.parse(JsonMLParser.java:42)
	at com.google.caja.parser.js.JsonMLParser.parse(JsonMLParser.java:31)
	at com.google.caja.parser.js.JsonMLParser.parse(JsonMLParser.java:26)
	at com.google.caja.parser.js.JsonMLParser.parse(JsonMLParser.java:22)
	at com.google.javascript.jscomp.jsonml.JsonMLConversionTest.testConversion(JsonMLConversionTest.java:79)
	at com.google.javascript.jscomp.jsonml.JsonMLConversionTest.__CLR4_4_1il7nge1m4n(JsonMLConversionTest.java:639)
	at com.google.javascript.jscomp.jsonml.JsonMLConversionTest.testEmpty259(JsonMLConversionTest.java:638)
</error>
  </testcase>
  <testcase classname="com.google.javascript.jscomp.jsonml.JsonMLConversionTest" name="testFunctions260" time="0.006">
    <error message="unknown:///unknown:1+21 - 22: Expected ; not )" type="com.google.caja.lexer.ParseException">com.google.caja.lexer.ParseException: unknown:///unknown:1+21 - 22: Expected ; not )
	at com.google.caja.lexer.TokenQueue.expectToken(TokenQueue.java:257)
	at com.google.caja.lexer.JsTokenQueue.expectToken(JsTokenQueue.java:57)
	at com.google.caja.parser.js.Parser.parseLoopOrSwitch(Parser.java:448)
	at com.google.caja.parser.js.Parser.parseStatementWithoutLabel(Parser.java:542)
	at com.google.caja.parser.js.Parser.parseStatement(Parser.java:306)
	at com.google.caja.parser.js.Parser.parseTerminatedStatement(Parser.java:1312)
	at com.google.caja.parser.js.Parser.parseProgramOrFunctionBody(Parser.java:325)
	at com.google.caja.parser.js.Parser.parseProgram(Parser.java:314)
	at com.google.caja.parser.js.Parser.parse(Parser.java:272)
	at com.google.caja.parser.js.JsonMLParser.parse(JsonMLParser.java:42)
	at com.google.caja.parser.js.JsonMLParser.parse(JsonMLParser.java:31)
	at com.google.caja.parser.js.JsonMLParser.parse(JsonMLParser.java:26)
	at com.google.caja.parser.js.JsonMLParser.parse(JsonMLParser.java:22)
	at com.google.javascript.jscomp.jsonml.JsonMLConversionTest.testConversion(JsonMLConversionTest.java:79)
	at com.google.javascript.jscomp.jsonml.JsonMLConversionTest.__CLR4_4_13wnpti1m4w(JsonMLConversionTest.java:654)
	at com.google.javascript.jscomp.jsonml.JsonMLConversionTest.testFunctions260(JsonMLConversionTest.java:648)
</error>
  </testcase>
  <testcase classname="com.google.javascript.jscomp.jsonml.JsonMLConversionTest" name="testJump261" time="0.011">
    <error message="unknown:///unknown:1+38 - 41: Expected ; not &apos;a&apos;" type="com.google.caja.lexer.ParseException">com.google.caja.lexer.ParseException: unknown:///unknown:1+38 - 41: Expected ; not &apos;a&apos;
	at com.google.caja.lexer.TokenQueue.expectToken(TokenQueue.java:257)
	at com.google.caja.lexer.JsTokenQueue.expectToken(JsTokenQueue.java:57)
	at com.google.caja.parser.js.Parser.checkSemicolon(Parser.java:1328)
	at com.google.caja.parser.js.Parser.parseTerminatedStatement(Parser.java:1313)
	at com.google.caja.parser.js.Parser.parseProgramOrFunctionBody(Parser.java:325)
	at com.google.caja.parser.js.Parser.parseProgram(Parser.java:314)
	at com.google.caja.parser.js.Parser.parse(Parser.java:272)
	at com.google.caja.parser.js.JsonMLParser.parse(JsonMLParser.java:42)
	at com.google.caja.parser.js.JsonMLParser.parse(JsonMLParser.java:31)
	at com.google.caja.parser.js.JsonMLParser.parse(JsonMLParser.java:26)
	at com.google.caja.parser.js.JsonMLParser.parse(JsonMLParser.java:22)
	at com.google.javascript.jscomp.jsonml.JsonMLConversionTest.testConversion(JsonMLConversionTest.java:79)
	at com.google.javascript.jscomp.jsonml.JsonMLConversionTest.__CLR4_4_1fqr0lo1m5h(JsonMLConversionTest.java:685)
	at com.google.javascript.jscomp.jsonml.JsonMLConversionTest.testJump261(JsonMLConversionTest.java:670)
</error>
  </testcase>
  <testcase classname="com.google.javascript.jscomp.jsonml.JsonMLConversionTest" name="testForLoop220" time="0.02" />
  <testcase classname="com.google.javascript.jscomp.jsonml.JsonMLConversionTest" name="testIf221" time="0.003">
    <failure message="Unexpected parse error(s): JSC_PARSE_ERROR. Parse error. unlabelled break must be inside loop or switch at expected0 line 1 : 14" type="junit.framework.AssertionFailedError">junit.framework.AssertionFailedError: Unexpected parse error(s): JSC_PARSE_ERROR. Parse error. unlabelled break must be inside loop or switch at expected0 line 1 : 14
	at com.google.javascript.jscomp.CompilerTestCase.parseExpectedJs(CompilerTestCase.java:979)
	at com.google.javascript.jscomp.CompilerTestCase.parseExpectedJs(CompilerTestCase.java:992)
	at com.google.javascript.jscomp.jsonml.JsonMLConversionTest.testConversion(JsonMLConversionTest.java:80)
	at com.google.javascript.jscomp.jsonml.JsonMLConversionTest.__CLR4_4_1x6e1qh1lur(JsonMLConversionTest.java:256)
	at com.google.javascript.jscomp.jsonml.JsonMLConversionTest.testIf221(JsonMLConversionTest.java:253)
</failure>
  </testcase>
  <testcase classname="com.google.javascript.jscomp.jsonml.JsonMLConversionTest" name="testAssignOperators223" time="0.005" />
  <testcase classname="com.google.javascript.jscomp.jsonml.JsonMLConversionTest" name="testFunctions224" time="0.012" />
  <testcase classname="com.google.javascript.jscomp.jsonml.JsonMLConversionTest" name="testDirectives225" time="0.005" />
  <testcase classname="com.google.javascript.jscomp.jsonml.JsonMLConversionTest" name="testReturn226" time="0.011">
    <error message="unknown:///unknown:1+150: Expected } not EOF" type="com.google.caja.lexer.ParseException">com.google.caja.lexer.ParseException: unknown:///unknown:1+150: Expected } not EOF
	at com.google.caja.lexer.TokenQueue.expectToken(TokenQueue.java:244)
	at com.google.caja.lexer.JsTokenQueue.expectToken(JsTokenQueue.java:57)
	at com.google.caja.parser.js.Parser.parseProgramOrFunctionBody(Parser.java:327)
	at com.google.caja.parser.js.Parser.parseFunctionBody(Parser.java:310)
	at com.google.caja.parser.js.Parser.parseExpressionAtom(Parser.java:1084)
	at com.google.caja.parser.js.Parser.parseOp(Parser.java:792)
	at com.google.caja.parser.js.Parser.parseOp(Parser.java:858)
	at com.google.caja.parser.js.Parser.parseExpressionInt(Parser.java:727)
	at com.google.caja.parser.js.Parser.parseExpressionStmt(Parser.java:1281)
	at com.google.caja.parser.js.Parser.parseStatementWithoutLabel(Parser.java:706)
	at com.google.caja.parser.js.Parser.parseStatement(Parser.java:306)
	at com.google.caja.parser.js.Parser.parseTerminatedStatement(Parser.java:1312)
	at com.google.caja.parser.js.Parser.parseProgramOrFunctionBody(Parser.java:325)
	at com.google.caja.parser.js.Parser.parseProgram(Parser.java:314)
	at com.google.caja.parser.js.Parser.parse(Parser.java:272)
	at com.google.caja.parser.js.JsonMLParser.parse(JsonMLParser.java:42)
	at com.google.caja.parser.js.JsonMLParser.parse(JsonMLParser.java:31)
	at com.google.caja.parser.js.JsonMLParser.parse(JsonMLParser.java:26)
	at com.google.caja.parser.js.JsonMLParser.parse(JsonMLParser.java:22)
	at com.google.javascript.jscomp.jsonml.JsonMLConversionTest.testConversion(JsonMLConversionTest.java:79)
	at com.google.javascript.jscomp.jsonml.JsonMLConversionTest.__CLR4_4_1g73dgl1lvm(JsonMLConversionTest.java:293)
	at com.google.javascript.jscomp.jsonml.JsonMLConversionTest.testReturn226(JsonMLConversionTest.java:288)
</error>
  </testcase>
  <testcase classname="com.google.javascript.jscomp.jsonml.JsonMLConversionTest" name="testOperators227" time="0.012" />
  <testcase classname="com.google.javascript.jscomp.jsonml.JsonMLConversionTest" name="testLabels229" time="0.022" />
  <testcase classname="com.google.javascript.jscomp.jsonml.JsonMLConversionTest" name="testDelete230" time="0.004" />
  <testcase classname="com.google.javascript.jscomp.jsonml.JsonMLConversionTest" name="testReturn262" time="0.007">
    <error message="unknown:///unknown:1+111 - 112: Unused tokens: } ..." type="com.google.caja.lexer.ParseException">com.google.caja.lexer.ParseException: unknown:///unknown:1+111 - 112: Unused tokens: } ...
	at com.google.caja.lexer.TokenQueue.expectEmpty(TokenQueue.java:70)
	at com.google.caja.parser.js.Parser.parse(Parser.java:273)
	at com.google.caja.parser.js.JsonMLParser.parse(JsonMLParser.java:42)
	at com.google.caja.parser.js.JsonMLParser.parse(JsonMLParser.java:31)
	at com.google.caja.parser.js.JsonMLParser.parse(JsonMLParser.java:26)
	at com.google.caja.parser.js.JsonMLParser.parse(JsonMLParser.java:22)
	at com.google.javascript.jscomp.jsonml.JsonMLConversionTest.testConversion(JsonMLConversionTest.java:79)
	at com.google.javascript.jscomp.jsonml.JsonMLConversionTest.__CLR4_4_1in8bkj1m5y(JsonMLConversionTest.java:691)
	at com.google.javascript.jscomp.jsonml.JsonMLConversionTest.testReturn262(JsonMLConversionTest.java:688)
</error>
  </testcase>
  <system-out><![CDATA[]]></system-out>
  <system-err><![CDATA[LOG:unknown:///unknown:1+23: Semicolon inserted
LOG:unknown:///unknown:1+23: Semicolon inserted
LOG:unknown:///unknown:1+40: Semicolon inserted
LOG:unknown:///unknown:1+40: Semicolon inserted
LOG:unknown:///unknown:1+39: Semicolon inserted
LOG:unknown:///unknown:1+66: Semicolon inserted
LOG:unknown:///unknown:1+39: Semicolon inserted
LOG:unknown:///unknown:1+66: Semicolon inserted
LOG:unknown:///unknown:1+102: Semicolon inserted
LOG:unknown:///unknown:1+103: Semicolon inserted
LOG:unknown:///unknown:1+102: Semicolon inserted
LOG:unknown:///unknown:1+103: Semicolon inserted
LOG:unknown:///unknown:1+19: Semicolon inserted
LOG:unknown:///unknown:1+19: Semicolon inserted
LOG:unknown:///unknown:1+37: Semicolon inserted
LOG:unknown:///unknown:1+37: Semicolon inserted
LOG:unknown:///unknown:1+35: Semicolon inserted
LOG:unknown:///unknown:1+62: Semicolon inserted
LOG:unknown:///unknown:1+35: Semicolon inserted
LOG:unknown:///unknown:1+62: Semicolon inserted
LOG:unknown:///unknown:1+98: Semicolon inserted
LOG:unknown:///unknown:1+99: Semicolon inserted
LOG:unknown:///unknown:1+98: Semicolon inserted
LOG:unknown:///unknown:1+99: Semicolon inserted
LOG:unknown:///unknown:1+18: Semicolon inserted
LOG:unknown:///unknown:1+18: Semicolon inserted
LOG:unknown:///unknown:1+97: Semicolon inserted
LOG:unknown:///unknown:1+98: Semicolon inserted
LOG:unknown:///unknown:1+97: Semicolon inserted
LOG:unknown:///unknown:1+98: Semicolon inserted
LOG:unknown:///unknown:1+22: Semicolon inserted
LOG:unknown:///unknown:1+39: Semicolon inserted
LOG:unknown:///unknown:1+22: Semicolon inserted
LOG:unknown:///unknown:1+39: Semicolon inserted
LOG:unknown:///unknown:1+95: Semicolon inserted
LOG:unknown:///unknown:1+102: Semicolon inserted
LOG:unknown:///unknown:1+119: Semicolon inserted
LOG:unknown:///unknown:1+95: Semicolon inserted
LOG:unknown:///unknown:1+102: Semicolon inserted
LOG:unknown:///unknown:1+119: Semicolon inserted
LOG:unknown:///unknown:1+22: Semicolon inserted
LOG:unknown:///unknown:1+37: Semicolon inserted
LOG:unknown:///unknown:1+22: Semicolon inserted
LOG:unknown:///unknown:1+37: Semicolon inserted
LOG:unknown:///unknown:1+95: Semicolon inserted
LOG:unknown:///unknown:1+102: Semicolon inserted
LOG:unknown:///unknown:1+117: Semicolon inserted
LOG:unknown:///unknown:1+95: Semicolon inserted
LOG:unknown:///unknown:1+102: Semicolon inserted
LOG:unknown:///unknown:1+117: Semicolon inserted
LOG:unknown:///unknown:1+22: Semicolon inserted
LOG:unknown:///unknown:1+22: Semicolon inserted
LOG:unknown:///unknown:1+95: Semicolon inserted
LOG:unknown:///unknown:1+102: Semicolon inserted
LOG:unknown:///unknown:1+119: Semicolon inserted
LOG:unknown:///unknown:1+134: Semicolon inserted
LOG:unknown:///unknown:1+95: Semicolon inserted
LOG:unknown:///unknown:1+102: Semicolon inserted
LOG:unknown:///unknown:1+119: Semicolon inserted
LOG:unknown:///unknown:1+134: Semicolon inserted
LOG:unknown:///unknown:1+41: Semicolon inserted
LOG:unknown:///unknown:1+41: Semicolon inserted
LOG:unknown:///unknown:1+26: Semicolon inserted
LOG:unknown:///unknown:1+26: Semicolon inserted
LOG:unknown:///unknown:1+41: Semicolon inserted
LOG:unknown:///unknown:1+41: Semicolon inserted
LOG:unknown:///unknown:1+42: Semicolon inserted
LOG:unknown:///unknown:1+69: Semicolon inserted
LOG:unknown:///unknown:1+42: Semicolon inserted
LOG:unknown:///unknown:1+69: Semicolon inserted
LOG:unknown:///unknown:1+41: Semicolon inserted
LOG:unknown:///unknown:1+41: Semicolon inserted
LOG:unknown:///unknown:1+42: Semicolon inserted
LOG:unknown:///unknown:1+69: Semicolon inserted
LOG:unknown:///unknown:1+42: Semicolon inserted
LOG:unknown:///unknown:1+69: Semicolon inserted
LOG:unknown:///unknown:1+105: Semicolon inserted
LOG:unknown:///unknown:1+106: Semicolon inserted
LOG:unknown:///unknown:1+105: Semicolon inserted
LOG:unknown:///unknown:1+106: Semicolon inserted
LOG:unknown:///unknown:1+106: Semicolon inserted
LOG:unknown:///unknown:1+107: Semicolon inserted
LOG:unknown:///unknown:1+106: Semicolon inserted
LOG:unknown:///unknown:1+107: Semicolon inserted
LOG:unknown:///unknown:1+23: Semicolon inserted
LOG:unknown:///unknown:1+23: Semicolon inserted
LOG:unknown:///unknown:1+26: Semicolon inserted
LOG:unknown:///unknown:1+26: Semicolon inserted
LOG:unknown:///unknown:1+41: Semicolon inserted
LOG:unknown:///unknown:1+41: Semicolon inserted
LOG:unknown:///unknown:1+42: Semicolon inserted
LOG:unknown:///unknown:1+69: Semicolon inserted
LOG:unknown:///unknown:1+42: Semicolon inserted
LOG:unknown:///unknown:1+69: Semicolon inserted
LOG:unknown:///unknown:1+41: Semicolon inserted
LOG:unknown:///unknown:1+41: Semicolon inserted
LOG:unknown:///unknown:1+42: Semicolon inserted
LOG:unknown:///unknown:1+69: Semicolon inserted
LOG:unknown:///unknown:1+42: Semicolon inserted
LOG:unknown:///unknown:1+69: Semicolon inserted
LOG:unknown:///unknown:1+105: Semicolon inserted
LOG:unknown:///unknown:1+106: Semicolon inserted
LOG:unknown:///unknown:1+105: Semicolon inserted
LOG:unknown:///unknown:1+106: Semicolon inserted
LOG:unknown:///unknown:1+37: Semicolon inserted
LOG:unknown:///unknown:1+37: Semicolon inserted
LOG:unknown:///unknown:1+38: Semicolon inserted
LOG:unknown:///unknown:1+65: Semicolon inserted
LOG:unknown:///unknown:1+38: Semicolon inserted
LOG:unknown:///unknown:1+65: Semicolon inserted
LOG:unknown:///unknown:1+37: Semicolon inserted
LOG:unknown:///unknown:1+37: Semicolon inserted
LOG:unknown:///unknown:1+38: Semicolon inserted
LOG:unknown:///unknown:1+65: Semicolon inserted
LOG:unknown:///unknown:1+38: Semicolon inserted
LOG:unknown:///unknown:1+65: Semicolon inserted
LOG:unknown:///unknown:1+33: Semicolon inserted
LOG:unknown:///unknown:1+33: Semicolon inserted
LOG:unknown:///unknown:1+33: Semicolon inserted
LOG:unknown:///unknown:1+33: Semicolon inserted
LOG:unknown:///unknown:1+33: Semicolon inserted
LOG:unknown:///unknown:1+33: Semicolon inserted
LOG:unknown:///unknown:1+33: Semicolon inserted
LOG:unknown:///unknown:1+33: Semicolon inserted
LOG:unknown:///unknown:1+33: Semicolon inserted
LOG:unknown:///unknown:1+33: Semicolon inserted
LOG:unknown:///unknown:1+33: Semicolon inserted
LOG:unknown:///unknown:1+33: Semicolon inserted
LOG:unknown:///unknown:1+33: Semicolon inserted
LOG:unknown:///unknown:1+33: Semicolon inserted
LOG:unknown:///unknown:1+33: Semicolon inserted
LOG:unknown:///unknown:1+33: Semicolon inserted
LOG:unknown:///unknown:1+33: Semicolon inserted
LOG:unknown:///unknown:1+33: Semicolon inserted
LOG:unknown:///unknown:1+33: Semicolon inserted
LOG:unknown:///unknown:1+33: Semicolon inserted
LOG:unknown:///unknown:1+33: Semicolon inserted
LOG:unknown:///unknown:1+33: Semicolon inserted
LOG:unknown:///unknown:1+33: Semicolon inserted
LOG:unknown:///unknown:1+33: Semicolon inserted
LOG:unknown:///unknown:1+33: Semicolon inserted
LOG:unknown:///unknown:1+33: Semicolon inserted
LOG:unknown:///unknown:1+33: Semicolon inserted
LOG:unknown:///unknown:1+33: Semicolon inserted
LOG:unknown:///unknown:1+16: Semicolon inserted
LOG:unknown:///unknown:1+16: Semicolon inserted
LOG:unknown:///unknown:1+20: Semicolon inserted
LOG:unknown:///unknown:1+20: Semicolon inserted
LOG:unknown:///unknown:1+33: Semicolon inserted
LOG:unknown:///unknown:1+33: Semicolon inserted
LOG:unknown:///unknown:1+35: Semicolon inserted
LOG:unknown:///unknown:1+35: Semicolon inserted
LOG:unknown:///unknown:1+59: Semicolon inserted
LOG:unknown:///unknown:1+59: Semicolon inserted
LOG:unknown:///unknown:1+27: Semicolon inserted
LOG:unknown:///unknown:1+27: Semicolon inserted
LOG:unknown:///unknown:1+27: Semicolon inserted
LOG:unknown:///unknown:1+34: Semicolon inserted
LOG:unknown:///unknown:1+27: Semicolon inserted
LOG:unknown:///unknown:1+34: Semicolon inserted
LOG:unknown:///unknown:1+32: Semicolon inserted
LOG:unknown:///unknown:1+32: Semicolon inserted
LOG:unknown:///unknown:1+58: Semicolon inserted
LOG:unknown:///unknown:1+58: Semicolon inserted
LOG:unknown:///unknown:1+31: Semicolon inserted
ERROR:unknown:///unknown:1+33 - 37: Reserved word case used as an identifier
java.lang.Exception
	at com.google.caja.reporting.EchoingMessageQueue$1.add(EchoingMessageQueue.java:52)
	at com.google.caja.reporting.EchoingMessageQueue$1.add(EchoingMessageQueue.java:40)
	at java.util.AbstractList.add(AbstractList.java:108)
	at com.google.caja.reporting.AbstractMessageQueue.addMessage(AbstractMessageQueue.java:25)
	at com.google.caja.parser.ParserBase.parseIdentifier(ParserBase.java:70)
	at com.google.caja.parser.js.Parser.parseExpressionAtom(Parser.java:1103)
	at com.google.caja.parser.js.Parser.parseOp(Parser.java:792)
	at com.google.caja.parser.js.Parser.parseExpressionInt(Parser.java:727)
	at com.google.caja.parser.js.Parser.parseExpressionStmt(Parser.java:1281)
	at com.google.caja.parser.js.Parser.parseStatementWithoutLabel(Parser.java:688)
	at com.google.caja.parser.js.Parser.parseStatement(Parser.java:306)
	at com.google.caja.parser.js.Parser.parseTerminatedStatement(Parser.java:1312)
	at com.google.caja.parser.js.Parser.parseProgramOrFunctionBody(Parser.java:325)
	at com.google.caja.parser.js.Parser.parseProgram(Parser.java:314)
	at com.google.caja.parser.js.Parser.parse(Parser.java:272)
	at com.google.caja.parser.js.JsonMLParser.parse(JsonMLParser.java:42)
	at com.google.caja.parser.js.JsonMLParser.parse(JsonMLParser.java:31)
	at com.google.caja.parser.js.JsonMLParser.parse(JsonMLParser.java:26)
	at com.google.caja.parser.js.JsonMLParser.parse(JsonMLParser.java:22)
	at com.google.javascript.jscomp.jsonml.JsonMLConversionTest.testConversion(JsonMLConversionTest.java:79)
	at com.google.javascript.jscomp.jsonml.JsonMLConversionTest.__CLR4_4_18zf04m1lto(JsonMLConversionTest.java:226)
	at com.google.javascript.jscomp.jsonml.JsonMLConversionTest.testSwitch218(JsonMLConversionTest.java:211)
	at sun.reflect.NativeMethodAccessorImpl.invoke0(Native Method)
	at sun.reflect.NativeMethodAccessorImpl.invoke(NativeMethodAccessorImpl.java:62)
	at sun.reflect.DelegatingMethodAccessorImpl.invoke(DelegatingMethodAccessorImpl.java:43)
	at java.lang.reflect.Method.invoke(Method.java:498)
	at junit.framework.TestCase.runTest(TestCase.java:168)
	at junit.framework.TestCase.runBare(TestCase.java:134)
	at junit.framework.TestResult$1.protect(TestResult.java:110)
	at junit.framework.TestResult.runProtected(TestResult.java:128)
	at junit.framework.TestResult.run(TestResult.java:113)
	at junit.framework.TestCase.run(TestCase.java:124)
	at junit.framework.TestSuite.runTest(TestSuite.java:243)
	at junit.framework.TestSuite.run(TestSuite.java:238)
	at org.apache.tools.ant.taskdefs.optional.junit.JUnitTestRunner.run(JUnitTestRunner.java:534)
	at org.apache.tools.ant.taskdefs.optional.junit.JUnitTestRunner.launch(JUnitTestRunner.java:1196)
	at org.apache.tools.ant.taskdefs.optional.junit.JUnitTestRunner.main(JUnitTestRunner.java:1014)
LOG:unknown:///unknown:1+68: Semicolon inserted
LOG:unknown:///unknown:1+72: Semicolon inserted
LOG:unknown:///unknown:1+68: Semicolon inserted
LOG:unknown:///unknown:1+72: Semicolon inserted
LOG:unknown:///unknown:1+33: Semicolon inserted
LOG:unknown:///unknown:1+33: Semicolon inserted
LOG:unknown:///unknown:1+35: Semicolon inserted
LOG:unknown:///unknown:1+35: Semicolon inserted
LOG:unknown:///unknown:1+59: Semicolon inserted
LOG:unknown:///unknown:1+59: Semicolon inserted
LOG:unknown:///unknown:1+27: Semicolon inserted
LOG:unknown:///unknown:1+27: Semicolon inserted
LOG:unknown:///unknown:1+27: Semicolon inserted
LOG:unknown:///unknown:1+34: Semicolon inserted
LOG:unknown:///unknown:1+27: Semicolon inserted
LOG:unknown:///unknown:1+34: Semicolon inserted
LOG:unknown:///unknown:1+32: Semicolon inserted
LOG:unknown:///unknown:1+32: Semicolon inserted
LOG:unknown:///unknown:1+58: Semicolon inserted
LOG:unknown:///unknown:1+58: Semicolon inserted
LOG:unknown:///unknown:1+31: Semicolon inserted
ERROR:unknown:///unknown:1+33 - 37: Reserved word case used as an identifier
java.lang.Exception
	at com.google.caja.reporting.EchoingMessageQueue$1.add(EchoingMessageQueue.java:52)
	at com.google.caja.reporting.EchoingMessageQueue$1.add(EchoingMessageQueue.java:40)
	at java.util.AbstractList.add(AbstractList.java:108)
	at com.google.caja.reporting.AbstractMessageQueue.addMessage(AbstractMessageQueue.java:25)
	at com.google.caja.parser.ParserBase.parseIdentifier(ParserBase.java:70)
	at com.google.caja.parser.js.Parser.parseExpressionAtom(Parser.java:1103)
	at com.google.caja.parser.js.Parser.parseOp(Parser.java:792)
	at com.google.caja.parser.js.Parser.parseExpressionInt(Parser.java:727)
	at com.google.caja.parser.js.Parser.parseExpressionStmt(Parser.java:1281)
	at com.google.caja.parser.js.Parser.parseStatementWithoutLabel(Parser.java:688)
	at com.google.caja.parser.js.Parser.parseStatement(Parser.java:306)
	at com.google.caja.parser.js.Parser.parseTerminatedStatement(Parser.java:1312)
	at com.google.caja.parser.js.Parser.parseProgramOrFunctionBody(Parser.java:325)
	at com.google.caja.parser.js.Parser.parseProgram(Parser.java:314)
	at com.google.caja.parser.js.Parser.parse(Parser.java:272)
	at com.google.caja.parser.js.JsonMLParser.parse(JsonMLParser.java:42)
	at com.google.caja.parser.js.JsonMLParser.parse(JsonMLParser.java:31)
	at com.google.caja.parser.js.JsonMLParser.parse(JsonMLParser.java:26)
	at com.google.caja.parser.js.JsonMLParser.parse(JsonMLParser.java:22)
	at com.google.javascript.jscomp.jsonml.JsonMLConversionTest.testConversion(JsonMLConversionTest.java:79)
	at com.google.javascript.jscomp.jsonml.JsonMLConversionTest.__CLR4_4_11zgdht1ly5(JsonMLConversionTest.java:401)
	at com.google.javascript.jscomp.jsonml.JsonMLConversionTest.testBreak236(JsonMLConversionTest.java:386)
	at sun.reflect.NativeMethodAccessorImpl.invoke0(Native Method)
	at sun.reflect.NativeMethodAccessorImpl.invoke(NativeMethodAccessorImpl.java:62)
	at sun.reflect.DelegatingMethodAccessorImpl.invoke(DelegatingMethodAccessorImpl.java:43)
	at java.lang.reflect.Method.invoke(Method.java:498)
	at junit.framework.TestCase.runTest(TestCase.java:168)
	at junit.framework.TestCase.runBare(TestCase.java:134)
	at junit.framework.TestResult$1.protect(TestResult.java:110)
	at junit.framework.TestResult.runProtected(TestResult.java:128)
	at junit.framework.TestResult.run(TestResult.java:113)
	at junit.framework.TestCase.run(TestCase.java:124)
	at junit.framework.TestSuite.runTest(TestSuite.java:243)
	at junit.framework.TestSuite.run(TestSuite.java:238)
	at org.apache.tools.ant.taskdefs.optional.junit.JUnitTestRunner.run(JUnitTestRunner.java:534)
	at org.apache.tools.ant.taskdefs.optional.junit.JUnitTestRunner.launch(JUnitTestRunner.java:1196)
	at org.apache.tools.ant.taskdefs.optional.junit.JUnitTestRunner.main(JUnitTestRunner.java:1014)
LOG:unknown:///unknown:1+33: Semicolon inserted
LOG:unknown:///unknown:1+68: Semicolon inserted
LOG:unknown:///unknown:1+72: Semicolon inserted
LOG:unknown:///unknown:1+68: Semicolon inserted
LOG:unknown:///unknown:1+72: Semicolon inserted
WARNING:unknown:///unknown:1+2 - 3: Will not work in IE
java.lang.Exception
	at com.google.caja.reporting.EchoingMessageQueue$1.add(EchoingMessageQueue.java:52)
	at com.google.caja.reporting.EchoingMessageQueue$1.add(EchoingMessageQueue.java:40)
	at java.util.AbstractList.add(AbstractList.java:108)
	at com.google.caja.reporting.AbstractMessageQueue.addMessage(AbstractMessageQueue.java:25)
	at com.google.caja.parser.js.Parser.parseExpressionAtom(Parser.java:1138)
	at com.google.caja.parser.js.Parser.parseOp(Parser.java:792)
	at com.google.caja.parser.js.Parser.parseExpressionInt(Parser.java:727)
	at com.google.caja.parser.js.Parser.parseExpressionStmt(Parser.java:1281)
	at com.google.caja.parser.js.Parser.parseStatementWithoutLabel(Parser.java:706)
	at com.google.caja.parser.js.Parser.parseStatement(Parser.java:306)
	at com.google.caja.parser.js.Parser.parseTerminatedStatement(Parser.java:1312)
	at com.google.caja.parser.js.Parser.parseProgramOrFunctionBody(Parser.java:325)
	at com.google.caja.parser.js.Parser.parseProgram(Parser.java:314)
	at com.google.caja.parser.js.Parser.parse(Parser.java:272)
	at com.google.caja.parser.js.JsonMLParser.parse(JsonMLParser.java:42)
	at com.google.caja.parser.js.JsonMLParser.parse(JsonMLParser.java:31)
	at com.google.caja.parser.js.JsonMLParser.parse(JsonMLParser.java:26)
	at com.google.caja.parser.js.JsonMLParser.parse(JsonMLParser.java:22)
	at com.google.javascript.jscomp.jsonml.JsonMLConversionTest.testConversion(JsonMLConversionTest.java:79)
	at com.google.javascript.jscomp.jsonml.JsonMLConversionTest.__CLR4_4_1cmmylv1lzo(JsonMLConversionTest.java:446)
	at com.google.javascript.jscomp.jsonml.JsonMLConversionTest.testArray1242(JsonMLConversionTest.java:445)
	at sun.reflect.NativeMethodAccessorImpl.invoke0(Native Method)
	at sun.reflect.NativeMethodAccessorImpl.invoke(NativeMethodAccessorImpl.java:62)
	at sun.reflect.DelegatingMethodAccessorImpl.invoke(DelegatingMethodAccessorImpl.java:43)
	at java.lang.reflect.Method.invoke(Method.java:498)
	at junit.framework.TestCase.runTest(TestCase.java:168)
	at junit.framework.TestCase.runBare(TestCase.java:134)
	at junit.framework.TestResult$1.protect(TestResult.java:110)
	at junit.framework.TestResult.runProtected(TestResult.java:128)
	at junit.framework.TestResult.run(TestResult.java:113)
	at junit.framework.TestCase.run(TestCase.java:124)
	at junit.framework.TestSuite.runTest(TestSuite.java:243)
	at junit.framework.TestSuite.run(TestSuite.java:238)
	at org.apache.tools.ant.taskdefs.optional.junit.JUnitTestRunner.run(JUnitTestRunner.java:534)
	at org.apache.tools.ant.taskdefs.optional.junit.JUnitTestRunner.launch(JUnitTestRunner.java:1196)
	at org.apache.tools.ant.taskdefs.optional.junit.JUnitTestRunner.main(JUnitTestRunner.java:1014)
WARNING:unknown:///unknown:1+2 - 3: Will not work in IE
java.lang.Exception
	at com.google.caja.reporting.EchoingMessageQueue$1.add(EchoingMessageQueue.java:52)
	at com.google.caja.reporting.EchoingMessageQueue$1.add(EchoingMessageQueue.java:40)
	at java.util.AbstractList.add(AbstractList.java:108)
	at com.google.caja.reporting.AbstractMessageQueue.addMessage(AbstractMessageQueue.java:25)
	at com.google.caja.parser.js.Parser.parseExpressionAtom(Parser.java:1138)
	at com.google.caja.parser.js.Parser.parseOp(Parser.java:792)
	at com.google.caja.parser.js.Parser.parseExpressionInt(Parser.java:727)
	at com.google.caja.parser.js.Parser.parseExpressionStmt(Parser.java:1281)
	at com.google.caja.parser.js.Parser.parseStatementWithoutLabel(Parser.java:706)
	at com.google.caja.parser.js.Parser.parseStatement(Parser.java:306)
	at com.google.caja.parser.js.Parser.parseTerminatedStatement(Parser.java:1312)
	at com.google.caja.parser.js.Parser.parseProgramOrFunctionBody(Parser.java:325)
	at com.google.caja.parser.js.Parser.parseProgram(Parser.java:314)
	at com.google.caja.parser.js.Parser.parse(Parser.java:272)
	at com.google.caja.parser.js.JsonMLParser.parse(JsonMLParser.java:42)
	at com.google.caja.parser.js.JsonMLParser.parse(JsonMLParser.java:31)
	at com.google.caja.parser.js.JsonMLParser.parse(JsonMLParser.java:26)
	at com.google.caja.parser.js.JsonMLParser.parse(JsonMLParser.java:22)
	at com.google.javascript.jscomp.jsonml.JsonMLConversionTest.testConversion(JsonMLConversionTest.java:86)
	at com.google.javascript.jscomp.jsonml.JsonMLConversionTest.__CLR4_4_1cmmylv1lzo(JsonMLConversionTest.java:446)
	at com.google.javascript.jscomp.jsonml.JsonMLConversionTest.testArray1242(JsonMLConversionTest.java:445)
	at sun.reflect.NativeMethodAccessorImpl.invoke0(Native Method)
	at sun.reflect.NativeMethodAccessorImpl.invoke(NativeMethodAccessorImpl.java:62)
	at sun.reflect.DelegatingMethodAccessorImpl.invoke(DelegatingMethodAccessorImpl.java:43)
	at java.lang.reflect.Method.invoke(Method.java:498)
	at junit.framework.TestCase.runTest(TestCase.java:168)
	at junit.framework.TestCase.runBare(TestCase.java:134)
	at junit.framework.TestResult$1.protect(TestResult.java:110)
	at junit.framework.TestResult.runProtected(TestResult.java:128)
	at junit.framework.TestResult.run(TestResult.java:113)
	at junit.framework.TestCase.run(TestCase.java:124)
	at junit.framework.TestSuite.runTest(TestSuite.java:243)
	at junit.framework.TestSuite.run(TestSuite.java:238)
	at org.apache.tools.ant.taskdefs.optional.junit.JUnitTestRunner.run(JUnitTestRunner.java:534)
	at org.apache.tools.ant.taskdefs.optional.junit.JUnitTestRunner.launch(JUnitTestRunner.java:1196)
	at org.apache.tools.ant.taskdefs.optional.junit.JUnitTestRunner.main(JUnitTestRunner.java:1014)
LOG:unknown:///unknown:1+23: Semicolon inserted
LOG:unknown:///unknown:1+23: Semicolon inserted
LOG:unknown:///unknown:1+40: Semicolon inserted
LOG:unknown:///unknown:1+40: Semicolon inserted
LOG:unknown:///unknown:1+39: Semicolon inserted
LOG:unknown:///unknown:1+66: Semicolon inserted
LOG:unknown:///unknown:1+39: Semicolon inserted
LOG:unknown:///unknown:1+66: Semicolon inserted
LOG:unknown:///unknown:1+102: Semicolon inserted
LOG:unknown:///unknown:1+103: Semicolon inserted
LOG:unknown:///unknown:1+102: Semicolon inserted
LOG:unknown:///unknown:1+103: Semicolon inserted
LOG:unknown:///unknown:1+19: Semicolon inserted
LOG:unknown:///unknown:1+19: Semicolon inserted
LOG:unknown:///unknown:1+37: Semicolon inserted
LOG:unknown:///unknown:1+37: Semicolon inserted
LOG:unknown:///unknown:1+35: Semicolon inserted
LOG:unknown:///unknown:1+62: Semicolon inserted
LOG:unknown:///unknown:1+35: Semicolon inserted
LOG:unknown:///unknown:1+62: Semicolon inserted
LOG:unknown:///unknown:1+98: Semicolon inserted
LOG:unknown:///unknown:1+99: Semicolon inserted
LOG:unknown:///unknown:1+98: Semicolon inserted
LOG:unknown:///unknown:1+99: Semicolon inserted
LOG:unknown:///unknown:1+33: Semicolon inserted
LOG:unknown:///unknown:1+33: Semicolon inserted
LOG:unknown:///unknown:1+35: Semicolon inserted
LOG:unknown:///unknown:1+35: Semicolon inserted
LOG:unknown:///unknown:1+59: Semicolon inserted
LOG:unknown:///unknown:1+59: Semicolon inserted
LOG:unknown:///unknown:1+27: Semicolon inserted
LOG:unknown:///unknown:1+27: Semicolon inserted
LOG:unknown:///unknown:1+27: Semicolon inserted
LOG:unknown:///unknown:1+34: Semicolon inserted
LOG:unknown:///unknown:1+27: Semicolon inserted
LOG:unknown:///unknown:1+34: Semicolon inserted
LOG:unknown:///unknown:1+32: Semicolon inserted
LOG:unknown:///unknown:1+32: Semicolon inserted
LOG:unknown:///unknown:1+58: Semicolon inserted
LOG:unknown:///unknown:1+58: Semicolon inserted
LOG:unknown:///unknown:1+31: Semicolon inserted
ERROR:unknown:///unknown:1+33 - 37: Reserved word case used as an identifier
java.lang.Exception
	at com.google.caja.reporting.EchoingMessageQueue$1.add(EchoingMessageQueue.java:52)
	at com.google.caja.reporting.EchoingMessageQueue$1.add(EchoingMessageQueue.java:40)
	at java.util.AbstractList.add(AbstractList.java:108)
	at com.google.caja.reporting.AbstractMessageQueue.addMessage(AbstractMessageQueue.java:25)
	at com.google.caja.parser.ParserBase.parseIdentifier(ParserBase.java:70)
	at com.google.caja.parser.js.Parser.parseExpressionAtom(Parser.java:1103)
	at com.google.caja.parser.js.Parser.parseOp(Parser.java:792)
	at com.google.caja.parser.js.Parser.parseExpressionInt(Parser.java:727)
	at com.google.caja.parser.js.Parser.parseExpressionStmt(Parser.java:1281)
	at com.google.caja.parser.js.Parser.parseStatementWithoutLabel(Parser.java:688)
	at com.google.caja.parser.js.Parser.parseStatement(Parser.java:306)
	at com.google.caja.parser.js.Parser.parseTerminatedStatement(Parser.java:1312)
	at com.google.caja.parser.js.Parser.parseProgramOrFunctionBody(Parser.java:325)
	at com.google.caja.parser.js.Parser.parseProgram(Parser.java:314)
	at com.google.caja.parser.js.Parser.parse(Parser.java:272)
	at com.google.caja.parser.js.JsonMLParser.parse(JsonMLParser.java:42)
	at com.google.caja.parser.js.JsonMLParser.parse(JsonMLParser.java:31)
	at com.google.caja.parser.js.JsonMLParser.parse(JsonMLParser.java:26)
	at com.google.caja.parser.js.JsonMLParser.parse(JsonMLParser.java:22)
	at com.google.javascript.jscomp.jsonml.JsonMLConversionTest.testConversion(JsonMLConversionTest.java:79)
	at com.google.javascript.jscomp.jsonml.JsonMLConversionTest.__CLR4_4_1czm8731m0t(JsonMLConversionTest.java:504)
	at com.google.javascript.jscomp.jsonml.JsonMLConversionTest.testJmp245(JsonMLConversionTest.java:489)
	at sun.reflect.NativeMethodAccessorImpl.invoke0(Native Method)
	at sun.reflect.NativeMethodAccessorImpl.invoke(NativeMethodAccessorImpl.java:62)
	at sun.reflect.DelegatingMethodAccessorImpl.invoke(DelegatingMethodAccessorImpl.java:43)
	at java.lang.reflect.Method.invoke(Method.java:498)
	at junit.framework.TestCase.runTest(TestCase.java:168)
	at junit.framework.TestCase.runBare(TestCase.java:134)
	at junit.framework.TestResult$1.protect(TestResult.java:110)
	at junit.framework.TestResult.runProtected(TestResult.java:128)
	at junit.framework.TestResult.run(TestResult.java:113)
	at junit.framework.TestCase.run(TestCase.java:124)
	at junit.framework.TestSuite.runTest(TestSuite.java:243)
	at junit.framework.TestSuite.run(TestSuite.java:238)
	at org.apache.tools.ant.taskdefs.optional.junit.JUnitTestRunner.run(JUnitTestRunner.java:534)
	at org.apache.tools.ant.taskdefs.optional.junit.JUnitTestRunner.launch(JUnitTestRunner.java:1196)
	at org.apache.tools.ant.taskdefs.optional.junit.JUnitTestRunner.main(JUnitTestRunner.java:1014)
LOG:unknown:///unknown:1+33: Semicolon inserted
LOG:unknown:///unknown:1+15: Semicolon inserted
LOG:unknown:///unknown:1+15: Semicolon inserted
LOG:unknown:///unknown:1+33: Semicolon inserted
LOG:unknown:///unknown:1+33: Semicolon inserted
LOG:unknown:///unknown:1+33: Semicolon inserted
LOG:unknown:///unknown:1+33: Semicolon inserted
LOG:unknown:///unknown:1+33: Semicolon inserted
LOG:unknown:///unknown:1+33: Semicolon inserted
LOG:unknown:///unknown:1+33: Semicolon inserted
LOG:unknown:///unknown:1+33: Semicolon inserted
LOG:unknown:///unknown:1+33: Semicolon inserted
LOG:unknown:///unknown:1+33: Semicolon inserted
LOG:unknown:///unknown:1+33: Semicolon inserted
LOG:unknown:///unknown:1+33: Semicolon inserted
LOG:unknown:///unknown:1+33: Semicolon inserted
LOG:unknown:///unknown:1+33: Semicolon inserted
LOG:unknown:///unknown:1+33: Semicolon inserted
LOG:unknown:///unknown:1+33: Semicolon inserted
LOG:unknown:///unknown:1+33: Semicolon inserted
LOG:unknown:///unknown:1+33: Semicolon inserted
LOG:unknown:///unknown:1+33: Semicolon inserted
LOG:unknown:///unknown:1+33: Semicolon inserted
LOG:unknown:///unknown:1+33: Semicolon inserted
LOG:unknown:///unknown:1+33: Semicolon inserted
LOG:unknown:///unknown:1+33: Semicolon inserted
LOG:unknown:///unknown:1+33: Semicolon inserted
LOG:unknown:///unknown:1+33: Semicolon inserted
LOG:unknown:///unknown:1+33: Semicolon inserted
LOG:unknown:///unknown:1+33: Semicolon inserted
LOG:unknown:///unknown:1+33: Semicolon inserted
LOG:unknown:///unknown:1+33: Semicolon inserted
LOG:unknown:///unknown:1+33: Semicolon inserted
LOG:unknown:///unknown:1+15: Semicolon inserted
LOG:unknown:///unknown:1+15: Semicolon inserted
LOG:unknown:///unknown:1+34: Semicolon inserted
LOG:unknown:///unknown:1+34: Semicolon inserted
LOG:unknown:///unknown:1+107: Semicolon inserted
LOG:unknown:///unknown:1+108: Semicolon inserted
LOG:unknown:///unknown:1+117: Semicolon inserted
LOG:unknown:///unknown:1+107: Semicolon inserted
LOG:unknown:///unknown:1+108: Semicolon inserted
LOG:unknown:///unknown:1+117: Semicolon inserted
LOG:unknown:///unknown:1+19: Semicolon inserted
LOG:unknown:///unknown:1+19: Semicolon inserted
LOG:unknown:///unknown:1+16: Semicolon inserted
LOG:unknown:///unknown:1+16: Semicolon inserted
LOG:unknown:///unknown:1+20: Semicolon inserted
LOG:unknown:///unknown:1+20: Semicolon inserted
LOG:unknown:///unknown:1+26: Semicolon inserted
LOG:unknown:///unknown:1+26: Semicolon inserted
LOG:unknown:///unknown:1+41: Semicolon inserted
LOG:unknown:///unknown:1+41: Semicolon inserted
LOG:unknown:///unknown:1+42: Semicolon inserted
LOG:unknown:///unknown:1+69: Semicolon inserted
LOG:unknown:///unknown:1+42: Semicolon inserted
LOG:unknown:///unknown:1+69: Semicolon inserted
LOG:unknown:///unknown:1+41: Semicolon inserted
LOG:unknown:///unknown:1+41: Semicolon inserted
LOG:unknown:///unknown:1+42: Semicolon inserted
LOG:unknown:///unknown:1+69: Semicolon inserted
LOG:unknown:///unknown:1+42: Semicolon inserted
LOG:unknown:///unknown:1+69: Semicolon inserted
LOG:unknown:///unknown:1+41: Semicolon inserted
LOG:unknown:///unknown:1+41: Semicolon inserted
LOG:unknown:///unknown:1+42: Semicolon inserted
LOG:unknown:///unknown:1+69: Semicolon inserted
LOG:unknown:///unknown:1+42: Semicolon inserted
LOG:unknown:///unknown:1+69: Semicolon inserted
LOG:unknown:///unknown:1+26: Semicolon inserted
LOG:unknown:///unknown:1+26: Semicolon inserted
LOG:unknown:///unknown:1+41: Semicolon inserted
LOG:unknown:///unknown:1+41: Semicolon inserted
LOG:unknown:///unknown:1+42: Semicolon inserted
LOG:unknown:///unknown:1+69: Semicolon inserted
LOG:unknown:///unknown:1+42: Semicolon inserted
LOG:unknown:///unknown:1+69: Semicolon inserted
LOG:unknown:///unknown:1+41: Semicolon inserted
LOG:unknown:///unknown:1+41: Semicolon inserted
LOG:unknown:///unknown:1+42: Semicolon inserted
LOG:unknown:///unknown:1+69: Semicolon inserted
LOG:unknown:///unknown:1+42: Semicolon inserted
LOG:unknown:///unknown:1+69: Semicolon inserted
LOG:unknown:///unknown:1+25: Semicolon inserted
LOG:unknown:///unknown:1+25: Semicolon inserted
LOG:unknown:///unknown:1+27: Semicolon inserted
LOG:unknown:///unknown:1+27: Semicolon inserted
LOG:unknown:///unknown:1+35: Semicolon inserted
LOG:unknown:///unknown:1+35: Semicolon inserted
LOG:unknown:///unknown:1+39: Semicolon inserted
LOG:unknown:///unknown:1+39: Semicolon inserted
LOG:unknown:///unknown:1+147: Semicolon inserted
LOG:unknown:///unknown:1+148: Semicolon inserted
LOG:unknown:///unknown:1+149: Semicolon inserted
LOG:unknown:///unknown:1+33: Semicolon inserted
LOG:unknown:///unknown:1+33: Semicolon inserted
LOG:unknown:///unknown:1+35: Semicolon inserted
LOG:unknown:///unknown:1+35: Semicolon inserted
LOG:unknown:///unknown:1+59: Semicolon inserted
LOG:unknown:///unknown:1+59: Semicolon inserted
LOG:unknown:///unknown:1+27: Semicolon inserted
LOG:unknown:///unknown:1+27: Semicolon inserted
LOG:unknown:///unknown:1+27: Semicolon inserted
LOG:unknown:///unknown:1+34: Semicolon inserted
LOG:unknown:///unknown:1+27: Semicolon inserted
LOG:unknown:///unknown:1+34: Semicolon inserted
LOG:unknown:///unknown:1+32: Semicolon inserted
LOG:unknown:///unknown:1+32: Semicolon inserted
LOG:unknown:///unknown:1+58: Semicolon inserted
LOG:unknown:///unknown:1+58: Semicolon inserted
LOG:unknown:///unknown:1+31: Semicolon inserted
ERROR:unknown:///unknown:1+33 - 37: Reserved word case used as an identifier
java.lang.Exception
	at com.google.caja.reporting.EchoingMessageQueue$1.add(EchoingMessageQueue.java:52)
	at com.google.caja.reporting.EchoingMessageQueue$1.add(EchoingMessageQueue.java:40)
	at java.util.AbstractList.add(AbstractList.java:108)
	at com.google.caja.reporting.AbstractMessageQueue.addMessage(AbstractMessageQueue.java:25)
	at com.google.caja.parser.ParserBase.parseIdentifier(ParserBase.java:70)
	at com.google.caja.parser.js.Parser.parseExpressionAtom(Parser.java:1103)
	at com.google.caja.parser.js.Parser.parseOp(Parser.java:792)
	at com.google.caja.parser.js.Parser.parseExpressionInt(Parser.java:727)
	at com.google.caja.parser.js.Parser.parseExpressionStmt(Parser.java:1281)
	at com.google.caja.parser.js.Parser.parseStatementWithoutLabel(Parser.java:688)
	at com.google.caja.parser.js.Parser.parseStatement(Parser.java:306)
	at com.google.caja.parser.js.Parser.parseTerminatedStatement(Parser.java:1312)
	at com.google.caja.parser.js.Parser.parseProgramOrFunctionBody(Parser.java:325)
	at com.google.caja.parser.js.Parser.parseProgram(Parser.java:314)
	at com.google.caja.parser.js.Parser.parse(Parser.java:272)
	at com.google.caja.parser.js.JsonMLParser.parse(JsonMLParser.java:42)
	at com.google.caja.parser.js.JsonMLParser.parse(JsonMLParser.java:31)
	at com.google.caja.parser.js.JsonMLParser.parse(JsonMLParser.java:26)
	at com.google.caja.parser.js.JsonMLParser.parse(JsonMLParser.java:22)
	at com.google.javascript.jscomp.jsonml.JsonMLConversionTest.testConversion(JsonMLConversionTest.java:79)
	at com.google.javascript.jscomp.jsonml.JsonMLConversionTest.__CLR4_4_1fqr0lo1m5h(JsonMLConversionTest.java:685)
	at com.google.javascript.jscomp.jsonml.JsonMLConversionTest.testJump261(JsonMLConversionTest.java:670)
	at sun.reflect.NativeMethodAccessorImpl.invoke0(Native Method)
	at sun.reflect.NativeMethodAccessorImpl.invoke(NativeMethodAccessorImpl.java:62)
	at sun.reflect.DelegatingMethodAccessorImpl.invoke(DelegatingMethodAccessorImpl.java:43)
	at java.lang.reflect.Method.invoke(Method.java:498)
	at junit.framework.TestCase.runTest(TestCase.java:168)
	at junit.framework.TestCase.runBare(TestCase.java:134)
	at junit.framework.TestResult$1.protect(TestResult.java:110)
	at junit.framework.TestResult.runProtected(TestResult.java:128)
	at junit.framework.TestResult.run(TestResult.java:113)
	at junit.framework.TestCase.run(TestCase.java:124)
	at junit.framework.TestSuite.runTest(TestSuite.java:243)
	at junit.framework.TestSuite.run(TestSuite.java:238)
	at org.apache.tools.ant.taskdefs.optional.junit.JUnitTestRunner.run(JUnitTestRunner.java:534)
	at org.apache.tools.ant.taskdefs.optional.junit.JUnitTestRunner.launch(JUnitTestRunner.java:1196)
	at org.apache.tools.ant.taskdefs.optional.junit.JUnitTestRunner.main(JUnitTestRunner.java:1014)
LOG:unknown:///unknown:1+23: Semicolon inserted
LOG:unknown:///unknown:1+23: Semicolon inserted
LOG:unknown:///unknown:1+40: Semicolon inserted
LOG:unknown:///unknown:1+40: Semicolon inserted
LOG:unknown:///unknown:1+39: Semicolon inserted
LOG:unknown:///unknown:1+66: Semicolon inserted
LOG:unknown:///unknown:1+39: Semicolon inserted
LOG:unknown:///unknown:1+66: Semicolon inserted
LOG:unknown:///unknown:1+102: Semicolon inserted
LOG:unknown:///unknown:1+103: Semicolon inserted
LOG:unknown:///unknown:1+102: Semicolon inserted
LOG:unknown:///unknown:1+103: Semicolon inserted
LOG:unknown:///unknown:1+19: Semicolon inserted
LOG:unknown:///unknown:1+19: Semicolon inserted
LOG:unknown:///unknown:1+37: Semicolon inserted
LOG:unknown:///unknown:1+37: Semicolon inserted
LOG:unknown:///unknown:1+35: Semicolon inserted
LOG:unknown:///unknown:1+62: Semicolon inserted
LOG:unknown:///unknown:1+35: Semicolon inserted
LOG:unknown:///unknown:1+62: Semicolon inserted
LOG:unknown:///unknown:1+98: Semicolon inserted
LOG:unknown:///unknown:1+99: Semicolon inserted
LOG:unknown:///unknown:1+98: Semicolon inserted
LOG:unknown:///unknown:1+99: Semicolon inserted
LOG:unknown:///unknown:1+16: Semicolon inserted
LOG:unknown:///unknown:1+16: Semicolon inserted
LOG:unknown:///unknown:1+16: Semicolon inserted
LOG:unknown:///unknown:1+16: Semicolon inserted
LOG:unknown:///unknown:1+20: Semicolon inserted
LOG:unknown:///unknown:1+20: Semicolon inserted
LOG:unknown:///unknown:1+13: Semicolon inserted
LOG:unknown:///unknown:1+13: Semicolon inserted
LOG:unknown:///unknown:1+29: Semicolon inserted
LOG:unknown:///unknown:1+29: Semicolon inserted
LOG:unknown:///unknown:1+43: Semicolon inserted
LOG:unknown:///unknown:1+43: Semicolon inserted
LOG:unknown:///unknown:1+25: Semicolon inserted
LOG:unknown:///unknown:1+25: Semicolon inserted
LOG:unknown:///unknown:1+27: Semicolon inserted
LOG:unknown:///unknown:1+27: Semicolon inserted
LOG:unknown:///unknown:1+35: Semicolon inserted
LOG:unknown:///unknown:1+35: Semicolon inserted
LOG:unknown:///unknown:1+39: Semicolon inserted
LOG:unknown:///unknown:1+39: Semicolon inserted
LOG:unknown:///unknown:1+147: Semicolon inserted
LOG:unknown:///unknown:1+148: Semicolon inserted
LOG:unknown:///unknown:1+149: Semicolon inserted
LOG:unknown:///unknown:1+19: Semicolon inserted
LOG:unknown:///unknown:1+19: Semicolon inserted
LOG:unknown:///unknown:1+46: Semicolon inserted
LOG:unknown:///unknown:1+46: Semicolon inserted
LOG:unknown:///unknown:1+26: Semicolon inserted
LOG:unknown:///unknown:1+26: Semicolon inserted
LOG:unknown:///unknown:1+41: Semicolon inserted
LOG:unknown:///unknown:1+41: Semicolon inserted
LOG:unknown:///unknown:1+42: Semicolon inserted
LOG:unknown:///unknown:1+69: Semicolon inserted
LOG:unknown:///unknown:1+42: Semicolon inserted
LOG:unknown:///unknown:1+69: Semicolon inserted
LOG:unknown:///unknown:1+105: Semicolon inserted
LOG:unknown:///unknown:1+106: Semicolon inserted
LOG:unknown:///unknown:1+105: Semicolon inserted
LOG:unknown:///unknown:1+106: Semicolon inserted
LOG:unknown:///unknown:1+41: Semicolon inserted
LOG:unknown:///unknown:1+41: Semicolon inserted
LOG:unknown:///unknown:1+42: Semicolon inserted
LOG:unknown:///unknown:1+69: Semicolon inserted
LOG:unknown:///unknown:1+42: Semicolon inserted
LOG:unknown:///unknown:1+69: Semicolon inserted
LOG:unknown:///unknown:1+41: Semicolon inserted
LOG:unknown:///unknown:1+41: Semicolon inserted
LOG:unknown:///unknown:1+42: Semicolon inserted
LOG:unknown:///unknown:1+69: Semicolon inserted
LOG:unknown:///unknown:1+42: Semicolon inserted
LOG:unknown:///unknown:1+69: Semicolon inserted
LOG:unknown:///unknown:1+105: Semicolon inserted
LOG:unknown:///unknown:1+106: Semicolon inserted
LOG:unknown:///unknown:1+105: Semicolon inserted
LOG:unknown:///unknown:1+106: Semicolon inserted
LOG:unknown:///unknown:1+25: Semicolon inserted
LOG:unknown:///unknown:1+25: Semicolon inserted
LOG:unknown:///unknown:1+27: Semicolon inserted
LOG:unknown:///unknown:1+27: Semicolon inserted
LOG:unknown:///unknown:1+109: Semicolon inserted
LOG:unknown:///unknown:1+110: Semicolon inserted
LOG:unknown:///unknown:1+111: Semicolon inserted
]]></system-err>
</testsuite>
