<?xml version="1.0" encoding="UTF-8"?>
<testsuite name="org.joda.time.TestAllPackages" time="14.459" tests="1473" errors="0" skipped="0" failures="2">
  <properties>
    <property name="java.runtime.name" value="OpenJDK Runtime Environment"/>
    <property name="sun.boot.library.path" value="/usr/lib/jvm/java-8-openjdk-amd64/jre/lib/amd64"/>
    <property name="java.vm.version" value="25.352-b08"/>
    <property name="java.vm.vendor" value="Private Build"/>
    <property name="maven.multiModuleProjectDirectory" value="/home/sepehr/masters/test_generation/model_generated_coverage/Time1f_train_2"/>
    <property name="java.vendor.url" value="http://java.oracle.com/"/>
    <property name="path.separator" value=":"/>
    <property name="guice.disable.misplaced.annotation.check" value="true"/>
    <property name="java.vm.name" value="OpenJDK 64-Bit Server VM"/>
    <property name="file.encoding.pkg" value="sun.io"/>
    <property name="user.country" value="US"/>
    <property name="sun.java.launcher" value="SUN_STANDARD"/>
    <property name="sun.os.patch.level" value="unknown"/>
    <property name="java.vm.specification.name" value="Java Virtual Machine Specification"/>
    <property name="user.dir" value="/home/sepehr/masters/test_generation/model_generated_coverage/Time1f_train_2"/>
    <property name="java.runtime.version" value="1.8.0_352-8u352-ga-1~20.04-b08"/>
    <property name="java.awt.graphicsenv" value="sun.awt.X11GraphicsEnvironment"/>
    <property name="java.endorsed.dirs" value="/usr/lib/jvm/java-8-openjdk-amd64/jre/lib/endorsed"/>
    <property name="os.arch" value="amd64"/>
    <property name="java.io.tmpdir" value="/tmp"/>
    <property name="line.separator" value="&#10;"/>
    <property name="java.vm.specification.vendor" value="Oracle Corporation"/>
    <property name="org.joda.time.DateTimeZone.Provider" value="org.joda.time.tz.UTCProvider"/>
    <property name="os.name" value="Linux"/>
    <property name="classworlds.conf" value="/usr/share/maven/bin/m2.conf"/>
    <property name="sun.jnu.encoding" value="UTF-8"/>
    <property name="java.library.path" value="/usr/java/packages/lib/amd64:/usr/lib/x86_64-linux-gnu/jni:/lib/x86_64-linux-gnu:/usr/lib/x86_64-linux-gnu:/usr/lib/jni:/lib:/usr/lib"/>
    <property name="maven.conf" value="/usr/share/maven/conf"/>
    <property name="java.specification.name" value="Java Platform API Specification"/>
    <property name="java.class.version" value="52.0"/>
    <property name="sun.management.compiler" value="HotSpot 64-Bit Tiered Compilers"/>
    <property name="skipTests" value="false"/>
    <property name="os.version" value="5.15.0-58-generic"/>
    <property name="library.jansi.path" value="/usr/share/maven/lib/jansi-native"/>
    <property name="user.home" value="/home/sepehr"/>
    <property name="user.timezone" value="America/Edmonton"/>
    <property name="java.awt.printerjob" value="sun.print.PSPrinterJob"/>
    <property name="testFailureIgnore" value="true"/>
    <property name="java.specification.version" value="1.8"/>
    <property name="file.encoding" value="UTF-8"/>
    <property name="user.name" value="sepehr"/>
    <property name="java.class.path" value="/usr/share/maven/boot/plexus-classworlds-2.x.jar"/>
    <property name="java.vm.specification.version" value="1.8"/>
    <property name="sun.arch.data.model" value="64"/>
    <property name="java.home" value="/usr/lib/jvm/java-8-openjdk-amd64/jre"/>
    <property name="sun.java.command" value="org.codehaus.plexus.classworlds.launcher.Launcher clean clover:setup test clover:aggregate clover:clover -DskipTests=false -DtestFailureIgnore=true -fail-never"/>
    <property name="java.specification.vendor" value="Oracle Corporation"/>
    <property name="user.language" value="en"/>
    <property name="awt.toolkit" value="sun.awt.X11.XToolkit"/>
    <property name="java.vm.info" value="mixed mode"/>
    <property name="java.version" value="1.8.0_352"/>
    <property name="java.ext.dirs" value="/usr/lib/jvm/java-8-openjdk-amd64/jre/lib/ext:/usr/java/packages/lib/ext"/>
    <property name="securerandom.source" value="file:/dev/./urandom"/>
    <property name="sun.boot.class.path" value="/usr/lib/jvm/java-8-openjdk-amd64/jre/lib/resources.jar:/usr/lib/jvm/java-8-openjdk-amd64/jre/lib/rt.jar:/usr/lib/jvm/java-8-openjdk-amd64/jre/lib/sunrsasign.jar:/usr/lib/jvm/java-8-openjdk-amd64/jre/lib/jsse.jar:/usr/lib/jvm/java-8-openjdk-amd64/jre/lib/jce.jar:/usr/lib/jvm/java-8-openjdk-amd64/jre/lib/charsets.jar:/usr/lib/jvm/java-8-openjdk-amd64/jre/lib/jfr.jar:/usr/lib/jvm/java-8-openjdk-amd64/jre/classes"/>
    <property name="java.vendor" value="Private Build"/>
    <property name="java.specification.maintenance.version" value="4"/>
    <property name="maven.home" value="/usr/share/maven"/>
    <property name="file.separator" value="/"/>
    <property name="java.vendor.url.bug" value="http://bugreport.sun.com/bugreport/"/>
    <property name="sun.cpu.endian" value="little"/>
    <property name="sun.io.unicode.encoding" value="UnicodeLittle"/>
    <property name="sun.desktop" value="gnome"/>
    <property name="sun.cpu.isalist" value=""/>
  </properties>
  <testcase name="testEqualsHashCode_Zoned929" classname="org.joda.time.TestChronology" time="0.011"/>
  <testcase name="testTest876" classname="org.joda.time.TestChronology" time="0.008"/>
  <testcase name="testEqualsHashCode_ISO269" classname="org.joda.time.TestChronology" time="0.001"/>
  <testcase name="testEqualsHashCode_Limit499" classname="org.joda.time.TestChronology" time="0.002"/>
  <testcase name="test_dayOfWeek1365" classname="org.joda.time.TestDateTimeFieldType" time="0.052"/>
  <testcase name="test_halfdayOfDay1366" classname="org.joda.time.TestDateTimeFieldType" time="0.001"/>
  <testcase name="test_hourOfHalfday1367" classname="org.joda.time.TestDateTimeFieldType" time="0.001"/>
  <testcase name="test_clockhourOfHalfday1368" classname="org.joda.time.TestDateTimeFieldType" time="0.001"/>
  <testcase name="test_hourOfDay1370" classname="org.joda.time.TestDateTimeFieldType" time="0"/>
  <testcase name="test_minuteOfDay1371" classname="org.joda.time.TestDateTimeFieldType" time="0.001"/>
  <testcase name="test_minuteOfHour1372" classname="org.joda.time.TestDateTimeFieldType" time="0"/>
  <testcase name="test_secondOfDay1373" classname="org.joda.time.TestDateTimeFieldType" time="0"/>
  <testcase name="test_secondOfMinute1374" classname="org.joda.time.TestDateTimeFieldType" time="0.001"/>
  <testcase name="test_millisOfDay1375" classname="org.joda.time.TestDateTimeFieldType" time="0.001"/>
  <testcase name="test_millisOfSecond1376" classname="org.joda.time.TestDateTimeFieldType" time="0.001"/>
  <testcase name="test_dayOfYear1360" classname="org.joda.time.TestDateTimeFieldType" time="0"/>
  <testcase name="test_monthOfYear1361" classname="org.joda.time.TestDateTimeFieldType" time="0.001"/>
  <testcase name="test_dayOfMonth1362" classname="org.joda.time.TestDateTimeFieldType" time="0.001"/>
  <testcase name="test_weekyearOfCentury1363" classname="org.joda.time.TestDateTimeFieldType" time="0"/>
  <testcase name="test_weekyear1364" classname="org.joda.time.TestDateTimeFieldType" time="0"/>
  <testcase name="test_yearOfCentury1356" classname="org.joda.time.TestDateTimeFieldType" time="0"/>
  <testcase name="test_year1359" classname="org.joda.time.TestDateTimeFieldType" time="0.001"/>
  <testcase name="test_yearOfEra1358" classname="org.joda.time.TestDateTimeFieldType" time="0.001"/>
  <testcase name="test_centuryOfEra1357" classname="org.joda.time.TestDateTimeFieldType" time="0"/>
  <testcase name="test_centuries989" classname="org.joda.time.TestDurationFieldType" time="0.002"/>
  <testcase name="test_eras990" classname="org.joda.time.TestDurationFieldType" time="0.001"/>
  <testcase name="test_years992" classname="org.joda.time.TestDurationFieldType" time="0.001"/>
  <testcase name="test_weekyears991" classname="org.joda.time.TestDurationFieldType" time="0"/>
  <testcase name="test_months993" classname="org.joda.time.TestDurationFieldType" time="0"/>
  <testcase name="test_days994" classname="org.joda.time.TestDurationFieldType" time="0.001"/>
  <testcase name="test_halfdays995" classname="org.joda.time.TestDurationFieldType" time="0.001"/>
  <testcase name="test_hours996" classname="org.joda.time.TestDurationFieldType" time="0.001"/>
  <testcase name="test_minutes997" classname="org.joda.time.TestDurationFieldType" time="0.001"/>
  <testcase name="test_millis998" classname="org.joda.time.TestDurationFieldType" time="0.001"/>
  <testcase name="testConstructor_badconverterObject44" classname="org.joda.time.TestInstant_Constructors" time="0.009"/>
  <testcase name="testParse_noFormatter673" classname="org.joda.time.TestInstant_Constructors" time="0.002"/>
  <testcase name="test_now672" classname="org.joda.time.TestInstant_Constructors" time="0.001"/>
  <testcase name="testPlus_RD678" classname="org.joda.time.TestInstant_Basics" time="0.003"/>
  <testcase name="testMinus_RD677" classname="org.joda.time.TestInstant_Basics" time="0"/>
  <testcase name="testToDateTime680" classname="org.joda.time.TestInstant_Basics" time="0.001"/>
  <testcase name="testToDateTimeISO681" classname="org.joda.time.TestInstant_Basics" time="0.001"/>
  <testcase name="testToMutableDateTimeISO682" classname="org.joda.time.TestInstant_Basics" time="0.002"/>
  <testcase name="testGet_DateTimeField1392" classname="org.joda.time.TestInstant_Basics" time="0.001"/>
  <testcase name="testIsBeforeNow1402" classname="org.joda.time.TestInstant_Basics" time="0.001"/>
  <testcase name="testIsEqualNow1403" classname="org.joda.time.TestInstant_Basics" time="0.001"/>
  <testcase name="testIsEqual_RI1404" classname="org.joda.time.TestInstant_Basics" time="0.001"/>
  <testcase name="testPlus_long675" classname="org.joda.time.TestInstant_Basics" time="0"/>
  <testcase name="testToDateTime_DateTimeZone674" classname="org.joda.time.TestInstant_Basics" time="0.001"/>
  <testcase name="testMinus_long679" classname="org.joda.time.TestInstant_Basics" time="0.001"/>
  <testcase name="testWithDurationAdded_long_int676" classname="org.joda.time.TestInstant_Basics" time="0"/>
  <testcase name="testToMutableDateTime_Chronology1398" classname="org.joda.time.TestInstant_Basics" time="0.001"/>
  <testcase name="testParse_formatter534" classname="org.joda.time.TestDateTime_Constructors" time="0.003"/>
  <testcase name="test_now529" classname="org.joda.time.TestDateTime_Constructors" time="0"/>
  <testcase name="testConstructor_int_int_int_int_int542" classname="org.joda.time.TestDateTime_Constructors" time="0.001"/>
  <testcase name="testConstructor_DateTimeZone536" classname="org.joda.time.TestDateTime_Constructors" time="0.001"/>
  <testcase name="test_now_nullDateTimeZone530" classname="org.joda.time.TestDateTime_Constructors" time="0"/>
  <testcase name="test_now_Chronology531" classname="org.joda.time.TestDateTime_Constructors" time="0.001"/>
  <testcase name="testConstructor_Object_nullChronology541" classname="org.joda.time.TestDateTime_Constructors" time="0.001"/>
  <testcase name="testConstructor_int_int_int_int_int_int544" classname="org.joda.time.TestDateTime_Constructors" time="0.001"/>
  <testcase name="testConstructor_nullObject539" classname="org.joda.time.TestDateTime_Constructors" time="0"/>
  <testcase name="testConstructor_Chronology537" classname="org.joda.time.TestDateTime_Constructors" time="0.001"/>
  <testcase name="testConstructor_int_int_int_int_int_Chronology543" classname="org.joda.time.TestDateTime_Constructors" time="0.001"/>
  <testcase name="testConstructor535" classname="org.joda.time.TestDateTime_Constructors" time="0.001"/>
  <testcase name="testConstructor_int_int_int_int_int_int_Chronology546" classname="org.joda.time.TestDateTime_Constructors" time="0.001"/>
  <testcase name="testConstructor_long_nullDateTimeZone538" classname="org.joda.time.TestDateTime_Constructors" time="0"/>
  <testcase name="testConstructor_Object_Chronology118" classname="org.joda.time.TestDateTime_Constructors" time="0.001"/>
  <testcase name="test_now_nullChronology532" classname="org.joda.time.TestDateTime_Constructors" time="0"/>
  <testcase name="testIsAfterNow1401" classname="org.joda.time.TestDateTime_Basics" time="0.001"/>
  <testcase name="testToString_DTFormatter1405" classname="org.joda.time.TestDateTime_Basics" time="0.002"/>
  <testcase name="testWithZoneRetainFields_DateTimeZone552" classname="org.joda.time.TestDateTime_Basics" time="0.002"/>
  <testcase name="testWithTime_int_int_int553" classname="org.joda.time.TestDateTime_Basics" time="0.001"/>
  <testcase name="testPlusSeconds_int568" classname="org.joda.time.TestDateTime_Basics" time="0.001"/>
  <testcase name="testPlusMillis_int570" classname="org.joda.time.TestDateTime_Basics" time="0.001"/>
  <testcase name="testMinusYears_int573" classname="org.joda.time.TestDateTime_Basics" time="0.001"/>
  <testcase name="testMinusMonths_int574" classname="org.joda.time.TestDateTime_Basics" time="0.001"/>
  <testcase name="testMinusWeeks_int575" classname="org.joda.time.TestDateTime_Basics" time="0.001"/>
  <testcase name="testMinusDays_int576" classname="org.joda.time.TestDateTime_Basics" time="0.001"/>
  <testcase name="testMinusHours_int578" classname="org.joda.time.TestDateTime_Basics" time="0"/>
  <testcase name="testMinusMinutes_int579" classname="org.joda.time.TestDateTime_Basics" time="0.001"/>
  <testcase name="testMinusSeconds_int580" classname="org.joda.time.TestDateTime_Basics" time="0.001"/>
  <testcase name="testWithField1554" classname="org.joda.time.TestDateTime_Basics" time="0.002"/>
  <testcase name="testWithFieldAdded2555" classname="org.joda.time.TestDateTime_Basics" time="0.001"/>
  <testcase name="testWithFieldAdded4556" classname="org.joda.time.TestDateTime_Basics" time="0.001"/>
  <testcase name="testToDateTime_Chronology551" classname="org.joda.time.TestDateTime_Basics" time="0.004"/>
  <testcase name="testWithers377" classname="org.joda.time.TestDateTime_Basics" time="0"/>
  <testcase name="testPlus_long559" classname="org.joda.time.TestDateTime_Basics" time="0"/>
  <testcase name="testMinus_RP572" classname="org.joda.time.TestDateTime_Basics" time="0"/>
  <testcase name="testMinus_RD571" classname="org.joda.time.TestDateTime_Basics" time="0.001"/>
  <testcase name="testPlusYears_int136" classname="org.joda.time.TestDateTime_Basics" time="0.001"/>
  <testcase name="testWithFieldAdded1557" classname="org.joda.time.TestDateTime_Basics" time="0.001"/>
  <testcase name="testWithDurationAdded_RD_int558" classname="org.joda.time.TestDateTime_Basics" time="0.001"/>
  <testcase name="testPlusMonths_int561" classname="org.joda.time.TestDateTime_Basics" time="0.001"/>
  <testcase name="testPlusWeeks_int562" classname="org.joda.time.TestDateTime_Basics" time="0.001"/>
  <testcase name="testPlusDays_int564" classname="org.joda.time.TestDateTime_Basics" time="0.001"/>
  <testcase name="testPlusHours_int565" classname="org.joda.time.TestDateTime_Basics" time="0.001"/>
  <testcase name="testPlusMinutes_int566" classname="org.joda.time.TestDateTime_Basics" time="0.002"/>
  <testcase name="testProperty582" classname="org.joda.time.TestDateTime_Basics" time="0.003"/>
  <testcase name="testToDateTimeISO549" classname="org.joda.time.TestDateTime_Basics" time="0.001"/>
  <testcase name="testToDateTime_DateTimeZone550" classname="org.joda.time.TestDateTime_Basics" time="0.003"/>
  <testcase name="testMinusMillis_int581" classname="org.joda.time.TestDateTime_Basics" time="0"/>
  <testcase name="testToDateMidnight583" classname="org.joda.time.TestDateTime_Basics" time="0"/>
  <testcase name="testToTimeOfDay584" classname="org.joda.time.TestDateTime_Basics" time="0.001"/>
  <testcase name="testToLocalDateTime585" classname="org.joda.time.TestDateTime_Basics" time="0.003"/>
  <testcase name="testToLocalTime587" classname="org.joda.time.TestDateTime_Basics" time="0.002"/>
  <testcase name="testIsSupported_DateTimeFieldType1391" classname="org.joda.time.TestDateTime_Basics" time="0.001"/>
  <testcase name="testToInstant1393" classname="org.joda.time.TestDateTime_Basics" time="0"/>
  <testcase name="testToMutableDateTimeISO1396" classname="org.joda.time.TestDateTime_Basics" time="0.001"/>
  <testcase name="testToMutableDateTime_DateTimeZone1397" classname="org.joda.time.TestDateTime_Basics" time="0"/>
  <testcase name="testIsAfter_RI1400" classname="org.joda.time.TestDateTime_Basics" time="0.001"/>
  <testcase name="testPlus_RD560" classname="org.joda.time.TestDateTime_Basics" time="0.008"/>
  <testcase name="testPropertyGetSecondOfDay603" classname="org.joda.time.TestDateTime_Properties" time="0"/>
  <testcase name="testPropertyAddMonthOfYear607" classname="org.joda.time.TestDateTime_Properties" time="0.001"/>
  <testcase name="testPropertyRoundHalfFloorHourOfDay610" classname="org.joda.time.TestDateTime_Properties" time="0.001"/>
  <testcase name="testPropertyToIntervalYearOfCentury378" classname="org.joda.time.TestDateTime_Properties" time="0.004"/>
  <testcase name="testPropertyAddWrapFieldYear241" classname="org.joda.time.TestDateTime_Properties" time="0.001"/>
  <testcase name="testPropertyGetHourOfDay606" classname="org.joda.time.TestDateTime_Properties" time="0.001"/>
  <testcase name="testPropertyGetEra594" classname="org.joda.time.TestDateTime_Properties" time="0.006"/>
  <testcase name="testPropertyGetYearOfCentury595" classname="org.joda.time.TestDateTime_Properties" time="0.001"/>
  <testcase name="testPropertySetYear597" classname="org.joda.time.TestDateTime_Properties" time="0"/>
  <testcase name="testPropertyRoundHalfCeilingHourOfDay611" classname="org.joda.time.TestDateTime_Properties" time="0.001"/>
  <testcase name="testPropertyGetMinuteOfDay602" classname="org.joda.time.TestDateTime_Properties" time="0.001"/>
  <testcase name="testPropertyWithMinimumValueMillisOfDayDSTGap604" classname="org.joda.time.TestDateTime_Properties" time="0.002"/>
  <testcase name="testPropertySetWeekOfWeekyear600" classname="org.joda.time.TestDateTime_Properties" time="0"/>
  <testcase name="testPropertyToIntervalYearOfEra596" classname="org.joda.time.TestDateTime_Properties" time="0.001"/>
  <testcase name="testPropertyEqualsHashCodeLenient171" classname="org.joda.time.TestDateTime_Properties" time="0.002"/>
  <testcase name="testPropertyEqualsHashCodeStrict547" classname="org.joda.time.TestDateTime_Properties" time="0.003"/>
  <testcase name="testPropertyRoundHalfEvenHourOfDay612" classname="org.joda.time.TestDateTime_Properties" time="0.001"/>
  <testcase name="testPropertyGetDifferenceHourOfDay914" classname="org.joda.time.TestDateTime_Properties" time="0.001"/>
  <testcase name="testPropertyLeapMonthOfYear915" classname="org.joda.time.TestDateTime_Properties" time="0.001"/>
  <testcase name="testPropertyToIntervalMillisOfSecond932" classname="org.joda.time.TestDateTime_Properties" time="0.001"/>
  <testcase name="testPropertyLeapYear934" classname="org.joda.time.TestDateTime_Properties" time="0.001"/>
  <testcase name="testPropertySetTextDayOfMonth608" classname="org.joda.time.TestDateTime_Properties" time="0"/>
  <testcase name="testPropertyCompareToDayOfYear601" classname="org.joda.time.TestDateTime_Properties" time="0.001"/>
  <testcase name="testPropertyGetWeekyear598" classname="org.joda.time.TestDateTime_Properties" time="0.001"/>
  <testcase name="test_now_nullDateTimeZone999" classname="org.joda.time.TestMutableDateTime_Constructors" time="0.001"/>
  <testcase name="testParse_noFormatter1002" classname="org.joda.time.TestMutableDateTime_Constructors" time="0.002"/>
  <testcase name="testConstructor_nullObject1008" classname="org.joda.time.TestMutableDateTime_Constructors" time="0"/>
  <testcase name="testConstructor_Chronology1005" classname="org.joda.time.TestMutableDateTime_Constructors" time="0.001"/>
  <testcase name="testConstructor_badconverterObject_DateTimeZone1009" classname="org.joda.time.TestMutableDateTime_Constructors" time="0"/>
  <testcase name="testConstructor_DateTimeZone1004" classname="org.joda.time.TestMutableDateTime_Constructors" time="0.001"/>
  <testcase name="testConstructor1003" classname="org.joda.time.TestMutableDateTime_Constructors" time="0"/>
  <testcase name="test_now_nullChronology1000" classname="org.joda.time.TestMutableDateTime_Constructors" time="0.001"/>
  <testcase name="test_now_Chronology1001" classname="org.joda.time.TestMutableDateTime_Constructors" time="0"/>
  <testcase name="testProperty1050" classname="org.joda.time.TestMutableDateTime_Basics" time="0.001"/>
  <testcase name="testGetMethods503" classname="org.joda.time.TestMutableDateTime_Basics" time="0.001"/>
  <testcase name="testToGregorianCalendar506" classname="org.joda.time.TestMutableDateTime_Basics" time="0.003"/>
  <testcase name="testToString_String507" classname="org.joda.time.TestMutableDateTime_Basics" time="0"/>
  <testcase name="testToString_String_String508" classname="org.joda.time.TestMutableDateTime_Basics" time="0.002"/>
  <testcase name="testClone1060" classname="org.joda.time.TestMutableDateTime_Basics" time="0"/>
  <testcase name="testRounding51014" classname="org.joda.time.TestMutableDateTime_Basics" time="0.001"/>
  <testcase name="testToDateTime1394" classname="org.joda.time.TestMutableDateTime_Basics" time="0.001"/>
  <testcase name="testCompareTo1399" classname="org.joda.time.TestMutableDateTime_Basics" time="0"/>
  <testcase name="testRounding41012" classname="org.joda.time.TestMutableDateTime_Basics" time="0.001"/>
  <testcase name="testRounding31013" classname="org.joda.time.TestMutableDateTime_Basics" time="0.001"/>
  <testcase name="testRounding71011" classname="org.joda.time.TestMutableDateTime_Basics" time="0"/>
  <testcase name="testToDateTime_DateTimeZone1006" classname="org.joda.time.TestMutableDateTime_Basics" time="0.001"/>
  <testcase name="testRounding8936" classname="org.joda.time.TestMutableDateTime_Basics" time="0"/>
  <testcase name="testSetZoneRetainFields_DateTimeZone21022" classname="org.joda.time.TestMutableDateTime_Sets" time="0.001"/>
  <testcase name="testSetSecondOfMinute_int11042" classname="org.joda.time.TestMutableDateTime_Sets" time="0.001"/>
  <testcase name="testSetDate_RI_same1047" classname="org.joda.time.TestMutableDateTime_Sets" time="0.001"/>
  <testcase name="testSetTime_RI11048" classname="org.joda.time.TestMutableDateTime_Sets" time="0.001"/>
  <testcase name="testSetMonthOfYear_int_dstOverlapSummer_addZero235" classname="org.joda.time.TestMutableDateTime_Sets" time="0.001"/>
  <testcase name="testSet_DateTimeFieldType_int21023" classname="org.joda.time.TestMutableDateTime_Sets" time="0.001"/>
  <testcase name="testSetTime_int_int_int_int11049" classname="org.joda.time.TestMutableDateTime_Sets" time="0.001"/>
  <testcase name="testSetDayOfYear_int_dstOverlapWinter_addZero1034" classname="org.joda.time.TestMutableDateTime_Sets" time="0.001"/>
  <testcase name="testSetWeekOfWeekyear_int21031" classname="org.joda.time.TestMutableDateTime_Sets" time="0.001"/>
  <testcase name="testSetMonthOfYear_int_dstOverlapWinter_addZero1028" classname="org.joda.time.TestMutableDateTime_Sets" time="0.001"/>
  <testcase name="testSetMinuteOfHour_int21039" classname="org.joda.time.TestMutableDateTime_Sets" time="0"/>
  <testcase name="testSetSecondOfDay_int11041" classname="org.joda.time.TestMutableDateTime_Sets" time="0.001"/>
  <testcase name="testSetMillis_RI11015" classname="org.joda.time.TestMutableDateTime_Sets" time="0.001"/>
  <testcase name="testSetZone_DateTimeZone11021" classname="org.joda.time.TestMutableDateTime_Sets" time="0"/>
  <testcase name="testSetYear_int11025" classname="org.joda.time.TestMutableDateTime_Sets" time="0.001"/>
  <testcase name="testSetDayOfMonth_int_dstOverlapSummer_addZero614" classname="org.joda.time.TestMutableDateTime_Sets" time="0.001"/>
  <testcase name="testSetZoneRetainFields_DateTimeZone31007" classname="org.joda.time.TestMutableDateTime_Sets" time="0.001"/>
  <testcase name="testSetZoneRetainFields_DateTimeZone1902" classname="org.joda.time.TestMutableDateTime_Sets" time="0.001"/>
  <testcase name="testSetDayOfWeek_int11035" classname="org.joda.time.TestMutableDateTime_Sets" time="0"/>
  <testcase name="testSetHourOfDay_int21038" classname="org.joda.time.TestMutableDateTime_Sets" time="0"/>
  <testcase name="testSetDateTime_int_int_int_int_int_int_int1504" classname="org.joda.time.TestMutableDateTime_Sets" time="0.001"/>
  <testcase name="testAdd_DurationFieldType_int11024" classname="org.joda.time.TestMutableDateTime_Adds" time="0.001"/>
  <testcase name="testAddMonths_int_dstOverlapSummer_addZero1029" classname="org.joda.time.TestMutableDateTime_Adds" time="0.001"/>
  <testcase name="testAddSeconds_int_dstOverlapWinter_addZero1043" classname="org.joda.time.TestMutableDateTime_Adds" time="0.001"/>
  <testcase name="testAddSeconds_int11044" classname="org.joda.time.TestMutableDateTime_Adds" time="0"/>
  <testcase name="testAddMillis_int_dstOverlapWinter_addZero1045" classname="org.joda.time.TestMutableDateTime_Adds" time="0"/>
  <testcase name="testAddMillis_int11046" classname="org.joda.time.TestMutableDateTime_Adds" time="0.001"/>
  <testcase name="testAdd_RP21019" classname="org.joda.time.TestMutableDateTime_Adds" time="0.001"/>
  <testcase name="testAdd_RD21017" classname="org.joda.time.TestMutableDateTime_Adds" time="0"/>
  <testcase name="testAdd_long11016" classname="org.joda.time.TestMutableDateTime_Adds" time="0.001"/>
  <testcase name="testAdd_RD_int11018" classname="org.joda.time.TestMutableDateTime_Adds" time="0"/>
  <testcase name="testAdd_RP_int11020" classname="org.joda.time.TestMutableDateTime_Adds" time="0.001"/>
  <testcase name="testAddYears_int11026" classname="org.joda.time.TestMutableDateTime_Adds" time="0.001"/>
  <testcase name="testAddWeekyears_int11027" classname="org.joda.time.TestMutableDateTime_Adds" time="0.001"/>
  <testcase name="testAddMonths_int11030" classname="org.joda.time.TestMutableDateTime_Adds" time="0.001"/>
  <testcase name="testAddWeeks_int_dstOverlapSummer_addZero1032" classname="org.joda.time.TestMutableDateTime_Adds" time="0.001"/>
  <testcase name="testAddWeeks_int11033" classname="org.joda.time.TestMutableDateTime_Adds" time="0.001"/>
  <testcase name="testAddDays_int_dstOverlapSummer_addZero1036" classname="org.joda.time.TestMutableDateTime_Adds" time="0.001"/>
  <testcase name="testAddDays_int11037" classname="org.joda.time.TestMutableDateTime_Adds" time="0.001"/>
  <testcase name="testAddMinutes_int11040" classname="org.joda.time.TestMutableDateTime_Adds" time="0"/>
  <testcase name="testPropertySetTextYear1054" classname="org.joda.time.TestMutableDateTime_Properties" time="0.001"/>
  <testcase name="testPropertyGetCenturyOfEra1052" classname="org.joda.time.TestMutableDateTime_Properties" time="0.001"/>
  <testcase name="testPropertyGetYearOfEra1053" classname="org.joda.time.TestMutableDateTime_Properties" time="0"/>
  <testcase name="testPropertyGetEra1051" classname="org.joda.time.TestMutableDateTime_Properties" time="0.001"/>
  <testcase name="testPropertyRemainderHourOfDay239" classname="org.joda.time.TestMutableDateTime_Properties" time="0"/>
  <testcase name="testPropertyToIntervalMonthOfYear416" classname="org.joda.time.TestMutableDateTime_Properties" time="0.001"/>
  <testcase name="testPropertyAddWeekOfWeekyear1056" classname="org.joda.time.TestMutableDateTime_Properties" time="0.001"/>
  <testcase name="testPropertyAddLongDayOfWeek1061" classname="org.joda.time.TestMutableDateTime_Properties" time="0.001"/>
  <testcase name="testPropertyRoundHalfCeilingHourOfDay1064" classname="org.joda.time.TestMutableDateTime_Properties" time="0"/>
  <testcase name="testPropertyRoundHalfEvenHourOfDay1065" classname="org.joda.time.TestMutableDateTime_Properties" time="0.001"/>
  <testcase name="testPropertySetTextMonthOfYear1062" classname="org.joda.time.TestMutableDateTime_Properties" time="0.001"/>
  <testcase name="testPropertyRoundFloorHourOfDay1063" classname="org.joda.time.TestMutableDateTime_Properties" time="0.001"/>
  <testcase name="testPropertySetDayOfMonth1057" classname="org.joda.time.TestMutableDateTime_Properties" time="0"/>
  <testcase name="testPropertySetDayOfWeek1058" classname="org.joda.time.TestMutableDateTime_Properties" time="0.001"/>
  <testcase name="testPropertyGetWeekyear1055" classname="org.joda.time.TestMutableDateTime_Properties" time="0.001"/>
  <testcase name="testPropertyGetMillisOfSecond1059" classname="org.joda.time.TestMutableDateTime_Properties" time="0"/>
  <testcase name="test_now1423" classname="org.joda.time.TestDateMidnight_Constructors" time="0.001"/>
  <testcase name="testConstructor_DateTimeZone900" classname="org.joda.time.TestDateMidnight_Constructors" time="0.001"/>
  <testcase name="testConstructor_nullDateTimeZone1430" classname="org.joda.time.TestDateMidnight_Constructors" time="0.001"/>
  <testcase name="testConstructor_nullChronology1431" classname="org.joda.time.TestDateMidnight_Constructors" time="0"/>
  <testcase name="testConstructor_nullObject1432" classname="org.joda.time.TestDateMidnight_Constructors" time="0.001"/>
  <testcase name="testConstructor_Object_nullChronology1433" classname="org.joda.time.TestDateMidnight_Constructors" time="0"/>
  <testcase name="testConstructor_int_int_int_nullDateTimeZone1434" classname="org.joda.time.TestDateMidnight_Constructors" time="0.001"/>
  <testcase name="testConstructor_int_int_int_Chronology426" classname="org.joda.time.TestDateMidnight_Constructors" time="0.001"/>
  <testcase name="testConstructor_Object_nullDateTimeZone901" classname="org.joda.time.TestDateMidnight_Constructors" time="0"/>
  <testcase name="testConstructor_badconverterObject_DateTimeZone1091" classname="org.joda.time.TestDateMidnight_Constructors" time="0.001"/>
  <testcase name="test_now_Chronology1426" classname="org.joda.time.TestDateMidnight_Constructors" time="0"/>
  <testcase name="test_now_nullChronology1427" classname="org.joda.time.TestDateMidnight_Constructors" time="0.001"/>
  <testcase name="testParse_formatter1429" classname="org.joda.time.TestDateMidnight_Constructors" time="0.001"/>
  <testcase name="test_now_nullDateTimeZone1424" classname="org.joda.time.TestDateMidnight_Constructors" time="0"/>
  <testcase name="test_now_DateTimeZone1425" classname="org.joda.time.TestDateMidnight_Constructors" time="0.001"/>
  <testcase name="testProperty1449" classname="org.joda.time.TestDateMidnight_Basics" time="0.002"/>
  <testcase name="testPlusDays_int1444" classname="org.joda.time.TestDateMidnight_Basics" time="0.001"/>
  <testcase name="testMinus_long1445" classname="org.joda.time.TestDateMidnight_Basics" time="0"/>
  <testcase name="testMinusYears_int1446" classname="org.joda.time.TestDateMidnight_Basics" time="0.001"/>
  <testcase name="testMinusMonths_int1447" classname="org.joda.time.TestDateMidnight_Basics" time="0.001"/>
  <testcase name="testMinusDays_int1448" classname="org.joda.time.TestDateMidnight_Basics" time="0"/>
  <testcase name="testToLocalDate1450" classname="org.joda.time.TestDateMidnight_Basics" time="0"/>
  <testcase name="testToInterval1451" classname="org.joda.time.TestDateMidnight_Basics" time="0.001"/>
  <testcase name="testPlus_long1441" classname="org.joda.time.TestDateMidnight_Basics" time="0.001"/>
  <testcase name="testPlusYears_int1442" classname="org.joda.time.TestDateMidnight_Basics" time="0"/>
  <testcase name="testPlusMonths_int1443" classname="org.joda.time.TestDateMidnight_Basics" time="0.001"/>
  <testcase name="testWithFieldAdded41437" classname="org.joda.time.TestDateMidnight_Basics" time="0"/>
  <testcase name="testPlus_RD432" classname="org.joda.time.TestDateMidnight_Basics" time="0.001"/>
  <testcase name="testToCalendar_Locale505" classname="org.joda.time.TestDateMidnight_Basics" time="0.001"/>
  <testcase name="testWithers743" classname="org.joda.time.TestDateMidnight_Basics" time="0"/>
  <testcase name="testToYearMonthDay19" classname="org.joda.time.TestDateMidnight_Basics" time="0.001"/>
  <testcase name="testMinusWeeks_int434" classname="org.joda.time.TestDateMidnight_Basics" time="0.001"/>
  <testcase name="testWithFields_RPartial1435" classname="org.joda.time.TestDateMidnight_Basics" time="0"/>
  <testcase name="testWithField11436" classname="org.joda.time.TestDateMidnight_Basics" time="0.001"/>
  <testcase name="testWithDurationAdded_long_int1439" classname="org.joda.time.TestDateMidnight_Basics" time="0.001"/>
  <testcase name="testWithFieldAdded21438" classname="org.joda.time.TestDateMidnight_Basics" time="0"/>
  <testcase name="testWithZoneRetainFields_DateTimeZone247" classname="org.joda.time.TestDateMidnight_Basics" time="0.001"/>
  <testcase name="testPlus_RP1440" classname="org.joda.time.TestDateMidnight_Basics" time="0.001"/>
  <testcase name="testPropertyWithMinimumValueDayOfMonth1464" classname="org.joda.time.TestDateMidnight_Properties" time="0.001"/>
  <testcase name="testPropertyRoundFloorMonthOfYear1465" classname="org.joda.time.TestDateMidnight_Properties" time="0"/>
  <testcase name="testPropertyRoundCeilingMonthOfYear1466" classname="org.joda.time.TestDateMidnight_Properties" time="0"/>
  <testcase name="testPropertyRoundHalfFloorMonthOfYear1467" classname="org.joda.time.TestDateMidnight_Properties" time="0.001"/>
  <testcase name="testPropertyGetDayOfWeek1390" classname="org.joda.time.TestDateMidnight_Properties" time="0.001"/>
  <testcase name="testPropertySetTextMonthOfYear933" classname="org.joda.time.TestDateMidnight_Properties" time="0.001"/>
  <testcase name="testPropertyRoundHalfCeilingMonthOfYear1468" classname="org.joda.time.TestDateMidnight_Properties" time="0"/>
  <testcase name="testPropertyRoundHalfEvenMonthOfYear1469" classname="org.joda.time.TestDateMidnight_Properties" time="0"/>
  <testcase name="testPropertyAddMonthOfYear1461" classname="org.joda.time.TestDateMidnight_Properties" time="0.001"/>
  <testcase name="testPropertyAddLongMonthOfYear1462" classname="org.joda.time.TestDateMidnight_Properties" time="0"/>
  <testcase name="testPropertyAddWrapFieldMonthOfYear1463" classname="org.joda.time.TestDateMidnight_Properties" time="0.001"/>
  <testcase name="testPropertyToIntervalYearOfCentury1453" classname="org.joda.time.TestDateMidnight_Properties" time="0"/>
  <testcase name="testPropertyToIntervalYearOfEra1454" classname="org.joda.time.TestDateMidnight_Properties" time="0.001"/>
  <testcase name="testPropertyToIntervalYear1455" classname="org.joda.time.TestDateMidnight_Properties" time="0.001"/>
  <testcase name="testPropertyGetWeekyear1456" classname="org.joda.time.TestDateMidnight_Properties" time="0.001"/>
  <testcase name="testPropertyGetCenturyOfEra1407" classname="org.joda.time.TestDateMidnight_Properties" time="0.001"/>
  <testcase name="testPropertyGetEra1452" classname="org.joda.time.TestDateMidnight_Properties" time="0"/>
  <testcase name="testPropertyGetDayOfYear1457" classname="org.joda.time.TestDateMidnight_Properties" time="0.001"/>
  <testcase name="testPropertyWithMaximumValueDayOfMonth1458" classname="org.joda.time.TestDateMidnight_Properties" time="0.001"/>
  <testcase name="testPropertyEqualsHashCodeStrict1460" classname="org.joda.time.TestDateMidnight_Properties" time="0"/>
  <testcase name="testPropertyGetDifferenceMonthOfYear913" classname="org.joda.time.TestDateMidnight_Properties" time="0.001"/>
  <testcase name="testConstructor_Object3210" classname="org.joda.time.TestDuration_Constructors" time="0.001"/>
  <testcase name="testFactory_millis_long206" classname="org.joda.time.TestDuration_Constructors" time="0"/>
  <testcase name="testFactory_standardHours_long204" classname="org.joda.time.TestDuration_Constructors" time="0.001"/>
  <testcase name="testFactory_standardMinutes_long205" classname="org.joda.time.TestDuration_Constructors" time="0"/>
  <testcase name="testConstructor_RI_RI1209" classname="org.joda.time.TestDuration_Constructors" time="0.001"/>
  <testcase name="testFactory_standardDays_long203" classname="org.joda.time.TestDuration_Constructors" time="0"/>
  <testcase name="testIsEqual1378" classname="org.joda.time.TestDuration_Basics" time="0.001"/>
  <testcase name="testMinus_RD3221" classname="org.joda.time.TestDuration_Basics" time="0"/>
  <testcase name="testWithMillis1214" classname="org.joda.time.TestDuration_Basics" time="0.001"/>
  <testcase name="testWithMillis2215" classname="org.joda.time.TestDuration_Basics" time="0"/>
  <testcase name="testMinus_long1216" classname="org.joda.time.TestDuration_Basics" time="0"/>
  <testcase name="testWithDurationAdded_RD_int3217" classname="org.joda.time.TestDuration_Basics" time="0.001"/>
  <testcase name="testWithDurationAdded_RD_int5218" classname="org.joda.time.TestDuration_Basics" time="0"/>
  <testcase name="testPlus_long1219" classname="org.joda.time.TestDuration_Basics" time="0"/>
  <testcase name="testMultipliedBy_long2223" classname="org.joda.time.TestDuration_Basics" time="0.001"/>
  <testcase name="testDividedBy_long2224" classname="org.joda.time.TestDuration_Basics" time="0"/>
  <testcase name="testDividedBy_long1225" classname="org.joda.time.TestDuration_Basics" time="0.001"/>
  <testcase name="testMinus_RD1222" classname="org.joda.time.TestDuration_Basics" time="0"/>
  <testcase name="testToStandardHours207" classname="org.joda.time.TestDuration_Basics" time="0.007"/>
  <testcase name="testToStandardDays211" classname="org.joda.time.TestDuration_Basics" time="0.001"/>
  <testcase name="testToStandardMinutes212" classname="org.joda.time.TestDuration_Basics" time="0.002"/>
  <testcase name="testToStandardSeconds213" classname="org.joda.time.TestDuration_Basics" time="0.001"/>
  <testcase name="testToPeriod754" classname="org.joda.time.TestDuration_Basics" time="0.001"/>
  <testcase name="testNegated_long2226" classname="org.joda.time.TestDuration_Basics" time="0"/>
  <testcase name="testNegated_long3227" classname="org.joda.time.TestDuration_Basics" time="0"/>
  <testcase name="testMutableDuration654" classname="org.joda.time.TestDuration_Basics" time="0.001"/>
  <testcase name="testToPeriod_PeriodType655" classname="org.joda.time.TestDuration_Basics" time="0.002"/>
  <testcase name="testToPeriodFrom656" classname="org.joda.time.TestDuration_Basics" time="0.001"/>
  <testcase name="testToPeriodTo657" classname="org.joda.time.TestDuration_Basics" time="0"/>
  <testcase name="testToPeriodTo_PeriodType658" classname="org.joda.time.TestDuration_Basics" time="0.001"/>
  <testcase name="testToIntervalFrom659" classname="org.joda.time.TestDuration_Basics" time="0.001"/>
  <testcase name="testToIntervalTo660" classname="org.joda.time.TestDuration_Basics" time="0"/>
  <testcase name="testCompareTo1377" classname="org.joda.time.TestDuration_Basics" time="0.001"/>
  <testcase name="testSerialization1381" classname="org.joda.time.TestDuration_Basics" time="0.001"/>
  <testcase name="testEqualsHashCode1382" classname="org.joda.time.TestDuration_Basics" time="0"/>
  <testcase name="testIsBefore1380" classname="org.joda.time.TestDuration_Basics" time="0.001"/>
  <testcase name="testPlus_RD3220" classname="org.joda.time.TestDuration_Basics" time="0"/>
  <testcase name="testIsAfter1379" classname="org.joda.time.TestDuration_Basics" time="0"/>
  <testcase name="testConstructor_RD_RI3302" classname="org.joda.time.TestInterval_Constructors" time="0.001"/>
  <testcase name="testConstructor_Object_Chronology2304" classname="org.joda.time.TestInterval_Constructors" time="0"/>
  <testcase name="testConstructor_RI_RP7303" classname="org.joda.time.TestInterval_Constructors" time="0.001"/>
  <testcase name="testConstructor_RI_RD4301" classname="org.joda.time.TestInterval_Constructors" time="0.001"/>
  <testcase name="testParse_noFormatter296" classname="org.joda.time.TestInterval_Constructors" time="0.002"/>
  <testcase name="testConstructor_long_long2297" classname="org.joda.time.TestInterval_Constructors" time="0.001"/>
  <testcase name="testConstructor_long_long_nullZone298" classname="org.joda.time.TestInterval_Constructors" time="0.001"/>
  <testcase name="testConstructor_RP_RI8786" classname="org.joda.time.TestInterval_Constructors" time="0"/>
  <testcase name="testConstructor_Object6789" classname="org.joda.time.TestInterval_Constructors" time="0.001"/>
  <testcase name="testConstructor_RI_RP6785" classname="org.joda.time.TestInterval_Constructors" time="0.001"/>
  <testcase name="testConstructor_RI_RI3783" classname="org.joda.time.TestInterval_Constructors" time="0"/>
  <testcase name="testContains_RInterval_zeroDuration1153" classname="org.joda.time.TestInterval_Basics" time="0.001"/>
  <testcase name="testWithPeriodBeforeEnd2319" classname="org.joda.time.TestInterval_Basics" time="0"/>
  <testcase name="testToPeriod_PeriodType2748" classname="org.joda.time.TestInterval_Basics" time="0.001"/>
  <testcase name="testContains_RI_null1151" classname="org.joda.time.TestInterval_Basics" time="0.002"/>
  <testcase name="testContains_RI_zeroDuration1152" classname="org.joda.time.TestInterval_Basics" time="0"/>
  <testcase name="testIsEqual_RI1155" classname="org.joda.time.TestInterval_Basics" time="0"/>
  <testcase name="testIsBefore_RI_null1156" classname="org.joda.time.TestInterval_Basics" time="0.001"/>
  <testcase name="testIsAfterNow1159" classname="org.joda.time.TestInterval_Basics" time="0"/>
  <testcase name="testIsAfter_RI1160" classname="org.joda.time.TestInterval_Basics" time="0"/>
  <testcase name="testIsAfter_RI_null1161" classname="org.joda.time.TestInterval_Basics" time="0.001"/>
  <testcase name="testIsAfter_RInterval_null1162" classname="org.joda.time.TestInterval_Basics" time="0"/>
  <testcase name="testGetDuration21166" classname="org.joda.time.TestInterval_Basics" time="0.001"/>
  <testcase name="testWithChronology3309" classname="org.joda.time.TestInterval_Basics" time="0"/>
  <testcase name="testGap_RInterval_zone307" classname="org.joda.time.TestInterval_Basics" time="0.001"/>
  <testcase name="testAbuts_RInterval_null308" classname="org.joda.time.TestInterval_Basics" time="0"/>
  <testcase name="testWithChronology2310" classname="org.joda.time.TestInterval_Basics" time="0"/>
  <testcase name="testWithStartMillis_long2311" classname="org.joda.time.TestInterval_Basics" time="0.001"/>
  <testcase name="testWithStartMillis_long3312" classname="org.joda.time.TestInterval_Basics" time="0"/>
  <testcase name="testWithStartInstant_RI2313" classname="org.joda.time.TestInterval_Basics" time="0"/>
  <testcase name="testWithDurationAfterStart4316" classname="org.joda.time.TestInterval_Basics" time="0.001"/>
  <testcase name="testWithDurationBeforeEnd4317" classname="org.joda.time.TestInterval_Basics" time="0"/>
  <testcase name="testWithPeriodAfterStart1318" classname="org.joda.time.TestInterval_Basics" time="0.001"/>
  <testcase name="testToString1167" classname="org.joda.time.TestInterval_Basics" time="0.001"/>
  <testcase name="testWithPeriodBeforeEnd1300" classname="org.joda.time.TestInterval_Basics" time="0"/>
  <testcase name="testToInterval1305" classname="org.joda.time.TestInterval_Basics" time="0.001"/>
  <testcase name="testOverlap_RInterval_null306" classname="org.joda.time.TestInterval_Basics" time="0"/>
  <testcase name="testWithEndInstant_RI3314" classname="org.joda.time.TestInterval_Basics" time="0.001"/>
  <testcase name="testWithEndMillis_long3315" classname="org.joda.time.TestInterval_Basics" time="0"/>
  <testcase name="testFactory_fromCalendarFields_null1276" classname="org.joda.time.TestLocalDateTime_Constructors" time="0.001"/>
  <testcase name="testFactory_fromDateFields_before19701277" classname="org.joda.time.TestLocalDateTime_Constructors" time="0"/>
  <testcase name="testConstructor_DateTimeZone1273" classname="org.joda.time.TestLocalDateTime_Constructors" time="0.001"/>
  <testcase name="testConstructor1272" classname="org.joda.time.TestLocalDateTime_Constructors" time="0"/>
  <testcase name="testConstructor_ObjectLocalDateTime1228" classname="org.joda.time.TestLocalDateTime_Constructors" time="0.001"/>
  <testcase name="testConstructor_Chronology1274" classname="org.joda.time.TestLocalDateTime_Constructors" time="0.001"/>
  <testcase name="testParse_noFormatter1275" classname="org.joda.time.TestLocalDateTime_Constructors" time="0"/>
  <testcase name="testFactory_fromDateFields_after19701278" classname="org.joda.time.TestLocalDateTime_Constructors" time="0"/>
  <testcase name="testConstructor_nullDateTimeZone1279" classname="org.joda.time.TestLocalDateTime_Constructors" time="0.001"/>
  <testcase name="testConstructor_long_nullDateTimeZone1281" classname="org.joda.time.TestLocalDateTime_Constructors" time="0"/>
  <testcase name="testConstructor_nullObject1283" classname="org.joda.time.TestLocalDateTime_Constructors" time="0"/>
  <testcase name="testConstructor_ObjectLocalDate697" classname="org.joda.time.TestLocalDateTime_Constructors" time="0"/>
  <testcase name="testPlusMinutes_int1308" classname="org.joda.time.TestLocalDateTime_Basics" time="0.001"/>
  <testcase name="testPlusSeconds_int1309" classname="org.joda.time.TestLocalDateTime_Basics" time="0"/>
  <testcase name="testPlusMillis_int1310" classname="org.joda.time.TestLocalDateTime_Basics" time="0"/>
  <testcase name="testMinusMonths_int1311" classname="org.joda.time.TestLocalDateTime_Basics" time="0.001"/>
  <testcase name="testMinusWeeks_int1312" classname="org.joda.time.TestLocalDateTime_Basics" time="0"/>
  <testcase name="testMinusDays_int1313" classname="org.joda.time.TestLocalDateTime_Basics" time="0.001"/>
  <testcase name="testMinusHours_int1314" classname="org.joda.time.TestLocalDateTime_Basics" time="0"/>
  <testcase name="testMinusSeconds_int1315" classname="org.joda.time.TestLocalDateTime_Basics" time="0.001"/>
  <testcase name="testMinusMillis_int1316" classname="org.joda.time.TestLocalDateTime_Basics" time="0"/>
  <testcase name="testToString_String1320" classname="org.joda.time.TestLocalDateTime_Basics" time="0.001"/>
  <testcase name="testToDate_summer_Zone1290" classname="org.joda.time.TestLocalDateTime_Basics" time="0.001"/>
  <testcase name="testToDateTime1291" classname="org.joda.time.TestLocalDateTime_Basics" time="0"/>
  <testcase name="testToLocalDate1292" classname="org.joda.time.TestLocalDateTime_Basics" time="0.001"/>
  <testcase name="testToLocalTime1293" classname="org.joda.time.TestLocalDateTime_Basics" time="0"/>
  <testcase name="testToDate_autumnDST_Zone1294" classname="org.joda.time.TestLocalDateTime_Basics" time="0.004"/>
  <testcase name="testToDate_springDST1295" classname="org.joda.time.TestLocalDateTime_Basics" time="0.002"/>
  <testcase name="testGetField_int1286" classname="org.joda.time.TestLocalDateTime_Basics" time="0.001"/>
  <testcase name="testToString_DTFormatter1287" classname="org.joda.time.TestLocalDateTime_Basics" time="0.001"/>
  <testcase name="testWithDate1296" classname="org.joda.time.TestLocalDateTime_Basics" time="0"/>
  <testcase name="testWithTime1297" classname="org.joda.time.TestLocalDateTime_Basics" time="0.001"/>
  <testcase name="testGetFieldTypes1280" classname="org.joda.time.TestLocalDateTime_Basics" time="0"/>
  <testcase name="testIsAfter_LocalDateTime1285" classname="org.joda.time.TestLocalDateTime_Basics" time="0.001"/>
  <testcase name="testMinus_RP1303" classname="org.joda.time.TestLocalDateTime_Basics" time="0.001"/>
  <testcase name="testIsBefore_LocalDateTime8" classname="org.joda.time.TestLocalDateTime_Basics" time="0"/>
  <testcase name="testToDate_autumnDST13" classname="org.joda.time.TestLocalDateTime_Basics" time="0.001"/>
  <testcase name="testIsSupported_DateTimeFieldType1288" classname="org.joda.time.TestLocalDateTime_Basics" time="0.001"/>
  <testcase name="testWithField_DateTimeFieldType_int_21299" classname="org.joda.time.TestLocalDateTime_Basics" time="0.001"/>
  <testcase name="testWithFieldAdded_DurationFieldType_int_11300" classname="org.joda.time.TestLocalDateTime_Basics" time="0"/>
  <testcase name="testWithFieldAdded_DurationFieldType_int_21301" classname="org.joda.time.TestLocalDateTime_Basics" time="0.001"/>
  <testcase name="testWithFieldAdded_DurationFieldType_int_41302" classname="org.joda.time.TestLocalDateTime_Basics" time="0"/>
  <testcase name="testPlusYears_int1304" classname="org.joda.time.TestLocalDateTime_Basics" time="0.001"/>
  <testcase name="testPlusMonths_int1305" classname="org.joda.time.TestLocalDateTime_Basics" time="0"/>
  <testcase name="testPlusWeeks_int1306" classname="org.joda.time.TestLocalDateTime_Basics" time="0.001"/>
  <testcase name="testPlusHours_int1307" classname="org.joda.time.TestLocalDateTime_Basics" time="0.001"/>
  <testcase name="testWithField_DateTimeFieldType_int_31298" classname="org.joda.time.TestLocalDateTime_Basics" time="0"/>
  <testcase name="testProperty1289" classname="org.joda.time.TestLocalDateTime_Basics" time="0.001"/>
  <testcase name="testPropertyGetMonth528" classname="org.joda.time.TestLocalDateTime_Properties" time="0.001"/>
  <testcase name="testPropertySetCopyYear1317" classname="org.joda.time.TestLocalDateTime_Properties" time="0"/>
  <testcase name="testPropertyGetMinute1318" classname="org.joda.time.TestLocalDateTime_Properties" time="0.001"/>
  <testcase name="testPropertySetTextSecond1319" classname="org.joda.time.TestLocalDateTime_Properties" time="0"/>
  <testcase name="testPropertyRoundHour1321" classname="org.joda.time.TestLocalDateTime_Properties" time="0.001"/>
  <testcase name="testPropertyCompareToDay912" classname="org.joda.time.TestLocalDateTime_Properties" time="0"/>
  <testcase name="testPropertyAddToCopyMonth1282" classname="org.joda.time.TestLocalDateTime_Properties" time="0.001"/>
  <testcase name="testPropertyAddWrapFieldToCopyMilli428" classname="org.joda.time.TestLocalDateTime_Properties" time="0"/>
  <testcase name="testFactory_fromDateFields_before1970688" classname="org.joda.time.TestLocalDate_Constructors" time="0.001"/>
  <testcase name="testConstructor_ObjectString2122" classname="org.joda.time.TestLocalDate_Constructors" time="0.001"/>
  <testcase name="testConstructor_DateTimeZone683" classname="org.joda.time.TestLocalDate_Constructors" time="0"/>
  <testcase name="testConstructor_Chronology684" classname="org.joda.time.TestLocalDate_Constructors" time="0.001"/>
  <testcase name="testFactory_fromCalendarFields685" classname="org.joda.time.TestLocalDate_Constructors" time="0"/>
  <testcase name="testConstructor_nullDateTimeZone690" classname="org.joda.time.TestLocalDate_Constructors" time="0"/>
  <testcase name="testFactory_fromCalendarFields_null686" classname="org.joda.time.TestLocalDate_Constructors" time="0.001"/>
  <testcase name="testConstructor_long1_Chronology693" classname="org.joda.time.TestLocalDate_Constructors" time="0"/>
  <testcase name="testFactory_fromDateFields_null687" classname="org.joda.time.TestLocalDate_Constructors" time="0"/>
  <testcase name="testMinus_RP720" classname="org.joda.time.TestLocalDate_Basics" time="0"/>
  <testcase name="testPlus_RP115" classname="org.joda.time.TestLocalDate_Basics" time="0.001"/>
  <testcase name="testPlusDays_int719" classname="org.joda.time.TestLocalDate_Basics" time="0"/>
  <testcase name="testMinusYears_int721" classname="org.joda.time.TestLocalDate_Basics" time="0"/>
  <testcase name="testMinusWeeks_int722" classname="org.joda.time.TestLocalDate_Basics" time="0.001"/>
  <testcase name="testMinusDays_int723" classname="org.joda.time.TestLocalDate_Basics" time="0"/>
  <testcase name="testToString_String728" classname="org.joda.time.TestLocalDate_Basics" time="0.001"/>
  <testcase name="testToString_String_Locale729" classname="org.joda.time.TestLocalDate_Basics" time="0"/>
  <testcase name="testToLocalDateTime_LocalTime708" classname="org.joda.time.TestLocalDate_Basics" time="0.001"/>
  <testcase name="testToDateTime_LocalTime709" classname="org.joda.time.TestLocalDate_Basics" time="0.001"/>
  <testcase name="testToInterval711" classname="org.joda.time.TestLocalDate_Basics" time="0"/>
  <testcase name="testWithField_DateTimeFieldType_int_1713" classname="org.joda.time.TestLocalDate_Basics" time="0.001"/>
  <testcase name="testWithFieldAdded_DurationFieldType_int_2714" classname="org.joda.time.TestLocalDate_Basics" time="0"/>
  <testcase name="testWithFieldAdded_DurationFieldType_int_4715" classname="org.joda.time.TestLocalDate_Basics" time="0"/>
  <testcase name="testWithFieldAdded_DurationFieldType_int_1716" classname="org.joda.time.TestLocalDate_Basics" time="0.001"/>
  <testcase name="testPlusYears_int717" classname="org.joda.time.TestLocalDate_Basics" time="0"/>
  <testcase name="testPlusMonths_int718" classname="org.joda.time.TestLocalDate_Basics" time="0"/>
  <testcase name="testToLocalDateTime_nullLocalTime707" classname="org.joda.time.TestLocalDate_Basics" time="0.001"/>
  <testcase name="testSerialization170" classname="org.joda.time.TestLocalDate_Basics" time="0.012"/>
  <testcase name="testGetFieldType_int695" classname="org.joda.time.TestLocalDate_Basics" time="0.001"/>
  <testcase name="testGetValue_int696" classname="org.joda.time.TestLocalDate_Basics" time="0"/>
  <testcase name="testToString_DTFormatter699" classname="org.joda.time.TestLocalDate_Basics" time="0.001"/>
  <testcase name="testEqualsHashCodeStrict701" classname="org.joda.time.TestLocalDate_Basics" time="0.001"/>
  <testcase name="testGetters433" classname="org.joda.time.TestLocalDate_Basics" time="0"/>
  <testcase name="testIsSupported_DateTimeFieldType698" classname="org.joda.time.TestLocalDate_Basics" time="0"/>
  <testcase name="testWithers725" classname="org.joda.time.TestLocalDate_Basics" time="0.001"/>
  <testcase name="testProperty724" classname="org.joda.time.TestLocalDate_Basics" time="0.001"/>
  <testcase name="testGetValues689" classname="org.joda.time.TestLocalDate_Basics" time="0"/>
  <testcase name="testToDateTime_LocalTime_nullZone710" classname="org.joda.time.TestLocalDate_Basics" time="0.001"/>
  <testcase name="testWithField_DateTimeFieldType_int_3712" classname="org.joda.time.TestLocalDate_Basics" time="0"/>
  <testcase name="testToDateTimeAtStartOfDay457" classname="org.joda.time.TestLocalDate_Basics" time="0"/>
  <testcase name="testIsSupported_DurationFieldType700" classname="org.joda.time.TestLocalDate_Basics" time="0.001"/>
  <testcase name="testToDateTime_nullRI599" classname="org.joda.time.TestLocalDate_Basics" time="0"/>
  <testcase name="testToDate_winter702" classname="org.joda.time.TestLocalDate_Basics" time="0.001"/>
  <testcase name="testIsEqual_LocalDate703" classname="org.joda.time.TestLocalDate_Basics" time="0"/>
  <testcase name="testToDate_autumnDST704" classname="org.joda.time.TestLocalDate_Basics" time="0"/>
  <testcase name="testToDateTimeAtCurrentTime705" classname="org.joda.time.TestLocalDate_Basics" time="0.001"/>
  <testcase name="testToDateMidnight706" classname="org.joda.time.TestLocalDate_Basics" time="0"/>
  <testcase name="testPropertyCompareToMonth691" classname="org.joda.time.TestLocalDate_Properties" time="0.001"/>
  <testcase name="testPropertyEqualsHashCodeStrict931" classname="org.joda.time.TestLocalDate_Properties" time="0"/>
  <testcase name="testPropertyGetDay730" classname="org.joda.time.TestLocalDate_Properties" time="0.001"/>
  <testcase name="testPropertyAddToCopyYear731" classname="org.joda.time.TestLocalDate_Properties" time="0"/>
  <testcase name="testPropertySetCopyTextDay727" classname="org.joda.time.TestLocalDate_Properties" time="0"/>
  <testcase name="testPropertyWithMinimumValueDayOfMonth733" classname="org.joda.time.TestLocalDate_Properties" time="0.001"/>
  <testcase name="testPropertyAddWrapFieldToCopyDay732" classname="org.joda.time.TestLocalDate_Properties" time="0"/>
  <testcase name="testPropertyEqualsHashCodeLenient456" classname="org.joda.time.TestLocalDate_Properties" time="0.001"/>
  <testcase name="testPropertyEquals726" classname="org.joda.time.TestLocalDate_Properties" time="0.001"/>
  <testcase name="testPropertyWithMaximumValueDayOfMonth734" classname="org.joda.time.TestLocalDate_Properties" time="0"/>
  <testcase name="testConstructor_DateTimeZone943" classname="org.joda.time.TestLocalTime_Constructors" time="0.001"/>
  <testcase name="testConstructor942" classname="org.joda.time.TestLocalTime_Constructors" time="0"/>
  <testcase name="testFactoryMillisOfDay_long947" classname="org.joda.time.TestLocalTime_Constructors" time="0.001"/>
  <testcase name="testParse_formatter946" classname="org.joda.time.TestLocalTime_Constructors" time="0"/>
  <testcase name="testParse_noFormatter945" classname="org.joda.time.TestLocalTime_Constructors" time="0.001"/>
  <testcase name="testConstructor_Chronology944" classname="org.joda.time.TestLocalTime_Constructors" time="0"/>
  <testcase name="testFactory_FromCalendarFields_Calendar948" classname="org.joda.time.TestLocalTime_Constructors" time="0"/>
  <testcase name="testFactory_FromDateFields_null949" classname="org.joda.time.TestLocalTime_Constructors" time="0.001"/>
  <testcase name="testConstructor_long_DateTimeZone_2952" classname="org.joda.time.TestLocalTime_Constructors" time="0"/>
  <testcase name="testMinus_RP969" classname="org.joda.time.TestLocalTime_Basics" time="0.001"/>
  <testcase name="testGetters972" classname="org.joda.time.TestLocalTime_Basics" time="0"/>
  <testcase name="testGet_DateTimeFieldType958" classname="org.joda.time.TestLocalTime_Basics" time="0.001"/>
  <testcase name="testEqualsHashCode961" classname="org.joda.time.TestLocalTime_Basics" time="0.002"/>
  <testcase name="testWithField_DateTimeFieldType_int_1962" classname="org.joda.time.TestLocalTime_Basics" time="0"/>
  <testcase name="testWithField_DateTimeFieldType_int_2963" classname="org.joda.time.TestLocalTime_Basics" time="0.001"/>
  <testcase name="testToString_DTFormatter15" classname="org.joda.time.TestLocalTime_Basics" time="0"/>
  <testcase name="testSerialization955" classname="org.joda.time.TestLocalTime_Basics" time="0.002"/>
  <testcase name="testGetField_int956" classname="org.joda.time.TestLocalTime_Basics" time="0"/>
  <testcase name="testGetValue_int957" classname="org.joda.time.TestLocalTime_Basics" time="0"/>
  <testcase name="testWithFieldAdded_DurationFieldType_int_5965" classname="org.joda.time.TestLocalTime_Basics" time="0"/>
  <testcase name="testWithFieldAdded_DurationFieldType_int_4966" classname="org.joda.time.TestLocalTime_Basics" time="0"/>
  <testcase name="testPlusHours_int967" classname="org.joda.time.TestLocalTime_Basics" time="0"/>
  <testcase name="testPlusMillis_int968" classname="org.joda.time.TestLocalTime_Basics" time="0.001"/>
  <testcase name="testMinusHours_int970" classname="org.joda.time.TestLocalTime_Basics" time="0"/>
  <testcase name="testMinusMillis_int971" classname="org.joda.time.TestLocalTime_Basics" time="0"/>
  <testcase name="testToDateTimeTodayDefaultZone976" classname="org.joda.time.TestLocalTime_Basics" time="0.001"/>
  <testcase name="testToDateTimeToday_nullZone977" classname="org.joda.time.TestLocalTime_Basics" time="0"/>
  <testcase name="testWithField_DateTimeFieldType_int_3964" classname="org.joda.time.TestLocalTime_Basics" time="0.001"/>
  <testcase name="testProperty960" classname="org.joda.time.TestLocalTime_Basics" time="0.001"/>
  <testcase name="testIsEqual_LocalTime14" classname="org.joda.time.TestLocalTime_Basics" time="0"/>
  <testcase name="testIsSupported_DateTimeFieldType959" classname="org.joda.time.TestLocalTime_Basics" time="0.001"/>
  <testcase name="testPlus_RP114" classname="org.joda.time.TestLocalTime_Basics" time="0"/>
  <testcase name="testWithers953" classname="org.joda.time.TestLocalTime_Basics" time="0.001"/>
  <testcase name="testToString_String978" classname="org.joda.time.TestLocalTime_Basics" time="0"/>
  <testcase name="testToString_String_Locale979" classname="org.joda.time.TestLocalTime_Basics" time="0"/>
  <testcase name="testWithFieldAdded_DurationFieldType_int_8987" classname="org.joda.time.TestLocalTime_Basics" time="0.001"/>
  <testcase name="testIsSupported_DurationFieldType988" classname="org.joda.time.TestLocalTime_Basics" time="0"/>
  <testcase name="testPropertyWithMaxMinValueHour985" classname="org.joda.time.TestLocalTime_Properties" time="0"/>
  <testcase name="testPropertySetMilli975" classname="org.joda.time.TestLocalTime_Properties" time="0"/>
  <testcase name="testPropertyGetMinute980" classname="org.joda.time.TestLocalTime_Properties" time="0"/>
  <testcase name="testPropertyPlusHour981" classname="org.joda.time.TestLocalTime_Properties" time="0.001"/>
  <testcase name="testPropertyPlusNoWrapMinute982" classname="org.joda.time.TestLocalTime_Properties" time="0"/>
  <testcase name="testPropertySetSecond984" classname="org.joda.time.TestLocalTime_Properties" time="0"/>
  <testcase name="testPropertyRoundHour986" classname="org.joda.time.TestLocalTime_Properties" time="0.001"/>
  <testcase name="testPropertyGetHour973" classname="org.joda.time.TestLocalTime_Properties" time="0"/>
  <testcase name="testPropertySetTextSecond974" classname="org.joda.time.TestLocalTime_Properties" time="0"/>
  <testcase name="testPropertyCompareToMinute951" classname="org.joda.time.TestLocalTime_Properties" time="0.001"/>
  <testcase name="testPropertyPlusWrapFieldMinute983" classname="org.joda.time.TestLocalTime_Properties" time="0"/>
  <testcase name="testConstructor_RI_RP3412" classname="org.joda.time.TestMutableInterval_Constructors" time="0.001"/>
  <testcase name="testConstructor_RI_RI1782" classname="org.joda.time.TestMutableInterval_Constructors" time="0"/>
  <testcase name="testConstructor_RI_RD4784" classname="org.joda.time.TestMutableInterval_Constructors" time="0.001"/>
  <testcase name="testConstructor_Object21411" classname="org.joda.time.TestMutableInterval_Constructors" time="0"/>
  <testcase name="testConstructor_RD_RI11410" classname="org.joda.time.TestMutableInterval_Constructors" time="0.001"/>
  <testcase name="testConstructor1408" classname="org.joda.time.TestMutableInterval_Constructors" time="0"/>
  <testcase name="testConstructor_RI_RD11409" classname="org.joda.time.TestMutableInterval_Constructors" time="0"/>
  <testcase name="testConstructor_Object_Chronology1787" classname="org.joda.time.TestMutableInterval_Constructors" time="0.001"/>
  <testcase name="testConstructor_Object6788" classname="org.joda.time.TestMutableInterval_Constructors" time="0.001"/>
  <testcase name="testCopy1422" classname="org.joda.time.TestMutableInterval_Basics" time="0"/>
  <testcase name="testToInterval11164" classname="org.joda.time.TestMutableInterval_Basics" time="0"/>
  <testcase name="testToMutableInterval11165" classname="org.joda.time.TestMutableInterval_Basics" time="0"/>
  <testcase name="testIsAfter_RInterval1163" classname="org.joda.time.TestMutableInterval_Basics" time="0.001"/>
  <testcase name="testEqualsHashCode103" classname="org.joda.time.TestMutableInterval_Basics" time="0.001"/>
  <testcase name="testOverlaps_RInterval1154" classname="org.joda.time.TestMutableInterval_Basics" time="0"/>
  <testcase name="testIsBefore_RI1157" classname="org.joda.time.TestMutableInterval_Basics" time="0"/>
  <testcase name="testIsBefore_RInterval1158" classname="org.joda.time.TestMutableInterval_Basics" time="0.001"/>
  <testcase name="testSetDurationBeforeEnd_RI31414" classname="org.joda.time.TestMutableInterval_Updates" time="0"/>
  <testcase name="testSetEnd_RI31415" classname="org.joda.time.TestMutableInterval_Updates" time="0.001"/>
  <testcase name="testSetInterval_RI_RI3790" classname="org.joda.time.TestMutableInterval_Updates" time="0"/>
  <testcase name="testSetInterval_RInterval31412" classname="org.joda.time.TestMutableInterval_Updates" time="0.001"/>
  <testcase name="testSetInterval_RI_RI51413" classname="org.joda.time.TestMutableInterval_Updates" time="0"/>
  <testcase name="testSetPeriodAfterStart_RI31418" classname="org.joda.time.TestMutableInterval_Updates" time="0"/>
  <testcase name="testSetPeriodAfterStart_RI11419" classname="org.joda.time.TestMutableInterval_Updates" time="0.001"/>
  <testcase name="testSetPeriodBeforeEnd_RI11420" classname="org.joda.time.TestMutableInterval_Updates" time="0"/>
  <testcase name="testSetPeriodBeforeEnd_RI31421" classname="org.joda.time.TestMutableInterval_Updates" time="0.001"/>
  <testcase name="testSetDurationBeforeEnd_long11417" classname="org.joda.time.TestMutableInterval_Updates" time="0"/>
  <testcase name="testSetDurationAfterStart_long11416" classname="org.joda.time.TestMutableInterval_Updates" time="0"/>
  <testcase name="testConstructor_long_long258" classname="org.joda.time.TestPeriod_Constructors" time="0.001"/>
  <testcase name="testConstructor_trickyDifferences_LD_LD_toFeb_exactMonths415" classname="org.joda.time.TestPeriod_Constructors" time="0.001"/>
  <testcase name="testConstructor_trickyDifferences_RI_RI_toFeb_exactMonths61" classname="org.joda.time.TestPeriod_Constructors" time="0"/>
  <testcase name="testConstructor_RP_RP262" classname="org.joda.time.TestPeriod_Constructors" time="0"/>
  <testcase name="testConstructor_RI_RD264" classname="org.joda.time.TestPeriod_Constructors" time="0.001"/>
  <testcase name="testConstructor_RD_RI265" classname="org.joda.time.TestPeriod_Constructors" time="0"/>
  <testcase name="testConstructor_RI_RI4414" classname="org.joda.time.TestPeriod_Constructors" time="0.005"/>
  <testcase name="testConstructor_RP_RP_PeriodType263" classname="org.joda.time.TestPeriod_Constructors" time="0"/>
  <testcase name="testConstructor_long_Chronology257" classname="org.joda.time.TestPeriod_Constructors" time="0"/>
  <testcase name="testConstructor_Object3753" classname="org.joda.time.TestPeriod_Constructors" time="0"/>
  <testcase name="testConstructor_RP_RP_PeriodType8815" classname="org.joda.time.TestPeriod_Constructors" time="0.001"/>
  <testcase name="testConstructor_RP_RP_PeriodType6816" classname="org.joda.time.TestPeriod_Constructors" time="0"/>
  <testcase name="testConstructor_RP_RP_PeriodType7817" classname="org.joda.time.TestPeriod_Constructors" time="0.001"/>
  <testcase name="testConstructor_long_long_PeriodType259" classname="org.joda.time.TestPeriod_Constructors" time="0"/>
  <testcase name="testFactoryFieldDifference553" classname="org.joda.time.TestPeriod_Constructors" time="0.001"/>
  <testcase name="testFactoryFieldDifference154" classname="org.joda.time.TestPeriod_Constructors" time="0"/>
  <testcase name="testFactoryFieldDifference252" classname="org.joda.time.TestPeriod_Constructors" time="0"/>
  <testcase name="testConstructor_Object_PeriodType166" classname="org.joda.time.TestPeriod_Constructors" time="0.001"/>
  <testcase name="testWithFieldAdded373" classname="org.joda.time.TestPeriod_Basics" time="0"/>
  <testcase name="testWithFieldAdded474" classname="org.joda.time.TestPeriod_Basics" time="0.001"/>
  <testcase name="testWithFieldAdded175" classname="org.joda.time.TestPeriod_Basics" time="0"/>
  <testcase name="testPlusFieldsZero79" classname="org.joda.time.TestPeriod_Basics" time="0.001"/>
  <testcase name="testWithPeriodType369" classname="org.joda.time.TestPeriod_Basics" time="0.001"/>
  <testcase name="testMinus80" classname="org.joda.time.TestPeriod_Basics" time="0"/>
  <testcase name="testWithFields270" classname="org.joda.time.TestPeriod_Basics" time="0.001"/>
  <testcase name="testPlusFields51" classname="org.joda.time.TestPeriod_Basics" time="0"/>
  <testcase name="testNormalizedStandard_yearMonth176" classname="org.joda.time.TestPeriod_Basics" time="0.001"/>
  <testcase name="testToPeriod67" classname="org.joda.time.TestPeriod_Basics" time="0"/>
  <testcase name="testPlus78" classname="org.joda.time.TestPeriod_Basics" time="0"/>
  <testcase name="testWithPeriodType168" classname="org.joda.time.TestPeriod_Basics" time="0.001"/>
  <testcase name="testMinusFields81" classname="org.joda.time.TestPeriod_Basics" time="0"/>
  <testcase name="testToStandardDays_months83" classname="org.joda.time.TestPeriod_Basics" time="0"/>
  <testcase name="testToStandardHours_years84" classname="org.joda.time.TestPeriod_Basics" time="0"/>
  <testcase name="testToStandardSeconds_months85" classname="org.joda.time.TestPeriod_Basics" time="0"/>
  <testcase name="testToStandardDuration_months86" classname="org.joda.time.TestPeriod_Basics" time="0"/>
  <testcase name="testNormalizedStandard_periodType_yearMonth387" classname="org.joda.time.TestPeriod_Basics" time="0.001"/>
  <testcase name="testToDurationTo208" classname="org.joda.time.TestPeriod_Basics" time="0"/>
  <testcase name="testToStandardSeconds425" classname="org.joda.time.TestPeriod_Basics" time="0.001"/>
  <testcase name="testWithField471" classname="org.joda.time.TestPeriod_Basics" time="0"/>
  <testcase name="testToStandardWeeks511" classname="org.joda.time.TestPeriod_Basics" time="0.002"/>
  <testcase name="testTypeIndexMethods1168" classname="org.joda.time.TestPeriod_Basics" time="0.001"/>
  <testcase name="testEqualsHashCode1170" classname="org.joda.time.TestPeriod_Basics" time="0"/>
  <testcase name="testToString_nullPeriodFormatter1171" classname="org.joda.time.TestPeriod_Basics" time="0.001"/>
  <testcase name="testToString_PeriodFormatter1172" classname="org.joda.time.TestPeriod_Basics" time="0.003"/>
  <testcase name="testToStandardDays1231" classname="org.joda.time.TestPeriod_Basics" time="0"/>
  <testcase name="testNegated82" classname="org.joda.time.TestPeriod_Basics" time="0.001"/>
  <testcase name="testWithField272" classname="org.joda.time.TestPeriod_Basics" time="0"/>
  <testcase name="testConstructor_long_Chronology21178" classname="org.joda.time.TestMutablePeriod_Constructors" time="0"/>
  <testcase name="testConstructor_RI_RI_PeriodType21181" classname="org.joda.time.TestMutablePeriod_Constructors" time="0.001"/>
  <testcase name="testConstructor_long_long_PeriodType_Chronology11180" classname="org.joda.time.TestMutablePeriod_Constructors" time="0.001"/>
  <testcase name="testParse_noFormatter1169" classname="org.joda.time.TestMutablePeriod_Constructors" time="0"/>
  <testcase name="testConstructor_RI_RD21182" classname="org.joda.time.TestMutablePeriod_Constructors" time="0"/>
  <testcase name="testConstructor_Object_Chronology21183" classname="org.joda.time.TestMutablePeriod_Constructors" time="0.001"/>
  <testcase name="testConstructor_4int11175" classname="org.joda.time.TestMutablePeriod_Constructors" time="0"/>
  <testcase name="testConstructor_long_long_PeriodType21179" classname="org.joda.time.TestMutablePeriod_Constructors" time="0"/>
  <testcase name="testConstructor_long_long1478" classname="org.joda.time.TestMutablePeriod_Constructors" time="0"/>
  <testcase name="testConstructor_RI_RI5814" classname="org.joda.time.TestMutablePeriod_Constructors" time="0.001"/>
  <testcase name="testToDurationFrom818" classname="org.joda.time.TestMutablePeriod_Basics" time="0"/>
  <testcase name="testCopy1205" classname="org.joda.time.TestMutablePeriod_Basics" time="0.001"/>
  <testcase name="testToPeriod1184" classname="org.joda.time.TestMutablePeriod_Basics" time="0"/>
  <testcase name="testSetWeeks821" classname="org.joda.time.TestMutablePeriod_Updates" time="0.001"/>
  <testcase name="testAdd_RD31193" classname="org.joda.time.TestMutablePeriod_Updates" time="0"/>
  <testcase name="testClear1185" classname="org.joda.time.TestMutablePeriod_Updates" time="0"/>
  <testcase name="testSetPeriod_RD31190" classname="org.joda.time.TestMutablePeriod_Updates" time="0.001"/>
  <testcase name="testAdd_Field1191" classname="org.joda.time.TestMutablePeriod_Updates" time="0"/>
  <testcase name="testAdd_8ints11192" classname="org.joda.time.TestMutablePeriod_Updates" time="0"/>
  <testcase name="testAdd_long11195" classname="org.joda.time.TestMutablePeriod_Updates" time="0.001"/>
  <testcase name="testAdd_long_Chronology11196" classname="org.joda.time.TestMutablePeriod_Updates" time="0"/>
  <testcase name="testMergePeriod_RP51197" classname="org.joda.time.TestMutablePeriod_Updates" time="0"/>
  <testcase name="testAddMonths1200" classname="org.joda.time.TestMutablePeriod_Updates" time="0.001"/>
  <testcase name="testAddSeconds1203" classname="org.joda.time.TestMutablePeriod_Updates" time="0"/>
  <testcase name="testAddMillis1204" classname="org.joda.time.TestMutablePeriod_Updates" time="0"/>
  <testcase name="testAddWeeks1201" classname="org.joda.time.TestMutablePeriod_Updates" time="0.001"/>
  <testcase name="testSetHours1176" classname="org.joda.time.TestMutablePeriod_Updates" time="0"/>
  <testcase name="testAdd_RD11194" classname="org.joda.time.TestMutablePeriod_Updates" time="0"/>
  <testcase name="testSetPeriod_long1930" classname="org.joda.time.TestMutablePeriod_Updates" time="0.001"/>
  <testcase name="testSetPeriod_long21173" classname="org.joda.time.TestMutablePeriod_Updates" time="0"/>
  <testcase name="testSet_Field1186" classname="org.joda.time.TestMutablePeriod_Updates" time="0"/>
  <testcase name="testSetPeriod_RInterval11187" classname="org.joda.time.TestMutablePeriod_Updates" time="0.001"/>
  <testcase name="testSetPeriod_RInterval21188" classname="org.joda.time.TestMutablePeriod_Updates" time="0"/>
  <testcase name="testSetPeriod_RI_RI21189" classname="org.joda.time.TestMutablePeriod_Updates" time="0.001"/>
  <testcase name="testAdd_RInterval160" classname="org.joda.time.TestMutablePeriod_Updates" time="0"/>
  <testcase name="testSetPeriod_8ints1820" classname="org.joda.time.TestMutablePeriod_Updates" time="0.001"/>
  <testcase name="testMergePeriod_RP3822" classname="org.joda.time.TestMutablePeriod_Updates" time="0"/>
  <testcase name="testAddHours1202" classname="org.joda.time.TestMutablePeriod_Updates" time="0"/>
  <testcase name="testSetYears1177" classname="org.joda.time.TestMutablePeriod_Updates" time="0.001"/>
  <testcase name="testAddYears1198" classname="org.joda.time.TestMutablePeriod_Updates" time="0"/>
  <testcase name="testSetPeriod_long_long_NoMinutes1174" classname="org.joda.time.TestMutablePeriod_Updates" time="0.001"/>
  <testcase name="testAdd_RP4823" classname="org.joda.time.TestMutablePeriod_Updates" time="0"/>
  <testcase name="testGetSetValue470" classname="org.joda.time.TestBaseSingleFieldPeriod" time="0.003"/>
  <testcase name="testToMutablePeriod471" classname="org.joda.time.TestBaseSingleFieldPeriod" time="0"/>
  <testcase name="testValueIndexMethods472" classname="org.joda.time.TestBaseSingleFieldPeriod" time="0"/>
  <testcase name="testIsSupported473" classname="org.joda.time.TestBaseSingleFieldPeriod" time="0"/>
  <testcase name="testEqualsHashCode475" classname="org.joda.time.TestBaseSingleFieldPeriod" time="0"/>
  <testcase name="testGet469" classname="org.joda.time.TestBaseSingleFieldPeriod" time="0"/>
  <testcase name="testToPeriod474" classname="org.joda.time.TestBaseSingleFieldPeriod" time="0"/>
  <testcase name="testFactory_between_RInstant466" classname="org.joda.time.TestBaseSingleFieldPeriod" time="0.001"/>
  <testcase name="testFactory_between_RPartial467" classname="org.joda.time.TestBaseSingleFieldPeriod" time="0.001"/>
  <testcase name="testCompareTo476" classname="org.joda.time.TestBaseSingleFieldPeriod" time="0.001"/>
  <testcase name="testFactory_standardPeriodIn_RPeriod468" classname="org.joda.time.TestBaseSingleFieldPeriod" time="0"/>
  <testcase name="testDividedBy_int671" classname="org.joda.time.TestYears" time="0"/>
  <testcase name="testSerialization665" classname="org.joda.time.TestYears" time="0.002"/>
  <testcase name="testFactory_yearsIn_RInterval663" classname="org.joda.time.TestYears" time="0.001"/>
  <testcase name="testGetFieldType666" classname="org.joda.time.TestYears" time="0"/>
  <testcase name="testPlus_Years668" classname="org.joda.time.TestYears" time="0.001"/>
  <testcase name="testMinus_Years670" classname="org.joda.time.TestYears" time="0"/>
  <testcase name="testMultipliedBy_int662" classname="org.joda.time.TestYears" time="0.001"/>
  <testcase name="testMinus_int669" classname="org.joda.time.TestYears" time="0"/>
  <testcase name="testGetPeriodType667" classname="org.joda.time.TestYears" time="0"/>
  <testcase name="testFactory_parseYears_String661" classname="org.joda.time.TestYears" time="0.001"/>
  <testcase name="testFactory_parseMonths_String162" classname="org.joda.time.TestMonths" time="0.002"/>
  <testcase name="testGetPeriodType283" classname="org.joda.time.TestMonths" time="0.001"/>
  <testcase name="testFactory_monthsBetween_RInstant288" classname="org.joda.time.TestMonths" time="0"/>
  <testcase name="testPlus_Months286" classname="org.joda.time.TestMonths" time="0.001"/>
  <testcase name="testToString294" classname="org.joda.time.TestMonths" time="0"/>
  <testcase name="testNegated292" classname="org.joda.time.TestMonths" time="0"/>
  <testcase name="testFactory_monthsIn_RInterval287" classname="org.joda.time.TestMonths" time="0.001"/>
  <testcase name="testFactory_monthsBetween_RPartial_YearMonth289" classname="org.joda.time.TestMonths" time="0.003"/>
  <testcase name="testMinus_Months284" classname="org.joda.time.TestMonths" time="0"/>
  <testcase name="testFactory_months_int285" classname="org.joda.time.TestMonths" time="0"/>
  <testcase name="testFactory_monthsBetween_RPartial_LocalDate290" classname="org.joda.time.TestMonths" time="0.001"/>
  <testcase name="testMultipliedBy_int291" classname="org.joda.time.TestMonths" time="0"/>
  <testcase name="testIsGreaterThan293" classname="org.joda.time.TestMonths" time="0"/>
  <testcase name="testFactory_weeksBetween_RPartial512" classname="org.joda.time.TestWeeks" time="0.001"/>
  <testcase name="testFactory_standardWeeksIn_RPeriod514" classname="org.joda.time.TestWeeks" time="0.001"/>
  <testcase name="testToStandardSeconds488" classname="org.joda.time.TestWeeks" time="0"/>
  <testcase name="testToStandardMinutes517" classname="org.joda.time.TestWeeks" time="0"/>
  <testcase name="testToStandardDays516" classname="org.joda.time.TestWeeks" time="0"/>
  <testcase name="testToStandardDuration518" classname="org.joda.time.TestWeeks" time="0.001"/>
  <testcase name="testNegated524" classname="org.joda.time.TestWeeks" time="0"/>
  <testcase name="testMinus_int519" classname="org.joda.time.TestWeeks" time="0"/>
  <testcase name="testFactory_weeksIn_RInterval513" classname="org.joda.time.TestWeeks" time="0.001"/>
  <testcase name="testMinus_Weeks521" classname="org.joda.time.TestWeeks" time="0"/>
  <testcase name="testMultipliedBy_int522" classname="org.joda.time.TestWeeks" time="0"/>
  <testcase name="testPlus_Weeks520" classname="org.joda.time.TestWeeks" time="0"/>
  <testcase name="testDividedBy_int523" classname="org.joda.time.TestWeeks" time="0.001"/>
  <testcase name="testIsGreaterThan525" classname="org.joda.time.TestWeeks" time="0"/>
  <testcase name="testIsLessThan526" classname="org.joda.time.TestWeeks" time="0"/>
  <testcase name="testIsGreaterThan1247" classname="org.joda.time.TestDays" time="0"/>
  <testcase name="testIsLessThan1248" classname="org.joda.time.TestDays" time="0"/>
  <testcase name="testToStandardWeeks1239" classname="org.joda.time.TestDays" time="0.001"/>
  <testcase name="testToStandardDuration1242" classname="org.joda.time.TestDays" time="0"/>
  <testcase name="testMinus_Days1243" classname="org.joda.time.TestDays" time="0"/>
  <testcase name="testFactory_daysIn_RInterval1236" classname="org.joda.time.TestDays" time="0.001"/>
  <testcase name="testFactory_daysBetween_RPartial_LocalDate1230" classname="org.joda.time.TestDays" time="0"/>
  <testcase name="testFactory_days_int1234" classname="org.joda.time.TestDays" time="0"/>
  <testcase name="testFactory_parseDays_String1238" classname="org.joda.time.TestDays" time="0.001"/>
  <testcase name="testToStandardMinutes1240" classname="org.joda.time.TestDays" time="0"/>
  <testcase name="testToStandardSeconds1241" classname="org.joda.time.TestDays" time="0.001"/>
  <testcase name="testNegated1246" classname="org.joda.time.TestDays" time="0"/>
  <testcase name="testPlus_int1232" classname="org.joda.time.TestDays" time="0"/>
  <testcase name="testFactory_standardDaysIn_RPeriod1237" classname="org.joda.time.TestDays" time="0.001"/>
  <testcase name="testFactory_daysBetween_RInstant1235" classname="org.joda.time.TestDays" time="0"/>
  <testcase name="testToString1249" classname="org.joda.time.TestDays" time="0"/>
  <testcase name="testSerialization1233" classname="org.joda.time.TestDays" time="0.001"/>
  <testcase name="testGetMethods1229" classname="org.joda.time.TestDays" time="0"/>
  <testcase name="testMultipliedBy_int1244" classname="org.joda.time.TestDays" time="0.001"/>
  <testcase name="testDividedBy_int1245" classname="org.joda.time.TestDays" time="0"/>
  <testcase name="testMinus_int1079" classname="org.joda.time.TestHours" time="0"/>
  <testcase name="testFactory_hoursBetween_RInstant1068" classname="org.joda.time.TestHours" time="0.001"/>
  <testcase name="testFactory_standardHoursIn_RPeriod270" classname="org.joda.time.TestHours" time="0"/>
  <testcase name="testPlus_Hours1078" classname="org.joda.time.TestHours" time="0"/>
  <testcase name="testToStandardMinutes1075" classname="org.joda.time.TestHours" time="0"/>
  <testcase name="testGetMethods1076" classname="org.joda.time.TestHours" time="0.001"/>
  <testcase name="testToStandardWeeks1074" classname="org.joda.time.TestHours" time="0"/>
  <testcase name="testSerialization1072" classname="org.joda.time.TestHours" time="0.001"/>
  <testcase name="testGetFieldType1073" classname="org.joda.time.TestHours" time="0"/>
  <testcase name="testMinus_Hours1080" classname="org.joda.time.TestHours" time="0"/>
  <testcase name="testDividedBy_int1081" classname="org.joda.time.TestHours" time="0.001"/>
  <testcase name="testIsLessThan1083" classname="org.joda.time.TestHours" time="0"/>
  <testcase name="testFactory_hours_int1067" classname="org.joda.time.TestHours" time="0"/>
  <testcase name="testNegated1082" classname="org.joda.time.TestHours" time="0"/>
  <testcase name="testPlus_int1077" classname="org.joda.time.TestHours" time="0.001"/>
  <testcase name="testFactory_hoursIn_RInterval1069" classname="org.joda.time.TestHours" time="0"/>
  <testcase name="testFactory_parseHours_String1071" classname="org.joda.time.TestHours" time="0.001"/>
  <testcase name="testToString1084" classname="org.joda.time.TestHours" time="0"/>
  <testcase name="testMultipliedBy_int422" classname="org.joda.time.TestHours" time="0"/>
  <testcase name="testToStandardSeconds1066" classname="org.joda.time.TestHours" time="0"/>
  <testcase name="testDividedBy_int889" classname="org.joda.time.TestMinutes" time="0.001"/>
  <testcase name="testIsGreaterThan891" classname="org.joda.time.TestMinutes" time="0"/>
  <testcase name="testNegated890" classname="org.joda.time.TestMinutes" time="0"/>
  <testcase name="testMinus_int886" classname="org.joda.time.TestMinutes" time="0"/>
  <testcase name="testFactory_minutesBetween_RInstant878" classname="org.joda.time.TestMinutes" time="0.001"/>
  <testcase name="testFactory_standardMinutesIn_RPeriod880" classname="org.joda.time.TestMinutes" time="0.001"/>
  <testcase name="testIsLessThan877" classname="org.joda.time.TestMinutes" time="0"/>
  <testcase name="testToStandardDuration885" classname="org.joda.time.TestMinutes" time="0"/>
  <testcase name="testGetPeriodType759" classname="org.joda.time.TestMinutes" time="0.001"/>
  <testcase name="testFactory_minutesIn_RInterval879" classname="org.joda.time.TestMinutes" time="0"/>
  <testcase name="testPlus_Minutes887" classname="org.joda.time.TestMinutes" time="0.001"/>
  <testcase name="testMultipliedBy_int888" classname="org.joda.time.TestMinutes" time="0"/>
  <testcase name="testToStandardSeconds884" classname="org.joda.time.TestMinutes" time="0"/>
  <testcase name="testToStandardDays882" classname="org.joda.time.TestMinutes" time="0"/>
  <testcase name="testToStandardHours883" classname="org.joda.time.TestMinutes" time="0"/>
  <testcase name="testSerialization881" classname="org.joda.time.TestMinutes" time="0.001"/>
  <testcase name="testIsGreaterThan497" classname="org.joda.time.TestSeconds" time="0"/>
  <testcase name="testFactory_standardSecondsIn_RPeriod482" classname="org.joda.time.TestSeconds" time="0.001"/>
  <testcase name="testSerialization480" classname="org.joda.time.TestSeconds" time="0.001"/>
  <testcase name="testToStandardDays489" classname="org.joda.time.TestSeconds" time="0"/>
  <testcase name="testToStandardHours490" classname="org.joda.time.TestSeconds" time="0"/>
  <testcase name="testToStandardDuration491" classname="org.joda.time.TestSeconds" time="0"/>
  <testcase name="testFactory_seconds_int483" classname="org.joda.time.TestSeconds" time="0.001"/>
  <testcase name="testNegated496" classname="org.joda.time.TestSeconds" time="0"/>
  <testcase name="testMinus_int493" classname="org.joda.time.TestSeconds" time="0"/>
  <testcase name="testFactory_secondsBetween_RInstant481" classname="org.joda.time.TestSeconds" time="0.001"/>
  <testcase name="testPlus_Seconds492" classname="org.joda.time.TestSeconds" time="0"/>
  <testcase name="testMultipliedBy_int494" classname="org.joda.time.TestSeconds" time="0"/>
  <testcase name="testDividedBy_int495" classname="org.joda.time.TestSeconds" time="0"/>
  <testcase name="testFactory_secondsIn_RInterval486" classname="org.joda.time.TestSeconds" time="0"/>
  <testcase name="testToStandardMinutes484" classname="org.joda.time.TestSeconds" time="0"/>
  <testcase name="testFactory_parseSeconds_String487" classname="org.joda.time.TestSeconds" time="0.001"/>
  <testcase name="testFactory_secondsBetween_RPartial485" classname="org.joda.time.TestSeconds" time="0"/>
  <testcase name="testToLocalTime1143" classname="org.joda.time.TestTimeOfDay_Basics" time="0"/>
  <testcase name="testToString_String1470" classname="org.joda.time.TestTimeOfDay_Basics" time="0.001"/>
  <testcase name="testProperty1142" classname="org.joda.time.TestTimeOfDay_Basics" time="0.001"/>
  <testcase name="testSerialization458" classname="org.joda.time.TestTimeOfDay_Basics" time="0.009"/>
  <testcase name="testToDateTimeToday_Zone502" classname="org.joda.time.TestTimeOfDay_Basics" time="0.001"/>
  <testcase name="testPlus_RP5" classname="org.joda.time.TestTimeOfDay_Basics" time="0"/>
  <testcase name="testGetField1126" classname="org.joda.time.TestTimeOfDay_Basics" time="0.001"/>
  <testcase name="testWithFieldAdded36" classname="org.joda.time.TestTimeOfDay_Basics" time="0"/>
  <testcase name="testToString1146" classname="org.joda.time.TestTimeOfDay_Basics" time="0.001"/>
  <testcase name="testMinusMillis_int359" classname="org.joda.time.TestTimeOfDay_Basics" time="0"/>
  <testcase name="testWithField31135" classname="org.joda.time.TestTimeOfDay_Basics" time="0.001"/>
  <testcase name="testGetFieldTypes1133" classname="org.joda.time.TestTimeOfDay_Basics" time="0"/>
  <testcase name="testMinusSeconds_int1137" classname="org.joda.time.TestTimeOfDay_Basics" time="0"/>
  <testcase name="testPlusSeconds_int1139" classname="org.joda.time.TestTimeOfDay_Basics" time="0.001"/>
  <testcase name="testPlusMillis_int1140" classname="org.joda.time.TestTimeOfDay_Basics" time="0"/>
  <testcase name="testMinusMinutes_int1141" classname="org.joda.time.TestTimeOfDay_Basics" time="0.001"/>
  <testcase name="testWithField41136" classname="org.joda.time.TestTimeOfDay_Basics" time="0.004"/>
  <testcase name="testMinus_RP1138" classname="org.joda.time.TestTimeOfDay_Basics" time="0.004"/>
  <testcase name="testWithChronologyRetainFields_sameChrono1134" classname="org.joda.time.TestTimeOfDay_Basics" time="0.001"/>
  <testcase name="testWithChronologyRetainFields_Chrono1132" classname="org.joda.time.TestTimeOfDay_Basics" time="0"/>
  <testcase name="testConstructor2_Object_Chronology1116" classname="org.joda.time.TestTimeOfDay_Constructors" time="0.001"/>
  <testcase name="testFactory_FromCalendarFields1120" classname="org.joda.time.TestTimeOfDay_Constructors" time="0"/>
  <testcase name="testFactory_FromDateFields_after19701121" classname="org.joda.time.TestTimeOfDay_Constructors" time="0.001"/>
  <testcase name="testFactory_FromDateFields_null1122" classname="org.joda.time.TestTimeOfDay_Constructors" time="0"/>
  <testcase name="testFactoryMillisOfDay_long11123" classname="org.joda.time.TestTimeOfDay_Constructors" time="0.004"/>
  <testcase name="testConstructor1124" classname="org.joda.time.TestTimeOfDay_Constructors" time="0"/>
  <testcase name="testConstructor_DateTimeZone1125" classname="org.joda.time.TestTimeOfDay_Constructors" time="0"/>
  <testcase name="testConstructor_long2_Chronology1127" classname="org.joda.time.TestTimeOfDay_Constructors" time="0"/>
  <testcase name="testConstructor_Object_nullChronology1128" classname="org.joda.time.TestTimeOfDay_Constructors" time="0"/>
  <testcase name="testConstructor_int_int1129" classname="org.joda.time.TestTimeOfDay_Constructors" time="0"/>
  <testcase name="testConstructor_int_int_int1130" classname="org.joda.time.TestTimeOfDay_Constructors" time="0"/>
  <testcase name="testConstructor_ObjectString21115" classname="org.joda.time.TestTimeOfDay_Constructors" time="0"/>
  <testcase name="testPropertyGetMaxMinValuesSecond1145" classname="org.joda.time.TestTimeOfDay_Properties" time="0.001"/>
  <testcase name="testPropertySetMinute1131" classname="org.joda.time.TestTimeOfDay_Properties" time="0"/>
  <testcase name="testPropertyWithMinimumValueHour1150" classname="org.joda.time.TestTimeOfDay_Properties" time="0.001"/>
  <testcase name="testPropertySetTextHour1144" classname="org.joda.time.TestTimeOfDay_Properties" time="0"/>
  <testcase name="testPropertyAddNoWrapMilli1147" classname="org.joda.time.TestTimeOfDay_Properties" time="0.198"/>
  <testcase name="testPropertyAddWrapFieldHour1148" classname="org.joda.time.TestTimeOfDay_Properties" time="0"/>
  <testcase name="testPropertyWithMaximumValueHour1149" classname="org.joda.time.TestTimeOfDay_Properties" time="0.001"/>
  <testcase name="testGet3" classname="org.joda.time.TestYearMonthDay_Basics" time="0"/>
  <testcase name="testWithers37" classname="org.joda.time.TestYearMonthDay_Basics" time="0.001"/>
  <testcase name="testPlus_RP29" classname="org.joda.time.TestYearMonthDay_Basics" time="0"/>
  <testcase name="testWithField322" classname="org.joda.time.TestYearMonthDay_Basics" time="0.001"/>
  <testcase name="testToDateTimeAtMidnight33" classname="org.joda.time.TestYearMonthDay_Basics" time="0"/>
  <testcase name="testToDateTimeAtCurrentTime35" classname="org.joda.time.TestYearMonthDay_Basics" time="0.001"/>
  <testcase name="testToDateMidnight36" classname="org.joda.time.TestYearMonthDay_Basics" time="0"/>
  <testcase name="testToDateTime_TOD_nullZone812" classname="org.joda.time.TestYearMonthDay_Basics" time="0.001"/>
  <testcase name="testCompareTo1406" classname="org.joda.time.TestYearMonthDay_Basics" time="0.001"/>
  <testcase name="testGetField18" classname="org.joda.time.TestYearMonthDay_Basics" time="0"/>
  <testcase name="testWithField127" classname="org.joda.time.TestYearMonthDay_Basics" time="0.001"/>
  <testcase name="testWithChronologyRetainFields_sameChrono25" classname="org.joda.time.TestYearMonthDay_Basics" time="0"/>
  <testcase name="testWithField426" classname="org.joda.time.TestYearMonthDay_Basics" time="0.001"/>
  <testcase name="testToDateTimeAtMidnight_nullZone34" classname="org.joda.time.TestYearMonthDay_Basics" time="0"/>
  <testcase name="testProperty32" classname="org.joda.time.TestYearMonthDay_Basics" time="0.001"/>
  <testcase name="testEqualsHashCode7" classname="org.joda.time.TestYearMonthDay_Basics" time="0.001"/>
  <testcase name="testIsBefore_YMD9" classname="org.joda.time.TestYearMonthDay_Basics" time="0.002"/>
  <testcase name="testGetFieldTypes24" classname="org.joda.time.TestYearMonthDay_Basics" time="0"/>
  <testcase name="testMinusMonths_int28" classname="org.joda.time.TestYearMonthDay_Basics" time="0"/>
  <testcase name="testPlusDays_int30" classname="org.joda.time.TestYearMonthDay_Basics" time="0"/>
  <testcase name="testMinusYears_int31" classname="org.joda.time.TestYearMonthDay_Basics" time="0.001"/>
  <testcase name="testConstructor_ObjectString320" classname="org.joda.time.TestYearMonthDay_Constructors" time="0"/>
  <testcase name="testFactory_FromCalendarFields16" classname="org.joda.time.TestYearMonthDay_Constructors" time="0.001"/>
  <testcase name="testConstructor_Object_Chronology21" classname="org.joda.time.TestYearMonthDay_Constructors" time="0"/>
  <testcase name="testFactory_FromDateFields17" classname="org.joda.time.TestYearMonthDay_Constructors" time="0.001"/>
  <testcase name="testPropertySetMonth23" classname="org.joda.time.TestYearMonthDay_Properties" time="0.001"/>
  <testcase name="testPropertyGetMaxMinValuesDay38" classname="org.joda.time.TestYearMonthDay_Properties" time="0"/>
  <testcase name="testPropertyWithMinimumValueDayOfMonth43" classname="org.joda.time.TestYearMonthDay_Properties" time="0"/>
  <testcase name="testPropertyGetMonth39" classname="org.joda.time.TestYearMonthDay_Properties" time="0.001"/>
  <testcase name="testPropertyAddYear40" classname="org.joda.time.TestYearMonthDay_Properties" time="0"/>
  <testcase name="testPropertyAddWrapFieldYear41" classname="org.joda.time.TestYearMonthDay_Properties" time="0.001"/>
  <testcase name="testPropertySetTextDay42" classname="org.joda.time.TestYearMonthDay_Properties" time="0"/>
  <testcase name="testPropertyEqualsHashCodeStrict477" classname="org.joda.time.TestYearMonthDay_Properties" time="0"/>
  <testcase name="testPropertyAddMonth411" classname="org.joda.time.TestYearMonthDay_Properties" time="0.001"/>
  <testcase name="testWithers337" classname="org.joda.time.TestYearMonth_Basics" time="0"/>
  <testcase name="testWithField334" classname="org.joda.time.TestYearMonth_Basics" time="0.001"/>
  <testcase name="testProperty338" classname="org.joda.time.TestYearMonth_Basics" time="0.001"/>
  <testcase name="testWithField_same333" classname="org.joda.time.TestYearMonth_Basics" time="0"/>
  <testcase name="testMinusYears_int335" classname="org.joda.time.TestYearMonth_Basics" time="0"/>
  <testcase name="testWithChronologyRetainFields_invalidInNewChrono329" classname="org.joda.time.TestYearMonth_Basics" time="0.001"/>
  <testcase name="testToString340" classname="org.joda.time.TestYearMonth_Basics" time="0"/>
  <testcase name="testCompareTo10" classname="org.joda.time.TestYearMonth_Basics" time="0.001"/>
  <testcase name="testIsAfter_YM12" classname="org.joda.time.TestYearMonth_Basics" time="0"/>
  <testcase name="testMinusMonths_int336" classname="org.joda.time.TestYearMonth_Basics" time="0"/>
  <testcase name="testToString_String341" classname="org.joda.time.TestYearMonth_Basics" time="0.001"/>
  <testcase name="testToString_String_Locale342" classname="org.joda.time.TestYearMonth_Basics" time="0"/>
  <testcase name="testSerialization330" classname="org.joda.time.TestYearMonth_Basics" time="0.002"/>
  <testcase name="testWithChronologyRetainFields_sameChrono332" classname="org.joda.time.TestYearMonth_Basics" time="0"/>
  <testcase name="testGetField331" classname="org.joda.time.TestYearMonth_Basics" time="0.001"/>
  <testcase name="testConstructor_Chronology322" classname="org.joda.time.TestYearMonth_Constructors" time="0"/>
  <testcase name="testParse_noFormatter323" classname="org.joda.time.TestYearMonth_Constructors" time="0.001"/>
  <testcase name="testFactory_FromDateFields325" classname="org.joda.time.TestYearMonth_Constructors" time="0"/>
  <testcase name="testConstructor_nullChronology326" classname="org.joda.time.TestYearMonth_Constructors" time="0"/>
  <testcase name="testConstructor_long1_Chronology327" classname="org.joda.time.TestYearMonth_Constructors" time="0"/>
  <testcase name="testConstructor_Object_nullChronology328" classname="org.joda.time.TestYearMonth_Constructors" time="0"/>
  <testcase name="testParse_formatter1104" classname="org.joda.time.TestYearMonth_Constructors" time="0"/>
  <testcase name="testConstructor_int_int_Chronology1340" classname="org.joda.time.TestYearMonth_Constructors" time="0.001"/>
  <testcase name="testConstructor_DateTimeZone321" classname="org.joda.time.TestYearMonth_Constructors" time="0"/>
  <testcase name="testFactory_FromCalendarFields324" classname="org.joda.time.TestYearMonth_Constructors" time="0"/>
  <testcase name="testConstructor320" classname="org.joda.time.TestYearMonth_Constructors" time="0.001"/>
  <testcase name="testPropertyEquals404" classname="org.joda.time.TestYearMonth_Properties" time="0"/>
  <testcase name="testPropertySetTextYear339" classname="org.joda.time.TestYearMonth_Properties" time="0"/>
  <testcase name="testPropertyAddMonth344" classname="org.joda.time.TestYearMonth_Properties" time="0.001"/>
  <testcase name="testPropertyAddWrapFieldMonth345" classname="org.joda.time.TestYearMonth_Properties" time="0"/>
  <testcase name="testPropertyEqualsHashCodeLenient343" classname="org.joda.time.TestYearMonth_Properties" time="0.001"/>
  <testcase name="testWithers379" classname="org.joda.time.TestMonthDay_Basics" time="0.001"/>
  <testcase name="testProperty403" classname="org.joda.time.TestMonthDay_Basics" time="0.001"/>
  <testcase name="testMinus_RP1264" classname="org.joda.time.TestMonthDay_Basics" time="0"/>
  <testcase name="testGetField1259" classname="org.joda.time.TestMonthDay_Basics" time="0.001"/>
  <testcase name="testEqualsHashCode435" classname="org.joda.time.TestMonthDay_Basics" time="0.001"/>
  <testcase name="testSize1254" classname="org.joda.time.TestMonthDay_Basics" time="0"/>
  <testcase name="testToString_String479" classname="org.joda.time.TestMonthDay_Basics" time="0"/>
  <testcase name="testSerialization1258" classname="org.joda.time.TestMonthDay_Basics" time="0.002"/>
  <testcase name="testWithField_same1261" classname="org.joda.time.TestMonthDay_Basics" time="0"/>
  <testcase name="testPlusDays_same1263" classname="org.joda.time.TestMonthDay_Basics" time="0"/>
  <testcase name="testPlusMonths_int_wrap1266" classname="org.joda.time.TestMonthDay_Basics" time="0"/>
  <testcase name="testToLocalDate1267" classname="org.joda.time.TestMonthDay_Basics" time="0.001"/>
  <testcase name="testPlusDays_int4" classname="org.joda.time.TestMonthDay_Basics" time="0"/>
  <testcase name="testWithChronologyRetainFields_sameChrono1260" classname="org.joda.time.TestMonthDay_Basics" time="0.001"/>
  <testcase name="testWithFieldAdded_unknownField1262" classname="org.joda.time.TestMonthDay_Basics" time="0"/>
  <testcase name="testPlus_RP1265" classname="org.joda.time.TestMonthDay_Basics" time="0.001"/>
  <testcase name="testConstructor_Chronology1251" classname="org.joda.time.TestMonthDay_Constructors" time="0"/>
  <testcase name="testConstructor_Object1256" classname="org.joda.time.TestMonthDay_Constructors" time="0"/>
  <testcase name="testConstructor_Object_Chronology1257" classname="org.joda.time.TestMonthDay_Constructors" time="0.001"/>
  <testcase name="testConstructor_int_int_nullChronology1268" classname="org.joda.time.TestMonthDay_Constructors" time="0"/>
  <testcase name="testConstructor_DateTimeZone1250" classname="org.joda.time.TestMonthDay_Constructors" time="0.001"/>
  <testcase name="testFactory_FromCalendarFields1252" classname="org.joda.time.TestMonthDay_Constructors" time="0"/>
  <testcase name="testFactory_FromDateFields1253" classname="org.joda.time.TestMonthDay_Constructors" time="0.001"/>
  <testcase name="testConstructor_long_nullChronology1255" classname="org.joda.time.TestMonthDay_Constructors" time="0"/>
  <testcase name="testPropertySetMonthOfYear1271" classname="org.joda.time.TestMonthDay_Properties" time="0.001"/>
  <testcase name="testPropertyAddWrapFieldMonthOfYear1270" classname="org.joda.time.TestMonthDay_Properties" time="0"/>
  <testcase name="testPropertyAddMonthOfYear413" classname="org.joda.time.TestMonthDay_Properties" time="0"/>
  <testcase name="testPropertyGetDayOfMonth1269" classname="org.joda.time.TestMonthDay_Properties" time="0.001"/>
  <testcase name="testPropertyAddWrapFieldDayOfMonth380" classname="org.joda.time.TestMonthDay_Properties" time="0.001"/>
  <testcase name="testMinus_RP643" classname="org.joda.time.TestPartial_Basics" time="0"/>
  <testcase name="testToString5647" classname="org.joda.time.TestPartial_Basics" time="0.001"/>
  <testcase name="testWith2633" classname="org.joda.time.TestPartial_Basics" time="0"/>
  <testcase name="testWith3f621" classname="org.joda.time.TestPartial_Basics" time="0.001"/>
  <testcase name="testToString2620" classname="org.joda.time.TestPartial_Basics" time="0"/>
  <testcase name="testPlus_RP644" classname="org.joda.time.TestPartial_Basics" time="0"/>
  <testcase name="testCompareTo11" classname="org.joda.time.TestPartial_Basics" time="0.001"/>
  <testcase name="testWith_argHasNoRange634" classname="org.joda.time.TestPartial_Basics" time="0"/>
  <testcase name="testWithField2635" classname="org.joda.time.TestPartial_Basics" time="0.001"/>
  <testcase name="testWithField1636" classname="org.joda.time.TestPartial_Basics" time="0"/>
  <testcase name="testWithField4637" classname="org.joda.time.TestPartial_Basics" time="0.001"/>
  <testcase name="testWithFieldAdded1638" classname="org.joda.time.TestPartial_Basics" time="0"/>
  <testcase name="testWithFieldAdded4639" classname="org.joda.time.TestPartial_Basics" time="0"/>
  <testcase name="testWithFieldAddWrapped5640" classname="org.joda.time.TestPartial_Basics" time="0.001"/>
  <testcase name="testWithFieldAddWrapped8641" classname="org.joda.time.TestPartial_Basics" time="0"/>
  <testcase name="testWithFieldAddWrapped4642" classname="org.joda.time.TestPartial_Basics" time="0.001"/>
  <testcase name="testWithChronologyRetainFields_Chrono631" classname="org.joda.time.TestPartial_Basics" time="0"/>
  <testcase name="testWithChronologyRetainFields_sameChrono632" classname="org.joda.time.TestPartial_Basics" time="0"/>
  <testcase name="testGetFormatter1630" classname="org.joda.time.TestPartial_Basics" time="0.001"/>
  <testcase name="testToString_String648" classname="org.joda.time.TestPartial_Basics" time="0"/>
  <testcase name="testToString_String_Locale649" classname="org.joda.time.TestPartial_Basics" time="0.001"/>
  <testcase name="testToString41107" classname="org.joda.time.TestPartial_Basics" time="0"/>
  <testcase name="testConstructor2_TypeArray_intArray625" classname="org.joda.time.TestPartial_Constructors" time="0"/>
  <testcase name="testConstructorEx3_TypeArray_intArray624" classname="org.joda.time.TestPartial_Constructors" time="0.001"/>
  <testcase name="testConstructor_Type_int419" classname="org.joda.time.TestPartial_Constructors" time="0"/>
  <testcase name="testConstructorEx_Partial628" classname="org.joda.time.TestPartial_Constructors" time="0"/>
  <testcase name="testConstructor_Partial629" classname="org.joda.time.TestPartial_Constructors" time="0"/>
  <testcase name="testConstructorEx6_TypeArray_intArray626" classname="org.joda.time.TestPartial_Constructors" time="0.001"/>
  <testcase name="testConstructorEx8_TypeArray_intArray627" classname="org.joda.time.TestPartial_Constructors" time="0"/>
  <testcase name="testConstructorEx1_TypeArray_intArray623" classname="org.joda.time.TestPartial_Constructors" time="0"/>
  <testcase name="testConstructorEx_Type_int_Chrono622" classname="org.joda.time.TestPartial_Constructors" time="0.001"/>
  <testcase name="testConstructor_TypeArray_intArray_Chrono418" classname="org.joda.time.TestPartial_Constructors" time="0"/>
  <testcase name="testPropertyWithMinimumValueHour402" classname="org.joda.time.TestPartial_Properties" time="0.001"/>
  <testcase name="testPropertyAddMinute650" classname="org.joda.time.TestPartial_Properties" time="0.001"/>
  <testcase name="testPropertyAddWrapFieldHour651" classname="org.joda.time.TestPartial_Properties" time="0"/>
  <testcase name="testPropertyWithMaximumValueHour653" classname="org.joda.time.TestPartial_Properties" time="0.001"/>
  <testcase name="testPropertySetTextMinute652" classname="org.joda.time.TestPartial_Properties" time="0"/>
  <testcase name="testIsMatch_Partial646" classname="org.joda.time.TestPartial_Match" time="0.001"/>
  <testcase name="testIsMatch_Instant645" classname="org.joda.time.TestPartial_Match" time="0"/>
  <testcase name="testGetValues2" classname="org.joda.time.TestAbstractPartial" time="0.001"/>
  <testcase name="testGetFieldType1" classname="org.joda.time.TestAbstractPartial" time="0"/>
  <testcase name="warning" classname="junit.framework.TestSuite$1" time="0.009">
    <failure message="No tests found in org.joda.time.TestBasePartial" type="junit.framework.AssertionFailedError">junit.framework.AssertionFailedError: No tests found in org.joda.time.TestBasePartial
	at junit.framework.Assert.fail(Assert.java:47)
	at junit.framework.TestSuite$1.runTest(TestSuite.java:90)
	at junit.framework.TestCase.runBare(TestCase.java:130)
	at junit.framework.TestResult$1.protect(TestResult.java:106)
	at junit.framework.TestResult.runProtected(TestResult.java:124)
	at junit.framework.TestResult.run(TestResult.java:109)
	at junit.framework.TestCase.run(TestCase.java:120)
	at junit.framework.TestSuite.runTest(TestSuite.java:230)
	at junit.framework.TestSuite.run(TestSuite.java:225)
	at junit.framework.TestSuite.runTest(TestSuite.java:230)
	at junit.framework.TestSuite.run(TestSuite.java:225)
	at junit.framework.TestSuite.runTest(TestSuite.java:230)
	at junit.framework.TestSuite.run(TestSuite.java:225)
	at sun.reflect.NativeMethodAccessorImpl.invoke0(Native Method)
	at sun.reflect.NativeMethodAccessorImpl.invoke(NativeMethodAccessorImpl.java:62)
	at sun.reflect.DelegatingMethodAccessorImpl.invoke(DelegatingMethodAccessorImpl.java:43)
	at java.lang.reflect.Method.invoke(Method.java:498)
	at org.apache.maven.surefire.junit.JUnitTestSet.execute(JUnitTestSet.java:95)
	at org.apache.maven.surefire.junit.JUnit3Provider.executeTestSet(JUnit3Provider.java:131)
	at org.apache.maven.surefire.junit.JUnit3Provider.invoke(JUnit3Provider.java:108)
	at org.apache.maven.surefire.booter.ForkedBooter.invokeProviderInSameClassLoader(ForkedBooter.java:200)
	at org.apache.maven.surefire.booter.ForkedBooter.runSuitesInProcess(ForkedBooter.java:153)
	at org.apache.maven.surefire.booter.ForkedBooter.main(ForkedBooter.java:103)
</failure>
  </testcase>
  <testcase name="testStaticGetInstanceLower460" classname="org.joda.time.TestDateTimeComparator" time="0.001"/>
  <testcase name="testStaticGetDateOnlyInstance461" classname="org.joda.time.TestDateTimeComparator" time="0"/>
  <testcase name="testMinute462" classname="org.joda.time.TestDateTimeComparator" time="0"/>
  <testcase name="testListWOW463" classname="org.joda.time.TestDateTimeComparator" time="0"/>
  <testcase name="testSerialization2464" classname="org.joda.time.TestDateTimeComparator" time="0"/>
  <testcase name="testStaticGetTimeOnlyInstance465" classname="org.joda.time.TestDateTimeComparator" time="0"/>
  <testcase name="testListYOYY540" classname="org.joda.time.TestDateTimeComparator" time="0.001"/>
  <testcase name="testMonth1213" classname="org.joda.time.TestDateTimeComparator" time="0.001"/>
  <testcase name="testStaticGetInstance459" classname="org.joda.time.TestDateTimeComparator" time="0"/>
  <testcase name="testConstructor911" classname="org.joda.time.TestDateTimeConstants" time="0.002"/>
  <testcase name="testGetInstantMillis_RI771" classname="org.joda.time.TestDateTimeUtils" time="0"/>
  <testcase name="testIsContiguous_RP_GJChronology117" classname="org.joda.time.TestDateTimeUtils" time="0.002"/>
  <testcase name="testClass769" classname="org.joda.time.TestDateTimeUtils" time="0"/>
  <testcase name="testGetIntervalChronology_RI_RI774" classname="org.joda.time.TestDateTimeUtils" time="0.002"/>
  <testcase name="testGetReadableInterval_ReadableInterval775" classname="org.joda.time.TestDateTimeUtils" time="0"/>
  <testcase name="testOffsetMillis770" classname="org.joda.time.TestDateTimeUtils" time="0.001"/>
  <testcase name="testMillisProvider_null772" classname="org.joda.time.TestDateTimeUtils" time="0"/>
  <testcase name="testMillisProvider773" classname="org.joda.time.TestDateTimeUtils" time="0.002"/>
  <testcase name="testGetZone_Zone776" classname="org.joda.time.TestDateTimeUtils" time="0"/>
  <testcase name="test_julianDay777" classname="org.joda.time.TestDateTimeUtils" time="0.008"/>
  <testcase name="testGetIntervalChronology_RInterval548" classname="org.joda.time.TestDateTimeUtils" time="0"/>
  <testcase name="testPatchedNameKeysLondon240" classname="org.joda.time.TestDateTimeZone" time="0"/>
  <testcase name="testProvider795" classname="org.joda.time.TestDateTimeZone" time="0.01"/>
  <testcase name="testConstructor798" classname="org.joda.time.TestDateTimeZone" time="0.001"/>
  <testcase name="testGetShortNameNullKey799" classname="org.joda.time.TestDateTimeZone" time="0"/>
  <testcase name="testGetNameNullKey800" classname="org.joda.time.TestDateTimeZone" time="0"/>
  <testcase name="testGetOffset_RI801" classname="org.joda.time.TestDateTimeZone" time="0.001"/>
  <testcase name="testGetMillisKeepLocal805" classname="org.joda.time.TestDateTimeZone" time="0"/>
  <testcase name="testToTimeZone807" classname="org.joda.time.TestDateTimeZone" time="0"/>
  <testcase name="testGetShortNameProviderName1387" classname="org.joda.time.TestDateTimeZone" time="0.001"/>
  <testcase name="testPatchedNameKeysSydneyHistoric1388" classname="org.joda.time.TestDateTimeZone" time="0.001"/>
  <testcase name="testForTimeZone_TimeZone792" classname="org.joda.time.TestDateTimeZone" time="0.002"/>
  <testcase name="testForOffsetMillis_int793" classname="org.joda.time.TestDateTimeZone" time="0"/>
  <testcase name="testGetAvailableIDs794" classname="org.joda.time.TestDateTimeZone" time="0.001"/>
  <testcase name="testNameProvider_badClassName796" classname="org.joda.time.TestDateTimeZone" time="0.003"/>
  <testcase name="testNameProvider797" classname="org.joda.time.TestDateTimeZone" time="0.001"/>
  <testcase name="testProvider_badClassName613" classname="org.joda.time.TestDateTimeZone" time="0.002"/>
  <testcase name="testSerialization2615" classname="org.joda.time.TestDateTimeZone" time="0.003"/>
  <testcase name="testForOffsetHoursMinutes_int_int791" classname="org.joda.time.TestDateTimeZone" time="0.001"/>
  <testcase name="testIsFixed243" classname="org.joda.time.TestDateTimeZone" time="0"/>
  <testcase name="test_DateTime_parse_Turk808" classname="org.joda.time.TestDateTimeZoneCutover" time="0.001"/>
  <testcase name="test_DateTime_roundCeiling_day_NewYork_Spring_postCutover935" classname="org.joda.time.TestDateTimeZoneCutover" time="0.001"/>
  <testcase name="test_DateTime_parse_Gaza937" classname="org.joda.time.TestDateTimeZoneCutover" time="0.001"/>
  <testcase name="testPlusMillisInDstChange569" classname="org.joda.time.TestDateTimeZoneCutover" time="0.001"/>
  <testcase name="test_DateTime_setHourForward_NewYork_Spring804" classname="org.joda.time.TestDateTimeZoneCutover" time="0.001"/>
  <testcase name="testBug3192457_adjustOffset806" classname="org.joda.time.TestDateTimeZoneCutover" time="0.001"/>
  <testcase name="test_DateTime_setHourForward_Moscow_Spring938" classname="org.joda.time.TestDateTimeZoneCutover" time="0"/>
  <testcase name="test_MutableDateTime_withZoneRetainFields_Gaza1010" classname="org.joda.time.TestDateTimeZoneCutover" time="0.001"/>
  <testcase name="testPlusSecondsInDstChange567" classname="org.joda.time.TestDateTimeZoneCutover" time="0.001"/>
  <testcase name="testWithMinuteOfHourInDstChange_mockZone592" classname="org.joda.time.TestDateTimeZoneCutover" time="0.001"/>
  <testcase name="test_getOffsetFromLocal_Moscow_Autumn_overlap_mins245" classname="org.joda.time.TestDateTimeZoneCutover" time="0.003"/>
  <testcase name="testWithMillisOfSecondInDstChange_NewYork_summer593" classname="org.joda.time.TestDateTimeZoneCutover" time="0.001"/>
  <testcase name="test_LocalDate_toDateMidnight_Gaza694" classname="org.joda.time.TestDateTimeZoneCutover" time="0.001"/>
  <testcase name="test_DateTime_setHourAcross_NewYork_Spring803" classname="org.joda.time.TestDateTimeZoneCutover" time="0"/>
  <testcase name="test_DateTime_roundCeiling_hour_NewYork_Spring_preCutover609" classname="org.joda.time.TestDateTimeZoneCutover" time="0.001"/>
  <testcase name="test_LocalDate_new_Turk692" classname="org.joda.time.TestDateTimeZoneCutover" time="0"/>
  <testcase name="test_DateTime_withDay_Turk590" classname="org.joda.time.TestDateTimeZoneCutover" time="0.001"/>
  <testcase name="testBug2182444_ausNSW591" classname="org.joda.time.TestDateTimeZoneCutover" time="0.001"/>
  <testcase name="test_DateTime_plusDayMidGap_Turk563" classname="org.joda.time.TestDateTimeZoneCutover" time="0"/>
  <testcase name="test_DateTime_JustAfterLastEverOverlap237" classname="org.joda.time.TestDateTimeZoneCutover" time="0.004"/>
  <testcase name="testPeriod802" classname="org.joda.time.TestDateTimeZoneCutover" time="0.001"/>
  <testcase name="test_DateTime_roundFloor_hour_NewYork_Spring_postCutover244" classname="org.joda.time.TestDateTimeZoneCutover" time="0"/>
  <testcase name="test_DateTime_minusHour_NewYork_Autumn577" classname="org.joda.time.TestDateTimeZoneCutover" time="0.001"/>
  <testcase name="testEquals768" classname="org.joda.time.TestPeriodType" time="0"/>
  <testcase name="testMaskMinutes766" classname="org.joda.time.TestPeriodType" time="0.002"/>
  <testcase name="testMaskMillis767" classname="org.joda.time.TestPeriodType" time="0.001"/>
  <testcase name="testYearDayTime750" classname="org.joda.time.TestPeriodType" time="0.001"/>
  <testcase name="testIsSupported764" classname="org.joda.time.TestPeriodType" time="0"/>
  <testcase name="testForFields2763" classname="org.joda.time.TestPeriodType" time="0.001"/>
  <testcase name="testForFields7761" classname="org.joda.time.TestPeriodType" time="0"/>
  <testcase name="testForFields5762" classname="org.joda.time.TestPeriodType" time="0.001"/>
  <testcase name="testForFields6760" classname="org.joda.time.TestPeriodType" time="0"/>
  <testcase name="testForFields1758" classname="org.joda.time.TestPeriodType" time="0.001"/>
  <testcase name="testMaskYears765" classname="org.joda.time.TestPeriodType" time="0.001"/>
  <testcase name="testDays757" classname="org.joda.time.TestPeriodType" time="0"/>
  <testcase name="testWeeks756" classname="org.joda.time.TestPeriodType" time="0.001"/>
  <testcase name="testYears755" classname="org.joda.time.TestPeriodType" time="0.001"/>
  <testcase name="testYearDay751" classname="org.joda.time.TestPeriodType" time="0.001"/>
  <testcase name="testYearWeekDayTime747" classname="org.joda.time.TestPeriodType" time="0.001"/>
  <testcase name="testYearWeekDay749" classname="org.joda.time.TestPeriodType" time="0.001"/>
  <testcase name="testYearMonthDay746" classname="org.joda.time.TestPeriodType" time="0"/>
  <testcase name="test_subtract1383" classname="org.joda.time.TestDurationField" time="0.001"/>
  <testcase name="testYears664" classname="org.joda.time.TestStringConvert" time="0.018"/>
  <testcase name="testWeeks515" classname="org.joda.time.TestStringConvert" time="0.001"/>
  <testcase name="testDuration202" classname="org.joda.time.TestStringConvert" time="0.001"/>
  <testcase name="testMonthDay_leapDay1112" classname="org.joda.time.TestStringConvert" time="0.001"/>
  <testcase name="testHours1070" classname="org.joda.time.TestStringConvert" time="0.001"/>
  <testcase name="testMinutes892" classname="org.joda.time.TestStringConvert" time="0"/>
  <testcase name="testPeriod50" classname="org.joda.time.TestStringConvert" time="0.001"/>
  <testcase name="testSeconds498" classname="org.joda.time.TestStringConvert" time="0.001"/>
  <testcase name="testDateTime533" classname="org.joda.time.TestStringConvert" time="0.002"/>
  <testcase name="testMonthDay1214" classname="org.joda.time.TestStringConvert" time="0.001"/>
  <testcase name="testMutableDateTime1395" classname="org.joda.time.TestStringConvert" time="0.001"/>
  <testcase name="testDateMidnight1428" classname="org.joda.time.TestStringConvert" time="0.002"/>
  <testcase name="testSerializedLocalTime950" classname="org.joda.time.TestSerialization" time="0.002"/>
  <testcase name="testSerializedLocalDateTime1284" classname="org.joda.time.TestSerialization" time="0.002"/>
  <testcase name="testSerializedDateMidnightProperty1459" classname="org.joda.time.TestSerialization" time="0.003"/>
  <testcase name="testSerializedCopticChronology279" classname="org.joda.time.TestSerialization" time="0.004"/>
  <testcase name="testSerializedJulianChronology389" classname="org.joda.time.TestSerialization" time="0.003"/>
  <testcase name="testSerializedBuddhistChronology399" classname="org.joda.time.TestSerialization" time="0.006"/>
  <testcase name="testSerializedDateTimeProperty605" classname="org.joda.time.TestSerialization" time="0.002"/>
  <testcase name="testSerializedGregorianChronology898" classname="org.joda.time.TestSerialization" time="0.003"/>
  <testcase name="testSerializedISOChronology266" classname="org.joda.time.TestSerialization" time="0"/>
  <testcase name="testSerializedGJChronology105" classname="org.joda.time.TestSerialization" time="0.004"/>
  <testcase name="testSerializedUnsupportedDateTimeField922" classname="org.joda.time.TestSerialization" time="0.002"/>
  <testcase name="testSerializedDateTimeFieldType1369" classname="org.joda.time.TestSerialization" time="0.001"/>
  <testcase name="testSerializedPeriodType752" classname="org.joda.time.TestSerialization" time="0.002"/>
  <testcase name="testVerifyValueBounds427" classname="org.joda.time.TestIllegalFieldValueException" time="0"/>
  <testcase name="testSetText745" classname="org.joda.time.TestIllegalFieldValueException" time="0"/>
  <testcase name="testGJCutover108" classname="org.joda.time.TestIllegalFieldValueException" time="0.001"/>
  <testcase name="testSkipDateTimeField940" classname="org.joda.time.TestIllegalFieldValueException" time="0"/>
  <testcase name="testOtherConstructors941" classname="org.joda.time.TestIllegalFieldValueException" time="0"/>
  <testcase name="testToString401" classname="org.joda.time.chrono.TestBuddhistChronology" time="0"/>
  <testcase name="testWithZone400" classname="org.joda.time.chrono.TestBuddhistChronology" time="0.001"/>
  <testcase name="testTimeFields396" classname="org.joda.time.chrono.TestBuddhistChronology" time="0"/>
  <testcase name="testDurationFields398" classname="org.joda.time.chrono.TestBuddhistChronology" time="0.002"/>
  <testcase name="testWithUTC395" classname="org.joda.time.chrono.TestBuddhistChronology" time="0"/>
  <testcase name="testEra386" classname="org.joda.time.chrono.TestBuddhistChronology" time="0.001"/>
  <testcase name="testKeyYears135" classname="org.joda.time.chrono.TestBuddhistChronology" time="0.001"/>
  <testcase name="testFactory_Zone397" classname="org.joda.time.chrono.TestBuddhistChronology" time="0"/>
  <testcase name="testEquality276" classname="org.joda.time.chrono.TestCopticChronology" time="0"/>
  <testcase name="testSampleDate280" classname="org.joda.time.chrono.TestCopticChronology" time="0.001"/>
  <testcase name="testFactory_Zone277" classname="org.joda.time.chrono.TestCopticChronology" time="0.001"/>
  <testcase name="testDurationFields278" classname="org.joda.time.chrono.TestCopticChronology" time="0"/>
  <testcase name="testDurationMonth500" classname="org.joda.time.chrono.TestCopticChronology" time="0.001"/>
  <testcase name="testFactoryUTC275" classname="org.joda.time.chrono.TestCopticChronology" time="0"/>
  <testcase name="testCalendar741" classname="org.joda.time.chrono.TestEthiopicChronology" time="3.479"/>
  <testcase name="testDurationMonth273" classname="org.joda.time.chrono.TestEthiopicChronology" time="0.001"/>
  <testcase name="testWithUTC739" classname="org.joda.time.chrono.TestEthiopicChronology" time="0.002"/>
  <testcase name="testFactory_Zone740" classname="org.joda.time.chrono.TestEthiopicChronology" time="0.001"/>
  <testcase name="testSampleDateWithZone742" classname="org.joda.time.chrono.TestEthiopicChronology" time="0"/>
  <testcase name="testLeapYearRulesConstructionInvalid100" classname="org.joda.time.chrono.TestGJChronology" time="0.001"/>
  <testcase name="testPartialGetAsText107" classname="org.joda.time.chrono.TestGJChronology" time="0.001"/>
  <testcase name="testTimeOfDayAdd110" classname="org.joda.time.chrono.TestGJChronology" time="0.007"/>
  <testcase name="testCutoverAddYears111" classname="org.joda.time.chrono.TestGJChronology" time="0.008"/>
  <testcase name="testCutoverAddMonths116" classname="org.joda.time.chrono.TestGJChronology" time="0.008"/>
  <testcase name="testToString104" classname="org.joda.time.chrono.TestGJChronology" time="0.001"/>
  <testcase name="testLeapYearRulesConstruction101" classname="org.joda.time.chrono.TestGJChronology" time="0"/>
  <testcase name="testIllegalDates102" classname="org.joda.time.chrono.TestGJChronology" time="0"/>
  <testcase name="testFactory_Zone_RI97" classname="org.joda.time.chrono.TestGJChronology" time="0.001"/>
  <testcase name="testCutoverAddWeekyears106" classname="org.joda.time.chrono.TestGJChronology" time="0.002"/>
  <testcase name="testMaximumValue238" classname="org.joda.time.chrono.TestGregorianChronology" time="0.001"/>
  <testcase name="testFactory_Zone_int897" classname="org.joda.time.chrono.TestGregorianChronology" time="0.001"/>
  <testcase name="testEquality895" classname="org.joda.time.chrono.TestGregorianChronology" time="0"/>
  <testcase name="testToString810" classname="org.joda.time.chrono.TestGregorianChronology" time="0"/>
  <testcase name="testWithZone899" classname="org.joda.time.chrono.TestGregorianChronology" time="0.001"/>
  <testcase name="testFactory_Zone896" classname="org.joda.time.chrono.TestGregorianChronology" time="0"/>
  <testcase name="testToString91" classname="org.joda.time.chrono.TestIslamicChronology" time="0"/>
  <testcase name="testSampleDateWithZone93" classname="org.joda.time.chrono.TestIslamicChronology" time="0.001"/>
  <testcase name="testWithUTC89" classname="org.joda.time.chrono.TestIslamicChronology" time="0"/>
  <testcase name="testCalendar95" classname="org.joda.time.chrono.TestIslamicChronology" time="8.435"/>
  <testcase name="testWithZone92" classname="org.joda.time.chrono.TestIslamicChronology" time="0"/>
  <testcase name="testFactoryUTC88" classname="org.joda.time.chrono.TestIslamicChronology" time="0.001"/>
  <testcase name="testFactory_Zone90" classname="org.joda.time.chrono.TestIslamicChronology" time="0"/>
  <testcase name="testEpoch94" classname="org.joda.time.chrono.TestIslamicChronology" time="0"/>
  <testcase name="testSampleDate296" classname="org.joda.time.chrono.TestIslamicChronology" time="0.001"/>
  <testcase name="testSampleDate3417" classname="org.joda.time.chrono.TestIslamicChronology" time="0"/>
  <testcase name="testFactory_Zone387" classname="org.joda.time.chrono.TestJulianChronology" time="0"/>
  <testcase name="testFactory_Zone_int388" classname="org.joda.time.chrono.TestJulianChronology" time="0.001"/>
  <testcase name="testWithZone390" classname="org.joda.time.chrono.TestJulianChronology" time="0"/>
  <testcase name="testDurationFields234" classname="org.joda.time.chrono.TestJulianChronology" time="0.001"/>
  <testcase name="testToString268" classname="org.joda.time.chrono.TestISOChronology" time="0"/>
  <testcase name="testPartialDayOfYearAdd264" classname="org.joda.time.chrono.TestISOChronology" time="0.001"/>
  <testcase name="testFactory_Zone265" classname="org.joda.time.chrono.TestISOChronology" time="0"/>
  <testcase name="testDurationFields267" classname="org.joda.time.chrono.TestISOChronology" time="0.001"/>
  <testcase name="testMinYear1113" classname="org.joda.time.chrono.TestISOChronology" time="0.001"/>
  <testcase name="test_setHourOfDay295" classname="org.joda.time.chrono.TestLenientChronology" time="0"/>
  <testcase name="test_setDayOfMonth381" classname="org.joda.time.chrono.TestLenientChronology" time="0.001"/>
  <testcase name="test_plusWeekyears_positiveToZero_crossCutover112" classname="org.joda.time.chrono.TestGJDate" time="0.001"/>
  <testcase name="test_cutoverPreZero98" classname="org.joda.time.chrono.TestGJDate" time="0"/>
  <testcase name="test_plusYears_positiveToZero_crossCutover113" classname="org.joda.time.chrono.TestGJDate" time="0"/>
  <testcase name="testChronology" classname="org.joda.time.chrono.gj.MainTest" time="0.626"/>
  <testcase name="testChronology" classname="org.joda.time.chrono.gj.MainTest" time="0.525"/>
  <testcase name="testRemoveInstantConverter3438" classname="org.joda.time.convert.TestConverterManager" time="0.001"/>
  <testcase name="testGetIntervalConverterRemovedNull452" classname="org.joda.time.convert.TestConverterManager" time="0"/>
  <testcase name="testAddInstantConverter4437" classname="org.joda.time.convert.TestConverterManager" time="0"/>
  <testcase name="testGetPeriodConverter436" classname="org.joda.time.convert.TestConverterManager" time="0.001"/>
  <testcase name="testAddDurationConverter3445" classname="org.joda.time.convert.TestConverterManager" time="0"/>
  <testcase name="testRemoveDurationConverter3446" classname="org.joda.time.convert.TestConverterManager" time="0"/>
  <testcase name="testAddPeriodConverter3448" classname="org.joda.time.convert.TestConverterManager" time="0.001"/>
  <testcase name="testRemovePeriodConverter3449" classname="org.joda.time.convert.TestConverterManager" time="0"/>
  <testcase name="testAddIntervalConverter1450" classname="org.joda.time.convert.TestConverterManager" time="0.001"/>
  <testcase name="testGetIntervalConverter451" classname="org.joda.time.convert.TestConverterManager" time="0.001"/>
  <testcase name="testRemoveIntervalConverter2453" classname="org.joda.time.convert.TestConverterManager" time="0"/>
  <testcase name="testRemoveIntervalConverter3454" classname="org.joda.time.convert.TestConverterManager" time="0"/>
  <testcase name="testToString455" classname="org.joda.time.convert.TestConverterManager" time="0.001"/>
  <testcase name="testGetPeriodConverterRemovedNull447" classname="org.joda.time.convert.TestConverterManager" time="0"/>
  <testcase name="testGetDurationConverterRemovedNull443" classname="org.joda.time.convert.TestConverterManager" time="0.001"/>
  <testcase name="testAddPartialConverter31089" classname="org.joda.time.convert.TestConverterManager" time="0"/>
  <testcase name="testAddPartialConverter2439" classname="org.joda.time.convert.TestConverterManager" time="0.001"/>
  <testcase name="testGetPartialConverter440" classname="org.joda.time.convert.TestConverterManager" time="0"/>
  <testcase name="testAddPartialConverter4441" classname="org.joda.time.convert.TestConverterManager" time="0"/>
  <testcase name="testGetDurationConverter442" classname="org.joda.time.convert.TestConverterManager" time="0.001"/>
  <testcase name="testAddDurationConverter2444" classname="org.joda.time.convert.TestConverterManager" time="0.001"/>
  <testcase name="testAddNullRemoved11090" classname="org.joda.time.convert.TestConverterSet" time="0"/>
  <testcase name="testAddNullRemoved21088" classname="org.joda.time.convert.TestConverterSet" time="0.004"/>
  <testcase name="testAddNullRemoved31087" classname="org.joda.time.convert.TestConverterSet" time="0"/>
  <testcase name="testRemoveBadIndex11085" classname="org.joda.time.convert.TestConverterSet" time="0"/>
  <testcase name="testBigHashtable1086" classname="org.joda.time.convert.TestConverterSet" time="0"/>
  <testcase name="testRemoveNullRemoved11092" classname="org.joda.time.convert.TestConverterSet" time="0"/>
  <testcase name="testToString1323" classname="org.joda.time.convert.TestCalendarConverter" time="0"/>
  <testcase name="testGetChronology_Object_Chronology1322" classname="org.joda.time.convert.TestCalendarConverter" time="0"/>
  <testcase name="testToString282" classname="org.joda.time.convert.TestDateConverter" time="0"/>
  <testcase name="testGetInstantMillis_Object_Chronology281" classname="org.joda.time.convert.TestDateConverter" time="0.001"/>
  <testcase name="testToString49" classname="org.joda.time.convert.TestLongConverter" time="0"/>
  <testcase name="testGetInstantMillis_Object_Chronology48" classname="org.joda.time.convert.TestLongConverter" time="0.001"/>
  <testcase name="testGetDurationMillis_Object778" classname="org.joda.time.convert.TestNullConverter" time="0"/>
  <testcase name="testSupportedType781" classname="org.joda.time.convert.TestNullConverter" time="0.001"/>
  <testcase name="testSetInto_Object_Chronology2780" classname="org.joda.time.convert.TestNullConverter" time="0"/>
  <testcase name="testSetInto_Object779" classname="org.joda.time.convert.TestNullConverter" time="0.001"/>
  <testcase name="testToString910" classname="org.joda.time.convert.TestReadableDurationConverter" time="0"/>
  <testcase name="testGetDurationMillis_Object908" classname="org.joda.time.convert.TestReadableDurationConverter" time="0.001"/>
  <testcase name="testSetInto_Object909" classname="org.joda.time.convert.TestReadableDurationConverter" time="0"/>
  <testcase name="testSetIntoInterval_Object2809" classname="org.joda.time.convert.TestReadableIntervalConverter" time="0"/>
  <testcase name="testSetIntoPeriod_Object11384" classname="org.joda.time.convert.TestReadableIntervalConverter" time="0.001"/>
  <testcase name="testSupportedType1386" classname="org.joda.time.convert.TestReadableIntervalConverter" time="0"/>
  <testcase name="testIsReadableInterval_Object_Chronology1385" classname="org.joda.time.convert.TestReadableIntervalConverter" time="0"/>
  <testcase name="testSetIntoInterval_Object1299" classname="org.joda.time.convert.TestReadableIntervalConverter" time="0.001"/>
  <testcase name="testGetChronology_Object_Chronology392" classname="org.joda.time.convert.TestReadableInstantConverter" time="0"/>
  <testcase name="testGetInstantMillis_Object_Chronology394" classname="org.joda.time.convert.TestReadableInstantConverter" time="0"/>
  <testcase name="testGetChronology_Object_Zone391" classname="org.joda.time.convert.TestReadableInstantConverter" time="0.001"/>
  <testcase name="testGetChronology_Object_nullChronology393" classname="org.joda.time.convert.TestReadableInstantConverter" time="0.001"/>
  <testcase name="testGetChronology_Object_Zone45" classname="org.joda.time.convert.TestReadablePartialConverter" time="0"/>
  <testcase name="testGetPartialValues47" classname="org.joda.time.convert.TestReadablePartialConverter" time="0.001"/>
  <testcase name="testGetChronology_Object_Chronology46" classname="org.joda.time.convert.TestReadablePartialConverter" time="0.001"/>
  <testcase name="testGetPeriodType_Object132" classname="org.joda.time.convert.TestReadablePeriodConverter" time="0.001"/>
  <testcase name="testToString133" classname="org.joda.time.convert.TestReadablePeriodConverter" time="0"/>
  <testcase name="testSetIntoInterval_Object_Chronology5128" classname="org.joda.time.convert.TestStringConverter" time="0.002"/>
  <testcase name="testSetIntoPeriod_Object3125" classname="org.joda.time.convert.TestStringConverter" time="0"/>
  <testcase name="testSetIntoPeriod_Object8126" classname="org.joda.time.convert.TestStringConverter" time="0.001"/>
  <testcase name="testToString120" classname="org.joda.time.convert.TestStringConverter" time="0"/>
  <testcase name="testSetIntoIntervalEx_Object_Chronology4127" classname="org.joda.time.convert.TestStringConverter" time="0.001"/>
  <testcase name="testSetIntoInterval_Object_Chronology1130" classname="org.joda.time.convert.TestStringConverter" time="0.001"/>
  <testcase name="testSetIntoIntervalEx_Object_Chronology5131" classname="org.joda.time.convert.TestStringConverter" time="0"/>
  <testcase name="testGetPartialValues121" classname="org.joda.time.convert.TestStringConverter" time="0.001"/>
  <testcase name="testGetDurationMillis_Object1123" classname="org.joda.time.convert.TestStringConverter" time="0"/>
  <testcase name="testSetIntoPeriod_Object6165" classname="org.joda.time.convert.TestStringConverter" time="0.001"/>
  <testcase name="testIsReadableInterval_Object_Chronology119" classname="org.joda.time.convert.TestStringConverter" time="0"/>
  <testcase name="testGetDurationMillis_Object2124" classname="org.joda.time.convert.TestStringConverter" time="0"/>
  <testcase name="testSetIntoIntervalEx_Object_Chronology3129" classname="org.joda.time.convert.TestStringConverter" time="0.001"/>
  <testcase name="testSafeMultiplyLongLong424" classname="org.joda.time.field.TestFieldUtils" time="0"/>
  <testcase name="testSafeAddInt420" classname="org.joda.time.field.TestFieldUtils" time="0.001"/>
  <testcase name="testSafeSubtractLong421" classname="org.joda.time.field.TestFieldUtils" time="0"/>
  <testcase name="testSafeMultiplyLongInt423" classname="org.joda.time.field.TestFieldUtils" time="0.001"/>
  <testcase name="test_convertText348" classname="org.joda.time.field.TestBaseDateTimeField" time="0.001"/>
  <testcase name="test_getAsText_long350" classname="org.joda.time.field.TestBaseDateTimeField" time="0"/>
  <testcase name="test_getAsText_RP_Locale351" classname="org.joda.time.field.TestBaseDateTimeField" time="0"/>
  <testcase name="test_getAsText_int_Locale352" classname="org.joda.time.field.TestBaseDateTimeField" time="0.001"/>
  <testcase name="test_getAsShortText_long354" classname="org.joda.time.field.TestBaseDateTimeField" time="0"/>
  <testcase name="test_getAsShortText_RP_Locale355" classname="org.joda.time.field.TestBaseDateTimeField" time="0.001"/>
  <testcase name="test_roundCeiling_long356" classname="org.joda.time.field.TestBaseDateTimeField" time="0"/>
  <testcase name="test_add_long_long357" classname="org.joda.time.field.TestBaseDateTimeField" time="0"/>
  <testcase name="test_add_RP_int_intarray_int358" classname="org.joda.time.field.TestBaseDateTimeField" time="0.001"/>
  <testcase name="test_addWrapField_long_int360" classname="org.joda.time.field.TestBaseDateTimeField" time="0.001"/>
  <testcase name="test_getDifference_long_long362" classname="org.joda.time.field.TestBaseDateTimeField" time="0"/>
  <testcase name="test_set_long_String_Locale365" classname="org.joda.time.field.TestBaseDateTimeField" time="0"/>
  <testcase name="test_set_long_String366" classname="org.joda.time.field.TestBaseDateTimeField" time="0.001"/>
  <testcase name="test_isLeap_long367" classname="org.joda.time.field.TestBaseDateTimeField" time="0"/>
  <testcase name="test_getLeapAmount_long368" classname="org.joda.time.field.TestBaseDateTimeField" time="0.001"/>
  <testcase name="test_getLeapDurationField369" classname="org.joda.time.field.TestBaseDateTimeField" time="0"/>
  <testcase name="test_getMinimumValue_long370" classname="org.joda.time.field.TestBaseDateTimeField" time="0"/>
  <testcase name="test_roundHalfFloor_long373" classname="org.joda.time.field.TestBaseDateTimeField" time="0.001"/>
  <testcase name="test_roundHalfCeiling_long374" classname="org.joda.time.field.TestBaseDateTimeField" time="0"/>
  <testcase name="test_roundHalfEven_long375" classname="org.joda.time.field.TestBaseDateTimeField" time="0"/>
  <testcase name="test_remainder_long376" classname="org.joda.time.field.TestBaseDateTimeField" time="0.001"/>
  <testcase name="test_toString349" classname="org.joda.time.field.TestBaseDateTimeField" time="0"/>
  <testcase name="test_getAsShortText_long_Locale353" classname="org.joda.time.field.TestBaseDateTimeField" time="0.001"/>
  <testcase name="test_addWrapField_RP_int_intarray_int361" classname="org.joda.time.field.TestBaseDateTimeField" time="0"/>
  <testcase name="test_set_RP_int_intarray_String_Locale364" classname="org.joda.time.field.TestBaseDateTimeField" time="0"/>
  <testcase name="test_getDifferenceAsLong_long_long363" classname="org.joda.time.field.TestBaseDateTimeField" time="0.001"/>
  <testcase name="test_getMaximumShortTextLength_Locale372" classname="org.joda.time.field.TestBaseDateTimeField" time="0"/>
  <testcase name="test_getMaximumTextLength_Locale371" classname="org.joda.time.field.TestBaseDateTimeField" time="0.001"/>
  <testcase name="test_getMaximumValue_long346" classname="org.joda.time.field.TestBaseDateTimeField" time="0"/>
  <testcase name="test_constructor347" classname="org.joda.time.field.TestBaseDateTimeField" time="0"/>
  <testcase name="test_getLeapAmount_long1221" classname="org.joda.time.field.TestOffsetDateTimeField" time="0.001"/>
  <testcase name="test_getLeapDurationField1222" classname="org.joda.time.field.TestOffsetDateTimeField" time="0"/>
  <testcase name="test_roundCeiling_long1225" classname="org.joda.time.field.TestOffsetDateTimeField" time="0.001"/>
  <testcase name="test_roundHalfFloor_long1226" classname="org.joda.time.field.TestOffsetDateTimeField" time="0.001"/>
  <testcase name="test_roundFloor_long1224" classname="org.joda.time.field.TestOffsetDateTimeField" time="0"/>
  <testcase name="test_add_long_int1217" classname="org.joda.time.field.TestOffsetDateTimeField" time="0"/>
  <testcase name="test_getMinimumValue_RP_intarray1223" classname="org.joda.time.field.TestOffsetDateTimeField" time="0"/>
  <testcase name="test_addWrapField_long_int1219" classname="org.joda.time.field.TestOffsetDateTimeField" time="0"/>
  <testcase name="test_isLeap_long1220" classname="org.joda.time.field.TestOffsetDateTimeField" time="0.001"/>
  <testcase name="test_remainder_long1227" classname="org.joda.time.field.TestOffsetDateTimeField" time="0"/>
  <testcase name="test_constructor1431" classname="org.joda.time.field.TestOffsetDateTimeField" time="0.001"/>
  <testcase name="test_constructor2430" classname="org.joda.time.field.TestOffsetDateTimeField" time="0"/>
  <testcase name="test_add_long_long1218" classname="org.joda.time.field.TestOffsetDateTimeField" time="0"/>
  <testcase name="test_getAsShortText_long_Locale1216" classname="org.joda.time.field.TestOffsetDateTimeField" time="0.001"/>
  <testcase name="test_getMaximumShortTextLength_Locale429" classname="org.joda.time.field.TestOffsetDateTimeField" time="0"/>
  <testcase name="test_roundHalfEven_long1215" classname="org.joda.time.field.TestOffsetDateTimeField" time="0.001"/>
  <testcase name="test_isLenient1206" classname="org.joda.time.field.TestPreciseDurationDateTimeField" time="0"/>
  <testcase name="test_remainder_long1210" classname="org.joda.time.field.TestPreciseDurationDateTimeField" time="0"/>
  <testcase name="test_add_long_int1211" classname="org.joda.time.field.TestPreciseDurationDateTimeField" time="0"/>
  <testcase name="test_set_RP_int_intarray_int1212" classname="org.joda.time.field.TestPreciseDurationDateTimeField" time="0.001"/>
  <testcase name="test_roundFloor_long1208" classname="org.joda.time.field.TestPreciseDurationDateTimeField" time="0"/>
  <testcase name="test_roundCeiling_long1209" classname="org.joda.time.field.TestPreciseDurationDateTimeField" time="0"/>
  <testcase name="test_set_long_int1207" classname="org.joda.time.field.TestPreciseDurationDateTimeField" time="0"/>
  <testcase name="test_set_long_String927" classname="org.joda.time.field.TestPreciseDateTimeField" time="0.001"/>
  <testcase name="test_getMaximumValue928" classname="org.joda.time.field.TestPreciseDateTimeField" time="0"/>
  <testcase name="test_getAsShortText_long_Locale925" classname="org.joda.time.field.TestPreciseDateTimeField" time="0.001"/>
  <testcase name="test_getRange923" classname="org.joda.time.field.TestPreciseDateTimeField" time="0"/>
  <testcase name="test_constructor924" classname="org.joda.time.field.TestPreciseDateTimeField" time="0"/>
  <testcase name="test_addWrapField_long_int926" classname="org.joda.time.field.TestPreciseDateTimeField" time="0.001"/>
  <testcase name="test_isSupported1342" classname="org.joda.time.field.TestMillisDurationField" time="0"/>
  <testcase name="test_isPrecise1343" classname="org.joda.time.field.TestMillisDurationField" time="0"/>
  <testcase name="test_getValue_long1345" classname="org.joda.time.field.TestMillisDurationField" time="0.001"/>
  <testcase name="test_getValue_long_long1346" classname="org.joda.time.field.TestMillisDurationField" time="0"/>
  <testcase name="test_getMillis_int1348" classname="org.joda.time.field.TestMillisDurationField" time="0"/>
  <testcase name="test_getMillis_long1349" classname="org.joda.time.field.TestMillisDurationField" time="0"/>
  <testcase name="test_getMillis_int_long1350" classname="org.joda.time.field.TestMillisDurationField" time="0.001"/>
  <testcase name="test_getMillis_long_long1351" classname="org.joda.time.field.TestMillisDurationField" time="0"/>
  <testcase name="test_add_long_int1352" classname="org.joda.time.field.TestMillisDurationField" time="0"/>
  <testcase name="test_add_long_long1353" classname="org.joda.time.field.TestMillisDurationField" time="0"/>
  <testcase name="test_toString1355" classname="org.joda.time.field.TestMillisDurationField" time="0.001"/>
  <testcase name="test_getDifferenceAsLong_long_long1354" classname="org.joda.time.field.TestMillisDurationField" time="0"/>
  <testcase name="test_getName1341" classname="org.joda.time.field.TestMillisDurationField" time="0"/>
  <testcase name="test_compareTo1344" classname="org.joda.time.field.TestMillisDurationField" time="0"/>
  <testcase name="test_getValueAsLong_long_long1347" classname="org.joda.time.field.TestMillisDurationField" time="0.001"/>
  <testcase name="test_isPrecise406" classname="org.joda.time.field.TestPreciseDurationField" time="0"/>
  <testcase name="test_hashCode410" classname="org.joda.time.field.TestPreciseDurationField" time="0"/>
  <testcase name="test_add_long_long408" classname="org.joda.time.field.TestPreciseDurationField" time="0.001"/>
  <testcase name="test_getValueAsLong_long271" classname="org.joda.time.field.TestPreciseDurationField" time="0"/>
  <testcase name="test_getDifferenceAsLong_long_long409" classname="org.joda.time.field.TestPreciseDurationField" time="0.001"/>
  <testcase name="test_getMillis_long_long407" classname="org.joda.time.field.TestPreciseDurationField" time="0"/>
  <testcase name="test_getValue_long_long272" classname="org.joda.time.field.TestPreciseDurationField" time="0"/>
  <testcase name="test_compareTo405" classname="org.joda.time.field.TestPreciseDurationField" time="0.001"/>
  <testcase name="test_equals263" classname="org.joda.time.field.TestScaledDurationField" time="0"/>
  <testcase name="test_getValueAsLong_long_long253" classname="org.joda.time.field.TestScaledDurationField" time="0"/>
  <testcase name="test_getMillis_int254" classname="org.joda.time.field.TestScaledDurationField" time="0.001"/>
  <testcase name="test_getMillis_long255" classname="org.joda.time.field.TestScaledDurationField" time="0"/>
  <testcase name="test_getMillis_int_long256" classname="org.joda.time.field.TestScaledDurationField" time="0"/>
  <testcase name="test_getMillis_long_long257" classname="org.joda.time.field.TestScaledDurationField" time="0"/>
  <testcase name="test_add_long_int258" classname="org.joda.time.field.TestScaledDurationField" time="0.001"/>
  <testcase name="test_compareTo260" classname="org.joda.time.field.TestScaledDurationField" time="0"/>
  <testcase name="test_getScalar261" classname="org.joda.time.field.TestScaledDurationField" time="0"/>
  <testcase name="testSerialization262" classname="org.joda.time.field.TestScaledDurationField" time="0.003"/>
  <testcase name="test_hashCode248" classname="org.joda.time.field.TestScaledDurationField" time="0"/>
  <testcase name="test_getValueAsLong_long251" classname="org.joda.time.field.TestScaledDurationField" time="0.001"/>
  <testcase name="test_getValue_long_long252" classname="org.joda.time.field.TestScaledDurationField" time="0"/>
  <testcase name="test_getDifferenceAsLong_long_long259" classname="org.joda.time.field.TestScaledDurationField" time="0"/>
  <testcase name="test_toString274" classname="org.joda.time.field.TestScaledDurationField" time="0.001"/>
  <testcase name="test_constructor249" classname="org.joda.time.field.TestScaledDurationField" time="0"/>
  <testcase name="test_getValue_long250" classname="org.joda.time.field.TestScaledDurationField" time="0"/>
  <testcase name="testDelegatedMethods917" classname="org.joda.time.field.TestUnsupportedDateTimeField" time="0.001"/>
  <testcase name="testToString921" classname="org.joda.time.field.TestUnsupportedDateTimeField" time="0"/>
  <testcase name="testAlwaysFalseReturnTypes916" classname="org.joda.time.field.TestUnsupportedDateTimeField" time="0.001"/>
  <testcase name="testUnsupportedMethods919" classname="org.joda.time.field.TestUnsupportedDateTimeField" time="0"/>
  <testcase name="testNullValuesToGetInstanceThrowsException918" classname="org.joda.time.field.TestUnsupportedDateTimeField" time="0.001"/>
  <testcase name="testMethodsThatShouldAlwaysReturnNull920" classname="org.joda.time.field.TestUnsupportedDateTimeField" time="0"/>
  <testcase name="testParseLocalDate_yearOfEra109" classname="org.joda.time.format.TestDateTimeFormatter" time="0.001"/>
  <testcase name="testPrint_chrono_and_zone134" classname="org.joda.time.format.TestDateTimeFormatter" time="0.002"/>
  <testcase name="testPrint_writerMethods384" classname="org.joda.time.format.TestDateTimeFormatter" time="0"/>
  <testcase name="testPrint_simple501" classname="org.joda.time.format.TestDateTimeFormatter" time="0.001"/>
  <testcase name="testPrint_appendableMethods586" classname="org.joda.time.format.TestDateTimeFormatter" time="0"/>
  <testcase name="testParseLocalTime_simple954" classname="org.joda.time.format.TestDateTimeFormatter" time="0.002"/>
  <testcase name="testPrinterParserMethods1326" classname="org.joda.time.format.TestDateTimeFormatter" time="0"/>
  <testcase name="testWithGetLocale1328" classname="org.joda.time.format.TestDateTimeFormatter" time="0.001"/>
  <testcase name="testWithGetOffsetParsedMethods1329" classname="org.joda.time.format.TestDateTimeFormatter" time="0"/>
  <testcase name="testParseInto_monthDay_feb29_tokyo_startOfYear1327" classname="org.joda.time.format.TestDateTimeFormatter" time="0"/>
  <testcase name="testParseMillis_fractionOfSecondLong1106" classname="org.joda.time.format.TestDateTimeFormatter" time="0.001"/>
  <testcase name="testParseDateTime_simple_precedence939" classname="org.joda.time.format.TestDateTimeFormatter" time="0"/>
  <testcase name="testParseMutableDateTime_offsetParsed385" classname="org.joda.time.format.TestDateTimeFormatter" time="0.001"/>
  <testcase name="testParseInto_monthDay_feb29_tokyo242" classname="org.joda.time.format.TestDateTimeFormatter" time="0.001"/>
  <testcase name="testParseLocalDate_year_month_week_201099" classname="org.joda.time.format.TestDateTimeFormatter" time="0"/>
  <testcase name="testParseLocalDate_weekyear_month_week_2012196" classname="org.joda.time.format.TestDateTimeFormatter" time="0.001"/>
  <testcase name="testParseLocalDate_weekyear_month_week_20111330" classname="org.joda.time.format.TestDateTimeFormatter" time="0"/>
  <testcase name="testWithGetChronology1331" classname="org.joda.time.format.TestDateTimeFormatter" time="0.001"/>
  <testcase name="testPrint_zone1332" classname="org.joda.time.format.TestDateTimeFormatter" time="0"/>
  <testcase name="testWithGetZone1333" classname="org.joda.time.format.TestDateTimeFormatter" time="0"/>
  <testcase name="testParseLocalDate_yearOfCentury1334" classname="org.joda.time.format.TestDateTimeFormatter" time="0.001"/>
  <testcase name="testWithGetPivotYear1335" classname="org.joda.time.format.TestDateTimeFormatter" time="0"/>
  <testcase name="testParseLocalDate_monthDay_withDefaultYear_feb291336" classname="org.joda.time.format.TestDateTimeFormatter" time="0"/>
  <testcase name="testParseInto_simple1337" classname="org.joda.time.format.TestDateTimeFormatter" time="0.001"/>
  <testcase name="testParseInto_zone1338" classname="org.joda.time.format.TestDateTimeFormatter" time="0"/>
  <testcase name="testParseMutableDateTime_simple1339" classname="org.joda.time.format.TestDateTimeFormatter" time="0.001"/>
  <testcase name="testParseInto_simple_precedence1389" classname="org.joda.time.format.TestDateTimeFormatter" time="0.001"/>
  <testcase name="testFormat_era183" classname="org.joda.time.format.TestDateTimeFormat" time="0"/>
  <testcase name="testFormat_dayOfWeek194" classname="org.joda.time.format.TestDateTimeFormat" time="0.001"/>
  <testcase name="testFormat_dayOfWeekShortText195" classname="org.joda.time.format.TestDateTimeFormat" time="0"/>
  <testcase name="testFormat_zoneAmount197" classname="org.joda.time.format.TestDateTimeFormat" time="0.001"/>
  <testcase name="testFormatParse_zoneId_colon198" classname="org.joda.time.format.TestDateTimeFormat" time="0"/>
  <testcase name="testFormat_weekyear185" classname="org.joda.time.format.TestDateTimeFormat" time="0"/>
  <testcase name="testFormatParse_textHalfdayAM_France233" classname="org.joda.time.format.TestDateTimeFormat" time="0.002"/>
  <testcase name="testFormat_minute175" classname="org.joda.time.format.TestDateTimeFormat" time="0"/>
  <testcase name="testSubclassableConstructor182" classname="org.joda.time.format.TestDateTimeFormat" time="0.001"/>
  <testcase name="testFormat_yearOfEra_twoDigit186" classname="org.joda.time.format.TestDateTimeFormat" time="0.001"/>
  <testcase name="testFormat_shortBasicParse187" classname="org.joda.time.format.TestDateTimeFormat" time="0.001"/>
  <testcase name="testFormat_clockhourOfDay190" classname="org.joda.time.format.TestDateTimeFormat" time="0.001"/>
  <testcase name="testFormat_hourOfHalfday191" classname="org.joda.time.format.TestDateTimeFormat" time="0"/>
  <testcase name="testFormat_second192" classname="org.joda.time.format.TestDateTimeFormat" time="0.001"/>
  <testcase name="testFormatParse_textEraAD_UK1110" classname="org.joda.time.format.TestDateTimeFormat" time="0.001"/>
  <testcase name="testFormatParse_zoneId_noColon1117" classname="org.joda.time.format.TestDateTimeFormat" time="0"/>
  <testcase name="testFormatParse_textMonthAtEnd_France_withSpecifiedDefault527" classname="org.joda.time.format.TestDateTimeFormat" time="0.001"/>
  <testcase name="testFormat_centuryOfEra184" classname="org.joda.time.format.TestDateTimeFormat" time="0.001"/>
  <testcase name="testFormatParse_textMonthApr_Korean189" classname="org.joda.time.format.TestDateTimeFormat" time="0.004"/>
  <testcase name="testFormat_fractionOfSecondLong193" classname="org.joda.time.format.TestDateTimeFormat" time="0.001"/>
  <testcase name="testFormat_year_long188" classname="org.joda.time.format.TestDateTimeFormat" time="0.001"/>
  <testcase name="testFormat_zoneAmountID199" classname="org.joda.time.format.TestDateTimeFormat" time="0.001"/>
  <testcase name="testFormatParse_textEraAD_France744" classname="org.joda.time.format.TestDateTimeFormat" time="0.001"/>
  <testcase name="testFormatParse_textHalfdayAM_UK813" classname="org.joda.time.format.TestDateTimeFormat" time="0.001"/>
  <testcase name="testFormat_year_twoDigit1108" classname="org.joda.time.format.TestDateTimeFormat" time="0"/>
  <testcase name="testFormat_dayOfWeekText1109" classname="org.joda.time.format.TestDateTimeFormat" time="0.001"/>
  <testcase name="testForStyle_longDate181" classname="org.joda.time.format.TestDateTimeFormatStyle" time="0.01"/>
  <testcase name="testForStyle_mediumDateTime180" classname="org.joda.time.format.TestDateTimeFormatStyle" time="0.003"/>
  <testcase name="testForStyle_mediumDate178" classname="org.joda.time.format.TestDateTimeFormatStyle" time="0"/>
  <testcase name="testForStyle_stringLengths200" classname="org.joda.time.format.TestDateTimeFormatStyle" time="0"/>
  <testcase name="testForStyle_invalidStrings201" classname="org.joda.time.format.TestDateTimeFormatStyle" time="0.001"/>
  <testcase name="testForStyle_shortMediumDateTime1114" classname="org.joda.time.format.TestDateTimeFormatStyle" time="0.001"/>
  <testcase name="testForStyle_mediumTime179" classname="org.joda.time.format.TestDateTimeFormatStyle" time="0.012"/>
  <testcase name="testForStyle_shortDateTime176" classname="org.joda.time.format.TestDateTimeFormatStyle" time="0.003"/>
  <testcase name="testForStyle_shortTime177" classname="org.joda.time.format.TestDateTimeFormatStyle" time="0.004"/>
  <testcase name="testFormat_hourMinuteSecondMillis871" classname="org.joda.time.format.TestISODateTimeFormat" time="0"/>
  <testcase name="testFormat_hourMinuteSecondFraction872" classname="org.joda.time.format.TestISODateTimeFormat" time="0.001"/>
  <testcase name="testFormat_dateHour873" classname="org.joda.time.format.TestISODateTimeFormat" time="0"/>
  <testcase name="testFormat_dateHourMinute874" classname="org.joda.time.format.TestISODateTimeFormat" time="0"/>
  <testcase name="testFormat_dateHourMinuteSecond875" classname="org.joda.time.format.TestISODateTimeFormat" time="0.001"/>
  <testcase name="testFormat_basicDateTimeNoMillis860" classname="org.joda.time.format.TestISODateTimeFormat" time="0"/>
  <testcase name="testFormat_basicOrdinalDateTimeNoMillis862" classname="org.joda.time.format.TestISODateTimeFormat" time="0.001"/>
  <testcase name="testFormat_timeNoMillis_partial845" classname="org.joda.time.format.TestISODateTimeFormat" time="0"/>
  <testcase name="testFormat_weekDate853" classname="org.joda.time.format.TestISODateTimeFormat" time="0.001"/>
  <testcase name="testFormat_basicWeekDateTimeNoMillis864" classname="org.joda.time.format.TestISODateTimeFormat" time="0"/>
  <testcase name="testFormat_weekDateTime811" classname="org.joda.time.format.TestISODateTimeFormat" time="0.001"/>
  <testcase name="testFormat_date843" classname="org.joda.time.format.TestISODateTimeFormat" time="0"/>
  <testcase name="testFormat_time_partial844" classname="org.joda.time.format.TestISODateTimeFormat" time="0"/>
  <testcase name="testFormat_tTimeNoMillis847" classname="org.joda.time.format.TestISODateTimeFormat" time="0.001"/>
  <testcase name="testFormat_basicWeekDate863" classname="org.joda.time.format.TestISODateTimeFormat" time="0"/>
  <testcase name="testFormat_year865" classname="org.joda.time.format.TestISODateTimeFormat" time="0"/>
  <testcase name="testFormat_yearMonth866" classname="org.joda.time.format.TestISODateTimeFormat" time="0.001"/>
  <testcase name="testFormat_weekyearWeek867" classname="org.joda.time.format.TestISODateTimeFormat" time="0"/>
  <testcase name="testFormat_hour868" classname="org.joda.time.format.TestISODateTimeFormat" time="0"/>
  <testcase name="testFormat_hourMinute869" classname="org.joda.time.format.TestISODateTimeFormat" time="0.001"/>
  <testcase name="testFormat_hourMinuteSecond870" classname="org.joda.time.format.TestISODateTimeFormat" time="0"/>
  <testcase name="testForFields_datetime_DM834" classname="org.joda.time.format.TestISODateTimeFormat_Fields" time="0.001"/>
  <testcase name="testForFields_weekBased_WD832" classname="org.joda.time.format.TestISODateTimeFormat_Fields" time="0.001"/>
  <testcase name="testForFields_weekBased_W833" classname="org.joda.time.format.TestISODateTimeFormat_Fields" time="0"/>
  <testcase name="testForFields_weekBased_YD831" classname="org.joda.time.format.TestISODateTimeFormat_Fields" time="0.001"/>
  <testcase name="testForFields_calBased_MD829" classname="org.joda.time.format.TestISODateTimeFormat_Fields" time="0"/>
  <testcase name="testForFields_datetime_DH830" classname="org.joda.time.format.TestISODateTimeFormat_Fields" time="0.001"/>
  <testcase name="testForFields_calBased_M828" classname="org.joda.time.format.TestISODateTimeFormat_Fields" time="0"/>
  <testcase name="testForFields_calBased_YD826" classname="org.joda.time.format.TestISODateTimeFormat_Fields" time="0.001"/>
  <testcase name="testForFields_weekBased_Y827" classname="org.joda.time.format.TestISODateTimeFormat_Fields" time="0"/>
  <testcase name="testForFields_time_HSm835" classname="org.joda.time.format.TestISODateTimeFormat_Fields" time="0.001"/>
  <testcase name="testForFields_time_MS836" classname="org.joda.time.format.TestISODateTimeFormat_Fields" time="0.001"/>
  <testcase name="testForFields_datetime_YH510" classname="org.joda.time.format.TestISODateTimeFormat_Fields" time="0"/>
  <testcase name="testForFields_calBased_YMD_unmodifiable824" classname="org.joda.time.format.TestISODateTimeFormat_Fields" time="0.001"/>
  <testcase name="testForFields_ordinalBased_D825" classname="org.joda.time.format.TestISODateTimeFormat_Fields" time="0"/>
  <testcase name="testForFields_weekBased_YW174" classname="org.joda.time.format.TestISODateTimeFormat_Fields" time="0.001"/>
  <testcase name="testForFields_time_HMm382" classname="org.joda.time.format.TestISODateTimeFormat_Fields" time="0"/>
  <testcase name="test_dateTimeParser841" classname="org.joda.time.format.TestISODateTimeFormatParsing" time="0.003"/>
  <testcase name="test_dateOptionalTimeParser842" classname="org.joda.time.format.TestISODateTimeFormatParsing" time="0.002"/>
  <testcase name="test_dateTimeNoMillis849" classname="org.joda.time.format.TestISODateTimeFormatParsing" time="0.001"/>
  <testcase name="test_basicOrdinalDateTime589" classname="org.joda.time.format.TestISODateTimeFormatParsing" time="0"/>
  <testcase name="test_timeElementParser840" classname="org.joda.time.format.TestISODateTimeFormatParsing" time="0.002"/>
  <testcase name="test_basicDate855" classname="org.joda.time.format.TestISODateTimeFormatParsing" time="0.001"/>
  <testcase name="test_basicTime856" classname="org.joda.time.format.TestISODateTimeFormatParsing" time="0"/>
  <testcase name="test_basicTimeNoMillis857" classname="org.joda.time.format.TestISODateTimeFormatParsing" time="0"/>
  <testcase name="test_basicTTimeNoMillis858" classname="org.joda.time.format.TestISODateTimeFormatParsing" time="0.001"/>
  <testcase name="test_basicDateTime859" classname="org.joda.time.format.TestISODateTimeFormatParsing" time="0"/>
  <testcase name="test_basicOrdinalDate861" classname="org.joda.time.format.TestISODateTimeFormatParsing" time="0.001"/>
  <testcase name="test_localDateParser838" classname="org.joda.time.format.TestISODateTimeFormatParsing" time="0.001"/>
  <testcase name="test_ordinalDate850" classname="org.joda.time.format.TestISODateTimeFormatParsing" time="0.001"/>
  <testcase name="test_ordinalDateTime851" classname="org.joda.time.format.TestISODateTimeFormatParsing" time="0.001"/>
  <testcase name="test_ordinalDateTimeNoMillis852" classname="org.joda.time.format.TestISODateTimeFormatParsing" time="0.001"/>
  <testcase name="test_weekDateTimeNoMillis854" classname="org.joda.time.format.TestISODateTimeFormatParsing" time="0"/>
  <testcase name="test_dateParser837" classname="org.joda.time.format.TestISODateTimeFormatParsing" time="0.001"/>
  <testcase name="test_dateTime848" classname="org.joda.time.format.TestISODateTimeFormatParsing" time="0"/>
  <testcase name="test_tTime846" classname="org.joda.time.format.TestISODateTimeFormatParsing" time="0.001"/>
  <testcase name="test_localTimeParser839" classname="org.joda.time.format.TestISODateTimeFormatParsing" time="0.001"/>
  <testcase name="test_dateElementParser173" classname="org.joda.time.format.TestISODateTimeFormatParsing" time="0.001"/>
  <testcase name="test_weekDateTime588" classname="org.joda.time.format.TestISODateTimeFormatParsing" time="0"/>
  <testcase name="test_canBuildPrinter1097" classname="org.joda.time.format.TestDateTimeFormatterBuilder" time="0"/>
  <testcase name="test_canBuildFormatter1096" classname="org.joda.time.format.TestDateTimeFormatterBuilder" time="0.001"/>
  <testcase name="test_toParser1095" classname="org.joda.time.format.TestDateTimeFormatterBuilder" time="0"/>
  <testcase name="test_toFormatter1094" classname="org.joda.time.format.TestDateTimeFormatterBuilder" time="0"/>
  <testcase name="test_append_Printer_nullParser1102" classname="org.joda.time.format.TestDateTimeFormatterBuilder" time="0"/>
  <testcase name="test_appendFixedSignedDecimal1105" classname="org.joda.time.format.TestDateTimeFormatterBuilder" time="0.001"/>
  <testcase name="test_toPrinter1093" classname="org.joda.time.format.TestDateTimeFormatterBuilder" time="0"/>
  <testcase name="test_appendFixedDecimal383" classname="org.joda.time.format.TestDateTimeFormatterBuilder" time="0.001"/>
  <testcase name="test_printParseOffset545" classname="org.joda.time.format.TestDateTimeFormatterBuilder" time="0"/>
  <testcase name="test_append_Formatter1098" classname="org.joda.time.format.TestDateTimeFormatterBuilder" time="0.001"/>
  <testcase name="test_append_Printer1099" classname="org.joda.time.format.TestDateTimeFormatterBuilder" time="0"/>
  <testcase name="test_append_nullParser1100" classname="org.joda.time.format.TestDateTimeFormatterBuilder" time="0"/>
  <testcase name="test_append_Parser1101" classname="org.joda.time.format.TestDateTimeFormatterBuilder" time="0"/>
  <testcase name="test_appendOptional_Parser1103" classname="org.joda.time.format.TestDateTimeFormatterBuilder" time="0.001"/>
  <testcase name="test_printParseZoneParis1111" classname="org.joda.time.format.TestDateTimeFormatterBuilder" time="0.001"/>
  <testcase name="test_parseWrongOffsetAndZone1118" classname="org.joda.time.format.TestDateTimeFormatterBuilder" time="0.001"/>
  <testcase name="test_appendTimeZoneId1119" classname="org.joda.time.format.TestDateTimeFormatterBuilder" time="0.001"/>
  <testcase name="testWithGetParseTypeMethods617" classname="org.joda.time.format.TestPeriodFormatter" time="0"/>
  <testcase name="testPrint_writerMethods161" classname="org.joda.time.format.TestPeriodFormatter" time="0.001"/>
  <testcase name="testParsePeriod_simple168" classname="org.joda.time.format.TestPeriodFormatter" time="0"/>
  <testcase name="testWithGetLocaleMethods616" classname="org.joda.time.format.TestPeriodFormatter" time="0.001"/>
  <testcase name="testPrint_bufferMethods618" classname="org.joda.time.format.TestPeriodFormatter" time="0"/>
  <testcase name="testParsePeriod_parseType819" classname="org.joda.time.format.TestPeriodFormatter" time="0"/>
  <testcase name="testParseInto_simple619" classname="org.joda.time.format.TestPeriodFormatter" time="0.001"/>
  <testcase name="testParseMutablePeriod_simple1199" classname="org.joda.time.format.TestPeriodFormatter" time="0"/>
  <testcase name="testSubclassableConstructor735" classname="org.joda.time.format.TestPeriodFormat" time="0.001"/>
  <testcase name="test_wordBased_default736" classname="org.joda.time.format.TestPeriodFormat" time="0.001"/>
  <testcase name="test_wordBased_nl_formatStandard738" classname="org.joda.time.format.TestPeriodFormat" time="0.002"/>
  <testcase name="test_wordBased_es_parseTwoFields163" classname="org.joda.time.format.TestPeriodFormat" time="0.001"/>
  <testcase name="test_getDefault_checkRedundantSeparator169" classname="org.joda.time.format.TestPeriodFormat" time="0.001"/>
  <testcase name="test_wordBased_de_FormatOneField737" classname="org.joda.time.format.TestPeriodFormat" time="0"/>
  <testcase name="test_wordBased_fr_formatStandard158" classname="org.joda.time.format.TestPeriodFormat" time="0.001"/>
  <testcase name="test_wordBased_nl_parseTwoFields77" classname="org.joda.time.format.TestPeriodFormat" time="0.001"/>
  <testcase name="testFormatAlternateExtendedWithWeeks232" classname="org.joda.time.format.TestISOPeriodFormat" time="0.001"/>
  <testcase name="testFormatAlternateWithWeeks231" classname="org.joda.time.format.TestISOPeriodFormat" time="0.001"/>
  <testcase name="testFormatStandard_negative164" classname="org.joda.time.format.TestISOPeriodFormat" time="0.001"/>
  <testcase name="testSubclassableConstructor228" classname="org.joda.time.format.TestISOPeriodFormat" time="0"/>
  <testcase name="testFormatAlternate230" classname="org.joda.time.format.TestISOPeriodFormat" time="0.001"/>
  <testcase name="testParseStandardFail3166" classname="org.joda.time.format.TestISOPeriodFormatParsing" time="0"/>
  <testcase name="testParseStandard4229" classname="org.joda.time.format.TestISOPeriodFormatParsing" time="0"/>
  <testcase name="testParseCustom155" classname="org.joda.time.format.TestPeriodFormatParsing" time="0.001"/>
  <testcase name="testFormatPrintZeroAlways144" classname="org.joda.time.format.TestPeriodFormatterBuilder" time="0.001"/>
  <testcase name="testFormatAppend_PrinterParser_Printer_null_null_Parser137" classname="org.joda.time.format.TestPeriodFormatterBuilder" time="0.001"/>
  <testcase name="testFormatMinDigits141" classname="org.joda.time.format.TestPeriodFormatterBuilder" time="0"/>
  <testcase name="testFormatSuffixPlural256" classname="org.joda.time.format.TestPeriodFormatterBuilder" time="0.001"/>
  <testcase name="testBug2495455140" classname="org.joda.time.format.TestPeriodFormatterBuilder" time="0.001"/>
  <testcase name="testFormatAppend_PrinterParserThenClear139" classname="org.joda.time.format.TestPeriodFormatterBuilder" time="0"/>
  <testcase name="testFormatPrefixSimple2138" classname="org.joda.time.format.TestPeriodFormatterBuilder" time="0"/>
  <testcase name="testFormatSeparatorIfFieldsBefore157" classname="org.joda.time.format.TestPeriodFormatterBuilder" time="0"/>
  <testcase name="testFormatAppend_PrinterParser_null_Parser159" classname="org.joda.time.format.TestPeriodFormatterBuilder" time="0.001"/>
  <testcase name="testFormatAppend_PrinterParser_Printer_null160" classname="org.joda.time.format.TestPeriodFormatterBuilder" time="0"/>
  <testcase name="testFormatPrintZeroRarelyFirst142" classname="org.joda.time.format.TestPeriodFormatterBuilder" time="0.001"/>
  <testcase name="testFormatPrintZeroNever145" classname="org.joda.time.format.TestPeriodFormatterBuilder" time="0"/>
  <testcase name="testFormatPrefixSimple3146" classname="org.joda.time.format.TestPeriodFormatterBuilder" time="0"/>
  <testcase name="testFormatPrefixPlural2147" classname="org.joda.time.format.TestPeriodFormatterBuilder" time="0"/>
  <testcase name="testFormatPrefixPlural3148" classname="org.joda.time.format.TestPeriodFormatterBuilder" time="0.001"/>
  <testcase name="testFormatSuffixPlural1149" classname="org.joda.time.format.TestPeriodFormatterBuilder" time="0"/>
  <testcase name="testFormatSecondsWithMillis150" classname="org.joda.time.format.TestPeriodFormatterBuilder" time="0.001"/>
  <testcase name="testFormatMillis151" classname="org.joda.time.format.TestPeriodFormatterBuilder" time="0"/>
  <testcase name="testFormatMillis3Digit152" classname="org.joda.time.format.TestPeriodFormatterBuilder" time="0.001"/>
  <testcase name="testFormatSuffixSimple2153" classname="org.joda.time.format.TestPeriodFormatterBuilder" time="0"/>
  <testcase name="testFormatSuffixSimple3154" classname="org.joda.time.format.TestPeriodFormatterBuilder" time="0"/>
  <testcase name="testFormatSuffixPlural3155" classname="org.joda.time.format.TestPeriodFormatterBuilder" time="0.001"/>
  <testcase name="testFormatSeparatorSimple156" classname="org.joda.time.format.TestPeriodFormatterBuilder" time="0"/>
  <testcase name="testFormatPrintZeroRarelyFirstMinutes167" classname="org.joda.time.format.TestPeriodFormatterBuilder" time="0.001"/>
  <testcase name="testFormatPrintZeroIfSupported143" classname="org.joda.time.format.TestPeriodFormatterBuilder" time="0"/>
  <testcase name="warning" classname="junit.framework.TestSuite$1" time="0.001">
    <failure message="No tests found in org.joda.time.format.TestTextFields" type="junit.framework.AssertionFailedError">junit.framework.AssertionFailedError: No tests found in org.joda.time.format.TestTextFields
	at junit.framework.Assert.fail(Assert.java:47)
	at junit.framework.TestSuite$1.runTest(TestSuite.java:90)
	at junit.framework.TestCase.runBare(TestCase.java:130)
	at junit.framework.TestResult$1.protect(TestResult.java:106)
	at junit.framework.TestResult.runProtected(TestResult.java:124)
	at junit.framework.TestResult.run(TestResult.java:109)
	at junit.framework.TestCase.run(TestCase.java:120)
	at junit.framework.TestSuite.runTest(TestSuite.java:230)
	at junit.framework.TestSuite.run(TestSuite.java:225)
	at junit.framework.TestSuite.runTest(TestSuite.java:230)
	at junit.framework.TestSuite.run(TestSuite.java:225)
	at junit.framework.TestSuite.runTest(TestSuite.java:230)
	at junit.framework.TestSuite.run(TestSuite.java:225)
	at sun.reflect.NativeMethodAccessorImpl.invoke0(Native Method)
	at sun.reflect.NativeMethodAccessorImpl.invoke(NativeMethodAccessorImpl.java:62)
	at sun.reflect.DelegatingMethodAccessorImpl.invoke(DelegatingMethodAccessorImpl.java:43)
	at java.lang.reflect.Method.invoke(Method.java:498)
	at org.apache.maven.surefire.junit.JUnitTestSet.execute(JUnitTestSet.java:95)
	at org.apache.maven.surefire.junit.JUnit3Provider.executeTestSet(JUnit3Provider.java:131)
	at org.apache.maven.surefire.junit.JUnit3Provider.invoke(JUnit3Provider.java:108)
	at org.apache.maven.surefire.booter.ForkedBooter.invokeProviderInSameClassLoader(ForkedBooter.java:200)
	at org.apache.maven.surefire.booter.ForkedBooter.runSuitesInProcess(ForkedBooter.java:153)
	at org.apache.maven.surefire.booter.ForkedBooter.main(ForkedBooter.java:103)
</failure>
  </testcase>
  <testcase name="testGetAvailableIDs1324" classname="org.joda.time.tz.TestUTCProvider" time="0"/>
  <testcase name="testGetZone_String1325" classname="org.joda.time.tz.TestUTCProvider" time="0"/>
  <testcase name="testID509" classname="org.joda.time.tz.TestBuilder" time="0.014"/>
  <testcase name="test_2400_last893" classname="org.joda.time.tz.TestCompiler" time="0.003"/>
  <testcase name="test_2400_fromDay894" classname="org.joda.time.tz.TestCompiler" time="0"/>
  <testcase name="testCompile236" classname="org.joda.time.tz.TestCompiler" time="0.074"/>
  <testcase name="test_Amman_2006904" classname="org.joda.time.tz.TestCompiler" time="0.001"/>
  <testcase name="testSerialization246" classname="org.joda.time.tz.TestCachedDateTimeZone" time="0.001"/>
  <testcase name="testEquals907" classname="org.joda.time.tz.TestFixedDateTimeZone" time="0"/>
  <testcase name="testHashCode903" classname="org.joda.time.tz.TestFixedDateTimeZone" time="0"/>
  <testcase name="testToTimeZone2905" classname="org.joda.time.tz.TestFixedDateTimeZone" time="0"/>
  <testcase name="testToTimeZone1906" classname="org.joda.time.tz.TestFixedDateTimeZone" time="0.001"/>
</testsuite>